Built target ament_cmake_python_copy_thrusters
running egg_info
writing thrusters.egg-info/PKG-INFO
writing dependency_links to thrusters.egg-info/dependency_links.txt
writing top-level names to thrusters.egg-info/top_level.txt
reading manifest file 'thrusters.egg-info/SOURCES.txt'
writing manifest file 'thrusters.egg-info/SOURCES.txt'
Built target ament_cmake_python_build_thrusters_egg
-- Install configuration: ""
-- Up-to-date: /home/benboardley/src/ROV/X16-Surface/ros/install/thrusters/share/thrusters/environment/pythonpath.sh
-- Up-to-date: /home/benboardley/src/ROV/X16-Surface/ros/install/thrusters/share/thrusters/environment/pythonpath.dsv
-- Up-to-date: /home/benboardley/src/ROV/X16-Surface/ros/install/thrusters/local/lib/python3.10/dist-packages/thrusters-0.0.0-py3.10.egg-info
-- Installing: /home/benboardley/src/ROV/X16-Surface/ros/install/thrusters/local/lib/python3.10/dist-packages/thrusters-0.0.0-py3.10.egg-info/dependency_links.txt
-- Installing: /home/benboardley/src/ROV/X16-Surface/ros/install/thrusters/local/lib/python3.10/dist-packages/thrusters-0.0.0-py3.10.egg-info/PKG-INFO
-- Installing: /home/benboardley/src/ROV/X16-Surface/ros/install/thrusters/local/lib/python3.10/dist-packages/thrusters-0.0.0-py3.10.egg-info/top_level.txt
-- Installing: /home/benboardley/src/ROV/X16-Surface/ros/install/thrusters/local/lib/python3.10/dist-packages/thrusters-0.0.0-py3.10.egg-info/SOURCES.txt
-- Up-to-date: /home/benboardley/src/ROV/X16-Surface/ros/install/thrusters/local/lib/python3.10/dist-packages/thrusters
-- Up-to-date: /home/benboardley/src/ROV/X16-Surface/ros/install/thrusters/local/lib/python3.10/dist-packages/thrusters/__init__.py
Listing '/home/benboardley/src/ROV/X16-Surface/ros/install/thrusters/local/lib/python3.10/dist-packages/thrusters'...
-- Up-to-date: /home/benboardley/src/ROV/X16-Surface/ros/install/thrusters/lib/thrusters/status.py
-- Up-to-date: /home/benboardley/src/ROV/X16-Surface/ros/install/thrusters/share/ament_index/resource_index/package_run_dependencies/thrusters
-- Up-to-date: /home/benboardley/src/ROV/X16-Surface/ros/install/thrusters/share/ament_index/resource_index/parent_prefix_path/thrusters
-- Up-to-date: /home/benboardley/src/ROV/X16-Surface/ros/install/thrusters/share/thrusters/environment/ament_prefix_path.sh
-- Up-to-date: /home/benboardley/src/ROV/X16-Surface/ros/install/thrusters/share/thrusters/environment/ament_prefix_path.dsv
-- Up-to-date: /home/benboardley/src/ROV/X16-Surface/ros/install/thrusters/share/thrusters/environment/path.sh
-- Up-to-date: /home/benboardley/src/ROV/X16-Surface/ros/install/thrusters/share/thrusters/environment/path.dsv
-- Up-to-date: /home/benboardley/src/ROV/X16-Surface/ros/install/thrusters/share/thrusters/local_setup.bash
-- Up-to-date: /home/benboardley/src/ROV/X16-Surface/ros/install/thrusters/share/thrusters/local_setup.sh
-- Up-to-date: /home/benboardley/src/ROV/X16-Surface/ros/install/thrusters/share/thrusters/local_setup.zsh
-- Up-to-date: /home/benboardley/src/ROV/X16-Surface/ros/install/thrusters/share/thrusters/local_setup.dsv
-- Up-to-date: /home/benboardley/src/ROV/X16-Surface/ros/install/thrusters/share/thrusters/package.dsv
-- Up-to-date: /home/benboardley/src/ROV/X16-Surface/ros/install/thrusters/share/ament_index/resource_index/packages/thrusters
-- Up-to-date: /home/benboardley/src/ROV/X16-Surface/ros/install/thrusters/share/thrusters/cmake/thrustersConfig.cmake
-- Up-to-date: /home/benboardley/src/ROV/X16-Surface/ros/install/thrusters/share/thrusters/cmake/thrustersConfig-version.cmake
-- Up-to-date: /home/benboardley/src/ROV/X16-Surface/ros/install/thrusters/share/thrusters/package.xml
