[0.142s] Invoking command in '/home/bboardle/src/X16-Surface/build/thrusters': CMAKE_PREFIX_PATH=${CMAKE_PREFIX_PATH}:/opt/ros/humble /usr/bin/cmake /home/bboardle/src/X16-Surface/ros/thrusters -DCMAKE_INSTALL_PREFIX=/home/bboardle/src/X16-Surface/install/thrusters
[0.291s] -- The C compiler identification is GNU 11.4.0
[0.617s] -- The CXX compiler identification is GNU 11.4.0
[0.776s] -- Detecting C compiler ABI info
[0.913s] -- Detecting C compiler ABI info - done
[0.922s] -- Check for working C compiler: /usr/bin/cc - skipped
[0.922s] -- Detecting C compile features
[0.923s] -- Detecting C compile features - done
[0.929s] -- Detecting CXX compiler ABI info
[1.062s] -- Detecting CXX compiler ABI info - done
[1.071s] -- Check for working CXX compiler: /usr/bin/c++ - skipped
[1.071s] -- Detecting CXX compile features
[1.072s] -- Detecting CXX compile features - done
[1.079s] -- Found ament_cmake: 1.3.6 (/opt/ros/humble/share/ament_cmake/cmake)
[1.340s] -- Found Python3: /usr/bin/python3.10 (found version "3.10.12") found components: Interpreter 
[1.453s] -- Found rclpy: 3.3.11 (/opt/ros/humble/share/rclpy/cmake)
[1.549s] -- Found ament_lint_auto: 0.12.9 (/opt/ros/humble/share/ament_lint_auto/cmake)
[1.648s] -- Added test 'flake8' to check Python code syntax and style conventions
[1.649s] -- Added test 'lint_cmake' to check CMake code style
[1.650s] -- Added test 'pep257' to check Python code against some of the docstring style conventions in PEP 257
[1.651s] -- Added test 'xmllint' to check XML markup files
[1.653s] -- Configuring done
[1.657s] -- Generating done
[1.658s] -- Build files have been written to: /home/bboardle/src/X16-Surface/build/thrusters
[1.670s] Invoked command in '/home/bboardle/src/X16-Surface/build/thrusters' returned '0': CMAKE_PREFIX_PATH=${CMAKE_PREFIX_PATH}:/opt/ros/humble /usr/bin/cmake /home/bboardle/src/X16-Surface/ros/thrusters -DCMAKE_INSTALL_PREFIX=/home/bboardle/src/X16-Surface/install/thrusters
[1.672s] Invoking command in '/home/bboardle/src/X16-Surface/build/thrusters': CMAKE_PREFIX_PATH=${CMAKE_PREFIX_PATH}:/opt/ros/humble /usr/bin/cmake --build /home/bboardle/src/X16-Surface/build/thrusters -- -j16 -l16
[1.715s] Built target ament_cmake_python_copy_thrusters
[1.966s] running egg_info
[1.966s] creating thrusters.egg-info
[1.967s] writing thrusters.egg-info/PKG-INFO
[1.967s] writing dependency_links to thrusters.egg-info/dependency_links.txt
[1.967s] writing top-level names to thrusters.egg-info/top_level.txt
[1.967s] writing manifest file 'thrusters.egg-info/SOURCES.txt'
[1.969s] reading manifest file 'thrusters.egg-info/SOURCES.txt'
[1.970s] writing manifest file 'thrusters.egg-info/SOURCES.txt'
[2.006s] Built target ament_cmake_python_build_thrusters_egg
[2.026s] Invoked command in '/home/bboardle/src/X16-Surface/build/thrusters' returned '0': CMAKE_PREFIX_PATH=${CMAKE_PREFIX_PATH}:/opt/ros/humble /usr/bin/cmake --build /home/bboardle/src/X16-Surface/build/thrusters -- -j16 -l16
[2.044s] Invoking command in '/home/bboardle/src/X16-Surface/build/thrusters': CMAKE_PREFIX_PATH=${CMAKE_PREFIX_PATH}:/opt/ros/humble /usr/bin/cmake --install /home/bboardle/src/X16-Surface/build/thrusters
[2.051s] -- Install configuration: ""
[2.053s] -- Installing: /home/bboardle/src/X16-Surface/install/thrusters/share/thrusters/environment/pythonpath.sh
[2.053s] -- Installing: /home/bboardle/src/X16-Surface/install/thrusters/share/thrusters/environment/pythonpath.dsv
[2.053s] -- Installing: /home/bboardle/src/X16-Surface/install/thrusters/local/lib/python3.10/dist-packages/thrusters-0.0.0-py3.10.egg-info
[2.054s] -- Installing: /home/bboardle/src/X16-Surface/install/thrusters/local/lib/python3.10/dist-packages/thrusters-0.0.0-py3.10.egg-info/top_level.txt
[2.054s] -- Installing: /home/bboardle/src/X16-Surface/install/thrusters/local/lib/python3.10/dist-packages/thrusters-0.0.0-py3.10.egg-info/dependency_links.txt
[2.054s] -- Installing: /home/bboardle/src/X16-Surface/install/thrusters/local/lib/python3.10/dist-packages/thrusters-0.0.0-py3.10.egg-info/SOURCES.txt
[2.054s] -- Installing: /home/bboardle/src/X16-Surface/install/thrusters/local/lib/python3.10/dist-packages/thrusters-0.0.0-py3.10.egg-info/PKG-INFO
[2.055s] -- Installing: /home/bboardle/src/X16-Surface/install/thrusters/local/lib/python3.10/dist-packages/thrusters
[2.055s] -- Installing: /home/bboardle/src/X16-Surface/install/thrusters/local/lib/python3.10/dist-packages/thrusters/__init__.py
[2.091s] Listing '/home/bboardle/src/X16-Surface/install/thrusters/local/lib/python3.10/dist-packages/thrusters'...
[2.091s] Compiling '/home/bboardle/src/X16-Surface/install/thrusters/local/lib/python3.10/dist-packages/thrusters/__init__.py'...
[2.096s] -- Installing: /home/bboardle/src/X16-Surface/install/thrusters/lib/thrusters/status.py
[2.097s] -- Installing: /home/bboardle/src/X16-Surface/install/thrusters/share/ament_index/resource_index/package_run_dependencies/thrusters
[2.098s] -- Installing: /home/bboardle/src/X16-Surface/install/thrusters/share/ament_index/resource_index/parent_prefix_path/thrusters
[2.099s] -- Installing: /home/bboardle/src/X16-Surface/install/thrusters/share/thrusters/environment/ament_prefix_path.sh
[2.099s] -- Installing: /home/bboardle/src/X16-Surface/install/thrusters/share/thrusters/environment/ament_prefix_path.dsv
[2.099s] -- Installing: /home/bboardle/src/X16-Surface/install/thrusters/share/thrusters/environment/path.sh
[2.100s] -- Installing: /home/bboardle/src/X16-Surface/install/thrusters/share/thrusters/environment/path.dsv
[2.100s] -- Installing: /home/bboardle/src/X16-Surface/install/thrusters/share/thrusters/local_setup.bash
[2.100s] -- Installing: /home/bboardle/src/X16-Surface/install/thrusters/share/thrusters/local_setup.sh
[2.101s] -- Installing: /home/bboardle/src/X16-Surface/install/thrusters/share/thrusters/local_setup.zsh
[2.102s] -- Installing: /home/bboardle/src/X16-Surface/install/thrusters/share/thrusters/local_setup.dsv
[2.102s] -- Installing: /home/bboardle/src/X16-Surface/install/thrusters/share/thrusters/package.dsv
[2.102s] -- Installing: /home/bboardle/src/X16-Surface/install/thrusters/share/ament_index/resource_index/packages/thrusters
[2.102s] -- Installing: /home/bboardle/src/X16-Surface/install/thrusters/share/thrusters/cmake/thrustersConfig.cmake
[2.103s] -- Installing: /home/bboardle/src/X16-Surface/install/thrusters/share/thrusters/cmake/thrustersConfig-version.cmake
[2.103s] -- Installing: /home/bboardle/src/X16-Surface/install/thrusters/share/thrusters/package.xml
[2.151s] Invoked command in '/home/bboardle/src/X16-Surface/build/thrusters' returned '0': CMAKE_PREFIX_PATH=${CMAKE_PREFIX_PATH}:/opt/ros/humble /usr/bin/cmake --install /home/bboardle/src/X16-Surface/build/thrusters
