[  1%] Built target shared_msgs__cpp
[  1%] Built target ament_cmake_python_copy_shared_msgs
[ 24%] Built target shared_msgs__rosidl_generator_c
[ 24%] Built target shared_msgs__rosidl_typesupport_cpp
[ 35%] Built target shared_msgs__rosidl_typesupport_fastrtps_cpp
[ 47%] Built target shared_msgs__rosidl_typesupport_introspection_cpp
[ 58%] Built target shared_msgs__rosidl_typesupport_c
[ 70%] Built target shared_msgs__rosidl_typesupport_introspection_c
[ 82%] Built target shared_msgs__rosidl_typesupport_fastrtps_c
[ 82%] Built target shared_msgs
[ 83%] Built target shared_msgs__py
[ 93%] Built target shared_msgs__rosidl_generator_py
[ 97%] Built target shared_msgs__rosidl_typesupport_fastrtps_c__pyext
[ 97%] Built target shared_msgs__rosidl_typesupport_c__pyext
[100%] Built target shared_msgs__rosidl_typesupport_introspection_c__pyext
running egg_info
writing shared_msgs.egg-info/PKG-INFO
writing dependency_links to shared_msgs.egg-info/dependency_links.txt
writing top-level names to shared_msgs.egg-info/top_level.txt
reading manifest file 'shared_msgs.egg-info/SOURCES.txt'
writing manifest file 'shared_msgs.egg-info/SOURCES.txt'
[100%] Built target ament_cmake_python_build_shared_msgs_egg
-- Install configuration: ""
-- Up-to-date: /home/benboardley/src/ROV/X16-Surface/ros/install/shared_msgs/share/ament_index/resource_index/rosidl_interfaces/shared_msgs
-- Up-to-date: /home/benboardley/src/ROV/X16-Surface/ros/install/shared_msgs/include/shared_msgs/shared_msgs
-- Up-to-date: /home/benboardley/src/ROV/X16-Surface/ros/install/shared_msgs/include/shared_msgs/shared_msgs/msg
-- Up-to-date: /home/benboardley/src/ROV/X16-Surface/ros/install/shared_msgs/include/shared_msgs/shared_msgs/msg/final_thrust_msg.h
-- Up-to-date: /home/benboardley/src/ROV/X16-Surface/ros/install/shared_msgs/include/shared_msgs/shared_msgs/msg/can_msg.h
-- Up-to-date: /home/benboardley/src/ROV/X16-Surface/ros/install/shared_msgs/include/shared_msgs/shared_msgs/msg/rov_velocity_command.h
-- Up-to-date: /home/benboardley/src/ROV/X16-Surface/ros/install/shared_msgs/include/shared_msgs/shared_msgs/msg/imu_msg.h
-- Up-to-date: /home/benboardley/src/ROV/X16-Surface/ros/install/shared_msgs/include/shared_msgs/shared_msgs/msg/tools_command_msg.h
-- Up-to-date: /home/benboardley/src/ROV/X16-Surface/ros/install/shared_msgs/include/shared_msgs/shared_msgs/msg/detail
-- Up-to-date: /home/benboardley/src/ROV/X16-Surface/ros/install/shared_msgs/include/shared_msgs/shared_msgs/msg/detail/tools_command_msg__functions.h
-- Up-to-date: /home/benboardley/src/ROV/X16-Surface/ros/install/shared_msgs/include/shared_msgs/shared_msgs/msg/detail/thrust_command_msg__functions.h
-- Up-to-date: /home/benboardley/src/ROV/X16-Surface/ros/install/shared_msgs/include/shared_msgs/shared_msgs/msg/detail/imu_msg__functions.c
-- Up-to-date: /home/benboardley/src/ROV/X16-Surface/ros/install/shared_msgs/include/shared_msgs/shared_msgs/msg/detail/thrust_status_msg__type_support.h
-- Up-to-date: /home/benboardley/src/ROV/X16-Surface/ros/install/shared_msgs/include/shared_msgs/shared_msgs/msg/detail/rov_velocity_command__struct.h
-- Up-to-date: /home/benboardley/src/ROV/X16-Surface/ros/install/shared_msgs/include/shared_msgs/shared_msgs/msg/detail/com_msg__struct.h
-- Up-to-date: /home/benboardley/src/ROV/X16-Surface/ros/install/shared_msgs/include/shared_msgs/shared_msgs/msg/detail/com_msg__functions.c
-- Up-to-date: /home/benboardley/src/ROV/X16-Surface/ros/install/shared_msgs/include/shared_msgs/shared_msgs/msg/detail/thrust_status_msg__struct.h
-- Up-to-date: /home/benboardley/src/ROV/X16-Surface/ros/install/shared_msgs/include/shared_msgs/shared_msgs/msg/detail/tools_command_msg__struct.h
-- Up-to-date: /home/benboardley/src/ROV/X16-Surface/ros/install/shared_msgs/include/shared_msgs/shared_msgs/msg/detail/final_thrust_msg__struct.h
-- Up-to-date: /home/benboardley/src/ROV/X16-Surface/ros/install/shared_msgs/include/shared_msgs/shared_msgs/msg/detail/rov_velocity_command__functions.h
-- Up-to-date: /home/benboardley/src/ROV/X16-Surface/ros/install/shared_msgs/include/shared_msgs/shared_msgs/msg/detail/final_thrust_msg__type_support.h
-- Up-to-date: /home/benboardley/src/ROV/X16-Surface/ros/install/shared_msgs/include/shared_msgs/shared_msgs/msg/detail/thrust_command_msg__type_support.h
-- Up-to-date: /home/benboardley/src/ROV/X16-Surface/ros/install/shared_msgs/include/shared_msgs/shared_msgs/msg/detail/final_thrust_msg__functions.h
-- Up-to-date: /home/benboardley/src/ROV/X16-Surface/ros/install/shared_msgs/include/shared_msgs/shared_msgs/msg/detail/temp_msg__functions.c
-- Up-to-date: /home/benboardley/src/ROV/X16-Surface/ros/install/shared_msgs/include/shared_msgs/shared_msgs/msg/detail/rov_velocity_command__type_support.h
-- Up-to-date: /home/benboardley/src/ROV/X16-Surface/ros/install/shared_msgs/include/shared_msgs/shared_msgs/msg/detail/can_msg__functions.c
-- Up-to-date: /home/benboardley/src/ROV/X16-Surface/ros/install/shared_msgs/include/shared_msgs/shared_msgs/msg/detail/temp_msg__type_support.h
-- Up-to-date: /home/benboardley/src/ROV/X16-Surface/ros/install/shared_msgs/include/shared_msgs/shared_msgs/msg/detail/can_msg__functions.h
-- Up-to-date: /home/benboardley/src/ROV/X16-Surface/ros/install/shared_msgs/include/shared_msgs/shared_msgs/msg/detail/temp_msg__struct.h
-- Up-to-date: /home/benboardley/src/ROV/X16-Surface/ros/install/shared_msgs/include/shared_msgs/shared_msgs/msg/detail/tools_command_msg__functions.c
-- Up-to-date: /home/benboardley/src/ROV/X16-Surface/ros/install/shared_msgs/include/shared_msgs/shared_msgs/msg/detail/tools_command_msg__type_support.h
-- Up-to-date: /home/benboardley/src/ROV/X16-Surface/ros/install/shared_msgs/include/shared_msgs/shared_msgs/msg/detail/thrust_command_msg__functions.c
-- Up-to-date: /home/benboardley/src/ROV/X16-Surface/ros/install/shared_msgs/include/shared_msgs/shared_msgs/msg/detail/imu_msg__functions.h
-- Up-to-date: /home/benboardley/src/ROV/X16-Surface/ros/install/shared_msgs/include/shared_msgs/shared_msgs/msg/detail/final_thrust_msg__functions.c
-- Up-to-date: /home/benboardley/src/ROV/X16-Surface/ros/install/shared_msgs/include/shared_msgs/shared_msgs/msg/detail/rov_velocity_command__functions.c
-- Up-to-date: /home/benboardley/src/ROV/X16-Surface/ros/install/shared_msgs/include/shared_msgs/shared_msgs/msg/detail/can_msg__type_support.h
-- Up-to-date: /home/benboardley/src/ROV/X16-Surface/ros/install/shared_msgs/include/shared_msgs/shared_msgs/msg/detail/thrust_status_msg__functions.h
-- Up-to-date: /home/benboardley/src/ROV/X16-Surface/ros/install/shared_msgs/include/shared_msgs/shared_msgs/msg/detail/can_msg__struct.h
-- Up-to-date: /home/benboardley/src/ROV/X16-Surface/ros/install/shared_msgs/include/shared_msgs/shared_msgs/msg/detail/imu_msg__struct.h
-- Up-to-date: /home/benboardley/src/ROV/X16-Surface/ros/install/shared_msgs/include/shared_msgs/shared_msgs/msg/detail/imu_msg__type_support.h
-- Up-to-date: /home/benboardley/src/ROV/X16-Surface/ros/install/shared_msgs/include/shared_msgs/shared_msgs/msg/detail/com_msg__type_support.h
-- Up-to-date: /home/benboardley/src/ROV/X16-Surface/ros/install/shared_msgs/include/shared_msgs/shared_msgs/msg/detail/thrust_status_msg__functions.c
-- Up-to-date: /home/benboardley/src/ROV/X16-Surface/ros/install/shared_msgs/include/shared_msgs/shared_msgs/msg/detail/temp_msg__functions.h
-- Up-to-date: /home/benboardley/src/ROV/X16-Surface/ros/install/shared_msgs/include/shared_msgs/shared_msgs/msg/detail/com_msg__functions.h
-- Up-to-date: /home/benboardley/src/ROV/X16-Surface/ros/install/shared_msgs/include/shared_msgs/shared_msgs/msg/detail/thrust_command_msg__struct.h
-- Up-to-date: /home/benboardley/src/ROV/X16-Surface/ros/install/shared_msgs/include/shared_msgs/shared_msgs/msg/thrust_command_msg.h
-- Up-to-date: /home/benboardley/src/ROV/X16-Surface/ros/install/shared_msgs/include/shared_msgs/shared_msgs/msg/thrust_status_msg.h
-- Up-to-date: /home/benboardley/src/ROV/X16-Surface/ros/install/shared_msgs/include/shared_msgs/shared_msgs/msg/com_msg.h
-- Up-to-date: /home/benboardley/src/ROV/X16-Surface/ros/install/shared_msgs/include/shared_msgs/shared_msgs/msg/temp_msg.h
-- Up-to-date: /home/benboardley/src/ROV/X16-Surface/ros/install/shared_msgs/include/shared_msgs/shared_msgs/msg/rosidl_generator_c__visibility_control.h
-- Up-to-date: /home/benboardley/src/ROV/X16-Surface/ros/install/shared_msgs/share/shared_msgs/environment/library_path.sh
-- Up-to-date: /home/benboardley/src/ROV/X16-Surface/ros/install/shared_msgs/share/shared_msgs/environment/library_path.dsv
-- Up-to-date: /home/benboardley/src/ROV/X16-Surface/ros/install/shared_msgs/lib/libshared_msgs__rosidl_generator_c.so
-- Up-to-date: /home/benboardley/src/ROV/X16-Surface/ros/install/shared_msgs/include/shared_msgs/shared_msgs
-- Up-to-date: /home/benboardley/src/ROV/X16-Surface/ros/install/shared_msgs/include/shared_msgs/shared_msgs/msg
-- Up-to-date: /home/benboardley/src/ROV/X16-Surface/ros/install/shared_msgs/include/shared_msgs/shared_msgs/msg/rosidl_typesupport_fastrtps_c__visibility_control.h
-- Up-to-date: /home/benboardley/src/ROV/X16-Surface/ros/install/shared_msgs/include/shared_msgs/shared_msgs/msg/detail
-- Up-to-date: /home/benboardley/src/ROV/X16-Surface/ros/install/shared_msgs/include/shared_msgs/shared_msgs/msg/detail/final_thrust_msg__rosidl_typesupport_fastrtps_c.h
-- Up-to-date: /home/benboardley/src/ROV/X16-Surface/ros/install/shared_msgs/include/shared_msgs/shared_msgs/msg/detail/imu_msg__rosidl_typesupport_fastrtps_c.h
-- Up-to-date: /home/benboardley/src/ROV/X16-Surface/ros/install/shared_msgs/include/shared_msgs/shared_msgs/msg/detail/com_msg__rosidl_typesupport_fastrtps_c.h
-- Up-to-date: /home/benboardley/src/ROV/X16-Surface/ros/install/shared_msgs/include/shared_msgs/shared_msgs/msg/detail/rov_velocity_command__rosidl_typesupport_fastrtps_c.h
-- Up-to-date: /home/benboardley/src/ROV/X16-Surface/ros/install/shared_msgs/include/shared_msgs/shared_msgs/msg/detail/thrust_command_msg__rosidl_typesupport_fastrtps_c.h
-- Up-to-date: /home/benboardley/src/ROV/X16-Surface/ros/install/shared_msgs/include/shared_msgs/shared_msgs/msg/detail/tools_command_msg__rosidl_typesupport_fastrtps_c.h
-- Up-to-date: /home/benboardley/src/ROV/X16-Surface/ros/install/shared_msgs/include/shared_msgs/shared_msgs/msg/detail/can_msg__rosidl_typesupport_fastrtps_c.h
-- Up-to-date: /home/benboardley/src/ROV/X16-Surface/ros/install/shared_msgs/include/shared_msgs/shared_msgs/msg/detail/thrust_status_msg__rosidl_typesupport_fastrtps_c.h
-- Up-to-date: /home/benboardley/src/ROV/X16-Surface/ros/install/shared_msgs/include/shared_msgs/shared_msgs/msg/detail/temp_msg__rosidl_typesupport_fastrtps_c.h
-- Up-to-date: /home/benboardley/src/ROV/X16-Surface/ros/install/shared_msgs/lib/libshared_msgs__rosidl_typesupport_fastrtps_c.so
-- Up-to-date: /home/benboardley/src/ROV/X16-Surface/ros/install/shared_msgs/include/shared_msgs/shared_msgs
-- Up-to-date: /home/benboardley/src/ROV/X16-Surface/ros/install/shared_msgs/include/shared_msgs/shared_msgs/msg
-- Up-to-date: /home/benboardley/src/ROV/X16-Surface/ros/install/shared_msgs/include/shared_msgs/shared_msgs/msg/thrust_status_msg.hpp
-- Up-to-date: /home/benboardley/src/ROV/X16-Surface/ros/install/shared_msgs/include/shared_msgs/shared_msgs/msg/final_thrust_msg.hpp
-- Up-to-date: /home/benboardley/src/ROV/X16-Surface/ros/install/shared_msgs/include/shared_msgs/shared_msgs/msg/temp_msg.hpp
-- Up-to-date: /home/benboardley/src/ROV/X16-Surface/ros/install/shared_msgs/include/shared_msgs/shared_msgs/msg/thrust_command_msg.hpp
-- Up-to-date: /home/benboardley/src/ROV/X16-Surface/ros/install/shared_msgs/include/shared_msgs/shared_msgs/msg/can_msg.hpp
-- Up-to-date: /home/benboardley/src/ROV/X16-Surface/ros/install/shared_msgs/include/shared_msgs/shared_msgs/msg/rov_velocity_command.hpp
-- Up-to-date: /home/benboardley/src/ROV/X16-Surface/ros/install/shared_msgs/include/shared_msgs/shared_msgs/msg/detail
-- Up-to-date: /home/benboardley/src/ROV/X16-Surface/ros/install/shared_msgs/include/shared_msgs/shared_msgs/msg/detail/final_thrust_msg__traits.hpp
-- Up-to-date: /home/benboardley/src/ROV/X16-Surface/ros/install/shared_msgs/include/shared_msgs/shared_msgs/msg/detail/thrust_status_msg__traits.hpp
-- Up-to-date: /home/benboardley/src/ROV/X16-Surface/ros/install/shared_msgs/include/shared_msgs/shared_msgs/msg/detail/final_thrust_msg__struct.hpp
-- Up-to-date: /home/benboardley/src/ROV/X16-Surface/ros/install/shared_msgs/include/shared_msgs/shared_msgs/msg/detail/can_msg__builder.hpp
-- Up-to-date: /home/benboardley/src/ROV/X16-Surface/ros/install/shared_msgs/include/shared_msgs/shared_msgs/msg/detail/tools_command_msg__traits.hpp
-- Up-to-date: /home/benboardley/src/ROV/X16-Surface/ros/install/shared_msgs/include/shared_msgs/shared_msgs/msg/detail/com_msg__builder.hpp
-- Up-to-date: /home/benboardley/src/ROV/X16-Surface/ros/install/shared_msgs/include/shared_msgs/shared_msgs/msg/detail/rov_velocity_command__struct.hpp
-- Up-to-date: /home/benboardley/src/ROV/X16-Surface/ros/install/shared_msgs/include/shared_msgs/shared_msgs/msg/detail/thrust_command_msg__traits.hpp
-- Up-to-date: /home/benboardley/src/ROV/X16-Surface/ros/install/shared_msgs/include/shared_msgs/shared_msgs/msg/detail/com_msg__struct.hpp
-- Up-to-date: /home/benboardley/src/ROV/X16-Surface/ros/install/shared_msgs/include/shared_msgs/shared_msgs/msg/detail/can_msg__traits.hpp
-- Up-to-date: /home/benboardley/src/ROV/X16-Surface/ros/install/shared_msgs/include/shared_msgs/shared_msgs/msg/detail/rov_velocity_command__traits.hpp
-- Up-to-date: /home/benboardley/src/ROV/X16-Surface/ros/install/shared_msgs/include/shared_msgs/shared_msgs/msg/detail/tools_command_msg__builder.hpp
-- Up-to-date: /home/benboardley/src/ROV/X16-Surface/ros/install/shared_msgs/include/shared_msgs/shared_msgs/msg/detail/final_thrust_msg__builder.hpp
-- Up-to-date: /home/benboardley/src/ROV/X16-Surface/ros/install/shared_msgs/include/shared_msgs/shared_msgs/msg/detail/thrust_status_msg__struct.hpp
-- Up-to-date: /home/benboardley/src/ROV/X16-Surface/ros/install/shared_msgs/include/shared_msgs/shared_msgs/msg/detail/thrust_command_msg__struct.hpp
-- Up-to-date: /home/benboardley/src/ROV/X16-Surface/ros/install/shared_msgs/include/shared_msgs/shared_msgs/msg/detail/temp_msg__builder.hpp
-- Up-to-date: /home/benboardley/src/ROV/X16-Surface/ros/install/shared_msgs/include/shared_msgs/shared_msgs/msg/detail/imu_msg__struct.hpp
-- Up-to-date: /home/benboardley/src/ROV/X16-Surface/ros/install/shared_msgs/include/shared_msgs/shared_msgs/msg/detail/temp_msg__traits.hpp
-- Up-to-date: /home/benboardley/src/ROV/X16-Surface/ros/install/shared_msgs/include/shared_msgs/shared_msgs/msg/detail/temp_msg__struct.hpp
-- Up-to-date: /home/benboardley/src/ROV/X16-Surface/ros/install/shared_msgs/include/shared_msgs/shared_msgs/msg/detail/thrust_command_msg__builder.hpp
-- Up-to-date: /home/benboardley/src/ROV/X16-Surface/ros/install/shared_msgs/include/shared_msgs/shared_msgs/msg/detail/rov_velocity_command__builder.hpp
-- Up-to-date: /home/benboardley/src/ROV/X16-Surface/ros/install/shared_msgs/include/shared_msgs/shared_msgs/msg/detail/can_msg__struct.hpp
-- Up-to-date: /home/benboardley/src/ROV/X16-Surface/ros/install/shared_msgs/include/shared_msgs/shared_msgs/msg/detail/com_msg__traits.hpp
-- Up-to-date: /home/benboardley/src/ROV/X16-Surface/ros/install/shared_msgs/include/shared_msgs/shared_msgs/msg/detail/tools_command_msg__struct.hpp
-- Up-to-date: /home/benboardley/src/ROV/X16-Surface/ros/install/shared_msgs/include/shared_msgs/shared_msgs/msg/detail/imu_msg__builder.hpp
-- Up-to-date: /home/benboardley/src/ROV/X16-Surface/ros/install/shared_msgs/include/shared_msgs/shared_msgs/msg/detail/imu_msg__traits.hpp
-- Up-to-date: /home/benboardley/src/ROV/X16-Surface/ros/install/shared_msgs/include/shared_msgs/shared_msgs/msg/detail/thrust_status_msg__builder.hpp
-- Up-to-date: /home/benboardley/src/ROV/X16-Surface/ros/install/shared_msgs/include/shared_msgs/shared_msgs/msg/imu_msg.hpp
-- Up-to-date: /home/benboardley/src/ROV/X16-Surface/ros/install/shared_msgs/include/shared_msgs/shared_msgs/msg/com_msg.hpp
-- Up-to-date: /home/benboardley/src/ROV/X16-Surface/ros/install/shared_msgs/include/shared_msgs/shared_msgs/msg/tools_command_msg.hpp
-- Up-to-date: /home/benboardley/src/ROV/X16-Surface/ros/install/shared_msgs/include/shared_msgs/shared_msgs
-- Up-to-date: /home/benboardley/src/ROV/X16-Surface/ros/install/shared_msgs/include/shared_msgs/shared_msgs/msg
-- Up-to-date: /home/benboardley/src/ROV/X16-Surface/ros/install/shared_msgs/include/shared_msgs/shared_msgs/msg/rosidl_typesupport_fastrtps_cpp__visibility_control.h
-- Up-to-date: /home/benboardley/src/ROV/X16-Surface/ros/install/shared_msgs/include/shared_msgs/shared_msgs/msg/detail
-- Up-to-date: /home/benboardley/src/ROV/X16-Surface/ros/install/shared_msgs/include/shared_msgs/shared_msgs/msg/detail/can_msg__rosidl_typesupport_fastrtps_cpp.hpp
-- Up-to-date: /home/benboardley/src/ROV/X16-Surface/ros/install/shared_msgs/include/shared_msgs/shared_msgs/msg/detail/thrust_command_msg__rosidl_typesupport_fastrtps_cpp.hpp
-- Up-to-date: /home/benboardley/src/ROV/X16-Surface/ros/install/shared_msgs/include/shared_msgs/shared_msgs/msg/detail/dds_fastrtps
-- Up-to-date: /home/benboardley/src/ROV/X16-Surface/ros/install/shared_msgs/include/shared_msgs/shared_msgs/msg/detail/final_thrust_msg__rosidl_typesupport_fastrtps_cpp.hpp
-- Up-to-date: /home/benboardley/src/ROV/X16-Surface/ros/install/shared_msgs/include/shared_msgs/shared_msgs/msg/detail/thrust_status_msg__rosidl_typesupport_fastrtps_cpp.hpp
-- Up-to-date: /home/benboardley/src/ROV/X16-Surface/ros/install/shared_msgs/include/shared_msgs/shared_msgs/msg/detail/temp_msg__rosidl_typesupport_fastrtps_cpp.hpp
-- Up-to-date: /home/benboardley/src/ROV/X16-Surface/ros/install/shared_msgs/include/shared_msgs/shared_msgs/msg/detail/tools_command_msg__rosidl_typesupport_fastrtps_cpp.hpp
-- Up-to-date: /home/benboardley/src/ROV/X16-Surface/ros/install/shared_msgs/include/shared_msgs/shared_msgs/msg/detail/rov_velocity_command__rosidl_typesupport_fastrtps_cpp.hpp
-- Up-to-date: /home/benboardley/src/ROV/X16-Surface/ros/install/shared_msgs/include/shared_msgs/shared_msgs/msg/detail/imu_msg__rosidl_typesupport_fastrtps_cpp.hpp
-- Up-to-date: /home/benboardley/src/ROV/X16-Surface/ros/install/shared_msgs/include/shared_msgs/shared_msgs/msg/detail/com_msg__rosidl_typesupport_fastrtps_cpp.hpp
-- Up-to-date: /home/benboardley/src/ROV/X16-Surface/ros/install/shared_msgs/lib/libshared_msgs__rosidl_typesupport_fastrtps_cpp.so
-- Up-to-date: /home/benboardley/src/ROV/X16-Surface/ros/install/shared_msgs/include/shared_msgs/shared_msgs
-- Up-to-date: /home/benboardley/src/ROV/X16-Surface/ros/install/shared_msgs/include/shared_msgs/shared_msgs/msg
-- Up-to-date: /home/benboardley/src/ROV/X16-Surface/ros/install/shared_msgs/include/shared_msgs/shared_msgs/msg/detail
-- Up-to-date: /home/benboardley/src/ROV/X16-Surface/ros/install/shared_msgs/include/shared_msgs/shared_msgs/msg/detail/temp_msg__type_support.c
-- Up-to-date: /home/benboardley/src/ROV/X16-Surface/ros/install/shared_msgs/include/shared_msgs/shared_msgs/msg/detail/final_thrust_msg__rosidl_typesupport_introspection_c.h
-- Up-to-date: /home/benboardley/src/ROV/X16-Surface/ros/install/shared_msgs/include/shared_msgs/shared_msgs/msg/detail/rov_velocity_command__rosidl_typesupport_introspection_c.h
-- Up-to-date: /home/benboardley/src/ROV/X16-Surface/ros/install/shared_msgs/include/shared_msgs/shared_msgs/msg/detail/com_msg__type_support.c
-- Up-to-date: /home/benboardley/src/ROV/X16-Surface/ros/install/shared_msgs/include/shared_msgs/shared_msgs/msg/detail/thrust_status_msg__type_support.c
-- Up-to-date: /home/benboardley/src/ROV/X16-Surface/ros/install/shared_msgs/include/shared_msgs/shared_msgs/msg/detail/com_msg__rosidl_typesupport_introspection_c.h
-- Up-to-date: /home/benboardley/src/ROV/X16-Surface/ros/install/shared_msgs/include/shared_msgs/shared_msgs/msg/detail/tools_command_msg__rosidl_typesupport_introspection_c.h
-- Up-to-date: /home/benboardley/src/ROV/X16-Surface/ros/install/shared_msgs/include/shared_msgs/shared_msgs/msg/detail/final_thrust_msg__type_support.c
-- Up-to-date: /home/benboardley/src/ROV/X16-Surface/ros/install/shared_msgs/include/shared_msgs/shared_msgs/msg/detail/imu_msg__type_support.c
-- Up-to-date: /home/benboardley/src/ROV/X16-Surface/ros/install/shared_msgs/include/shared_msgs/shared_msgs/msg/detail/rov_velocity_command__type_support.c
-- Up-to-date: /home/benboardley/src/ROV/X16-Surface/ros/install/shared_msgs/include/shared_msgs/shared_msgs/msg/detail/can_msg__type_support.c
-- Up-to-date: /home/benboardley/src/ROV/X16-Surface/ros/install/shared_msgs/include/shared_msgs/shared_msgs/msg/detail/thrust_status_msg__rosidl_typesupport_introspection_c.h
-- Up-to-date: /home/benboardley/src/ROV/X16-Surface/ros/install/shared_msgs/include/shared_msgs/shared_msgs/msg/detail/thrust_command_msg__type_support.c
-- Up-to-date: /home/benboardley/src/ROV/X16-Surface/ros/install/shared_msgs/include/shared_msgs/shared_msgs/msg/detail/imu_msg__rosidl_typesupport_introspection_c.h
-- Up-to-date: /home/benboardley/src/ROV/X16-Surface/ros/install/shared_msgs/include/shared_msgs/shared_msgs/msg/detail/can_msg__rosidl_typesupport_introspection_c.h
-- Up-to-date: /home/benboardley/src/ROV/X16-Surface/ros/install/shared_msgs/include/shared_msgs/shared_msgs/msg/detail/temp_msg__rosidl_typesupport_introspection_c.h
-- Up-to-date: /home/benboardley/src/ROV/X16-Surface/ros/install/shared_msgs/include/shared_msgs/shared_msgs/msg/detail/thrust_command_msg__rosidl_typesupport_introspection_c.h
-- Up-to-date: /home/benboardley/src/ROV/X16-Surface/ros/install/shared_msgs/include/shared_msgs/shared_msgs/msg/detail/tools_command_msg__type_support.c
-- Up-to-date: /home/benboardley/src/ROV/X16-Surface/ros/install/shared_msgs/include/shared_msgs/shared_msgs/msg/rosidl_typesupport_introspection_c__visibility_control.h
-- Up-to-date: /home/benboardley/src/ROV/X16-Surface/ros/install/shared_msgs/lib/libshared_msgs__rosidl_typesupport_introspection_c.so
-- Up-to-date: /home/benboardley/src/ROV/X16-Surface/ros/install/shared_msgs/lib/libshared_msgs__rosidl_typesupport_c.so
-- Up-to-date: /home/benboardley/src/ROV/X16-Surface/ros/install/shared_msgs/include/shared_msgs/shared_msgs
-- Up-to-date: /home/benboardley/src/ROV/X16-Surface/ros/install/shared_msgs/include/shared_msgs/shared_msgs/msg
-- Up-to-date: /home/benboardley/src/ROV/X16-Surface/ros/install/shared_msgs/include/shared_msgs/shared_msgs/msg/detail
-- Up-to-date: /home/benboardley/src/ROV/X16-Surface/ros/install/shared_msgs/include/shared_msgs/shared_msgs/msg/detail/com_msg__rosidl_typesupport_introspection_cpp.hpp
-- Up-to-date: /home/benboardley/src/ROV/X16-Surface/ros/install/shared_msgs/include/shared_msgs/shared_msgs/msg/detail/thrust_command_msg__type_support.cpp
-- Up-to-date: /home/benboardley/src/ROV/X16-Surface/ros/install/shared_msgs/include/shared_msgs/shared_msgs/msg/detail/tools_command_msg__type_support.cpp
-- Up-to-date: /home/benboardley/src/ROV/X16-Surface/ros/install/shared_msgs/include/shared_msgs/shared_msgs/msg/detail/imu_msg__type_support.cpp
-- Up-to-date: /home/benboardley/src/ROV/X16-Surface/ros/install/shared_msgs/include/shared_msgs/shared_msgs/msg/detail/thrust_status_msg__rosidl_typesupport_introspection_cpp.hpp
-- Up-to-date: /home/benboardley/src/ROV/X16-Surface/ros/install/shared_msgs/include/shared_msgs/shared_msgs/msg/detail/imu_msg__rosidl_typesupport_introspection_cpp.hpp
-- Up-to-date: /home/benboardley/src/ROV/X16-Surface/ros/install/shared_msgs/include/shared_msgs/shared_msgs/msg/detail/temp_msg__type_support.cpp
-- Up-to-date: /home/benboardley/src/ROV/X16-Surface/ros/install/shared_msgs/include/shared_msgs/shared_msgs/msg/detail/com_msg__type_support.cpp
-- Up-to-date: /home/benboardley/src/ROV/X16-Surface/ros/install/shared_msgs/include/shared_msgs/shared_msgs/msg/detail/temp_msg__rosidl_typesupport_introspection_cpp.hpp
-- Up-to-date: /home/benboardley/src/ROV/X16-Surface/ros/install/shared_msgs/include/shared_msgs/shared_msgs/msg/detail/thrust_status_msg__type_support.cpp
-- Up-to-date: /home/benboardley/src/ROV/X16-Surface/ros/install/shared_msgs/include/shared_msgs/shared_msgs/msg/detail/rov_velocity_command__type_support.cpp
-- Up-to-date: /home/benboardley/src/ROV/X16-Surface/ros/install/shared_msgs/include/shared_msgs/shared_msgs/msg/detail/tools_command_msg__rosidl_typesupport_introspection_cpp.hpp
-- Up-to-date: /home/benboardley/src/ROV/X16-Surface/ros/install/shared_msgs/include/shared_msgs/shared_msgs/msg/detail/can_msg__rosidl_typesupport_introspection_cpp.hpp
-- Up-to-date: /home/benboardley/src/ROV/X16-Surface/ros/install/shared_msgs/include/shared_msgs/shared_msgs/msg/detail/can_msg__type_support.cpp
-- Up-to-date: /home/benboardley/src/ROV/X16-Surface/ros/install/shared_msgs/include/shared_msgs/shared_msgs/msg/detail/final_thrust_msg__type_support.cpp
-- Up-to-date: /home/benboardley/src/ROV/X16-Surface/ros/install/shared_msgs/include/shared_msgs/shared_msgs/msg/detail/thrust_command_msg__rosidl_typesupport_introspection_cpp.hpp
-- Up-to-date: /home/benboardley/src/ROV/X16-Surface/ros/install/shared_msgs/include/shared_msgs/shared_msgs/msg/detail/rov_velocity_command__rosidl_typesupport_introspection_cpp.hpp
-- Up-to-date: /home/benboardley/src/ROV/X16-Surface/ros/install/shared_msgs/include/shared_msgs/shared_msgs/msg/detail/final_thrust_msg__rosidl_typesupport_introspection_cpp.hpp
-- Up-to-date: /home/benboardley/src/ROV/X16-Surface/ros/install/shared_msgs/lib/libshared_msgs__rosidl_typesupport_introspection_cpp.so
-- Up-to-date: /home/benboardley/src/ROV/X16-Surface/ros/install/shared_msgs/lib/libshared_msgs__rosidl_typesupport_cpp.so
-- Up-to-date: /home/benboardley/src/ROV/X16-Surface/ros/install/shared_msgs/share/shared_msgs/environment/pythonpath.sh
-- Up-to-date: /home/benboardley/src/ROV/X16-Surface/ros/install/shared_msgs/share/shared_msgs/environment/pythonpath.dsv
-- Up-to-date: /home/benboardley/src/ROV/X16-Surface/ros/install/shared_msgs/local/lib/python3.10/dist-packages/shared_msgs-0.0.0-py3.10.egg-info
-- Installing: /home/benboardley/src/ROV/X16-Surface/ros/install/shared_msgs/local/lib/python3.10/dist-packages/shared_msgs-0.0.0-py3.10.egg-info/dependency_links.txt
-- Installing: /home/benboardley/src/ROV/X16-Surface/ros/install/shared_msgs/local/lib/python3.10/dist-packages/shared_msgs-0.0.0-py3.10.egg-info/PKG-INFO
-- Installing: /home/benboardley/src/ROV/X16-Surface/ros/install/shared_msgs/local/lib/python3.10/dist-packages/shared_msgs-0.0.0-py3.10.egg-info/top_level.txt
-- Installing: /home/benboardley/src/ROV/X16-Surface/ros/install/shared_msgs/local/lib/python3.10/dist-packages/shared_msgs-0.0.0-py3.10.egg-info/SOURCES.txt
-- Up-to-date: /home/benboardley/src/ROV/X16-Surface/ros/install/shared_msgs/local/lib/python3.10/dist-packages/shared_msgs
-- Up-to-date: /home/benboardley/src/ROV/X16-Surface/ros/install/shared_msgs/local/lib/python3.10/dist-packages/shared_msgs/shared_msgs_s__rosidl_typesupport_c.cpython-310-x86_64-linux-gnu.so
-- Up-to-date: /home/benboardley/src/ROV/X16-Surface/ros/install/shared_msgs/local/lib/python3.10/dist-packages/shared_msgs/libshared_msgs__rosidl_generator_py.so
-- Up-to-date: /home/benboardley/src/ROV/X16-Surface/ros/install/shared_msgs/local/lib/python3.10/dist-packages/shared_msgs/shared_msgs_s__rosidl_typesupport_fastrtps_c.cpython-310-x86_64-linux-gnu.so
-- Up-to-date: /home/benboardley/src/ROV/X16-Surface/ros/install/shared_msgs/local/lib/python3.10/dist-packages/shared_msgs/_shared_msgs_s.ep.rosidl_typesupport_c.c
-- Up-to-date: /home/benboardley/src/ROV/X16-Surface/ros/install/shared_msgs/local/lib/python3.10/dist-packages/shared_msgs/_shared_msgs_s.ep.rosidl_typesupport_fastrtps_c.c
-- Up-to-date: /home/benboardley/src/ROV/X16-Surface/ros/install/shared_msgs/local/lib/python3.10/dist-packages/shared_msgs/shared_msgs_s__rosidl_typesupport_introspection_c.cpython-310-x86_64-linux-gnu.so
-- Up-to-date: /home/benboardley/src/ROV/X16-Surface/ros/install/shared_msgs/local/lib/python3.10/dist-packages/shared_msgs/__init__.py
-- Up-to-date: /home/benboardley/src/ROV/X16-Surface/ros/install/shared_msgs/local/lib/python3.10/dist-packages/shared_msgs/msg
-- Up-to-date: /home/benboardley/src/ROV/X16-Surface/ros/install/shared_msgs/local/lib/python3.10/dist-packages/shared_msgs/msg/_rov_velocity_command_s.c
-- Up-to-date: /home/benboardley/src/ROV/X16-Surface/ros/install/shared_msgs/local/lib/python3.10/dist-packages/shared_msgs/msg/_com_msg.py
-- Up-to-date: /home/benboardley/src/ROV/X16-Surface/ros/install/shared_msgs/local/lib/python3.10/dist-packages/shared_msgs/msg/_can_msg.py
-- Up-to-date: /home/benboardley/src/ROV/X16-Surface/ros/install/shared_msgs/local/lib/python3.10/dist-packages/shared_msgs/msg/_temp_msg_s.c
-- Up-to-date: /home/benboardley/src/ROV/X16-Surface/ros/install/shared_msgs/local/lib/python3.10/dist-packages/shared_msgs/msg/_thrust_status_msg.py
-- Up-to-date: /home/benboardley/src/ROV/X16-Surface/ros/install/shared_msgs/local/lib/python3.10/dist-packages/shared_msgs/msg/_tools_command_msg.py
-- Up-to-date: /home/benboardley/src/ROV/X16-Surface/ros/install/shared_msgs/local/lib/python3.10/dist-packages/shared_msgs/msg/_temp_msg.py
-- Up-to-date: /home/benboardley/src/ROV/X16-Surface/ros/install/shared_msgs/local/lib/python3.10/dist-packages/shared_msgs/msg/_com_msg_s.c
-- Up-to-date: /home/benboardley/src/ROV/X16-Surface/ros/install/shared_msgs/local/lib/python3.10/dist-packages/shared_msgs/msg/_tools_command_msg_s.c
-- Up-to-date: /home/benboardley/src/ROV/X16-Surface/ros/install/shared_msgs/local/lib/python3.10/dist-packages/shared_msgs/msg/_thrust_command_msg.py
-- Up-to-date: /home/benboardley/src/ROV/X16-Surface/ros/install/shared_msgs/local/lib/python3.10/dist-packages/shared_msgs/msg/__init__.py
-- Up-to-date: /home/benboardley/src/ROV/X16-Surface/ros/install/shared_msgs/local/lib/python3.10/dist-packages/shared_msgs/msg/_rov_velocity_command.py
-- Up-to-date: /home/benboardley/src/ROV/X16-Surface/ros/install/shared_msgs/local/lib/python3.10/dist-packages/shared_msgs/msg/_imu_msg_s.c
-- Up-to-date: /home/benboardley/src/ROV/X16-Surface/ros/install/shared_msgs/local/lib/python3.10/dist-packages/shared_msgs/msg/_imu_msg.py
-- Up-to-date: /home/benboardley/src/ROV/X16-Surface/ros/install/shared_msgs/local/lib/python3.10/dist-packages/shared_msgs/msg/_thrust_command_msg_s.c
-- Up-to-date: /home/benboardley/src/ROV/X16-Surface/ros/install/shared_msgs/local/lib/python3.10/dist-packages/shared_msgs/msg/_final_thrust_msg_s.c
-- Up-to-date: /home/benboardley/src/ROV/X16-Surface/ros/install/shared_msgs/local/lib/python3.10/dist-packages/shared_msgs/msg/_can_msg_s.c
-- Up-to-date: /home/benboardley/src/ROV/X16-Surface/ros/install/shared_msgs/local/lib/python3.10/dist-packages/shared_msgs/msg/_thrust_status_msg_s.c
-- Up-to-date: /home/benboardley/src/ROV/X16-Surface/ros/install/shared_msgs/local/lib/python3.10/dist-packages/shared_msgs/msg/_final_thrust_msg.py
-- Up-to-date: /home/benboardley/src/ROV/X16-Surface/ros/install/shared_msgs/local/lib/python3.10/dist-packages/shared_msgs/_shared_msgs_s.ep.rosidl_typesupport_introspection_c.c
Listing '/home/benboardley/src/ROV/X16-Surface/ros/install/shared_msgs/local/lib/python3.10/dist-packages/shared_msgs'...
Listing '/home/benboardley/src/ROV/X16-Surface/ros/install/shared_msgs/local/lib/python3.10/dist-packages/shared_msgs/msg'...
-- Up-to-date: /home/benboardley/src/ROV/X16-Surface/ros/install/shared_msgs/local/lib/python3.10/dist-packages/shared_msgs/shared_msgs_s__rosidl_typesupport_fastrtps_c.cpython-310-x86_64-linux-gnu.so
-- Up-to-date: /home/benboardley/src/ROV/X16-Surface/ros/install/shared_msgs/local/lib/python3.10/dist-packages/shared_msgs/shared_msgs_s__rosidl_typesupport_introspection_c.cpython-310-x86_64-linux-gnu.so
-- Up-to-date: /home/benboardley/src/ROV/X16-Surface/ros/install/shared_msgs/local/lib/python3.10/dist-packages/shared_msgs/shared_msgs_s__rosidl_typesupport_c.cpython-310-x86_64-linux-gnu.so
-- Up-to-date: /home/benboardley/src/ROV/X16-Surface/ros/install/shared_msgs/lib/libshared_msgs__rosidl_generator_py.so
-- Up-to-date: /home/benboardley/src/ROV/X16-Surface/ros/install/shared_msgs/share/shared_msgs/msg/CanMsg.idl
-- Up-to-date: /home/benboardley/src/ROV/X16-Surface/ros/install/shared_msgs/share/shared_msgs/msg/ComMsg.idl
-- Up-to-date: /home/benboardley/src/ROV/X16-Surface/ros/install/shared_msgs/share/shared_msgs/msg/FinalThrustMsg.idl
-- Up-to-date: /home/benboardley/src/ROV/X16-Surface/ros/install/shared_msgs/share/shared_msgs/msg/ImuMsg.idl
-- Up-to-date: /home/benboardley/src/ROV/X16-Surface/ros/install/shared_msgs/share/shared_msgs/msg/RovVelocityCommand.idl
-- Up-to-date: /home/benboardley/src/ROV/X16-Surface/ros/install/shared_msgs/share/shared_msgs/msg/TempMsg.idl
-- Up-to-date: /home/benboardley/src/ROV/X16-Surface/ros/install/shared_msgs/share/shared_msgs/msg/ThrustCommandMsg.idl
-- Up-to-date: /home/benboardley/src/ROV/X16-Surface/ros/install/shared_msgs/share/shared_msgs/msg/ThrustStatusMsg.idl
-- Up-to-date: /home/benboardley/src/ROV/X16-Surface/ros/install/shared_msgs/share/shared_msgs/msg/ToolsCommandMsg.idl
-- Up-to-date: /home/benboardley/src/ROV/X16-Surface/ros/install/shared_msgs/share/shared_msgs/msg/CanMsg.msg
-- Up-to-date: /home/benboardley/src/ROV/X16-Surface/ros/install/shared_msgs/share/shared_msgs/msg/ComMsg.msg
-- Up-to-date: /home/benboardley/src/ROV/X16-Surface/ros/install/shared_msgs/share/shared_msgs/msg/FinalThrustMsg.msg
-- Up-to-date: /home/benboardley/src/ROV/X16-Surface/ros/install/shared_msgs/share/shared_msgs/msg/ImuMsg.msg
-- Up-to-date: /home/benboardley/src/ROV/X16-Surface/ros/install/shared_msgs/share/shared_msgs/msg/RovVelocityCommand.msg
-- Up-to-date: /home/benboardley/src/ROV/X16-Surface/ros/install/shared_msgs/share/shared_msgs/msg/TempMsg.msg
-- Up-to-date: /home/benboardley/src/ROV/X16-Surface/ros/install/shared_msgs/share/shared_msgs/msg/ThrustCommandMsg.msg
-- Up-to-date: /home/benboardley/src/ROV/X16-Surface/ros/install/shared_msgs/share/shared_msgs/msg/ThrustStatusMsg.msg
-- Up-to-date: /home/benboardley/src/ROV/X16-Surface/ros/install/shared_msgs/share/shared_msgs/msg/ToolsCommandMsg.msg
-- Up-to-date: /home/benboardley/src/ROV/X16-Surface/ros/install/shared_msgs/share/ament_index/resource_index/package_run_dependencies/shared_msgs
-- Up-to-date: /home/benboardley/src/ROV/X16-Surface/ros/install/shared_msgs/share/ament_index/resource_index/parent_prefix_path/shared_msgs
-- Up-to-date: /home/benboardley/src/ROV/X16-Surface/ros/install/shared_msgs/share/shared_msgs/environment/ament_prefix_path.sh
-- Up-to-date: /home/benboardley/src/ROV/X16-Surface/ros/install/shared_msgs/share/shared_msgs/environment/ament_prefix_path.dsv
-- Up-to-date: /home/benboardley/src/ROV/X16-Surface/ros/install/shared_msgs/share/shared_msgs/environment/path.sh
-- Up-to-date: /home/benboardley/src/ROV/X16-Surface/ros/install/shared_msgs/share/shared_msgs/environment/path.dsv
-- Up-to-date: /home/benboardley/src/ROV/X16-Surface/ros/install/shared_msgs/share/shared_msgs/local_setup.bash
-- Up-to-date: /home/benboardley/src/ROV/X16-Surface/ros/install/shared_msgs/share/shared_msgs/local_setup.sh
-- Up-to-date: /home/benboardley/src/ROV/X16-Surface/ros/install/shared_msgs/share/shared_msgs/local_setup.zsh
-- Up-to-date: /home/benboardley/src/ROV/X16-Surface/ros/install/shared_msgs/share/shared_msgs/local_setup.dsv
-- Installing: /home/benboardley/src/ROV/X16-Surface/ros/install/shared_msgs/share/shared_msgs/package.dsv
-- Up-to-date: /home/benboardley/src/ROV/X16-Surface/ros/install/shared_msgs/share/ament_index/resource_index/packages/shared_msgs
-- Up-to-date: /home/benboardley/src/ROV/X16-Surface/ros/install/shared_msgs/share/shared_msgs/cmake/export_shared_msgs__rosidl_generator_cExport.cmake
-- Up-to-date: /home/benboardley/src/ROV/X16-Surface/ros/install/shared_msgs/share/shared_msgs/cmake/export_shared_msgs__rosidl_generator_cExport-noconfig.cmake
-- Up-to-date: /home/benboardley/src/ROV/X16-Surface/ros/install/shared_msgs/share/shared_msgs/cmake/export_shared_msgs__rosidl_typesupport_fastrtps_cExport.cmake
-- Up-to-date: /home/benboardley/src/ROV/X16-Surface/ros/install/shared_msgs/share/shared_msgs/cmake/export_shared_msgs__rosidl_typesupport_fastrtps_cExport-noconfig.cmake
-- Up-to-date: /home/benboardley/src/ROV/X16-Surface/ros/install/shared_msgs/share/shared_msgs/cmake/export_shared_msgs__rosidl_generator_cppExport.cmake
-- Up-to-date: /home/benboardley/src/ROV/X16-Surface/ros/install/shared_msgs/share/shared_msgs/cmake/export_shared_msgs__rosidl_typesupport_fastrtps_cppExport.cmake
-- Up-to-date: /home/benboardley/src/ROV/X16-Surface/ros/install/shared_msgs/share/shared_msgs/cmake/export_shared_msgs__rosidl_typesupport_fastrtps_cppExport-noconfig.cmake
-- Up-to-date: /home/benboardley/src/ROV/X16-Surface/ros/install/shared_msgs/share/shared_msgs/cmake/shared_msgs__rosidl_typesupport_introspection_cExport.cmake
-- Up-to-date: /home/benboardley/src/ROV/X16-Surface/ros/install/shared_msgs/share/shared_msgs/cmake/shared_msgs__rosidl_typesupport_introspection_cExport-noconfig.cmake
-- Up-to-date: /home/benboardley/src/ROV/X16-Surface/ros/install/shared_msgs/share/shared_msgs/cmake/shared_msgs__rosidl_typesupport_cExport.cmake
-- Up-to-date: /home/benboardley/src/ROV/X16-Surface/ros/install/shared_msgs/share/shared_msgs/cmake/shared_msgs__rosidl_typesupport_cExport-noconfig.cmake
-- Up-to-date: /home/benboardley/src/ROV/X16-Surface/ros/install/shared_msgs/share/shared_msgs/cmake/shared_msgs__rosidl_typesupport_introspection_cppExport.cmake
-- Up-to-date: /home/benboardley/src/ROV/X16-Surface/ros/install/shared_msgs/share/shared_msgs/cmake/shared_msgs__rosidl_typesupport_introspection_cppExport-noconfig.cmake
-- Up-to-date: /home/benboardley/src/ROV/X16-Surface/ros/install/shared_msgs/share/shared_msgs/cmake/shared_msgs__rosidl_typesupport_cppExport.cmake
-- Up-to-date: /home/benboardley/src/ROV/X16-Surface/ros/install/shared_msgs/share/shared_msgs/cmake/shared_msgs__rosidl_typesupport_cppExport-noconfig.cmake
-- Up-to-date: /home/benboardley/src/ROV/X16-Surface/ros/install/shared_msgs/share/shared_msgs/cmake/export_shared_msgs__rosidl_generator_pyExport.cmake
-- Up-to-date: /home/benboardley/src/ROV/X16-Surface/ros/install/shared_msgs/share/shared_msgs/cmake/export_shared_msgs__rosidl_generator_pyExport-noconfig.cmake
-- Up-to-date: /home/benboardley/src/ROV/X16-Surface/ros/install/shared_msgs/share/shared_msgs/cmake/rosidl_cmake-extras.cmake
-- Up-to-date: /home/benboardley/src/ROV/X16-Surface/ros/install/shared_msgs/share/shared_msgs/cmake/ament_cmake_export_dependencies-extras.cmake
-- Up-to-date: /home/benboardley/src/ROV/X16-Surface/ros/install/shared_msgs/share/shared_msgs/cmake/ament_cmake_export_include_directories-extras.cmake
-- Up-to-date: /home/benboardley/src/ROV/X16-Surface/ros/install/shared_msgs/share/shared_msgs/cmake/ament_cmake_export_libraries-extras.cmake
-- Up-to-date: /home/benboardley/src/ROV/X16-Surface/ros/install/shared_msgs/share/shared_msgs/cmake/ament_cmake_export_targets-extras.cmake
-- Up-to-date: /home/benboardley/src/ROV/X16-Surface/ros/install/shared_msgs/share/shared_msgs/cmake/rosidl_cmake_export_typesupport_targets-extras.cmake
-- Up-to-date: /home/benboardley/src/ROV/X16-Surface/ros/install/shared_msgs/share/shared_msgs/cmake/rosidl_cmake_export_typesupport_libraries-extras.cmake
-- Up-to-date: /home/benboardley/src/ROV/X16-Surface/ros/install/shared_msgs/share/shared_msgs/cmake/shared_msgsConfig.cmake
-- Up-to-date: /home/benboardley/src/ROV/X16-Surface/ros/install/shared_msgs/share/shared_msgs/cmake/shared_msgsConfig-version.cmake
-- Up-to-date: /home/benboardley/src/ROV/X16-Surface/ros/install/shared_msgs/share/shared_msgs/package.xml
