[0.045s] Invoking command in '/home/benboardley/src/ROV/X16-Surface/ros/build/shared_msgs': /home/benboardley/.local/bin/cmake --build /home/benboardley/src/ROV/X16-Surface/ros/build/shared_msgs -- -j8 -l8
[0.248s] [  1%] Built target shared_msgs__cpp
[0.274s] [  1%] Built target ament_cmake_python_copy_shared_msgs
[0.315s] [ 24%] Built target shared_msgs__rosidl_generator_c
[0.315s] [ 24%] Built target shared_msgs__rosidl_typesupport_cpp
[0.318s] [ 35%] Built target shared_msgs__rosidl_typesupport_fastrtps_cpp
[0.321s] [ 47%] Built target shared_msgs__rosidl_typesupport_introspection_cpp
[0.351s] [ 58%] Built target shared_msgs__rosidl_typesupport_c
[0.364s] [ 70%] Built target shared_msgs__rosidl_typesupport_introspection_c
[0.377s] [ 82%] Built target shared_msgs__rosidl_typesupport_fastrtps_c
[0.391s] [ 82%] Built target shared_msgs
[0.409s] [ 83%] Built target shared_msgs__py
[0.453s] [ 93%] Built target shared_msgs__rosidl_generator_py
[0.472s] [ 97%] Built target shared_msgs__rosidl_typesupport_fastrtps_c__pyext
[0.472s] [ 97%] Built target shared_msgs__rosidl_typesupport_c__pyext
[0.486s] [100%] Built target shared_msgs__rosidl_typesupport_introspection_c__pyext
[0.546s] running egg_info
[0.564s] writing shared_msgs.egg-info/PKG-INFO
[0.565s] writing dependency_links to shared_msgs.egg-info/dependency_links.txt
[0.565s] writing top-level names to shared_msgs.egg-info/top_level.txt
[0.611s] reading manifest file 'shared_msgs.egg-info/SOURCES.txt'
[0.612s] writing manifest file 'shared_msgs.egg-info/SOURCES.txt'
[0.646s] [100%] Built target ament_cmake_python_build_shared_msgs_egg
[0.657s] Invoked command in '/home/benboardley/src/ROV/X16-Surface/ros/build/shared_msgs' returned '0': /home/benboardley/.local/bin/cmake --build /home/benboardley/src/ROV/X16-Surface/ros/build/shared_msgs -- -j8 -l8
[0.953s] Invoking command in '/home/benboardley/src/ROV/X16-Surface/ros/build/shared_msgs': /home/benboardley/.local/bin/cmake --install /home/benboardley/src/ROV/X16-Surface/ros/build/shared_msgs
[0.988s] -- Install configuration: ""
[0.988s] -- Up-to-date: /home/benboardley/src/ROV/X16-Surface/ros/install/shared_msgs/share/ament_index/resource_index/rosidl_interfaces/shared_msgs
[0.988s] -- Up-to-date: /home/benboardley/src/ROV/X16-Surface/ros/install/shared_msgs/include/shared_msgs/shared_msgs
[0.989s] -- Up-to-date: /home/benboardley/src/ROV/X16-Surface/ros/install/shared_msgs/include/shared_msgs/shared_msgs/msg
[0.989s] -- Up-to-date: /home/benboardley/src/ROV/X16-Surface/ros/install/shared_msgs/include/shared_msgs/shared_msgs/msg/final_thrust_msg.h
[0.989s] -- Up-to-date: /home/benboardley/src/ROV/X16-Surface/ros/install/shared_msgs/include/shared_msgs/shared_msgs/msg/can_msg.h
[0.989s] -- Up-to-date: /home/benboardley/src/ROV/X16-Surface/ros/install/shared_msgs/include/shared_msgs/shared_msgs/msg/rov_velocity_command.h
[0.989s] -- Up-to-date: /home/benboardley/src/ROV/X16-Surface/ros/install/shared_msgs/include/shared_msgs/shared_msgs/msg/imu_msg.h
[0.989s] -- Up-to-date: /home/benboardley/src/ROV/X16-Surface/ros/install/shared_msgs/include/shared_msgs/shared_msgs/msg/tools_command_msg.h
[0.991s] -- Up-to-date: /home/benboardley/src/ROV/X16-Surface/ros/install/shared_msgs/include/shared_msgs/shared_msgs/msg/detail
[0.991s] -- Up-to-date: /home/benboardley/src/ROV/X16-Surface/ros/install/shared_msgs/include/shared_msgs/shared_msgs/msg/detail/tools_command_msg__functions.h
[0.991s] -- Up-to-date: /home/benboardley/src/ROV/X16-Surface/ros/install/shared_msgs/include/shared_msgs/shared_msgs/msg/detail/thrust_command_msg__functions.h
[0.991s] -- Up-to-date: /home/benboardley/src/ROV/X16-Surface/ros/install/shared_msgs/include/shared_msgs/shared_msgs/msg/detail/imu_msg__functions.c
[0.992s] -- Up-to-date: /home/benboardley/src/ROV/X16-Surface/ros/install/shared_msgs/include/shared_msgs/shared_msgs/msg/detail/thrust_status_msg__type_support.h
[0.992s] -- Up-to-date: /home/benboardley/src/ROV/X16-Surface/ros/install/shared_msgs/include/shared_msgs/shared_msgs/msg/detail/rov_velocity_command__struct.h
[0.992s] -- Up-to-date: /home/benboardley/src/ROV/X16-Surface/ros/install/shared_msgs/include/shared_msgs/shared_msgs/msg/detail/com_msg__struct.h
[0.994s] -- Up-to-date: /home/benboardley/src/ROV/X16-Surface/ros/install/shared_msgs/include/shared_msgs/shared_msgs/msg/detail/com_msg__functions.c
[0.994s] -- Up-to-date: /home/benboardley/src/ROV/X16-Surface/ros/install/shared_msgs/include/shared_msgs/shared_msgs/msg/detail/thrust_status_msg__struct.h
[0.995s] -- Up-to-date: /home/benboardley/src/ROV/X16-Surface/ros/install/shared_msgs/include/shared_msgs/shared_msgs/msg/detail/tools_command_msg__struct.h
[0.995s] -- Up-to-date: /home/benboardley/src/ROV/X16-Surface/ros/install/shared_msgs/include/shared_msgs/shared_msgs/msg/detail/final_thrust_msg__struct.h
[0.995s] -- Up-to-date: /home/benboardley/src/ROV/X16-Surface/ros/install/shared_msgs/include/shared_msgs/shared_msgs/msg/detail/rov_velocity_command__functions.h
[0.995s] -- Up-to-date: /home/benboardley/src/ROV/X16-Surface/ros/install/shared_msgs/include/shared_msgs/shared_msgs/msg/detail/final_thrust_msg__type_support.h
[0.995s] -- Up-to-date: /home/benboardley/src/ROV/X16-Surface/ros/install/shared_msgs/include/shared_msgs/shared_msgs/msg/detail/thrust_command_msg__type_support.h
[0.996s] -- Up-to-date: /home/benboardley/src/ROV/X16-Surface/ros/install/shared_msgs/include/shared_msgs/shared_msgs/msg/detail/final_thrust_msg__functions.h
[0.996s] -- Up-to-date: /home/benboardley/src/ROV/X16-Surface/ros/install/shared_msgs/include/shared_msgs/shared_msgs/msg/detail/temp_msg__functions.c
[0.996s] -- Up-to-date: /home/benboardley/src/ROV/X16-Surface/ros/install/shared_msgs/include/shared_msgs/shared_msgs/msg/detail/rov_velocity_command__type_support.h
[0.996s] -- Up-to-date: /home/benboardley/src/ROV/X16-Surface/ros/install/shared_msgs/include/shared_msgs/shared_msgs/msg/detail/can_msg__functions.c
[0.996s] -- Up-to-date: /home/benboardley/src/ROV/X16-Surface/ros/install/shared_msgs/include/shared_msgs/shared_msgs/msg/detail/temp_msg__type_support.h
[0.996s] -- Up-to-date: /home/benboardley/src/ROV/X16-Surface/ros/install/shared_msgs/include/shared_msgs/shared_msgs/msg/detail/can_msg__functions.h
[0.997s] -- Up-to-date: /home/benboardley/src/ROV/X16-Surface/ros/install/shared_msgs/include/shared_msgs/shared_msgs/msg/detail/temp_msg__struct.h
[0.997s] -- Up-to-date: /home/benboardley/src/ROV/X16-Surface/ros/install/shared_msgs/include/shared_msgs/shared_msgs/msg/detail/tools_command_msg__functions.c
[0.997s] -- Up-to-date: /home/benboardley/src/ROV/X16-Surface/ros/install/shared_msgs/include/shared_msgs/shared_msgs/msg/detail/tools_command_msg__type_support.h
[0.997s] -- Up-to-date: /home/benboardley/src/ROV/X16-Surface/ros/install/shared_msgs/include/shared_msgs/shared_msgs/msg/detail/thrust_command_msg__functions.c
[0.997s] -- Up-to-date: /home/benboardley/src/ROV/X16-Surface/ros/install/shared_msgs/include/shared_msgs/shared_msgs/msg/detail/imu_msg__functions.h
[0.997s] -- Up-to-date: /home/benboardley/src/ROV/X16-Surface/ros/install/shared_msgs/include/shared_msgs/shared_msgs/msg/detail/final_thrust_msg__functions.c
[0.998s] -- Up-to-date: /home/benboardley/src/ROV/X16-Surface/ros/install/shared_msgs/include/shared_msgs/shared_msgs/msg/detail/rov_velocity_command__functions.c
[0.998s] -- Up-to-date: /home/benboardley/src/ROV/X16-Surface/ros/install/shared_msgs/include/shared_msgs/shared_msgs/msg/detail/can_msg__type_support.h
[0.998s] -- Up-to-date: /home/benboardley/src/ROV/X16-Surface/ros/install/shared_msgs/include/shared_msgs/shared_msgs/msg/detail/thrust_status_msg__functions.h
[0.998s] -- Up-to-date: /home/benboardley/src/ROV/X16-Surface/ros/install/shared_msgs/include/shared_msgs/shared_msgs/msg/detail/can_msg__struct.h
[0.999s] -- Up-to-date: /home/benboardley/src/ROV/X16-Surface/ros/install/shared_msgs/include/shared_msgs/shared_msgs/msg/detail/imu_msg__struct.h
[0.999s] -- Up-to-date: /home/benboardley/src/ROV/X16-Surface/ros/install/shared_msgs/include/shared_msgs/shared_msgs/msg/detail/imu_msg__type_support.h
[0.999s] -- Up-to-date: /home/benboardley/src/ROV/X16-Surface/ros/install/shared_msgs/include/shared_msgs/shared_msgs/msg/detail/com_msg__type_support.h
[0.999s] -- Up-to-date: /home/benboardley/src/ROV/X16-Surface/ros/install/shared_msgs/include/shared_msgs/shared_msgs/msg/detail/thrust_status_msg__functions.c
[0.999s] -- Up-to-date: /home/benboardley/src/ROV/X16-Surface/ros/install/shared_msgs/include/shared_msgs/shared_msgs/msg/detail/temp_msg__functions.h
[0.999s] -- Up-to-date: /home/benboardley/src/ROV/X16-Surface/ros/install/shared_msgs/include/shared_msgs/shared_msgs/msg/detail/com_msg__functions.h
[1.000s] -- Up-to-date: /home/benboardley/src/ROV/X16-Surface/ros/install/shared_msgs/include/shared_msgs/shared_msgs/msg/detail/thrust_command_msg__struct.h
[1.000s] -- Up-to-date: /home/benboardley/src/ROV/X16-Surface/ros/install/shared_msgs/include/shared_msgs/shared_msgs/msg/thrust_command_msg.h
[1.000s] -- Up-to-date: /home/benboardley/src/ROV/X16-Surface/ros/install/shared_msgs/include/shared_msgs/shared_msgs/msg/thrust_status_msg.h
[1.001s] -- Up-to-date: /home/benboardley/src/ROV/X16-Surface/ros/install/shared_msgs/include/shared_msgs/shared_msgs/msg/com_msg.h
[1.001s] -- Up-to-date: /home/benboardley/src/ROV/X16-Surface/ros/install/shared_msgs/include/shared_msgs/shared_msgs/msg/temp_msg.h
[1.001s] -- Up-to-date: /home/benboardley/src/ROV/X16-Surface/ros/install/shared_msgs/include/shared_msgs/shared_msgs/msg/rosidl_generator_c__visibility_control.h
[1.002s] -- Up-to-date: /home/benboardley/src/ROV/X16-Surface/ros/install/shared_msgs/share/shared_msgs/environment/library_path.sh
[1.002s] -- Up-to-date: /home/benboardley/src/ROV/X16-Surface/ros/install/shared_msgs/share/shared_msgs/environment/library_path.dsv
[1.002s] -- Up-to-date: /home/benboardley/src/ROV/X16-Surface/ros/install/shared_msgs/lib/libshared_msgs__rosidl_generator_c.so
[1.002s] -- Up-to-date: /home/benboardley/src/ROV/X16-Surface/ros/install/shared_msgs/include/shared_msgs/shared_msgs
[1.003s] -- Up-to-date: /home/benboardley/src/ROV/X16-Surface/ros/install/shared_msgs/include/shared_msgs/shared_msgs/msg
[1.003s] -- Up-to-date: /home/benboardley/src/ROV/X16-Surface/ros/install/shared_msgs/include/shared_msgs/shared_msgs/msg/rosidl_typesupport_fastrtps_c__visibility_control.h
[1.003s] -- Up-to-date: /home/benboardley/src/ROV/X16-Surface/ros/install/shared_msgs/include/shared_msgs/shared_msgs/msg/detail
[1.003s] -- Up-to-date: /home/benboardley/src/ROV/X16-Surface/ros/install/shared_msgs/include/shared_msgs/shared_msgs/msg/detail/final_thrust_msg__rosidl_typesupport_fastrtps_c.h
[1.004s] -- Up-to-date: /home/benboardley/src/ROV/X16-Surface/ros/install/shared_msgs/include/shared_msgs/shared_msgs/msg/detail/imu_msg__rosidl_typesupport_fastrtps_c.h
[1.004s] -- Up-to-date: /home/benboardley/src/ROV/X16-Surface/ros/install/shared_msgs/include/shared_msgs/shared_msgs/msg/detail/com_msg__rosidl_typesupport_fastrtps_c.h
[1.004s] -- Up-to-date: /home/benboardley/src/ROV/X16-Surface/ros/install/shared_msgs/include/shared_msgs/shared_msgs/msg/detail/rov_velocity_command__rosidl_typesupport_fastrtps_c.h
[1.004s] -- Up-to-date: /home/benboardley/src/ROV/X16-Surface/ros/install/shared_msgs/include/shared_msgs/shared_msgs/msg/detail/thrust_command_msg__rosidl_typesupport_fastrtps_c.h
[1.004s] -- Up-to-date: /home/benboardley/src/ROV/X16-Surface/ros/install/shared_msgs/include/shared_msgs/shared_msgs/msg/detail/tools_command_msg__rosidl_typesupport_fastrtps_c.h
[1.004s] -- Up-to-date: /home/benboardley/src/ROV/X16-Surface/ros/install/shared_msgs/include/shared_msgs/shared_msgs/msg/detail/can_msg__rosidl_typesupport_fastrtps_c.h
[1.005s] -- Up-to-date: /home/benboardley/src/ROV/X16-Surface/ros/install/shared_msgs/include/shared_msgs/shared_msgs/msg/detail/thrust_status_msg__rosidl_typesupport_fastrtps_c.h
[1.005s] -- Up-to-date: /home/benboardley/src/ROV/X16-Surface/ros/install/shared_msgs/include/shared_msgs/shared_msgs/msg/detail/temp_msg__rosidl_typesupport_fastrtps_c.h
[1.005s] -- Up-to-date: /home/benboardley/src/ROV/X16-Surface/ros/install/shared_msgs/lib/libshared_msgs__rosidl_typesupport_fastrtps_c.so
[1.005s] -- Up-to-date: /home/benboardley/src/ROV/X16-Surface/ros/install/shared_msgs/include/shared_msgs/shared_msgs
[1.006s] -- Up-to-date: /home/benboardley/src/ROV/X16-Surface/ros/install/shared_msgs/include/shared_msgs/shared_msgs/msg
[1.006s] -- Up-to-date: /home/benboardley/src/ROV/X16-Surface/ros/install/shared_msgs/include/shared_msgs/shared_msgs/msg/thrust_status_msg.hpp
[1.006s] -- Up-to-date: /home/benboardley/src/ROV/X16-Surface/ros/install/shared_msgs/include/shared_msgs/shared_msgs/msg/final_thrust_msg.hpp
[1.007s] -- Up-to-date: /home/benboardley/src/ROV/X16-Surface/ros/install/shared_msgs/include/shared_msgs/shared_msgs/msg/temp_msg.hpp
[1.007s] -- Up-to-date: /home/benboardley/src/ROV/X16-Surface/ros/install/shared_msgs/include/shared_msgs/shared_msgs/msg/thrust_command_msg.hpp
[1.007s] -- Up-to-date: /home/benboardley/src/ROV/X16-Surface/ros/install/shared_msgs/include/shared_msgs/shared_msgs/msg/can_msg.hpp
[1.007s] -- Up-to-date: /home/benboardley/src/ROV/X16-Surface/ros/install/shared_msgs/include/shared_msgs/shared_msgs/msg/rov_velocity_command.hpp
[1.007s] -- Up-to-date: /home/benboardley/src/ROV/X16-Surface/ros/install/shared_msgs/include/shared_msgs/shared_msgs/msg/detail
[1.007s] -- Up-to-date: /home/benboardley/src/ROV/X16-Surface/ros/install/shared_msgs/include/shared_msgs/shared_msgs/msg/detail/final_thrust_msg__traits.hpp
[1.007s] -- Up-to-date: /home/benboardley/src/ROV/X16-Surface/ros/install/shared_msgs/include/shared_msgs/shared_msgs/msg/detail/thrust_status_msg__traits.hpp
[1.008s] -- Up-to-date: /home/benboardley/src/ROV/X16-Surface/ros/install/shared_msgs/include/shared_msgs/shared_msgs/msg/detail/final_thrust_msg__struct.hpp
[1.008s] -- Up-to-date: /home/benboardley/src/ROV/X16-Surface/ros/install/shared_msgs/include/shared_msgs/shared_msgs/msg/detail/can_msg__builder.hpp
[1.008s] -- Up-to-date: /home/benboardley/src/ROV/X16-Surface/ros/install/shared_msgs/include/shared_msgs/shared_msgs/msg/detail/tools_command_msg__traits.hpp
[1.008s] -- Up-to-date: /home/benboardley/src/ROV/X16-Surface/ros/install/shared_msgs/include/shared_msgs/shared_msgs/msg/detail/com_msg__builder.hpp
[1.009s] -- Up-to-date: /home/benboardley/src/ROV/X16-Surface/ros/install/shared_msgs/include/shared_msgs/shared_msgs/msg/detail/rov_velocity_command__struct.hpp
[1.009s] -- Up-to-date: /home/benboardley/src/ROV/X16-Surface/ros/install/shared_msgs/include/shared_msgs/shared_msgs/msg/detail/thrust_command_msg__traits.hpp
[1.009s] -- Up-to-date: /home/benboardley/src/ROV/X16-Surface/ros/install/shared_msgs/include/shared_msgs/shared_msgs/msg/detail/com_msg__struct.hpp
[1.009s] -- Up-to-date: /home/benboardley/src/ROV/X16-Surface/ros/install/shared_msgs/include/shared_msgs/shared_msgs/msg/detail/can_msg__traits.hpp
[1.009s] -- Up-to-date: /home/benboardley/src/ROV/X16-Surface/ros/install/shared_msgs/include/shared_msgs/shared_msgs/msg/detail/rov_velocity_command__traits.hpp
[1.009s] -- Up-to-date: /home/benboardley/src/ROV/X16-Surface/ros/install/shared_msgs/include/shared_msgs/shared_msgs/msg/detail/tools_command_msg__builder.hpp
[1.009s] -- Up-to-date: /home/benboardley/src/ROV/X16-Surface/ros/install/shared_msgs/include/shared_msgs/shared_msgs/msg/detail/final_thrust_msg__builder.hpp
[1.009s] -- Up-to-date: /home/benboardley/src/ROV/X16-Surface/ros/install/shared_msgs/include/shared_msgs/shared_msgs/msg/detail/thrust_status_msg__struct.hpp
[1.009s] -- Up-to-date: /home/benboardley/src/ROV/X16-Surface/ros/install/shared_msgs/include/shared_msgs/shared_msgs/msg/detail/thrust_command_msg__struct.hpp
[1.010s] -- Up-to-date: /home/benboardley/src/ROV/X16-Surface/ros/install/shared_msgs/include/shared_msgs/shared_msgs/msg/detail/temp_msg__builder.hpp
[1.010s] -- Up-to-date: /home/benboardley/src/ROV/X16-Surface/ros/install/shared_msgs/include/shared_msgs/shared_msgs/msg/detail/imu_msg__struct.hpp
[1.010s] -- Up-to-date: /home/benboardley/src/ROV/X16-Surface/ros/install/shared_msgs/include/shared_msgs/shared_msgs/msg/detail/temp_msg__traits.hpp
[1.010s] -- Up-to-date: /home/benboardley/src/ROV/X16-Surface/ros/install/shared_msgs/include/shared_msgs/shared_msgs/msg/detail/temp_msg__struct.hpp
[1.010s] -- Up-to-date: /home/benboardley/src/ROV/X16-Surface/ros/install/shared_msgs/include/shared_msgs/shared_msgs/msg/detail/thrust_command_msg__builder.hpp
[1.010s] -- Up-to-date: /home/benboardley/src/ROV/X16-Surface/ros/install/shared_msgs/include/shared_msgs/shared_msgs/msg/detail/rov_velocity_command__builder.hpp
[1.010s] -- Up-to-date: /home/benboardley/src/ROV/X16-Surface/ros/install/shared_msgs/include/shared_msgs/shared_msgs/msg/detail/can_msg__struct.hpp
[1.011s] -- Up-to-date: /home/benboardley/src/ROV/X16-Surface/ros/install/shared_msgs/include/shared_msgs/shared_msgs/msg/detail/com_msg__traits.hpp
[1.011s] -- Up-to-date: /home/benboardley/src/ROV/X16-Surface/ros/install/shared_msgs/include/shared_msgs/shared_msgs/msg/detail/tools_command_msg__struct.hpp
[1.011s] -- Up-to-date: /home/benboardley/src/ROV/X16-Surface/ros/install/shared_msgs/include/shared_msgs/shared_msgs/msg/detail/imu_msg__builder.hpp
[1.011s] -- Up-to-date: /home/benboardley/src/ROV/X16-Surface/ros/install/shared_msgs/include/shared_msgs/shared_msgs/msg/detail/imu_msg__traits.hpp
[1.011s] -- Up-to-date: /home/benboardley/src/ROV/X16-Surface/ros/install/shared_msgs/include/shared_msgs/shared_msgs/msg/detail/thrust_status_msg__builder.hpp
[1.011s] -- Up-to-date: /home/benboardley/src/ROV/X16-Surface/ros/install/shared_msgs/include/shared_msgs/shared_msgs/msg/imu_msg.hpp
[1.011s] -- Up-to-date: /home/benboardley/src/ROV/X16-Surface/ros/install/shared_msgs/include/shared_msgs/shared_msgs/msg/com_msg.hpp
[1.012s] -- Up-to-date: /home/benboardley/src/ROV/X16-Surface/ros/install/shared_msgs/include/shared_msgs/shared_msgs/msg/tools_command_msg.hpp
[1.012s] -- Up-to-date: /home/benboardley/src/ROV/X16-Surface/ros/install/shared_msgs/include/shared_msgs/shared_msgs
[1.012s] -- Up-to-date: /home/benboardley/src/ROV/X16-Surface/ros/install/shared_msgs/include/shared_msgs/shared_msgs/msg
[1.012s] -- Up-to-date: /home/benboardley/src/ROV/X16-Surface/ros/install/shared_msgs/include/shared_msgs/shared_msgs/msg/rosidl_typesupport_fastrtps_cpp__visibility_control.h
[1.012s] -- Up-to-date: /home/benboardley/src/ROV/X16-Surface/ros/install/shared_msgs/include/shared_msgs/shared_msgs/msg/detail
[1.012s] -- Up-to-date: /home/benboardley/src/ROV/X16-Surface/ros/install/shared_msgs/include/shared_msgs/shared_msgs/msg/detail/can_msg__rosidl_typesupport_fastrtps_cpp.hpp
[1.012s] -- Up-to-date: /home/benboardley/src/ROV/X16-Surface/ros/install/shared_msgs/include/shared_msgs/shared_msgs/msg/detail/thrust_command_msg__rosidl_typesupport_fastrtps_cpp.hpp
[1.013s] -- Up-to-date: /home/benboardley/src/ROV/X16-Surface/ros/install/shared_msgs/include/shared_msgs/shared_msgs/msg/detail/dds_fastrtps
[1.013s] -- Up-to-date: /home/benboardley/src/ROV/X16-Surface/ros/install/shared_msgs/include/shared_msgs/shared_msgs/msg/detail/final_thrust_msg__rosidl_typesupport_fastrtps_cpp.hpp
[1.013s] -- Up-to-date: /home/benboardley/src/ROV/X16-Surface/ros/install/shared_msgs/include/shared_msgs/shared_msgs/msg/detail/thrust_status_msg__rosidl_typesupport_fastrtps_cpp.hpp
[1.013s] -- Up-to-date: /home/benboardley/src/ROV/X16-Surface/ros/install/shared_msgs/include/shared_msgs/shared_msgs/msg/detail/temp_msg__rosidl_typesupport_fastrtps_cpp.hpp
[1.013s] -- Up-to-date: /home/benboardley/src/ROV/X16-Surface/ros/install/shared_msgs/include/shared_msgs/shared_msgs/msg/detail/tools_command_msg__rosidl_typesupport_fastrtps_cpp.hpp
[1.013s] -- Up-to-date: /home/benboardley/src/ROV/X16-Surface/ros/install/shared_msgs/include/shared_msgs/shared_msgs/msg/detail/rov_velocity_command__rosidl_typesupport_fastrtps_cpp.hpp
[1.013s] -- Up-to-date: /home/benboardley/src/ROV/X16-Surface/ros/install/shared_msgs/include/shared_msgs/shared_msgs/msg/detail/imu_msg__rosidl_typesupport_fastrtps_cpp.hpp
[1.013s] -- Up-to-date: /home/benboardley/src/ROV/X16-Surface/ros/install/shared_msgs/include/shared_msgs/shared_msgs/msg/detail/com_msg__rosidl_typesupport_fastrtps_cpp.hpp
[1.014s] -- Up-to-date: /home/benboardley/src/ROV/X16-Surface/ros/install/shared_msgs/lib/libshared_msgs__rosidl_typesupport_fastrtps_cpp.so
[1.014s] -- Up-to-date: /home/benboardley/src/ROV/X16-Surface/ros/install/shared_msgs/include/shared_msgs/shared_msgs
[1.014s] -- Up-to-date: /home/benboardley/src/ROV/X16-Surface/ros/install/shared_msgs/include/shared_msgs/shared_msgs/msg
[1.014s] -- Up-to-date: /home/benboardley/src/ROV/X16-Surface/ros/install/shared_msgs/include/shared_msgs/shared_msgs/msg/detail
[1.014s] -- Up-to-date: /home/benboardley/src/ROV/X16-Surface/ros/install/shared_msgs/include/shared_msgs/shared_msgs/msg/detail/temp_msg__type_support.c
[1.014s] -- Up-to-date: /home/benboardley/src/ROV/X16-Surface/ros/install/shared_msgs/include/shared_msgs/shared_msgs/msg/detail/final_thrust_msg__rosidl_typesupport_introspection_c.h
[1.015s] -- Up-to-date: /home/benboardley/src/ROV/X16-Surface/ros/install/shared_msgs/include/shared_msgs/shared_msgs/msg/detail/rov_velocity_command__rosidl_typesupport_introspection_c.h
[1.015s] -- Up-to-date: /home/benboardley/src/ROV/X16-Surface/ros/install/shared_msgs/include/shared_msgs/shared_msgs/msg/detail/com_msg__type_support.c
[1.015s] -- Up-to-date: /home/benboardley/src/ROV/X16-Surface/ros/install/shared_msgs/include/shared_msgs/shared_msgs/msg/detail/thrust_status_msg__type_support.c
[1.015s] -- Up-to-date: /home/benboardley/src/ROV/X16-Surface/ros/install/shared_msgs/include/shared_msgs/shared_msgs/msg/detail/com_msg__rosidl_typesupport_introspection_c.h
[1.016s] -- Up-to-date: /home/benboardley/src/ROV/X16-Surface/ros/install/shared_msgs/include/shared_msgs/shared_msgs/msg/detail/tools_command_msg__rosidl_typesupport_introspection_c.h
[1.016s] -- Up-to-date: /home/benboardley/src/ROV/X16-Surface/ros/install/shared_msgs/include/shared_msgs/shared_msgs/msg/detail/final_thrust_msg__type_support.c
[1.016s] -- Up-to-date: /home/benboardley/src/ROV/X16-Surface/ros/install/shared_msgs/include/shared_msgs/shared_msgs/msg/detail/imu_msg__type_support.c
[1.016s] -- Up-to-date: /home/benboardley/src/ROV/X16-Surface/ros/install/shared_msgs/include/shared_msgs/shared_msgs/msg/detail/rov_velocity_command__type_support.c
[1.016s] -- Up-to-date: /home/benboardley/src/ROV/X16-Surface/ros/install/shared_msgs/include/shared_msgs/shared_msgs/msg/detail/can_msg__type_support.c
[1.016s] -- Up-to-date: /home/benboardley/src/ROV/X16-Surface/ros/install/shared_msgs/include/shared_msgs/shared_msgs/msg/detail/thrust_status_msg__rosidl_typesupport_introspection_c.h
[1.016s] -- Up-to-date: /home/benboardley/src/ROV/X16-Surface/ros/install/shared_msgs/include/shared_msgs/shared_msgs/msg/detail/thrust_command_msg__type_support.c
[1.017s] -- Up-to-date: /home/benboardley/src/ROV/X16-Surface/ros/install/shared_msgs/include/shared_msgs/shared_msgs/msg/detail/imu_msg__rosidl_typesupport_introspection_c.h
[1.017s] -- Up-to-date: /home/benboardley/src/ROV/X16-Surface/ros/install/shared_msgs/include/shared_msgs/shared_msgs/msg/detail/can_msg__rosidl_typesupport_introspection_c.h
[1.017s] -- Up-to-date: /home/benboardley/src/ROV/X16-Surface/ros/install/shared_msgs/include/shared_msgs/shared_msgs/msg/detail/temp_msg__rosidl_typesupport_introspection_c.h
[1.017s] -- Up-to-date: /home/benboardley/src/ROV/X16-Surface/ros/install/shared_msgs/include/shared_msgs/shared_msgs/msg/detail/thrust_command_msg__rosidl_typesupport_introspection_c.h
[1.017s] -- Up-to-date: /home/benboardley/src/ROV/X16-Surface/ros/install/shared_msgs/include/shared_msgs/shared_msgs/msg/detail/tools_command_msg__type_support.c
[1.017s] -- Up-to-date: /home/benboardley/src/ROV/X16-Surface/ros/install/shared_msgs/include/shared_msgs/shared_msgs/msg/rosidl_typesupport_introspection_c__visibility_control.h
[1.017s] -- Up-to-date: /home/benboardley/src/ROV/X16-Surface/ros/install/shared_msgs/lib/libshared_msgs__rosidl_typesupport_introspection_c.so
[1.018s] -- Up-to-date: /home/benboardley/src/ROV/X16-Surface/ros/install/shared_msgs/lib/libshared_msgs__rosidl_typesupport_c.so
[1.018s] -- Up-to-date: /home/benboardley/src/ROV/X16-Surface/ros/install/shared_msgs/include/shared_msgs/shared_msgs
[1.018s] -- Up-to-date: /home/benboardley/src/ROV/X16-Surface/ros/install/shared_msgs/include/shared_msgs/shared_msgs/msg
[1.018s] -- Up-to-date: /home/benboardley/src/ROV/X16-Surface/ros/install/shared_msgs/include/shared_msgs/shared_msgs/msg/detail
[1.019s] -- Up-to-date: /home/benboardley/src/ROV/X16-Surface/ros/install/shared_msgs/include/shared_msgs/shared_msgs/msg/detail/com_msg__rosidl_typesupport_introspection_cpp.hpp
[1.019s] -- Up-to-date: /home/benboardley/src/ROV/X16-Surface/ros/install/shared_msgs/include/shared_msgs/shared_msgs/msg/detail/thrust_command_msg__type_support.cpp
[1.019s] -- Up-to-date: /home/benboardley/src/ROV/X16-Surface/ros/install/shared_msgs/include/shared_msgs/shared_msgs/msg/detail/tools_command_msg__type_support.cpp
[1.019s] -- Up-to-date: /home/benboardley/src/ROV/X16-Surface/ros/install/shared_msgs/include/shared_msgs/shared_msgs/msg/detail/imu_msg__type_support.cpp
[1.019s] -- Up-to-date: /home/benboardley/src/ROV/X16-Surface/ros/install/shared_msgs/include/shared_msgs/shared_msgs/msg/detail/thrust_status_msg__rosidl_typesupport_introspection_cpp.hpp
[1.019s] -- Up-to-date: /home/benboardley/src/ROV/X16-Surface/ros/install/shared_msgs/include/shared_msgs/shared_msgs/msg/detail/imu_msg__rosidl_typesupport_introspection_cpp.hpp
[1.020s] -- Up-to-date: /home/benboardley/src/ROV/X16-Surface/ros/install/shared_msgs/include/shared_msgs/shared_msgs/msg/detail/temp_msg__type_support.cpp
[1.020s] -- Up-to-date: /home/benboardley/src/ROV/X16-Surface/ros/install/shared_msgs/include/shared_msgs/shared_msgs/msg/detail/com_msg__type_support.cpp
[1.020s] -- Up-to-date: /home/benboardley/src/ROV/X16-Surface/ros/install/shared_msgs/include/shared_msgs/shared_msgs/msg/detail/temp_msg__rosidl_typesupport_introspection_cpp.hpp
[1.020s] -- Up-to-date: /home/benboardley/src/ROV/X16-Surface/ros/install/shared_msgs/include/shared_msgs/shared_msgs/msg/detail/thrust_status_msg__type_support.cpp
[1.020s] -- Up-to-date: /home/benboardley/src/ROV/X16-Surface/ros/install/shared_msgs/include/shared_msgs/shared_msgs/msg/detail/rov_velocity_command__type_support.cpp
[1.020s] -- Up-to-date: /home/benboardley/src/ROV/X16-Surface/ros/install/shared_msgs/include/shared_msgs/shared_msgs/msg/detail/tools_command_msg__rosidl_typesupport_introspection_cpp.hpp
[1.021s] -- Up-to-date: /home/benboardley/src/ROV/X16-Surface/ros/install/shared_msgs/include/shared_msgs/shared_msgs/msg/detail/can_msg__rosidl_typesupport_introspection_cpp.hpp
[1.021s] -- Up-to-date: /home/benboardley/src/ROV/X16-Surface/ros/install/shared_msgs/include/shared_msgs/shared_msgs/msg/detail/can_msg__type_support.cpp
[1.021s] -- Up-to-date: /home/benboardley/src/ROV/X16-Surface/ros/install/shared_msgs/include/shared_msgs/shared_msgs/msg/detail/final_thrust_msg__type_support.cpp
[1.021s] -- Up-to-date: /home/benboardley/src/ROV/X16-Surface/ros/install/shared_msgs/include/shared_msgs/shared_msgs/msg/detail/thrust_command_msg__rosidl_typesupport_introspection_cpp.hpp
[1.021s] -- Up-to-date: /home/benboardley/src/ROV/X16-Surface/ros/install/shared_msgs/include/shared_msgs/shared_msgs/msg/detail/rov_velocity_command__rosidl_typesupport_introspection_cpp.hpp
[1.022s] -- Up-to-date: /home/benboardley/src/ROV/X16-Surface/ros/install/shared_msgs/include/shared_msgs/shared_msgs/msg/detail/final_thrust_msg__rosidl_typesupport_introspection_cpp.hpp
[1.022s] -- Up-to-date: /home/benboardley/src/ROV/X16-Surface/ros/install/shared_msgs/lib/libshared_msgs__rosidl_typesupport_introspection_cpp.so
[1.022s] -- Up-to-date: /home/benboardley/src/ROV/X16-Surface/ros/install/shared_msgs/lib/libshared_msgs__rosidl_typesupport_cpp.so
[1.022s] -- Up-to-date: /home/benboardley/src/ROV/X16-Surface/ros/install/shared_msgs/share/shared_msgs/environment/pythonpath.sh
[1.022s] -- Up-to-date: /home/benboardley/src/ROV/X16-Surface/ros/install/shared_msgs/share/shared_msgs/environment/pythonpath.dsv
[1.022s] -- Up-to-date: /home/benboardley/src/ROV/X16-Surface/ros/install/shared_msgs/local/lib/python3.10/dist-packages/shared_msgs-0.0.0-py3.10.egg-info
[1.022s] -- Installing: /home/benboardley/src/ROV/X16-Surface/ros/install/shared_msgs/local/lib/python3.10/dist-packages/shared_msgs-0.0.0-py3.10.egg-info/dependency_links.txt
[1.023s] -- Installing: /home/benboardley/src/ROV/X16-Surface/ros/install/shared_msgs/local/lib/python3.10/dist-packages/shared_msgs-0.0.0-py3.10.egg-info/PKG-INFO
[1.023s] -- Installing: /home/benboardley/src/ROV/X16-Surface/ros/install/shared_msgs/local/lib/python3.10/dist-packages/shared_msgs-0.0.0-py3.10.egg-info/top_level.txt
[1.023s] -- Installing: /home/benboardley/src/ROV/X16-Surface/ros/install/shared_msgs/local/lib/python3.10/dist-packages/shared_msgs-0.0.0-py3.10.egg-info/SOURCES.txt
[1.023s] -- Up-to-date: /home/benboardley/src/ROV/X16-Surface/ros/install/shared_msgs/local/lib/python3.10/dist-packages/shared_msgs
[1.023s] -- Up-to-date: /home/benboardley/src/ROV/X16-Surface/ros/install/shared_msgs/local/lib/python3.10/dist-packages/shared_msgs/shared_msgs_s__rosidl_typesupport_c.cpython-310-x86_64-linux-gnu.so
[1.023s] -- Up-to-date: /home/benboardley/src/ROV/X16-Surface/ros/install/shared_msgs/local/lib/python3.10/dist-packages/shared_msgs/libshared_msgs__rosidl_generator_py.so
[1.024s] -- Up-to-date: /home/benboardley/src/ROV/X16-Surface/ros/install/shared_msgs/local/lib/python3.10/dist-packages/shared_msgs/shared_msgs_s__rosidl_typesupport_fastrtps_c.cpython-310-x86_64-linux-gnu.so
[1.024s] -- Up-to-date: /home/benboardley/src/ROV/X16-Surface/ros/install/shared_msgs/local/lib/python3.10/dist-packages/shared_msgs/_shared_msgs_s.ep.rosidl_typesupport_c.c
[1.024s] -- Up-to-date: /home/benboardley/src/ROV/X16-Surface/ros/install/shared_msgs/local/lib/python3.10/dist-packages/shared_msgs/_shared_msgs_s.ep.rosidl_typesupport_fastrtps_c.c
[1.024s] -- Up-to-date: /home/benboardley/src/ROV/X16-Surface/ros/install/shared_msgs/local/lib/python3.10/dist-packages/shared_msgs/shared_msgs_s__rosidl_typesupport_introspection_c.cpython-310-x86_64-linux-gnu.so
[1.024s] -- Up-to-date: /home/benboardley/src/ROV/X16-Surface/ros/install/shared_msgs/local/lib/python3.10/dist-packages/shared_msgs/__init__.py
[1.024s] -- Up-to-date: /home/benboardley/src/ROV/X16-Surface/ros/install/shared_msgs/local/lib/python3.10/dist-packages/shared_msgs/msg
[1.024s] -- Up-to-date: /home/benboardley/src/ROV/X16-Surface/ros/install/shared_msgs/local/lib/python3.10/dist-packages/shared_msgs/msg/_rov_velocity_command_s.c
[1.025s] -- Up-to-date: /home/benboardley/src/ROV/X16-Surface/ros/install/shared_msgs/local/lib/python3.10/dist-packages/shared_msgs/msg/_com_msg.py
[1.025s] -- Up-to-date: /home/benboardley/src/ROV/X16-Surface/ros/install/shared_msgs/local/lib/python3.10/dist-packages/shared_msgs/msg/_can_msg.py
[1.025s] -- Up-to-date: /home/benboardley/src/ROV/X16-Surface/ros/install/shared_msgs/local/lib/python3.10/dist-packages/shared_msgs/msg/_temp_msg_s.c
[1.025s] -- Up-to-date: /home/benboardley/src/ROV/X16-Surface/ros/install/shared_msgs/local/lib/python3.10/dist-packages/shared_msgs/msg/_thrust_status_msg.py
[1.025s] -- Up-to-date: /home/benboardley/src/ROV/X16-Surface/ros/install/shared_msgs/local/lib/python3.10/dist-packages/shared_msgs/msg/_tools_command_msg.py
[1.025s] -- Up-to-date: /home/benboardley/src/ROV/X16-Surface/ros/install/shared_msgs/local/lib/python3.10/dist-packages/shared_msgs/msg/_temp_msg.py
[1.026s] -- Up-to-date: /home/benboardley/src/ROV/X16-Surface/ros/install/shared_msgs/local/lib/python3.10/dist-packages/shared_msgs/msg/_com_msg_s.c
[1.026s] -- Up-to-date: /home/benboardley/src/ROV/X16-Surface/ros/install/shared_msgs/local/lib/python3.10/dist-packages/shared_msgs/msg/_tools_command_msg_s.c
[1.026s] -- Up-to-date: /home/benboardley/src/ROV/X16-Surface/ros/install/shared_msgs/local/lib/python3.10/dist-packages/shared_msgs/msg/_thrust_command_msg.py
[1.026s] -- Up-to-date: /home/benboardley/src/ROV/X16-Surface/ros/install/shared_msgs/local/lib/python3.10/dist-packages/shared_msgs/msg/__init__.py
[1.026s] -- Up-to-date: /home/benboardley/src/ROV/X16-Surface/ros/install/shared_msgs/local/lib/python3.10/dist-packages/shared_msgs/msg/_rov_velocity_command.py
[1.026s] -- Up-to-date: /home/benboardley/src/ROV/X16-Surface/ros/install/shared_msgs/local/lib/python3.10/dist-packages/shared_msgs/msg/_imu_msg_s.c
[1.026s] -- Up-to-date: /home/benboardley/src/ROV/X16-Surface/ros/install/shared_msgs/local/lib/python3.10/dist-packages/shared_msgs/msg/_imu_msg.py
[1.027s] -- Up-to-date: /home/benboardley/src/ROV/X16-Surface/ros/install/shared_msgs/local/lib/python3.10/dist-packages/shared_msgs/msg/_thrust_command_msg_s.c
[1.027s] -- Up-to-date: /home/benboardley/src/ROV/X16-Surface/ros/install/shared_msgs/local/lib/python3.10/dist-packages/shared_msgs/msg/_final_thrust_msg_s.c
[1.027s] -- Up-to-date: /home/benboardley/src/ROV/X16-Surface/ros/install/shared_msgs/local/lib/python3.10/dist-packages/shared_msgs/msg/_can_msg_s.c
[1.027s] -- Up-to-date: /home/benboardley/src/ROV/X16-Surface/ros/install/shared_msgs/local/lib/python3.10/dist-packages/shared_msgs/msg/_thrust_status_msg_s.c
[1.027s] -- Up-to-date: /home/benboardley/src/ROV/X16-Surface/ros/install/shared_msgs/local/lib/python3.10/dist-packages/shared_msgs/msg/_final_thrust_msg.py
[1.027s] -- Up-to-date: /home/benboardley/src/ROV/X16-Surface/ros/install/shared_msgs/local/lib/python3.10/dist-packages/shared_msgs/_shared_msgs_s.ep.rosidl_typesupport_introspection_c.c
[1.039s] Listing '/home/benboardley/src/ROV/X16-Surface/ros/install/shared_msgs/local/lib/python3.10/dist-packages/shared_msgs'...
[1.039s] Listing '/home/benboardley/src/ROV/X16-Surface/ros/install/shared_msgs/local/lib/python3.10/dist-packages/shared_msgs/msg'...
[1.046s] -- Up-to-date: /home/benboardley/src/ROV/X16-Surface/ros/install/shared_msgs/local/lib/python3.10/dist-packages/shared_msgs/shared_msgs_s__rosidl_typesupport_fastrtps_c.cpython-310-x86_64-linux-gnu.so
[1.046s] -- Up-to-date: /home/benboardley/src/ROV/X16-Surface/ros/install/shared_msgs/local/lib/python3.10/dist-packages/shared_msgs/shared_msgs_s__rosidl_typesupport_introspection_c.cpython-310-x86_64-linux-gnu.so
[1.046s] -- Up-to-date: /home/benboardley/src/ROV/X16-Surface/ros/install/shared_msgs/local/lib/python3.10/dist-packages/shared_msgs/shared_msgs_s__rosidl_typesupport_c.cpython-310-x86_64-linux-gnu.so
[1.047s] -- Up-to-date: /home/benboardley/src/ROV/X16-Surface/ros/install/shared_msgs/lib/libshared_msgs__rosidl_generator_py.so
[1.048s] -- Up-to-date: /home/benboardley/src/ROV/X16-Surface/ros/install/shared_msgs/share/shared_msgs/msg/CanMsg.idl
[1.048s] -- Up-to-date: /home/benboardley/src/ROV/X16-Surface/ros/install/shared_msgs/share/shared_msgs/msg/ComMsg.idl
[1.048s] -- Up-to-date: /home/benboardley/src/ROV/X16-Surface/ros/install/shared_msgs/share/shared_msgs/msg/FinalThrustMsg.idl
[1.048s] -- Up-to-date: /home/benboardley/src/ROV/X16-Surface/ros/install/shared_msgs/share/shared_msgs/msg/ImuMsg.idl
[1.049s] -- Up-to-date: /home/benboardley/src/ROV/X16-Surface/ros/install/shared_msgs/share/shared_msgs/msg/RovVelocityCommand.idl
[1.049s] -- Up-to-date: /home/benboardley/src/ROV/X16-Surface/ros/install/shared_msgs/share/shared_msgs/msg/TempMsg.idl
[1.049s] -- Up-to-date: /home/benboardley/src/ROV/X16-Surface/ros/install/shared_msgs/share/shared_msgs/msg/ThrustCommandMsg.idl
[1.050s] -- Up-to-date: /home/benboardley/src/ROV/X16-Surface/ros/install/shared_msgs/share/shared_msgs/msg/ThrustStatusMsg.idl
[1.050s] -- Up-to-date: /home/benboardley/src/ROV/X16-Surface/ros/install/shared_msgs/share/shared_msgs/msg/ToolsCommandMsg.idl
[1.050s] -- Up-to-date: /home/benboardley/src/ROV/X16-Surface/ros/install/shared_msgs/share/shared_msgs/msg/CanMsg.msg
[1.050s] -- Up-to-date: /home/benboardley/src/ROV/X16-Surface/ros/install/shared_msgs/share/shared_msgs/msg/ComMsg.msg
[1.051s] -- Up-to-date: /home/benboardley/src/ROV/X16-Surface/ros/install/shared_msgs/share/shared_msgs/msg/FinalThrustMsg.msg
[1.051s] -- Up-to-date: /home/benboardley/src/ROV/X16-Surface/ros/install/shared_msgs/share/shared_msgs/msg/ImuMsg.msg
[1.051s] -- Up-to-date: /home/benboardley/src/ROV/X16-Surface/ros/install/shared_msgs/share/shared_msgs/msg/RovVelocityCommand.msg
[1.051s] -- Up-to-date: /home/benboardley/src/ROV/X16-Surface/ros/install/shared_msgs/share/shared_msgs/msg/TempMsg.msg
[1.051s] -- Up-to-date: /home/benboardley/src/ROV/X16-Surface/ros/install/shared_msgs/share/shared_msgs/msg/ThrustCommandMsg.msg
[1.052s] -- Up-to-date: /home/benboardley/src/ROV/X16-Surface/ros/install/shared_msgs/share/shared_msgs/msg/ThrustStatusMsg.msg
[1.052s] -- Up-to-date: /home/benboardley/src/ROV/X16-Surface/ros/install/shared_msgs/share/shared_msgs/msg/ToolsCommandMsg.msg
[1.052s] -- Up-to-date: /home/benboardley/src/ROV/X16-Surface/ros/install/shared_msgs/share/ament_index/resource_index/package_run_dependencies/shared_msgs
[1.052s] -- Up-to-date: /home/benboardley/src/ROV/X16-Surface/ros/install/shared_msgs/share/ament_index/resource_index/parent_prefix_path/shared_msgs
[1.052s] -- Up-to-date: /home/benboardley/src/ROV/X16-Surface/ros/install/shared_msgs/share/shared_msgs/environment/ament_prefix_path.sh
[1.053s] -- Up-to-date: /home/benboardley/src/ROV/X16-Surface/ros/install/shared_msgs/share/shared_msgs/environment/ament_prefix_path.dsv
[1.053s] -- Up-to-date: /home/benboardley/src/ROV/X16-Surface/ros/install/shared_msgs/share/shared_msgs/environment/path.sh
[1.053s] -- Up-to-date: /home/benboardley/src/ROV/X16-Surface/ros/install/shared_msgs/share/shared_msgs/environment/path.dsv
[1.053s] -- Up-to-date: /home/benboardley/src/ROV/X16-Surface/ros/install/shared_msgs/share/shared_msgs/local_setup.bash
[1.053s] -- Up-to-date: /home/benboardley/src/ROV/X16-Surface/ros/install/shared_msgs/share/shared_msgs/local_setup.sh
[1.053s] -- Up-to-date: /home/benboardley/src/ROV/X16-Surface/ros/install/shared_msgs/share/shared_msgs/local_setup.zsh
[1.054s] -- Up-to-date: /home/benboardley/src/ROV/X16-Surface/ros/install/shared_msgs/share/shared_msgs/local_setup.dsv
[1.054s] -- Installing: /home/benboardley/src/ROV/X16-Surface/ros/install/shared_msgs/share/shared_msgs/package.dsv
[1.054s] -- Up-to-date: /home/benboardley/src/ROV/X16-Surface/ros/install/shared_msgs/share/ament_index/resource_index/packages/shared_msgs
[1.054s] -- Up-to-date: /home/benboardley/src/ROV/X16-Surface/ros/install/shared_msgs/share/shared_msgs/cmake/export_shared_msgs__rosidl_generator_cExport.cmake
[1.054s] -- Up-to-date: /home/benboardley/src/ROV/X16-Surface/ros/install/shared_msgs/share/shared_msgs/cmake/export_shared_msgs__rosidl_generator_cExport-noconfig.cmake
[1.054s] -- Up-to-date: /home/benboardley/src/ROV/X16-Surface/ros/install/shared_msgs/share/shared_msgs/cmake/export_shared_msgs__rosidl_typesupport_fastrtps_cExport.cmake
[1.055s] -- Up-to-date: /home/benboardley/src/ROV/X16-Surface/ros/install/shared_msgs/share/shared_msgs/cmake/export_shared_msgs__rosidl_typesupport_fastrtps_cExport-noconfig.cmake
[1.055s] -- Up-to-date: /home/benboardley/src/ROV/X16-Surface/ros/install/shared_msgs/share/shared_msgs/cmake/export_shared_msgs__rosidl_generator_cppExport.cmake
[1.055s] -- Up-to-date: /home/benboardley/src/ROV/X16-Surface/ros/install/shared_msgs/share/shared_msgs/cmake/export_shared_msgs__rosidl_typesupport_fastrtps_cppExport.cmake
[1.055s] -- Up-to-date: /home/benboardley/src/ROV/X16-Surface/ros/install/shared_msgs/share/shared_msgs/cmake/export_shared_msgs__rosidl_typesupport_fastrtps_cppExport-noconfig.cmake
[1.055s] -- Up-to-date: /home/benboardley/src/ROV/X16-Surface/ros/install/shared_msgs/share/shared_msgs/cmake/shared_msgs__rosidl_typesupport_introspection_cExport.cmake
[1.055s] -- Up-to-date: /home/benboardley/src/ROV/X16-Surface/ros/install/shared_msgs/share/shared_msgs/cmake/shared_msgs__rosidl_typesupport_introspection_cExport-noconfig.cmake
[1.057s] -- Up-to-date: /home/benboardley/src/ROV/X16-Surface/ros/install/shared_msgs/share/shared_msgs/cmake/shared_msgs__rosidl_typesupport_cExport.cmake
[1.058s] -- Up-to-date: /home/benboardley/src/ROV/X16-Surface/ros/install/shared_msgs/share/shared_msgs/cmake/shared_msgs__rosidl_typesupport_cExport-noconfig.cmake
[1.058s] -- Up-to-date: /home/benboardley/src/ROV/X16-Surface/ros/install/shared_msgs/share/shared_msgs/cmake/shared_msgs__rosidl_typesupport_introspection_cppExport.cmake
[1.058s] -- Up-to-date: /home/benboardley/src/ROV/X16-Surface/ros/install/shared_msgs/share/shared_msgs/cmake/shared_msgs__rosidl_typesupport_introspection_cppExport-noconfig.cmake
[1.058s] -- Up-to-date: /home/benboardley/src/ROV/X16-Surface/ros/install/shared_msgs/share/shared_msgs/cmake/shared_msgs__rosidl_typesupport_cppExport.cmake
[1.058s] -- Up-to-date: /home/benboardley/src/ROV/X16-Surface/ros/install/shared_msgs/share/shared_msgs/cmake/shared_msgs__rosidl_typesupport_cppExport-noconfig.cmake
[1.059s] -- Up-to-date: /home/benboardley/src/ROV/X16-Surface/ros/install/shared_msgs/share/shared_msgs/cmake/export_shared_msgs__rosidl_generator_pyExport.cmake
[1.059s] -- Up-to-date: /home/benboardley/src/ROV/X16-Surface/ros/install/shared_msgs/share/shared_msgs/cmake/export_shared_msgs__rosidl_generator_pyExport-noconfig.cmake
[1.059s] -- Up-to-date: /home/benboardley/src/ROV/X16-Surface/ros/install/shared_msgs/share/shared_msgs/cmake/rosidl_cmake-extras.cmake
[1.059s] -- Up-to-date: /home/benboardley/src/ROV/X16-Surface/ros/install/shared_msgs/share/shared_msgs/cmake/ament_cmake_export_dependencies-extras.cmake
[1.059s] -- Up-to-date: /home/benboardley/src/ROV/X16-Surface/ros/install/shared_msgs/share/shared_msgs/cmake/ament_cmake_export_include_directories-extras.cmake
[1.059s] -- Up-to-date: /home/benboardley/src/ROV/X16-Surface/ros/install/shared_msgs/share/shared_msgs/cmake/ament_cmake_export_libraries-extras.cmake
[1.060s] -- Up-to-date: /home/benboardley/src/ROV/X16-Surface/ros/install/shared_msgs/share/shared_msgs/cmake/ament_cmake_export_targets-extras.cmake
[1.060s] -- Up-to-date: /home/benboardley/src/ROV/X16-Surface/ros/install/shared_msgs/share/shared_msgs/cmake/rosidl_cmake_export_typesupport_targets-extras.cmake
[1.060s] -- Up-to-date: /home/benboardley/src/ROV/X16-Surface/ros/install/shared_msgs/share/shared_msgs/cmake/rosidl_cmake_export_typesupport_libraries-extras.cmake
[1.060s] -- Up-to-date: /home/benboardley/src/ROV/X16-Surface/ros/install/shared_msgs/share/shared_msgs/cmake/shared_msgsConfig.cmake
[1.060s] -- Up-to-date: /home/benboardley/src/ROV/X16-Surface/ros/install/shared_msgs/share/shared_msgs/cmake/shared_msgsConfig-version.cmake
[1.060s] -- Up-to-date: /home/benboardley/src/ROV/X16-Surface/ros/install/shared_msgs/share/shared_msgs/package.xml
[1.087s] Invoked command in '/home/benboardley/src/ROV/X16-Surface/ros/build/shared_msgs' returned '0': /home/benboardley/.local/bin/cmake --install /home/benboardley/src/ROV/X16-Surface/ros/build/shared_msgs
