[0.087s] Invoking command in '/home/bboardle/src/X16-Surface/build/ui': CMAKE_PREFIX_PATH=${CMAKE_PREFIX_PATH}:/opt/ros/humble /usr/bin/cmake /home/bboardle/src/X16-Surface/ui -DCMAKE_INSTALL_PREFIX=/home/bboardle/src/X16-Surface/install/ui
[0.236s] -- The C compiler identification is GNU 11.4.0
[0.639s] -- The CXX compiler identification is GNU 11.4.0
[0.884s] -- Detecting C compiler ABI info
[1.048s] -- Detecting C compiler ABI info - done
[1.072s] -- Check for working C compiler: /usr/bin/cc - skipped
[1.072s] -- Detecting C compile features
[1.074s] -- Detecting C compile features - done
[1.083s] -- Detecting CXX compiler ABI info
[1.258s] -- Detecting CXX compiler ABI info - done
[1.265s] -- Check for working CXX compiler: /usr/bin/c++ - skipped
[1.265s] -- Detecting CXX compile features
[1.265s] -- Detecting CXX compile features - done
[1.267s] -- Found ament_cmake: 1.3.6 (/opt/ros/humble/share/ament_cmake/cmake)
[1.449s] -- Found Python3: /usr/bin/python3.10 (found version "3.10.12") found components: Interpreter 
[1.545s] -- Found rclpy: 3.3.11 (/opt/ros/humble/share/rclpy/cmake)
[1.640s] -- Found ament_lint_auto: 0.12.9 (/opt/ros/humble/share/ament_lint_auto/cmake)
[1.730s] -- Added test 'flake8' to check Python code syntax and style conventions
[1.731s] -- Added test 'lint_cmake' to check CMake code style
[1.732s] -- Added test 'pep257' to check Python code against some of the docstring style conventions in PEP 257
[1.734s] -- Added test 'xmllint' to check XML markup files
[1.735s] -- Configuring done
[1.739s] -- Generating done
[1.739s] -- Build files have been written to: /home/bboardle/src/X16-Surface/build/ui
[1.744s] Invoked command in '/home/bboardle/src/X16-Surface/build/ui' returned '0': CMAKE_PREFIX_PATH=${CMAKE_PREFIX_PATH}:/opt/ros/humble /usr/bin/cmake /home/bboardle/src/X16-Surface/ui -DCMAKE_INSTALL_PREFIX=/home/bboardle/src/X16-Surface/install/ui
[1.746s] Invoking command in '/home/bboardle/src/X16-Surface/build/ui': CMAKE_PREFIX_PATH=${CMAKE_PREFIX_PATH}:/opt/ros/humble /usr/bin/cmake --build /home/bboardle/src/X16-Surface/build/ui -- -j16 -l16
[1.795s] Built target ament_cmake_python_copy_ui
[2.028s] running egg_info
[2.028s] creating ui.egg-info
[2.028s] writing ui.egg-info/PKG-INFO
[2.029s] writing dependency_links to ui.egg-info/dependency_links.txt
[2.029s] writing top-level names to ui.egg-info/top_level.txt
[2.030s] writing manifest file 'ui.egg-info/SOURCES.txt'
[2.032s] reading manifest file 'ui.egg-info/SOURCES.txt'
[2.033s] writing manifest file 'ui.egg-info/SOURCES.txt'
[2.070s] Built target ament_cmake_python_build_ui_egg
[2.178s] Invoked command in '/home/bboardle/src/X16-Surface/build/ui' returned '0': CMAKE_PREFIX_PATH=${CMAKE_PREFIX_PATH}:/opt/ros/humble /usr/bin/cmake --build /home/bboardle/src/X16-Surface/build/ui -- -j16 -l16
[2.310s] Invoking command in '/home/bboardle/src/X16-Surface/build/ui': CMAKE_PREFIX_PATH=${CMAKE_PREFIX_PATH}:/opt/ros/humble /usr/bin/cmake --install /home/bboardle/src/X16-Surface/build/ui
[2.382s] -- Install configuration: ""
[2.382s] -- Installing: /home/bboardle/src/X16-Surface/install/ui/share/ui/environment/pythonpath.sh
[2.382s] -- Installing: /home/bboardle/src/X16-Surface/install/ui/share/ui/environment/pythonpath.dsv
[2.382s] -- Installing: /home/bboardle/src/X16-Surface/install/ui/local/lib/python3.10/dist-packages/ui-0.0.0-py3.10.egg-info
[2.383s] -- Installing: /home/bboardle/src/X16-Surface/install/ui/local/lib/python3.10/dist-packages/ui-0.0.0-py3.10.egg-info/top_level.txt
[2.383s] -- Installing: /home/bboardle/src/X16-Surface/install/ui/local/lib/python3.10/dist-packages/ui-0.0.0-py3.10.egg-info/dependency_links.txt
[2.383s] -- Installing: /home/bboardle/src/X16-Surface/install/ui/local/lib/python3.10/dist-packages/ui-0.0.0-py3.10.egg-info/SOURCES.txt
[2.383s] -- Installing: /home/bboardle/src/X16-Surface/install/ui/local/lib/python3.10/dist-packages/ui-0.0.0-py3.10.egg-info/PKG-INFO
[2.383s] -- Installing: /home/bboardle/src/X16-Surface/install/ui/local/lib/python3.10/dist-packages/ui
[2.383s] -- Installing: /home/bboardle/src/X16-Surface/install/ui/local/lib/python3.10/dist-packages/ui/__init__.py
[2.384s] Listing '/home/bboardle/src/X16-Surface/install/ui/local/lib/python3.10/dist-packages/ui'...
[2.384s] Compiling '/home/bboardle/src/X16-Surface/install/ui/local/lib/python3.10/dist-packages/ui/__init__.py'...
[2.385s] -- Installing: /home/bboardle/src/X16-Surface/install/ui/lib/ui/runner.py
[2.385s] -- Installing: /home/bboardle/src/X16-Surface/install/ui/lib/ui/streams.py
[2.385s] -- Installing: /home/bboardle/src/X16-Surface/install/ui/lib/ui/ssh.py
[2.385s] -- Installing: /home/bboardle/src/X16-Surface/install/ui/lib/ui/main.py
[2.386s] -- Installing: /home/bboardle/src/X16-Surface/install/ui/lib/ui/interface.py
[2.386s] -- Installing: /home/bboardle/src/X16-Surface/install/ui/lib/ui/gamepad.py
[2.386s] -- Installing: /home/bboardle/src/X16-Surface/install/ui/lib/ui/ThrustersSurface.py
[2.386s] -- Installing: /home/bboardle/src/X16-Surface/install/ui/lib/ui/DepthSurface.py
[2.386s] -- Installing: /home/bboardle/src/X16-Surface/install/ui/share/ament_index/resource_index/package_run_dependencies/ui
[2.386s] -- Installing: /home/bboardle/src/X16-Surface/install/ui/share/ament_index/resource_index/parent_prefix_path/ui
[2.386s] -- Installing: /home/bboardle/src/X16-Surface/install/ui/share/ui/environment/ament_prefix_path.sh
[2.387s] -- Installing: /home/bboardle/src/X16-Surface/install/ui/share/ui/environment/ament_prefix_path.dsv
[2.387s] -- Installing: /home/bboardle/src/X16-Surface/install/ui/share/ui/environment/path.sh
[2.387s] -- Installing: /home/bboardle/src/X16-Surface/install/ui/share/ui/environment/path.dsv
[2.388s] -- Installing: /home/bboardle/src/X16-Surface/install/ui/share/ui/local_setup.bash
[2.388s] -- Installing: /home/bboardle/src/X16-Surface/install/ui/share/ui/local_setup.sh
[2.389s] -- Installing: /home/bboardle/src/X16-Surface/install/ui/share/ui/local_setup.zsh
[2.389s] -- Installing: /home/bboardle/src/X16-Surface/install/ui/share/ui/local_setup.dsv
[2.389s] -- Installing: /home/bboardle/src/X16-Surface/install/ui/share/ui/package.dsv
[2.389s] -- Installing: /home/bboardle/src/X16-Surface/install/ui/share/ament_index/resource_index/packages/ui
[2.389s] -- Installing: /home/bboardle/src/X16-Surface/install/ui/share/ui/cmake/uiConfig.cmake
[2.389s] -- Installing: /home/bboardle/src/X16-Surface/install/ui/share/ui/cmake/uiConfig-version.cmake
[2.389s] -- Installing: /home/bboardle/src/X16-Surface/install/ui/share/ui/package.xml
[2.391s] Invoked command in '/home/bboardle/src/X16-Surface/build/ui' returned '0': CMAKE_PREFIX_PATH=${CMAKE_PREFIX_PATH}:/opt/ros/humble /usr/bin/cmake --install /home/bboardle/src/X16-Surface/build/ui
