[0.291s] Invoking command in '/home/bboardle/src/X16-Surface/build/gamepad': CMAKE_PREFIX_PATH=${CMAKE_PREFIX_PATH}:/opt/ros/humble /usr/bin/cmake /home/bboardle/src/X16-Surface/ros/gamepad -DCMAKE_INSTALL_PREFIX=/home/bboardle/src/X16-Surface/install/gamepad
[0.456s] -- The C compiler identification is GNU 11.4.0
[0.781s] -- The CXX compiler identification is GNU 11.4.0
[0.943s] -- Detecting C compiler ABI info
[1.104s] -- Detecting C compiler ABI info - done
[1.113s] -- Check for working C compiler: /usr/bin/cc - skipped
[1.114s] -- Detecting C compile features
[1.114s] -- Detecting C compile features - done
[1.118s] -- Detecting CXX compiler ABI info
[1.293s] -- Detecting CXX compiler ABI info - done
[1.302s] -- Check for working CXX compiler: /usr/bin/c++ - skipped
[1.302s] -- Detecting CXX compile features
[1.303s] -- Detecting CXX compile features - done
[1.305s] -- Found ament_cmake: 1.3.6 (/opt/ros/humble/share/ament_cmake/cmake)
[1.526s] -- Found Python3: /usr/bin/python3.10 (found version "3.10.12") found components: Interpreter 
[1.621s] -- Found rclpy: 3.3.11 (/opt/ros/humble/share/rclpy/cmake)
[1.623s] -- Found builtin_interfaces: 1.2.1 (/opt/ros/humble/share/builtin_interfaces/cmake)
[1.713s] -- Found rosidl_generator_c: 3.1.5 (/opt/ros/humble/share/rosidl_generator_c/cmake)
[1.720s] -- Found rosidl_adapter: 3.1.5 (/opt/ros/humble/share/rosidl_adapter/cmake)
[1.734s] -- Found rosidl_generator_cpp: 3.1.5 (/opt/ros/humble/share/rosidl_generator_cpp/cmake)
[1.757s] -- Using all available rosidl_typesupport_c: rosidl_typesupport_fastrtps_c;rosidl_typesupport_introspection_c
[1.786s] -- Using all available rosidl_typesupport_cpp: rosidl_typesupport_fastrtps_cpp;rosidl_typesupport_introspection_cpp
[1.809s] -- Found rosidl_default_generators: 1.2.0 (/opt/ros/humble/share/rosidl_default_generators/cmake)
[1.914s] -- Found ament_lint_auto: 0.12.9 (/opt/ros/humble/share/ament_lint_auto/cmake)
[1.995s] -- Added test 'flake8' to check Python code syntax and style conventions
[1.996s] -- Added test 'lint_cmake' to check CMake code style
[1.996s] -- Added test 'pep257' to check Python code against some of the docstring style conventions in PEP 257
[1.997s] -- Added test 'xmllint' to check XML markup files
[1.999s] -- Configuring done
[2.004s] -- Generating done
[2.005s] -- Build files have been written to: /home/bboardle/src/X16-Surface/build/gamepad
[2.015s] Invoked command in '/home/bboardle/src/X16-Surface/build/gamepad' returned '0': CMAKE_PREFIX_PATH=${CMAKE_PREFIX_PATH}:/opt/ros/humble /usr/bin/cmake /home/bboardle/src/X16-Surface/ros/gamepad -DCMAKE_INSTALL_PREFIX=/home/bboardle/src/X16-Surface/install/gamepad
[2.017s] Invoking command in '/home/bboardle/src/X16-Surface/build/gamepad': CMAKE_PREFIX_PATH=${CMAKE_PREFIX_PATH}:/opt/ros/humble /usr/bin/cmake --build /home/bboardle/src/X16-Surface/build/gamepad -- -j16 -l16
[2.061s] Built target ament_cmake_python_copy_gamepad
[2.296s] running egg_info
[2.297s] creating gamepad.egg-info
[2.297s] writing gamepad.egg-info/PKG-INFO
[2.298s] writing dependency_links to gamepad.egg-info/dependency_links.txt
[2.298s] writing top-level names to gamepad.egg-info/top_level.txt
[2.298s] writing manifest file 'gamepad.egg-info/SOURCES.txt'
[2.299s] reading manifest file 'gamepad.egg-info/SOURCES.txt'
[2.300s] writing manifest file 'gamepad.egg-info/SOURCES.txt'
[2.329s] Built target ament_cmake_python_build_gamepad_egg
[2.530s] Invoked command in '/home/bboardle/src/X16-Surface/build/gamepad' returned '0': CMAKE_PREFIX_PATH=${CMAKE_PREFIX_PATH}:/opt/ros/humble /usr/bin/cmake --build /home/bboardle/src/X16-Surface/build/gamepad -- -j16 -l16
[2.613s] Invoking command in '/home/bboardle/src/X16-Surface/build/gamepad': CMAKE_PREFIX_PATH=${CMAKE_PREFIX_PATH}:/opt/ros/humble /usr/bin/cmake --install /home/bboardle/src/X16-Surface/build/gamepad
[2.618s] -- Install configuration: ""
[2.618s] -- Installing: /home/bboardle/src/X16-Surface/install/gamepad/share/gamepad/environment/pythonpath.sh
[2.618s] -- Installing: /home/bboardle/src/X16-Surface/install/gamepad/share/gamepad/environment/pythonpath.dsv
[2.619s] -- Installing: /home/bboardle/src/X16-Surface/install/gamepad/local/lib/python3.10/dist-packages/gamepad-0.0.0-py3.10.egg-info
[2.620s] -- Installing: /home/bboardle/src/X16-Surface/install/gamepad/local/lib/python3.10/dist-packages/gamepad-0.0.0-py3.10.egg-info/top_level.txt
[2.620s] -- Installing: /home/bboardle/src/X16-Surface/install/gamepad/local/lib/python3.10/dist-packages/gamepad-0.0.0-py3.10.egg-info/dependency_links.txt
[2.620s] -- Installing: /home/bboardle/src/X16-Surface/install/gamepad/local/lib/python3.10/dist-packages/gamepad-0.0.0-py3.10.egg-info/SOURCES.txt
[2.620s] -- Installing: /home/bboardle/src/X16-Surface/install/gamepad/local/lib/python3.10/dist-packages/gamepad-0.0.0-py3.10.egg-info/PKG-INFO
[2.620s] -- Installing: /home/bboardle/src/X16-Surface/install/gamepad/local/lib/python3.10/dist-packages/gamepad
[2.621s] -- Installing: /home/bboardle/src/X16-Surface/install/gamepad/local/lib/python3.10/dist-packages/gamepad/__init__.py
[2.652s] Listing '/home/bboardle/src/X16-Surface/install/gamepad/local/lib/python3.10/dist-packages/gamepad'...
[2.652s] Compiling '/home/bboardle/src/X16-Surface/install/gamepad/local/lib/python3.10/dist-packages/gamepad/__init__.py'...
[2.658s] -- Installing: /home/bboardle/src/X16-Surface/install/gamepad/lib/gamepad/config.py
[2.659s] -- Installing: /home/bboardle/src/X16-Surface/install/gamepad/lib/gamepad/inputs.py
[2.659s] -- Installing: /home/bboardle/src/X16-Surface/install/gamepad/lib/gamepad/sender.py
[2.659s] -- Installing: /home/bboardle/src/X16-Surface/install/gamepad/share/ament_index/resource_index/package_run_dependencies/gamepad
[2.660s] -- Installing: /home/bboardle/src/X16-Surface/install/gamepad/share/ament_index/resource_index/parent_prefix_path/gamepad
[2.660s] -- Installing: /home/bboardle/src/X16-Surface/install/gamepad/share/gamepad/environment/ament_prefix_path.sh
[2.660s] -- Installing: /home/bboardle/src/X16-Surface/install/gamepad/share/gamepad/environment/ament_prefix_path.dsv
[2.660s] -- Installing: /home/bboardle/src/X16-Surface/install/gamepad/share/gamepad/environment/path.sh
[2.660s] -- Installing: /home/bboardle/src/X16-Surface/install/gamepad/share/gamepad/environment/path.dsv
[2.660s] -- Installing: /home/bboardle/src/X16-Surface/install/gamepad/share/gamepad/local_setup.bash
[2.660s] -- Installing: /home/bboardle/src/X16-Surface/install/gamepad/share/gamepad/local_setup.sh
[2.660s] -- Installing: /home/bboardle/src/X16-Surface/install/gamepad/share/gamepad/local_setup.zsh
[2.660s] -- Installing: /home/bboardle/src/X16-Surface/install/gamepad/share/gamepad/local_setup.dsv
[2.661s] -- Installing: /home/bboardle/src/X16-Surface/install/gamepad/share/gamepad/package.dsv
[2.661s] -- Installing: /home/bboardle/src/X16-Surface/install/gamepad/share/ament_index/resource_index/packages/gamepad
[2.661s] -- Installing: /home/bboardle/src/X16-Surface/install/gamepad/share/gamepad/cmake/gamepadConfig.cmake
[2.661s] -- Installing: /home/bboardle/src/X16-Surface/install/gamepad/share/gamepad/cmake/gamepadConfig-version.cmake
[2.661s] -- Installing: /home/bboardle/src/X16-Surface/install/gamepad/share/gamepad/package.xml
[2.676s] Invoked command in '/home/bboardle/src/X16-Surface/build/gamepad' returned '0': CMAKE_PREFIX_PATH=${CMAKE_PREFIX_PATH}:/opt/ros/humble /usr/bin/cmake --install /home/bboardle/src/X16-Surface/build/gamepad
