[0.825s] [34mcolcon[0m [1;30mDEBUG[0m [32mCommand line arguments: ['/usr/bin/colcon', 'build'][0m
[0.826s] [34mcolcon[0m [1;30mDEBUG[0m [32mParsed command line arguments: Namespace(log_base=None, log_level=None, verb_name='build', build_base='build', install_base='install', merge_install=False, symlink_install=False, test_result_base=None, continue_on_error=False, executor='parallel', parallel_workers=8, event_handlers=None, ignore_user_meta=False, metas=['./colcon.meta'], base_paths=['.'], packages_ignore=None, packages_ignore_regex=None, paths=None, packages_up_to=None, packages_up_to_regex=None, packages_above=None, packages_above_and_dependencies=None, packages_above_depth=None, packages_select_by_dep=None, packages_skip_by_dep=None, packages_skip_up_to=None, packages_select_build_failed=False, packages_skip_build_finished=False, packages_select_test_failures=False, packages_skip_test_passed=False, packages_select=None, packages_skip=None, packages_select_regex=None, packages_skip_regex=None, packages_start=None, packages_end=None, allow_overriding=[], cmake_args=None, cmake_target=None, cmake_target_skip_unavailable=False, cmake_clean_cache=False, cmake_clean_first=False, cmake_force_configure=False, ament_cmake_args=None, catkin_cmake_args=None, catkin_skip_building_tests=False, verb_parser=<colcon_defaults.argument_parser.defaults.DefaultArgumentsDecorator object at 0x7fcb77a74850>, verb_extension=<colcon_core.verb.build.BuildVerb object at 0x7fcb77b72260>, main=<bound method BuildVerb.main of <colcon_core.verb.build.BuildVerb object at 0x7fcb77b72260>>)[0m
[0.890s] [34mcolcon.colcon_core.package_discovery[0m [1;30mLevel 1[0m discover_packages(colcon_meta) check parameters
[0.891s] [34mcolcon.colcon_core.package_discovery[0m [1;30mLevel 1[0m discover_packages(recursive) check parameters
[0.891s] [34mcolcon.colcon_core.package_discovery[0m [1;30mLevel 1[0m discover_packages(ignore) check parameters
[0.891s] [34mcolcon.colcon_core.package_discovery[0m [1;30mLevel 1[0m discover_packages(path) check parameters
[0.891s] [34mcolcon.colcon_core.package_discovery[0m [1;30mLevel 1[0m discover_packages(colcon_meta) discover
[0.891s] [34mcolcon.colcon_core.package_discovery[0m [1;30mLevel 1[0m discover_packages(recursive) discover
[0.891s] [34mcolcon.colcon_core.package_discovery[0m [1;30mINFO[0m Crawling recursively for packages in '/home/benboardley/src/ROV/X16-Surface'
[0.891s] [34mcolcon.colcon_core.package_identification[0m [1;30mLevel 1[0m _identify(.) by extensions ['ignore', 'ignore_ament_install']
[0.891s] [34mcolcon.colcon_core.package_identification[0m [1;30mLevel 1[0m _identify(.) by extension 'ignore'
[0.892s] [34mcolcon.colcon_core.package_identification[0m [1;30mLevel 1[0m _identify(.) by extension 'ignore_ament_install'
[0.892s] [34mcolcon.colcon_core.package_identification[0m [1;30mLevel 1[0m _identify(.) by extensions ['colcon_pkg']
[0.892s] [34mcolcon.colcon_core.package_identification[0m [1;30mLevel 1[0m _identify(.) by extension 'colcon_pkg'
[0.892s] [34mcolcon.colcon_core.package_identification[0m [1;30mLevel 1[0m _identify(.) by extensions ['colcon_meta']
[0.892s] [34mcolcon.colcon_core.package_identification[0m [1;30mLevel 1[0m _identify(.) by extension 'colcon_meta'
[0.892s] [34mcolcon.colcon_core.package_identification[0m [1;30mLevel 1[0m _identify(.) by extensions ['ros']
[0.892s] [34mcolcon.colcon_core.package_identification[0m [1;30mLevel 1[0m _identify(.) by extension 'ros'
[0.917s] [34mcolcon.colcon_core.package_identification[0m [1;30mLevel 1[0m _identify(.) by extensions ['cmake', 'python']
[0.917s] [34mcolcon.colcon_core.package_identification[0m [1;30mLevel 1[0m _identify(.) by extension 'cmake'
[0.917s] [34mcolcon.colcon_core.package_identification[0m [1;30mLevel 1[0m _identify(.) by extension 'python'
[0.917s] [34mcolcon.colcon_core.package_identification[0m [1;30mLevel 1[0m _identify(.) by extensions ['python_setup_py']
[0.917s] [34mcolcon.colcon_core.package_identification[0m [1;30mLevel 1[0m _identify(.) by extension 'python_setup_py'
[0.917s] [34mcolcon.colcon_core.package_identification[0m [1;30mLevel 1[0m _identify(build) by extensions ['ignore', 'ignore_ament_install']
[0.918s] [34mcolcon.colcon_core.package_identification[0m [1;30mLevel 1[0m _identify(build) by extension 'ignore'
[0.918s] [34mcolcon.colcon_core.package_identification[0m [1;30mLevel 1[0m _identify(build) ignored
[0.918s] [34mcolcon.colcon_core.package_identification[0m [1;30mLevel 1[0m _identify(install) by extensions ['ignore', 'ignore_ament_install']
[0.918s] [34mcolcon.colcon_core.package_identification[0m [1;30mLevel 1[0m _identify(install) by extension 'ignore'
[0.918s] [34mcolcon.colcon_core.package_identification[0m [1;30mLevel 1[0m _identify(install) ignored
[0.918s] [34mcolcon.colcon_core.package_identification[0m [1;30mLevel 1[0m _identify(log) by extensions ['ignore', 'ignore_ament_install']
[0.918s] [34mcolcon.colcon_core.package_identification[0m [1;30mLevel 1[0m _identify(log) by extension 'ignore'
[0.918s] [34mcolcon.colcon_core.package_identification[0m [1;30mLevel 1[0m _identify(log) ignored
[0.919s] [34mcolcon.colcon_core.package_identification[0m [1;30mLevel 1[0m _identify(ros) by extensions ['ignore', 'ignore_ament_install']
[0.919s] [34mcolcon.colcon_core.package_identification[0m [1;30mLevel 1[0m _identify(ros) by extension 'ignore'
[0.919s] [34mcolcon.colcon_core.package_identification[0m [1;30mLevel 1[0m _identify(ros) by extension 'ignore_ament_install'
[0.919s] [34mcolcon.colcon_core.package_identification[0m [1;30mLevel 1[0m _identify(ros) by extensions ['colcon_pkg']
[0.919s] [34mcolcon.colcon_core.package_identification[0m [1;30mLevel 1[0m _identify(ros) by extension 'colcon_pkg'
[0.919s] [34mcolcon.colcon_core.package_identification[0m [1;30mLevel 1[0m _identify(ros) by extensions ['colcon_meta']
[0.919s] [34mcolcon.colcon_core.package_identification[0m [1;30mLevel 1[0m _identify(ros) by extension 'colcon_meta'
[0.919s] [34mcolcon.colcon_core.package_identification[0m [1;30mLevel 1[0m _identify(ros) by extensions ['ros']
[0.919s] [34mcolcon.colcon_core.package_identification[0m [1;30mLevel 1[0m _identify(ros) by extension 'ros'
[0.919s] [34mcolcon.colcon_core.package_identification[0m [1;30mLevel 1[0m _identify(ros) by extensions ['cmake', 'python']
[0.919s] [34mcolcon.colcon_core.package_identification[0m [1;30mLevel 1[0m _identify(ros) by extension 'cmake'
[0.919s] [34mcolcon.colcon_core.package_identification[0m [1;30mLevel 1[0m _identify(ros) by extension 'python'
[0.919s] [34mcolcon.colcon_core.package_identification[0m [1;30mLevel 1[0m _identify(ros) by extensions ['python_setup_py']
[0.919s] [34mcolcon.colcon_core.package_identification[0m [1;30mLevel 1[0m _identify(ros) by extension 'python_setup_py'
[0.919s] [34mcolcon.colcon_core.package_identification[0m [1;30mLevel 1[0m _identify(ros/build) by extensions ['ignore', 'ignore_ament_install']
[0.920s] [34mcolcon.colcon_core.package_identification[0m [1;30mLevel 1[0m _identify(ros/build) by extension 'ignore'
[0.920s] [34mcolcon.colcon_core.package_identification[0m [1;30mLevel 1[0m _identify(ros/build) ignored
[0.920s] [34mcolcon.colcon_core.package_identification[0m [1;30mLevel 1[0m _identify(ros/com_pub) by extensions ['ignore', 'ignore_ament_install']
[0.920s] [34mcolcon.colcon_core.package_identification[0m [1;30mLevel 1[0m _identify(ros/com_pub) by extension 'ignore'
[0.920s] [34mcolcon.colcon_core.package_identification[0m [1;30mLevel 1[0m _identify(ros/com_pub) by extension 'ignore_ament_install'
[0.920s] [34mcolcon.colcon_core.package_identification[0m [1;30mLevel 1[0m _identify(ros/com_pub) by extensions ['colcon_pkg']
[0.920s] [34mcolcon.colcon_core.package_identification[0m [1;30mLevel 1[0m _identify(ros/com_pub) by extension 'colcon_pkg'
[0.920s] [34mcolcon.colcon_core.package_identification[0m [1;30mLevel 1[0m _identify(ros/com_pub) by extensions ['colcon_meta']
[0.920s] [34mcolcon.colcon_core.package_identification[0m [1;30mLevel 1[0m _identify(ros/com_pub) by extension 'colcon_meta'
[0.920s] [34mcolcon.colcon_core.package_identification[0m [1;30mLevel 1[0m _identify(ros/com_pub) by extensions ['ros']
[0.920s] [34mcolcon.colcon_core.package_identification[0m [1;30mLevel 1[0m _identify(ros/com_pub) by extension 'ros'
[0.926s] [34mcolcon.colcon_core.package_identification[0m [1;30mDEBUG[0m [32mPackage 'ros/com_pub' with type 'ros.ament_cmake' and name 'com_pub'[0m
[0.926s] [34mcolcon.colcon_core.package_identification[0m [1;30mLevel 1[0m _identify(ros/depth_comm) by extensions ['ignore', 'ignore_ament_install']
[0.926s] [34mcolcon.colcon_core.package_identification[0m [1;30mLevel 1[0m _identify(ros/depth_comm) by extension 'ignore'
[0.926s] [34mcolcon.colcon_core.package_identification[0m [1;30mLevel 1[0m _identify(ros/depth_comm) by extension 'ignore_ament_install'
[0.927s] [34mcolcon.colcon_core.package_identification[0m [1;30mLevel 1[0m _identify(ros/depth_comm) by extensions ['colcon_pkg']
[0.927s] [34mcolcon.colcon_core.package_identification[0m [1;30mLevel 1[0m _identify(ros/depth_comm) by extension 'colcon_pkg'
[0.927s] [34mcolcon.colcon_core.package_identification[0m [1;30mLevel 1[0m _identify(ros/depth_comm) by extensions ['colcon_meta']
[0.927s] [34mcolcon.colcon_core.package_identification[0m [1;30mLevel 1[0m _identify(ros/depth_comm) by extension 'colcon_meta'
[0.927s] [34mcolcon.colcon_core.package_identification[0m [1;30mLevel 1[0m _identify(ros/depth_comm) by extensions ['ros']
[0.927s] [34mcolcon.colcon_core.package_identification[0m [1;30mLevel 1[0m _identify(ros/depth_comm) by extension 'ros'
[0.928s] [34mcolcon.colcon_core.package_identification[0m [1;30mDEBUG[0m [32mPackage 'ros/depth_comm' with type 'ros.ament_cmake' and name 'depth_comm'[0m
[0.928s] [34mcolcon.colcon_core.package_identification[0m [1;30mLevel 1[0m _identify(ros/gamepad) by extensions ['ignore', 'ignore_ament_install']
[0.928s] [34mcolcon.colcon_core.package_identification[0m [1;30mLevel 1[0m _identify(ros/gamepad) by extension 'ignore'
[0.928s] [34mcolcon.colcon_core.package_identification[0m [1;30mLevel 1[0m _identify(ros/gamepad) by extension 'ignore_ament_install'
[0.929s] [34mcolcon.colcon_core.package_identification[0m [1;30mLevel 1[0m _identify(ros/gamepad) by extensions ['colcon_pkg']
[0.929s] [34mcolcon.colcon_core.package_identification[0m [1;30mLevel 1[0m _identify(ros/gamepad) by extension 'colcon_pkg'
[0.929s] [34mcolcon.colcon_core.package_identification[0m [1;30mLevel 1[0m _identify(ros/gamepad) by extensions ['colcon_meta']
[0.929s] [34mcolcon.colcon_core.package_identification[0m [1;30mLevel 1[0m _identify(ros/gamepad) by extension 'colcon_meta'
[0.929s] [34mcolcon.colcon_core.package_identification[0m [1;30mLevel 1[0m _identify(ros/gamepad) by extensions ['ros']
[0.929s] [34mcolcon.colcon_core.package_identification[0m [1;30mLevel 1[0m _identify(ros/gamepad) by extension 'ros'
[0.930s] [34mcolcon.colcon_core.package_identification[0m [1;30mDEBUG[0m [32mPackage 'ros/gamepad' with type 'ros.ament_cmake' and name 'gamepad'[0m
[0.931s] [34mcolcon.colcon_core.package_identification[0m [1;30mLevel 1[0m _identify(ros/install) by extensions ['ignore', 'ignore_ament_install']
[0.931s] [34mcolcon.colcon_core.package_identification[0m [1;30mLevel 1[0m _identify(ros/install) by extension 'ignore'
[0.931s] [34mcolcon.colcon_core.package_identification[0m [1;30mLevel 1[0m _identify(ros/install) ignored
[0.931s] [34mcolcon.colcon_core.package_identification[0m [1;30mLevel 1[0m _identify(ros/log) by extensions ['ignore', 'ignore_ament_install']
[0.931s] [34mcolcon.colcon_core.package_identification[0m [1;30mLevel 1[0m _identify(ros/log) by extension 'ignore'
[0.931s] [34mcolcon.colcon_core.package_identification[0m [1;30mLevel 1[0m _identify(ros/log) ignored
[0.931s] [34mcolcon.colcon_core.package_identification[0m [1;30mLevel 1[0m _identify(ros/shared_msgs) by extensions ['ignore', 'ignore_ament_install']
[0.932s] [34mcolcon.colcon_core.package_identification[0m [1;30mLevel 1[0m _identify(ros/shared_msgs) by extension 'ignore'
[0.932s] [34mcolcon.colcon_core.package_identification[0m [1;30mLevel 1[0m _identify(ros/shared_msgs) by extension 'ignore_ament_install'
[0.932s] [34mcolcon.colcon_core.package_identification[0m [1;30mLevel 1[0m _identify(ros/shared_msgs) by extensions ['colcon_pkg']
[0.932s] [34mcolcon.colcon_core.package_identification[0m [1;30mLevel 1[0m _identify(ros/shared_msgs) by extension 'colcon_pkg'
[0.932s] [34mcolcon.colcon_core.package_identification[0m [1;30mLevel 1[0m _identify(ros/shared_msgs) by extensions ['colcon_meta']
[0.932s] [34mcolcon.colcon_core.package_identification[0m [1;30mLevel 1[0m _identify(ros/shared_msgs) by extension 'colcon_meta'
[0.932s] [34mcolcon.colcon_core.package_identification[0m [1;30mLevel 1[0m _identify(ros/shared_msgs) by extensions ['ros']
[0.932s] [34mcolcon.colcon_core.package_identification[0m [1;30mLevel 1[0m _identify(ros/shared_msgs) by extension 'ros'
[0.933s] [34mcolcon.colcon_core.package_identification[0m [1;30mDEBUG[0m [32mPackage 'ros/shared_msgs' with type 'ros.ament_cmake' and name 'shared_msgs'[0m
[0.933s] [34mcolcon.colcon_core.package_identification[0m [1;30mLevel 1[0m _identify(ros/surface_imu) by extensions ['ignore', 'ignore_ament_install']
[0.933s] [34mcolcon.colcon_core.package_identification[0m [1;30mLevel 1[0m _identify(ros/surface_imu) by extension 'ignore'
[0.934s] [34mcolcon.colcon_core.package_identification[0m [1;30mLevel 1[0m _identify(ros/surface_imu) by extension 'ignore_ament_install'
[0.934s] [34mcolcon.colcon_core.package_identification[0m [1;30mLevel 1[0m _identify(ros/surface_imu) by extensions ['colcon_pkg']
[0.934s] [34mcolcon.colcon_core.package_identification[0m [1;30mLevel 1[0m _identify(ros/surface_imu) by extension 'colcon_pkg'
[0.934s] [34mcolcon.colcon_core.package_identification[0m [1;30mLevel 1[0m _identify(ros/surface_imu) by extensions ['colcon_meta']
[0.934s] [34mcolcon.colcon_core.package_identification[0m [1;30mLevel 1[0m _identify(ros/surface_imu) by extension 'colcon_meta'
[0.934s] [34mcolcon.colcon_core.package_identification[0m [1;30mLevel 1[0m _identify(ros/surface_imu) by extensions ['ros']
[0.934s] [34mcolcon.colcon_core.package_identification[0m [1;30mLevel 1[0m _identify(ros/surface_imu) by extension 'ros'
[0.935s] [34mcolcon.colcon_core.package_identification[0m [1;30mDEBUG[0m [32mPackage 'ros/surface_imu' with type 'ros.ament_cmake' and name 'surface_imu'[0m
[0.936s] [34mcolcon.colcon_core.package_identification[0m [1;30mLevel 1[0m _identify(ros/thrusters) by extensions ['ignore', 'ignore_ament_install']
[0.936s] [34mcolcon.colcon_core.package_identification[0m [1;30mLevel 1[0m _identify(ros/thrusters) by extension 'ignore'
[0.936s] [34mcolcon.colcon_core.package_identification[0m [1;30mLevel 1[0m _identify(ros/thrusters) by extension 'ignore_ament_install'
[0.936s] [34mcolcon.colcon_core.package_identification[0m [1;30mLevel 1[0m _identify(ros/thrusters) by extensions ['colcon_pkg']
[0.936s] [34mcolcon.colcon_core.package_identification[0m [1;30mLevel 1[0m _identify(ros/thrusters) by extension 'colcon_pkg'
[0.936s] [34mcolcon.colcon_core.package_identification[0m [1;30mLevel 1[0m _identify(ros/thrusters) by extensions ['colcon_meta']
[0.936s] [34mcolcon.colcon_core.package_identification[0m [1;30mLevel 1[0m _identify(ros/thrusters) by extension 'colcon_meta'
[0.936s] [34mcolcon.colcon_core.package_identification[0m [1;30mLevel 1[0m _identify(ros/thrusters) by extensions ['ros']
[0.937s] [34mcolcon.colcon_core.package_identification[0m [1;30mLevel 1[0m _identify(ros/thrusters) by extension 'ros'
[0.938s] [34mcolcon.colcon_core.package_identification[0m [1;30mDEBUG[0m [32mPackage 'ros/thrusters' with type 'ros.ament_cmake' and name 'thrusters'[0m
[0.938s] [34mcolcon.colcon_core.package_identification[0m [1;30mLevel 1[0m _identify(ui) by extensions ['ignore', 'ignore_ament_install']
[0.939s] [34mcolcon.colcon_core.package_identification[0m [1;30mLevel 1[0m _identify(ui) by extension 'ignore'
[0.939s] [34mcolcon.colcon_core.package_identification[0m [1;30mLevel 1[0m _identify(ui) by extension 'ignore_ament_install'
[0.939s] [34mcolcon.colcon_core.package_identification[0m [1;30mLevel 1[0m _identify(ui) by extensions ['colcon_pkg']
[0.939s] [34mcolcon.colcon_core.package_identification[0m [1;30mLevel 1[0m _identify(ui) by extension 'colcon_pkg'
[0.939s] [34mcolcon.colcon_core.package_identification[0m [1;30mLevel 1[0m _identify(ui) by extensions ['colcon_meta']
[0.939s] [34mcolcon.colcon_core.package_identification[0m [1;30mLevel 1[0m _identify(ui) by extension 'colcon_meta'
[0.939s] [34mcolcon.colcon_core.package_identification[0m [1;30mLevel 1[0m _identify(ui) by extensions ['ros']
[0.939s] [34mcolcon.colcon_core.package_identification[0m [1;30mLevel 1[0m _identify(ui) by extension 'ros'
[0.943s] [34mcolcon.colcon_core.package_identification[0m [1;30mDEBUG[0m [32mPackage 'ui' with type 'ros.ament_cmake' and name 'ui'[0m
[0.944s] [34mcolcon.colcon_core.package_discovery[0m [1;30mLevel 1[0m discover_packages(recursive) using defaults
[0.944s] [34mcolcon.colcon_core.package_discovery[0m [1;30mLevel 1[0m discover_packages(ignore) discover
[0.944s] [34mcolcon.colcon_core.package_discovery[0m [1;30mLevel 1[0m discover_packages(ignore) using defaults
[0.944s] [34mcolcon.colcon_core.package_discovery[0m [1;30mLevel 1[0m discover_packages(path) discover
[0.944s] [34mcolcon.colcon_core.package_discovery[0m [1;30mLevel 1[0m discover_packages(path) using defaults
[0.970s] [34mcolcon.colcon_core.package_discovery[0m [1;30mLevel 1[0m discover_packages(prefix_path) check parameters
[0.971s] [34mcolcon.colcon_core.package_discovery[0m [1;30mLevel 1[0m discover_packages(prefix_path) discover
[0.974s] [34mcolcon.colcon_installed_package_information.package_discovery[0m [1;30mDEBUG[0m [32mFound 7 installed packages in /home/benboardley/src/ROV/install[0m
[0.976s] [34mcolcon.colcon_installed_package_information.package_discovery[0m [1;30mDEBUG[0m [32mFound 270 installed packages in /opt/ros/humble[0m
[0.978s] [34mcolcon.colcon_core.package_discovery[0m [1;30mLevel 1[0m discover_packages(prefix_path) using defaults
[1.038s] [34mcolcon.colcon_core.verb[0m [1;30mLevel 5[0m set package 'com_pub' build argument 'cmake_args' from command line to 'None'
[1.038s] [34mcolcon.colcon_core.verb[0m [1;30mLevel 5[0m set package 'com_pub' build argument 'cmake_target' from command line to 'None'
[1.038s] [34mcolcon.colcon_core.verb[0m [1;30mLevel 5[0m set package 'com_pub' build argument 'cmake_target_skip_unavailable' from command line to 'False'
[1.038s] [34mcolcon.colcon_core.verb[0m [1;30mLevel 5[0m set package 'com_pub' build argument 'cmake_clean_cache' from command line to 'False'
[1.038s] [34mcolcon.colcon_core.verb[0m [1;30mLevel 5[0m set package 'com_pub' build argument 'cmake_clean_first' from command line to 'False'
[1.038s] [34mcolcon.colcon_core.verb[0m [1;30mLevel 5[0m set package 'com_pub' build argument 'cmake_force_configure' from command line to 'False'
[1.038s] [34mcolcon.colcon_core.verb[0m [1;30mLevel 5[0m set package 'com_pub' build argument 'ament_cmake_args' from command line to 'None'
[1.038s] [34mcolcon.colcon_core.verb[0m [1;30mLevel 5[0m set package 'com_pub' build argument 'catkin_cmake_args' from command line to 'None'
[1.038s] [34mcolcon.colcon_core.verb[0m [1;30mLevel 5[0m set package 'com_pub' build argument 'catkin_skip_building_tests' from command line to 'False'
[1.038s] [34mcolcon.colcon_core.verb[0m [1;30mDEBUG[0m [32mBuilding package 'com_pub' with the following arguments: {'ament_cmake_args': None, 'build_base': '/home/benboardley/src/ROV/X16-Surface/build/com_pub', 'catkin_cmake_args': None, 'catkin_skip_building_tests': False, 'cmake_args': None, 'cmake_clean_cache': False, 'cmake_clean_first': False, 'cmake_force_configure': False, 'cmake_target': None, 'cmake_target_skip_unavailable': False, 'install_base': '/home/benboardley/src/ROV/X16-Surface/install/com_pub', 'merge_install': False, 'path': '/home/benboardley/src/ROV/X16-Surface/ros/com_pub', 'symlink_install': False, 'test_result_base': None}[0m
[1.039s] [34mcolcon.colcon_core.verb[0m [1;30mLevel 5[0m set package 'depth_comm' build argument 'cmake_args' from command line to 'None'
[1.039s] [34mcolcon.colcon_core.verb[0m [1;30mLevel 5[0m set package 'depth_comm' build argument 'cmake_target' from command line to 'None'
[1.039s] [34mcolcon.colcon_core.verb[0m [1;30mLevel 5[0m set package 'depth_comm' build argument 'cmake_target_skip_unavailable' from command line to 'False'
[1.039s] [34mcolcon.colcon_core.verb[0m [1;30mLevel 5[0m set package 'depth_comm' build argument 'cmake_clean_cache' from command line to 'False'
[1.039s] [34mcolcon.colcon_core.verb[0m [1;30mLevel 5[0m set package 'depth_comm' build argument 'cmake_clean_first' from command line to 'False'
[1.039s] [34mcolcon.colcon_core.verb[0m [1;30mLevel 5[0m set package 'depth_comm' build argument 'cmake_force_configure' from command line to 'False'
[1.039s] [34mcolcon.colcon_core.verb[0m [1;30mLevel 5[0m set package 'depth_comm' build argument 'ament_cmake_args' from command line to 'None'
[1.039s] [34mcolcon.colcon_core.verb[0m [1;30mLevel 5[0m set package 'depth_comm' build argument 'catkin_cmake_args' from command line to 'None'
[1.039s] [34mcolcon.colcon_core.verb[0m [1;30mLevel 5[0m set package 'depth_comm' build argument 'catkin_skip_building_tests' from command line to 'False'
[1.040s] [34mcolcon.colcon_core.verb[0m [1;30mDEBUG[0m [32mBuilding package 'depth_comm' with the following arguments: {'ament_cmake_args': None, 'build_base': '/home/benboardley/src/ROV/X16-Surface/build/depth_comm', 'catkin_cmake_args': None, 'catkin_skip_building_tests': False, 'cmake_args': None, 'cmake_clean_cache': False, 'cmake_clean_first': False, 'cmake_force_configure': False, 'cmake_target': None, 'cmake_target_skip_unavailable': False, 'install_base': '/home/benboardley/src/ROV/X16-Surface/install/depth_comm', 'merge_install': False, 'path': '/home/benboardley/src/ROV/X16-Surface/ros/depth_comm', 'symlink_install': False, 'test_result_base': None}[0m
[1.040s] [34mcolcon.colcon_core.verb[0m [1;30mLevel 5[0m set package 'gamepad' build argument 'cmake_args' from command line to 'None'
[1.040s] [34mcolcon.colcon_core.verb[0m [1;30mLevel 5[0m set package 'gamepad' build argument 'cmake_target' from command line to 'None'
[1.040s] [34mcolcon.colcon_core.verb[0m [1;30mLevel 5[0m set package 'gamepad' build argument 'cmake_target_skip_unavailable' from command line to 'False'
[1.040s] [34mcolcon.colcon_core.verb[0m [1;30mLevel 5[0m set package 'gamepad' build argument 'cmake_clean_cache' from command line to 'False'
[1.040s] [34mcolcon.colcon_core.verb[0m [1;30mLevel 5[0m set package 'gamepad' build argument 'cmake_clean_first' from command line to 'False'
[1.040s] [34mcolcon.colcon_core.verb[0m [1;30mLevel 5[0m set package 'gamepad' build argument 'cmake_force_configure' from command line to 'False'
[1.040s] [34mcolcon.colcon_core.verb[0m [1;30mLevel 5[0m set package 'gamepad' build argument 'ament_cmake_args' from command line to 'None'
[1.040s] [34mcolcon.colcon_core.verb[0m [1;30mLevel 5[0m set package 'gamepad' build argument 'catkin_cmake_args' from command line to 'None'
[1.040s] [34mcolcon.colcon_core.verb[0m [1;30mLevel 5[0m set package 'gamepad' build argument 'catkin_skip_building_tests' from command line to 'False'
[1.041s] [34mcolcon.colcon_core.verb[0m [1;30mDEBUG[0m [32mBuilding package 'gamepad' with the following arguments: {'ament_cmake_args': None, 'build_base': '/home/benboardley/src/ROV/X16-Surface/build/gamepad', 'catkin_cmake_args': None, 'catkin_skip_building_tests': False, 'cmake_args': None, 'cmake_clean_cache': False, 'cmake_clean_first': False, 'cmake_force_configure': False, 'cmake_target': None, 'cmake_target_skip_unavailable': False, 'install_base': '/home/benboardley/src/ROV/X16-Surface/install/gamepad', 'merge_install': False, 'path': '/home/benboardley/src/ROV/X16-Surface/ros/gamepad', 'symlink_install': False, 'test_result_base': None}[0m
[1.041s] [34mcolcon.colcon_core.verb[0m [1;30mLevel 5[0m set package 'shared_msgs' build argument 'cmake_args' from command line to 'None'
[1.041s] [34mcolcon.colcon_core.verb[0m [1;30mLevel 5[0m set package 'shared_msgs' build argument 'cmake_target' from command line to 'None'
[1.041s] [34mcolcon.colcon_core.verb[0m [1;30mLevel 5[0m set package 'shared_msgs' build argument 'cmake_target_skip_unavailable' from command line to 'False'
[1.042s] [34mcolcon.colcon_core.verb[0m [1;30mLevel 5[0m set package 'shared_msgs' build argument 'cmake_clean_cache' from command line to 'False'
[1.042s] [34mcolcon.colcon_core.verb[0m [1;30mLevel 5[0m set package 'shared_msgs' build argument 'cmake_clean_first' from command line to 'False'
[1.042s] [34mcolcon.colcon_core.verb[0m [1;30mLevel 5[0m set package 'shared_msgs' build argument 'cmake_force_configure' from command line to 'False'
[1.042s] [34mcolcon.colcon_core.verb[0m [1;30mLevel 5[0m set package 'shared_msgs' build argument 'ament_cmake_args' from command line to 'None'
[1.042s] [34mcolcon.colcon_core.verb[0m [1;30mLevel 5[0m set package 'shared_msgs' build argument 'catkin_cmake_args' from command line to 'None'
[1.042s] [34mcolcon.colcon_core.verb[0m [1;30mLevel 5[0m set package 'shared_msgs' build argument 'catkin_skip_building_tests' from command line to 'False'
[1.042s] [34mcolcon.colcon_core.verb[0m [1;30mDEBUG[0m [32mBuilding package 'shared_msgs' with the following arguments: {'ament_cmake_args': None, 'build_base': '/home/benboardley/src/ROV/X16-Surface/build/shared_msgs', 'catkin_cmake_args': None, 'catkin_skip_building_tests': False, 'cmake_args': None, 'cmake_clean_cache': False, 'cmake_clean_first': False, 'cmake_force_configure': False, 'cmake_target': None, 'cmake_target_skip_unavailable': False, 'install_base': '/home/benboardley/src/ROV/X16-Surface/install/shared_msgs', 'merge_install': False, 'path': '/home/benboardley/src/ROV/X16-Surface/ros/shared_msgs', 'symlink_install': False, 'test_result_base': None}[0m
[1.043s] [34mcolcon.colcon_core.verb[0m [1;30mLevel 5[0m set package 'surface_imu' build argument 'cmake_args' from command line to 'None'
[1.043s] [34mcolcon.colcon_core.verb[0m [1;30mLevel 5[0m set package 'surface_imu' build argument 'cmake_target' from command line to 'None'
[1.043s] [34mcolcon.colcon_core.verb[0m [1;30mLevel 5[0m set package 'surface_imu' build argument 'cmake_target_skip_unavailable' from command line to 'False'
[1.043s] [34mcolcon.colcon_core.verb[0m [1;30mLevel 5[0m set package 'surface_imu' build argument 'cmake_clean_cache' from command line to 'False'
[1.043s] [34mcolcon.colcon_core.verb[0m [1;30mLevel 5[0m set package 'surface_imu' build argument 'cmake_clean_first' from command line to 'False'
[1.043s] [34mcolcon.colcon_core.verb[0m [1;30mLevel 5[0m set package 'surface_imu' build argument 'cmake_force_configure' from command line to 'False'
[1.043s] [34mcolcon.colcon_core.verb[0m [1;30mLevel 5[0m set package 'surface_imu' build argument 'ament_cmake_args' from command line to 'None'
[1.043s] [34mcolcon.colcon_core.verb[0m [1;30mLevel 5[0m set package 'surface_imu' build argument 'catkin_cmake_args' from command line to 'None'
[1.043s] [34mcolcon.colcon_core.verb[0m [1;30mLevel 5[0m set package 'surface_imu' build argument 'catkin_skip_building_tests' from command line to 'False'
[1.043s] [34mcolcon.colcon_core.verb[0m [1;30mDEBUG[0m [32mBuilding package 'surface_imu' with the following arguments: {'ament_cmake_args': None, 'build_base': '/home/benboardley/src/ROV/X16-Surface/build/surface_imu', 'catkin_cmake_args': None, 'catkin_skip_building_tests': False, 'cmake_args': None, 'cmake_clean_cache': False, 'cmake_clean_first': False, 'cmake_force_configure': False, 'cmake_target': None, 'cmake_target_skip_unavailable': False, 'install_base': '/home/benboardley/src/ROV/X16-Surface/install/surface_imu', 'merge_install': False, 'path': '/home/benboardley/src/ROV/X16-Surface/ros/surface_imu', 'symlink_install': False, 'test_result_base': None}[0m
[1.044s] [34mcolcon.colcon_core.verb[0m [1;30mLevel 5[0m set package 'thrusters' build argument 'cmake_args' from command line to 'None'
[1.044s] [34mcolcon.colcon_core.verb[0m [1;30mLevel 5[0m set package 'thrusters' build argument 'cmake_target' from command line to 'None'
[1.044s] [34mcolcon.colcon_core.verb[0m [1;30mLevel 5[0m set package 'thrusters' build argument 'cmake_target_skip_unavailable' from command line to 'False'
[1.044s] [34mcolcon.colcon_core.verb[0m [1;30mLevel 5[0m set package 'thrusters' build argument 'cmake_clean_cache' from command line to 'False'
[1.044s] [34mcolcon.colcon_core.verb[0m [1;30mLevel 5[0m set package 'thrusters' build argument 'cmake_clean_first' from command line to 'False'
[1.044s] [34mcolcon.colcon_core.verb[0m [1;30mLevel 5[0m set package 'thrusters' build argument 'cmake_force_configure' from command line to 'False'
[1.044s] [34mcolcon.colcon_core.verb[0m [1;30mLevel 5[0m set package 'thrusters' build argument 'ament_cmake_args' from command line to 'None'
[1.044s] [34mcolcon.colcon_core.verb[0m [1;30mLevel 5[0m set package 'thrusters' build argument 'catkin_cmake_args' from command line to 'None'
[1.044s] [34mcolcon.colcon_core.verb[0m [1;30mLevel 5[0m set package 'thrusters' build argument 'catkin_skip_building_tests' from command line to 'False'
[1.044s] [34mcolcon.colcon_core.verb[0m [1;30mDEBUG[0m [32mBuilding package 'thrusters' with the following arguments: {'ament_cmake_args': None, 'build_base': '/home/benboardley/src/ROV/X16-Surface/build/thrusters', 'catkin_cmake_args': None, 'catkin_skip_building_tests': False, 'cmake_args': None, 'cmake_clean_cache': False, 'cmake_clean_first': False, 'cmake_force_configure': False, 'cmake_target': None, 'cmake_target_skip_unavailable': False, 'install_base': '/home/benboardley/src/ROV/X16-Surface/install/thrusters', 'merge_install': False, 'path': '/home/benboardley/src/ROV/X16-Surface/ros/thrusters', 'symlink_install': False, 'test_result_base': None}[0m
[1.045s] [34mcolcon.colcon_core.verb[0m [1;30mLevel 5[0m set package 'ui' build argument 'cmake_args' from command line to 'None'
[1.045s] [34mcolcon.colcon_core.verb[0m [1;30mLevel 5[0m set package 'ui' build argument 'cmake_target' from command line to 'None'
[1.045s] [34mcolcon.colcon_core.verb[0m [1;30mLevel 5[0m set package 'ui' build argument 'cmake_target_skip_unavailable' from command line to 'False'
[1.045s] [34mcolcon.colcon_core.verb[0m [1;30mLevel 5[0m set package 'ui' build argument 'cmake_clean_cache' from command line to 'False'
[1.045s] [34mcolcon.colcon_core.verb[0m [1;30mLevel 5[0m set package 'ui' build argument 'cmake_clean_first' from command line to 'False'
[1.045s] [34mcolcon.colcon_core.verb[0m [1;30mLevel 5[0m set package 'ui' build argument 'cmake_force_configure' from command line to 'False'
[1.045s] [34mcolcon.colcon_core.verb[0m [1;30mLevel 5[0m set package 'ui' build argument 'ament_cmake_args' from command line to 'None'
[1.045s] [34mcolcon.colcon_core.verb[0m [1;30mLevel 5[0m set package 'ui' build argument 'catkin_cmake_args' from command line to 'None'
[1.045s] [34mcolcon.colcon_core.verb[0m [1;30mLevel 5[0m set package 'ui' build argument 'catkin_skip_building_tests' from command line to 'False'
[1.046s] [34mcolcon.colcon_core.verb[0m [1;30mDEBUG[0m [32mBuilding package 'ui' with the following arguments: {'ament_cmake_args': None, 'build_base': '/home/benboardley/src/ROV/X16-Surface/build/ui', 'catkin_cmake_args': None, 'catkin_skip_building_tests': False, 'cmake_args': None, 'cmake_clean_cache': False, 'cmake_clean_first': False, 'cmake_force_configure': False, 'cmake_target': None, 'cmake_target_skip_unavailable': False, 'install_base': '/home/benboardley/src/ROV/X16-Surface/install/ui', 'merge_install': False, 'path': '/home/benboardley/src/ROV/X16-Surface/ui', 'symlink_install': False, 'test_result_base': None}[0m
[1.046s] [34mcolcon.colcon_core.executor[0m [1;30mINFO[0m Executing jobs using 'parallel' executor
[1.050s] [34mcolcon.colcon_parallel_executor.executor.parallel[0m [1;30mDEBUG[0m [32mrun_until_complete[0m
[1.051s] [34mcolcon.colcon_ros.task.ament_cmake.build[0m [1;30mINFO[0m Building ROS package in '/home/benboardley/src/ROV/X16-Surface/ros/com_pub' with build type 'ament_cmake'
[1.052s] [34mcolcon.colcon_cmake.task.cmake.build[0m [1;30mINFO[0m Building CMake package in '/home/benboardley/src/ROV/X16-Surface/ros/com_pub'
[1.057s] [34mcolcon.colcon_core.plugin_system[0m [1;30mINFO[0m Skipping extension 'colcon_core.shell.bat': Not used on non-Windows systems
[1.057s] [34mcolcon.colcon_core.shell[0m [1;30mINFO[0m Skip shell extension 'powershell' for command environment: Not usable outside of PowerShell
[1.057s] [34mcolcon.colcon_core.shell[0m [1;30mDEBUG[0m [32mSkip shell extension 'dsv' for command environment[0m
[1.062s] [34mcolcon.colcon_ros.task.ament_cmake.build[0m [1;30mINFO[0m Building ROS package in '/home/benboardley/src/ROV/X16-Surface/ros/depth_comm' with build type 'ament_cmake'
[1.062s] [34mcolcon.colcon_cmake.task.cmake.build[0m [1;30mINFO[0m Building CMake package in '/home/benboardley/src/ROV/X16-Surface/ros/depth_comm'
[1.064s] [34mcolcon.colcon_core.shell[0m [1;30mINFO[0m Skip shell extension 'powershell' for command environment: Not usable outside of PowerShell
[1.064s] [34mcolcon.colcon_core.shell[0m [1;30mDEBUG[0m [32mSkip shell extension 'dsv' for command environment[0m
[1.071s] [34mcolcon.colcon_ros.task.ament_cmake.build[0m [1;30mINFO[0m Building ROS package in '/home/benboardley/src/ROV/X16-Surface/ros/gamepad' with build type 'ament_cmake'
[1.071s] [34mcolcon.colcon_cmake.task.cmake.build[0m [1;30mINFO[0m Building CMake package in '/home/benboardley/src/ROV/X16-Surface/ros/gamepad'
[1.074s] [34mcolcon.colcon_core.shell[0m [1;30mINFO[0m Skip shell extension 'powershell' for command environment: Not usable outside of PowerShell
[1.075s] [34mcolcon.colcon_core.shell[0m [1;30mDEBUG[0m [32mSkip shell extension 'dsv' for command environment[0m
[1.080s] [34mcolcon.colcon_ros.task.ament_cmake.build[0m [1;30mINFO[0m Building ROS package in '/home/benboardley/src/ROV/X16-Surface/ros/shared_msgs' with build type 'ament_cmake'
[1.081s] [34mcolcon.colcon_cmake.task.cmake.build[0m [1;30mINFO[0m Building CMake package in '/home/benboardley/src/ROV/X16-Surface/ros/shared_msgs'
[1.083s] [34mcolcon.colcon_core.shell[0m [1;30mINFO[0m Skip shell extension 'powershell' for command environment: Not usable outside of PowerShell
[1.083s] [34mcolcon.colcon_core.shell[0m [1;30mDEBUG[0m [32mSkip shell extension 'dsv' for command environment[0m
[1.092s] [34mcolcon.colcon_ros.task.ament_cmake.build[0m [1;30mINFO[0m Building ROS package in '/home/benboardley/src/ROV/X16-Surface/ros/surface_imu' with build type 'ament_cmake'
[1.092s] [34mcolcon.colcon_cmake.task.cmake.build[0m [1;30mINFO[0m Building CMake package in '/home/benboardley/src/ROV/X16-Surface/ros/surface_imu'
[1.094s] [34mcolcon.colcon_core.shell[0m [1;30mINFO[0m Skip shell extension 'powershell' for command environment: Not usable outside of PowerShell
[1.095s] [34mcolcon.colcon_core.shell[0m [1;30mDEBUG[0m [32mSkip shell extension 'dsv' for command environment[0m
[1.100s] [34mcolcon.colcon_ros.task.ament_cmake.build[0m [1;30mINFO[0m Building ROS package in '/home/benboardley/src/ROV/X16-Surface/ros/thrusters' with build type 'ament_cmake'
[1.100s] [34mcolcon.colcon_cmake.task.cmake.build[0m [1;30mINFO[0m Building CMake package in '/home/benboardley/src/ROV/X16-Surface/ros/thrusters'
[1.101s] [34mcolcon.colcon_core.shell[0m [1;30mINFO[0m Skip shell extension 'powershell' for command environment: Not usable outside of PowerShell
[1.102s] [34mcolcon.colcon_core.shell[0m [1;30mDEBUG[0m [32mSkip shell extension 'dsv' for command environment[0m
[1.109s] [34mcolcon.colcon_ros.task.ament_cmake.build[0m [1;30mINFO[0m Building ROS package in '/home/benboardley/src/ROV/X16-Surface/ui' with build type 'ament_cmake'
[1.110s] [34mcolcon.colcon_cmake.task.cmake.build[0m [1;30mINFO[0m Building CMake package in '/home/benboardley/src/ROV/X16-Surface/ui'
[1.112s] [34mcolcon.colcon_core.shell[0m [1;30mINFO[0m Skip shell extension 'powershell' for command environment: Not usable outside of PowerShell
[1.113s] [34mcolcon.colcon_core.shell[0m [1;30mDEBUG[0m [32mSkip shell extension 'dsv' for command environment[0m
[1.130s] [34mcolcon.colcon_core.event_handler.log_command[0m [1;30mDEBUG[0m [32mInvoking command in '/home/benboardley/src/ROV/X16-Surface/build/com_pub': CMAKE_PREFIX_PATH=${CMAKE_PREFIX_PATH}:/opt/ros/humble WSLENV=ELECTRON_RUN_AS_NODE/w:WT_SESSION:WT_PROFILE_ID: /home/benboardley/.local/bin/cmake /home/benboardley/src/ROV/X16-Surface/ros/com_pub -DCMAKE_INSTALL_PREFIX=/home/benboardley/src/ROV/X16-Surface/install/com_pub[0m
[1.145s] [34mcolcon.colcon_core.event_handler.log_command[0m [1;30mDEBUG[0m [32mInvoking command in '/home/benboardley/src/ROV/X16-Surface/build/depth_comm': CMAKE_PREFIX_PATH=${CMAKE_PREFIX_PATH}:/opt/ros/humble WSLENV=ELECTRON_RUN_AS_NODE/w:WT_SESSION:WT_PROFILE_ID: /home/benboardley/.local/bin/cmake /home/benboardley/src/ROV/X16-Surface/ros/depth_comm -DCMAKE_INSTALL_PREFIX=/home/benboardley/src/ROV/X16-Surface/install/depth_comm[0m
[1.152s] [34mcolcon.colcon_core.event_handler.log_command[0m [1;30mDEBUG[0m [32mInvoking command in '/home/benboardley/src/ROV/X16-Surface/build/gamepad': CMAKE_PREFIX_PATH=${CMAKE_PREFIX_PATH}:/opt/ros/humble WSLENV=ELECTRON_RUN_AS_NODE/w:WT_SESSION:WT_PROFILE_ID: /home/benboardley/.local/bin/cmake /home/benboardley/src/ROV/X16-Surface/ros/gamepad -DCMAKE_INSTALL_PREFIX=/home/benboardley/src/ROV/X16-Surface/install/gamepad[0m
[1.165s] [34mcolcon.colcon_core.event_handler.log_command[0m [1;30mDEBUG[0m [32mInvoking command in '/home/benboardley/src/ROV/X16-Surface/build/shared_msgs': CMAKE_PREFIX_PATH=${CMAKE_PREFIX_PATH}:/opt/ros/humble WSLENV=ELECTRON_RUN_AS_NODE/w:WT_SESSION:WT_PROFILE_ID: /home/benboardley/.local/bin/cmake /home/benboardley/src/ROV/X16-Surface/ros/shared_msgs -DCMAKE_INSTALL_PREFIX=/home/benboardley/src/ROV/X16-Surface/install/shared_msgs[0m
[1.175s] [34mcolcon.colcon_core.event_handler.log_command[0m [1;30mDEBUG[0m [32mInvoking command in '/home/benboardley/src/ROV/X16-Surface/build/surface_imu': CMAKE_PREFIX_PATH=${CMAKE_PREFIX_PATH}:/opt/ros/humble WSLENV=ELECTRON_RUN_AS_NODE/w:WT_SESSION:WT_PROFILE_ID: /home/benboardley/.local/bin/cmake /home/benboardley/src/ROV/X16-Surface/ros/surface_imu -DCMAKE_INSTALL_PREFIX=/home/benboardley/src/ROV/X16-Surface/install/surface_imu[0m
[1.184s] [34mcolcon.colcon_core.event_handler.log_command[0m [1;30mDEBUG[0m [32mInvoking command in '/home/benboardley/src/ROV/X16-Surface/build/thrusters': CMAKE_PREFIX_PATH=${CMAKE_PREFIX_PATH}:/opt/ros/humble WSLENV=ELECTRON_RUN_AS_NODE/w:WT_SESSION:WT_PROFILE_ID: /home/benboardley/.local/bin/cmake /home/benboardley/src/ROV/X16-Surface/ros/thrusters -DCMAKE_INSTALL_PREFIX=/home/benboardley/src/ROV/X16-Surface/install/thrusters[0m
[1.186s] [34mcolcon.colcon_core.event_handler.log_command[0m [1;30mDEBUG[0m [32mInvoking command in '/home/benboardley/src/ROV/X16-Surface/build/ui': CMAKE_PREFIX_PATH=${CMAKE_PREFIX_PATH}:/opt/ros/humble WSLENV=ELECTRON_RUN_AS_NODE/w:WT_SESSION:WT_PROFILE_ID: /home/benboardley/.local/bin/cmake /home/benboardley/src/ROV/X16-Surface/ui -DCMAKE_INSTALL_PREFIX=/home/benboardley/src/ROV/X16-Surface/install/ui[0m
[15.426s] [34mcolcon.colcon_core.event_handler.log_command[0m [1;30mDEBUG[0m [32mInvoked command in '/home/benboardley/src/ROV/X16-Surface/build/surface_imu' returned '0': CMAKE_PREFIX_PATH=${CMAKE_PREFIX_PATH}:/opt/ros/humble WSLENV=ELECTRON_RUN_AS_NODE/w:WT_SESSION:WT_PROFILE_ID: /home/benboardley/.local/bin/cmake /home/benboardley/src/ROV/X16-Surface/ros/surface_imu -DCMAKE_INSTALL_PREFIX=/home/benboardley/src/ROV/X16-Surface/install/surface_imu[0m
[15.431s] [34mcolcon.colcon_core.event_handler.log_command[0m [1;30mDEBUG[0m [32mInvoking command in '/home/benboardley/src/ROV/X16-Surface/build/surface_imu': CMAKE_PREFIX_PATH=${CMAKE_PREFIX_PATH}:/opt/ros/humble WSLENV=ELECTRON_RUN_AS_NODE/w:WT_SESSION:WT_PROFILE_ID: /home/benboardley/.local/bin/cmake --build /home/benboardley/src/ROV/X16-Surface/build/surface_imu -- -j8 -l8[0m
[15.965s] [34mcolcon.colcon_core.event_handler.log_command[0m [1;30mDEBUG[0m [32mInvoked command in '/home/benboardley/src/ROV/X16-Surface/build/depth_comm' returned '0': CMAKE_PREFIX_PATH=${CMAKE_PREFIX_PATH}:/opt/ros/humble WSLENV=ELECTRON_RUN_AS_NODE/w:WT_SESSION:WT_PROFILE_ID: /home/benboardley/.local/bin/cmake /home/benboardley/src/ROV/X16-Surface/ros/depth_comm -DCMAKE_INSTALL_PREFIX=/home/benboardley/src/ROV/X16-Surface/install/depth_comm[0m
[15.969s] [34mcolcon.colcon_core.event_handler.log_command[0m [1;30mDEBUG[0m [32mInvoking command in '/home/benboardley/src/ROV/X16-Surface/build/depth_comm': CMAKE_PREFIX_PATH=${CMAKE_PREFIX_PATH}:/opt/ros/humble WSLENV=ELECTRON_RUN_AS_NODE/w:WT_SESSION:WT_PROFILE_ID: /home/benboardley/.local/bin/cmake --build /home/benboardley/src/ROV/X16-Surface/build/depth_comm -- -j8 -l8[0m
[16.462s] [34mcolcon.colcon_core.event_handler.log_command[0m [1;30mDEBUG[0m [32mInvoked command in '/home/benboardley/src/ROV/X16-Surface/build/surface_imu' returned '0': CMAKE_PREFIX_PATH=${CMAKE_PREFIX_PATH}:/opt/ros/humble WSLENV=ELECTRON_RUN_AS_NODE/w:WT_SESSION:WT_PROFILE_ID: /home/benboardley/.local/bin/cmake --build /home/benboardley/src/ROV/X16-Surface/build/surface_imu -- -j8 -l8[0m
[16.657s] [34mcolcon.colcon_core.event_handler.log_command[0m [1;30mDEBUG[0m [32mInvoking command in '/home/benboardley/src/ROV/X16-Surface/build/surface_imu': CMAKE_PREFIX_PATH=${CMAKE_PREFIX_PATH}:/opt/ros/humble WSLENV=ELECTRON_RUN_AS_NODE/w:WT_SESSION:WT_PROFILE_ID: /home/benboardley/.local/bin/cmake --install /home/benboardley/src/ROV/X16-Surface/build/surface_imu[0m
[16.806s] [34mcolcon.colcon_core.event_handler.log_command[0m [1;30mDEBUG[0m [32mInvoked command in '/home/benboardley/src/ROV/X16-Surface/build/depth_comm' returned '0': CMAKE_PREFIX_PATH=${CMAKE_PREFIX_PATH}:/opt/ros/humble WSLENV=ELECTRON_RUN_AS_NODE/w:WT_SESSION:WT_PROFILE_ID: /home/benboardley/.local/bin/cmake --build /home/benboardley/src/ROV/X16-Surface/build/depth_comm -- -j8 -l8[0m
[16.814s] [34mcolcon.colcon_core.event_handler.log_command[0m [1;30mDEBUG[0m [32mInvoked command in '/home/benboardley/src/ROV/X16-Surface/build/thrusters' returned '0': CMAKE_PREFIX_PATH=${CMAKE_PREFIX_PATH}:/opt/ros/humble WSLENV=ELECTRON_RUN_AS_NODE/w:WT_SESSION:WT_PROFILE_ID: /home/benboardley/.local/bin/cmake /home/benboardley/src/ROV/X16-Surface/ros/thrusters -DCMAKE_INSTALL_PREFIX=/home/benboardley/src/ROV/X16-Surface/install/thrusters[0m
[16.817s] [34mcolcon.colcon_core.event_handler.log_command[0m [1;30mDEBUG[0m [32mInvoking command in '/home/benboardley/src/ROV/X16-Surface/build/thrusters': CMAKE_PREFIX_PATH=${CMAKE_PREFIX_PATH}:/opt/ros/humble WSLENV=ELECTRON_RUN_AS_NODE/w:WT_SESSION:WT_PROFILE_ID: /home/benboardley/.local/bin/cmake --build /home/benboardley/src/ROV/X16-Surface/build/thrusters -- -j8 -l8[0m
[16.844s] [34mcolcon.colcon_core.environment[0m [1;30mLevel 1[0m create_environment_scripts_only(surface_imu)
[16.848s] [34mcolcon.colcon_core.event_handler.log_command[0m [1;30mDEBUG[0m [32mInvoked command in '/home/benboardley/src/ROV/X16-Surface/build/surface_imu' returned '0': CMAKE_PREFIX_PATH=${CMAKE_PREFIX_PATH}:/opt/ros/humble WSLENV=ELECTRON_RUN_AS_NODE/w:WT_SESSION:WT_PROFILE_ID: /home/benboardley/.local/bin/cmake --install /home/benboardley/src/ROV/X16-Surface/build/surface_imu[0m
[16.858s] [34mcolcon.colcon_core.environment[0m [1;30mLevel 1[0m checking '/home/benboardley/src/ROV/X16-Surface/install/surface_imu' for CMake module files
[16.859s] [34mcolcon.colcon_core.environment[0m [1;30mLevel 1[0m checking '/home/benboardley/src/ROV/X16-Surface/install/surface_imu' for CMake config files
[16.859s] [34mcolcon.colcon_core.shell[0m [1;30mLevel 1[0m create_environment_hook('surface_imu', 'cmake_prefix_path')
[16.863s] [34mcolcon.colcon_core.shell[0m [1;30mINFO[0m Creating environment hook '/home/benboardley/src/ROV/X16-Surface/install/surface_imu/share/surface_imu/hook/cmake_prefix_path.ps1'
[16.865s] [34mcolcon.colcon_core.shell[0m [1;30mINFO[0m Creating environment descriptor '/home/benboardley/src/ROV/X16-Surface/install/surface_imu/share/surface_imu/hook/cmake_prefix_path.dsv'
[16.866s] [34mcolcon.colcon_core.shell[0m [1;30mINFO[0m Creating environment hook '/home/benboardley/src/ROV/X16-Surface/install/surface_imu/share/surface_imu/hook/cmake_prefix_path.sh'
[16.868s] [34mcolcon.colcon_core.environment[0m [1;30mLevel 1[0m checking '/home/benboardley/src/ROV/X16-Surface/install/surface_imu/lib'
[16.869s] [34mcolcon.colcon_core.environment[0m [1;30mLevel 1[0m checking '/home/benboardley/src/ROV/X16-Surface/install/surface_imu/bin'
[16.869s] [34mcolcon.colcon_core.environment[0m [1;30mLevel 1[0m checking '/home/benboardley/src/ROV/X16-Surface/install/surface_imu/lib/pkgconfig/surface_imu.pc'
[16.870s] [34mcolcon.colcon_core.environment[0m [1;30mLevel 1[0m checking '/home/benboardley/src/ROV/X16-Surface/install/surface_imu/lib/python3.10/site-packages'
[16.871s] [34mcolcon.colcon_core.environment[0m [1;30mLevel 1[0m checking '/home/benboardley/src/ROV/X16-Surface/install/surface_imu/bin'
[16.875s] [34mcolcon.colcon_core.shell[0m [1;30mINFO[0m Creating package script '/home/benboardley/src/ROV/X16-Surface/install/surface_imu/share/surface_imu/package.ps1'
[16.878s] [34mcolcon.colcon_core.shell[0m [1;30mINFO[0m Creating package descriptor '/home/benboardley/src/ROV/X16-Surface/install/surface_imu/share/surface_imu/package.dsv'
[16.879s] [34mcolcon.colcon_core.shell[0m [1;30mINFO[0m Creating package script '/home/benboardley/src/ROV/X16-Surface/install/surface_imu/share/surface_imu/package.sh'
[16.882s] [34mcolcon.colcon_core.shell[0m [1;30mINFO[0m Creating package script '/home/benboardley/src/ROV/X16-Surface/install/surface_imu/share/surface_imu/package.bash'
[16.884s] [34mcolcon.colcon_core.shell[0m [1;30mINFO[0m Creating package script '/home/benboardley/src/ROV/X16-Surface/install/surface_imu/share/surface_imu/package.zsh'
[16.886s] [34mcolcon.colcon_core.environment[0m [1;30mLevel 1[0m create_file_with_runtime_dependencies(/home/benboardley/src/ROV/X16-Surface/install/surface_imu/share/colcon-core/packages/surface_imu)
[16.905s] [34mcolcon.colcon_core.event_handler.log_command[0m [1;30mDEBUG[0m [32mInvoking command in '/home/benboardley/src/ROV/X16-Surface/build/depth_comm': CMAKE_PREFIX_PATH=${CMAKE_PREFIX_PATH}:/opt/ros/humble WSLENV=ELECTRON_RUN_AS_NODE/w:WT_SESSION:WT_PROFILE_ID: /home/benboardley/.local/bin/cmake --install /home/benboardley/src/ROV/X16-Surface/build/depth_comm[0m
[16.995s] [34mcolcon.colcon_core.environment[0m [1;30mLevel 1[0m create_environment_scripts_only(surface_imu)
[16.999s] [34mcolcon.colcon_core.environment[0m [1;30mLevel 1[0m checking '/home/benboardley/src/ROV/X16-Surface/install/surface_imu' for CMake module files
[17.000s] [34mcolcon.colcon_core.environment[0m [1;30mLevel 1[0m checking '/home/benboardley/src/ROV/X16-Surface/install/surface_imu' for CMake config files
[17.000s] [34mcolcon.colcon_core.shell[0m [1;30mLevel 1[0m create_environment_hook('surface_imu', 'cmake_prefix_path')
[17.007s] [34mcolcon.colcon_core.shell[0m [1;30mINFO[0m Creating environment hook '/home/benboardley/src/ROV/X16-Surface/install/surface_imu/share/surface_imu/hook/cmake_prefix_path.ps1'
[17.009s] [34mcolcon.colcon_core.shell[0m [1;30mINFO[0m Creating environment descriptor '/home/benboardley/src/ROV/X16-Surface/install/surface_imu/share/surface_imu/hook/cmake_prefix_path.dsv'
[17.010s] [34mcolcon.colcon_core.shell[0m [1;30mINFO[0m Creating environment hook '/home/benboardley/src/ROV/X16-Surface/install/surface_imu/share/surface_imu/hook/cmake_prefix_path.sh'
[17.012s] [34mcolcon.colcon_core.environment[0m [1;30mLevel 1[0m checking '/home/benboardley/src/ROV/X16-Surface/install/surface_imu/lib'
[17.012s] [34mcolcon.colcon_core.environment[0m [1;30mLevel 1[0m checking '/home/benboardley/src/ROV/X16-Surface/install/surface_imu/bin'
[17.012s] [34mcolcon.colcon_core.environment[0m [1;30mLevel 1[0m checking '/home/benboardley/src/ROV/X16-Surface/install/surface_imu/lib/pkgconfig/surface_imu.pc'
[17.013s] [34mcolcon.colcon_core.environment[0m [1;30mLevel 1[0m checking '/home/benboardley/src/ROV/X16-Surface/install/surface_imu/lib/python3.10/site-packages'
[17.013s] [34mcolcon.colcon_core.environment[0m [1;30mLevel 1[0m checking '/home/benboardley/src/ROV/X16-Surface/install/surface_imu/bin'
[17.018s] [34mcolcon.colcon_core.shell[0m [1;30mINFO[0m Creating package script '/home/benboardley/src/ROV/X16-Surface/install/surface_imu/share/surface_imu/package.ps1'
[17.020s] [34mcolcon.colcon_core.shell[0m [1;30mINFO[0m Creating package descriptor '/home/benboardley/src/ROV/X16-Surface/install/surface_imu/share/surface_imu/package.dsv'
[17.026s] [34mcolcon.colcon_core.shell[0m [1;30mINFO[0m Creating package script '/home/benboardley/src/ROV/X16-Surface/install/surface_imu/share/surface_imu/package.sh'
[17.028s] [34mcolcon.colcon_core.shell[0m [1;30mINFO[0m Creating package script '/home/benboardley/src/ROV/X16-Surface/install/surface_imu/share/surface_imu/package.bash'
[17.029s] [34mcolcon.colcon_core.shell[0m [1;30mINFO[0m Creating package script '/home/benboardley/src/ROV/X16-Surface/install/surface_imu/share/surface_imu/package.zsh'
[17.029s] [34mcolcon.colcon_core.environment[0m [1;30mLevel 1[0m create_file_with_runtime_dependencies(/home/benboardley/src/ROV/X16-Surface/install/surface_imu/share/colcon-core/packages/surface_imu)
[17.104s] [34mcolcon.colcon_core.environment[0m [1;30mLevel 1[0m create_environment_scripts_only(depth_comm)
[17.108s] [34mcolcon.colcon_core.environment[0m [1;30mLevel 1[0m checking '/home/benboardley/src/ROV/X16-Surface/install/depth_comm' for CMake module files
[17.110s] [34mcolcon.colcon_core.event_handler.log_command[0m [1;30mDEBUG[0m [32mInvoked command in '/home/benboardley/src/ROV/X16-Surface/build/depth_comm' returned '0': CMAKE_PREFIX_PATH=${CMAKE_PREFIX_PATH}:/opt/ros/humble WSLENV=ELECTRON_RUN_AS_NODE/w:WT_SESSION:WT_PROFILE_ID: /home/benboardley/.local/bin/cmake --install /home/benboardley/src/ROV/X16-Surface/build/depth_comm[0m
[17.111s] [34mcolcon.colcon_core.environment[0m [1;30mLevel 1[0m checking '/home/benboardley/src/ROV/X16-Surface/install/depth_comm' for CMake config files
[17.112s] [34mcolcon.colcon_core.shell[0m [1;30mLevel 1[0m create_environment_hook('depth_comm', 'cmake_prefix_path')
[17.116s] [34mcolcon.colcon_core.shell[0m [1;30mINFO[0m Creating environment hook '/home/benboardley/src/ROV/X16-Surface/install/depth_comm/share/depth_comm/hook/cmake_prefix_path.ps1'
[17.118s] [34mcolcon.colcon_core.shell[0m [1;30mINFO[0m Creating environment descriptor '/home/benboardley/src/ROV/X16-Surface/install/depth_comm/share/depth_comm/hook/cmake_prefix_path.dsv'
[17.119s] [34mcolcon.colcon_core.shell[0m [1;30mINFO[0m Creating environment hook '/home/benboardley/src/ROV/X16-Surface/install/depth_comm/share/depth_comm/hook/cmake_prefix_path.sh'
[17.120s] [34mcolcon.colcon_core.environment[0m [1;30mLevel 1[0m checking '/home/benboardley/src/ROV/X16-Surface/install/depth_comm/lib'
[17.120s] [34mcolcon.colcon_core.environment[0m [1;30mLevel 1[0m checking '/home/benboardley/src/ROV/X16-Surface/install/depth_comm/bin'
[17.121s] [34mcolcon.colcon_core.environment[0m [1;30mLevel 1[0m checking '/home/benboardley/src/ROV/X16-Surface/install/depth_comm/lib/pkgconfig/depth_comm.pc'
[17.121s] [34mcolcon.colcon_core.environment[0m [1;30mLevel 1[0m checking '/home/benboardley/src/ROV/X16-Surface/install/depth_comm/lib/python3.10/site-packages'
[17.122s] [34mcolcon.colcon_core.environment[0m [1;30mLevel 1[0m checking '/home/benboardley/src/ROV/X16-Surface/install/depth_comm/bin'
[17.124s] [34mcolcon.colcon_core.shell[0m [1;30mINFO[0m Creating package script '/home/benboardley/src/ROV/X16-Surface/install/depth_comm/share/depth_comm/package.ps1'
[17.125s] [34mcolcon.colcon_core.shell[0m [1;30mINFO[0m Creating package descriptor '/home/benboardley/src/ROV/X16-Surface/install/depth_comm/share/depth_comm/package.dsv'
[17.126s] [34mcolcon.colcon_core.shell[0m [1;30mINFO[0m Creating package script '/home/benboardley/src/ROV/X16-Surface/install/depth_comm/share/depth_comm/package.sh'
[17.128s] [34mcolcon.colcon_core.shell[0m [1;30mINFO[0m Creating package script '/home/benboardley/src/ROV/X16-Surface/install/depth_comm/share/depth_comm/package.bash'
[17.128s] [34mcolcon.colcon_core.shell[0m [1;30mINFO[0m Creating package script '/home/benboardley/src/ROV/X16-Surface/install/depth_comm/share/depth_comm/package.zsh'
[17.129s] [34mcolcon.colcon_core.environment[0m [1;30mLevel 1[0m create_file_with_runtime_dependencies(/home/benboardley/src/ROV/X16-Surface/install/depth_comm/share/colcon-core/packages/depth_comm)
[17.236s] [34mcolcon.colcon_core.environment[0m [1;30mLevel 1[0m create_environment_scripts_only(depth_comm)
[17.240s] [34mcolcon.colcon_core.environment[0m [1;30mLevel 1[0m checking '/home/benboardley/src/ROV/X16-Surface/install/depth_comm' for CMake module files
[17.242s] [34mcolcon.colcon_core.environment[0m [1;30mLevel 1[0m checking '/home/benboardley/src/ROV/X16-Surface/install/depth_comm' for CMake config files
[17.242s] [34mcolcon.colcon_core.shell[0m [1;30mLevel 1[0m create_environment_hook('depth_comm', 'cmake_prefix_path')
[17.245s] [34mcolcon.colcon_core.shell[0m [1;30mINFO[0m Creating environment hook '/home/benboardley/src/ROV/X16-Surface/install/depth_comm/share/depth_comm/hook/cmake_prefix_path.ps1'
[17.246s] [34mcolcon.colcon_core.shell[0m [1;30mINFO[0m Creating environment descriptor '/home/benboardley/src/ROV/X16-Surface/install/depth_comm/share/depth_comm/hook/cmake_prefix_path.dsv'
[17.247s] [34mcolcon.colcon_core.shell[0m [1;30mINFO[0m Creating environment hook '/home/benboardley/src/ROV/X16-Surface/install/depth_comm/share/depth_comm/hook/cmake_prefix_path.sh'
[17.248s] [34mcolcon.colcon_core.environment[0m [1;30mLevel 1[0m checking '/home/benboardley/src/ROV/X16-Surface/install/depth_comm/lib'
[17.249s] [34mcolcon.colcon_core.environment[0m [1;30mLevel 1[0m checking '/home/benboardley/src/ROV/X16-Surface/install/depth_comm/bin'
[17.249s] [34mcolcon.colcon_core.environment[0m [1;30mLevel 1[0m checking '/home/benboardley/src/ROV/X16-Surface/install/depth_comm/lib/pkgconfig/depth_comm.pc'
[17.249s] [34mcolcon.colcon_core.environment[0m [1;30mLevel 1[0m checking '/home/benboardley/src/ROV/X16-Surface/install/depth_comm/lib/python3.10/site-packages'
[17.249s] [34mcolcon.colcon_core.environment[0m [1;30mLevel 1[0m checking '/home/benboardley/src/ROV/X16-Surface/install/depth_comm/bin'
[17.252s] [34mcolcon.colcon_core.shell[0m [1;30mINFO[0m Creating package script '/home/benboardley/src/ROV/X16-Surface/install/depth_comm/share/depth_comm/package.ps1'
[17.252s] [34mcolcon.colcon_core.shell[0m [1;30mINFO[0m Creating package descriptor '/home/benboardley/src/ROV/X16-Surface/install/depth_comm/share/depth_comm/package.dsv'
[17.253s] [34mcolcon.colcon_core.shell[0m [1;30mINFO[0m Creating package script '/home/benboardley/src/ROV/X16-Surface/install/depth_comm/share/depth_comm/package.sh'
[17.254s] [34mcolcon.colcon_core.shell[0m [1;30mINFO[0m Creating package script '/home/benboardley/src/ROV/X16-Surface/install/depth_comm/share/depth_comm/package.bash'
[17.255s] [34mcolcon.colcon_core.shell[0m [1;30mINFO[0m Creating package script '/home/benboardley/src/ROV/X16-Surface/install/depth_comm/share/depth_comm/package.zsh'
[17.255s] [34mcolcon.colcon_core.environment[0m [1;30mLevel 1[0m create_file_with_runtime_dependencies(/home/benboardley/src/ROV/X16-Surface/install/depth_comm/share/colcon-core/packages/depth_comm)
[17.559s] [34mcolcon.colcon_core.event_handler.log_command[0m [1;30mDEBUG[0m [32mInvoked command in '/home/benboardley/src/ROV/X16-Surface/build/thrusters' returned '0': CMAKE_PREFIX_PATH=${CMAKE_PREFIX_PATH}:/opt/ros/humble WSLENV=ELECTRON_RUN_AS_NODE/w:WT_SESSION:WT_PROFILE_ID: /home/benboardley/.local/bin/cmake --build /home/benboardley/src/ROV/X16-Surface/build/thrusters -- -j8 -l8[0m
[17.654s] [34mcolcon.colcon_core.event_handler.log_command[0m [1;30mDEBUG[0m [32mInvoking command in '/home/benboardley/src/ROV/X16-Surface/build/thrusters': CMAKE_PREFIX_PATH=${CMAKE_PREFIX_PATH}:/opt/ros/humble WSLENV=ELECTRON_RUN_AS_NODE/w:WT_SESSION:WT_PROFILE_ID: /home/benboardley/.local/bin/cmake --install /home/benboardley/src/ROV/X16-Surface/build/thrusters[0m
[17.751s] [34mcolcon.colcon_core.event_handler.log_command[0m [1;30mDEBUG[0m [32mInvoked command in '/home/benboardley/src/ROV/X16-Surface/build/ui' returned '0': CMAKE_PREFIX_PATH=${CMAKE_PREFIX_PATH}:/opt/ros/humble WSLENV=ELECTRON_RUN_AS_NODE/w:WT_SESSION:WT_PROFILE_ID: /home/benboardley/.local/bin/cmake /home/benboardley/src/ROV/X16-Surface/ui -DCMAKE_INSTALL_PREFIX=/home/benboardley/src/ROV/X16-Surface/install/ui[0m
[17.754s] [34mcolcon.colcon_core.event_handler.log_command[0m [1;30mDEBUG[0m [32mInvoking command in '/home/benboardley/src/ROV/X16-Surface/build/ui': CMAKE_PREFIX_PATH=${CMAKE_PREFIX_PATH}:/opt/ros/humble WSLENV=ELECTRON_RUN_AS_NODE/w:WT_SESSION:WT_PROFILE_ID: /home/benboardley/.local/bin/cmake --build /home/benboardley/src/ROV/X16-Surface/build/ui -- -j8 -l8[0m
[17.823s] [34mcolcon.colcon_core.environment[0m [1;30mLevel 1[0m create_environment_scripts_only(thrusters)
[17.826s] [34mcolcon.colcon_core.environment[0m [1;30mLevel 1[0m checking '/home/benboardley/src/ROV/X16-Surface/install/thrusters' for CMake module files
[17.828s] [34mcolcon.colcon_core.event_handler.log_command[0m [1;30mDEBUG[0m [32mInvoked command in '/home/benboardley/src/ROV/X16-Surface/build/thrusters' returned '0': CMAKE_PREFIX_PATH=${CMAKE_PREFIX_PATH}:/opt/ros/humble WSLENV=ELECTRON_RUN_AS_NODE/w:WT_SESSION:WT_PROFILE_ID: /home/benboardley/.local/bin/cmake --install /home/benboardley/src/ROV/X16-Surface/build/thrusters[0m
[17.829s] [34mcolcon.colcon_core.environment[0m [1;30mLevel 1[0m checking '/home/benboardley/src/ROV/X16-Surface/install/thrusters' for CMake config files
[17.829s] [34mcolcon.colcon_core.shell[0m [1;30mLevel 1[0m create_environment_hook('thrusters', 'cmake_prefix_path')
[17.838s] [34mcolcon.colcon_core.shell[0m [1;30mINFO[0m Creating environment hook '/home/benboardley/src/ROV/X16-Surface/install/thrusters/share/thrusters/hook/cmake_prefix_path.ps1'
[17.840s] [34mcolcon.colcon_core.shell[0m [1;30mINFO[0m Creating environment descriptor '/home/benboardley/src/ROV/X16-Surface/install/thrusters/share/thrusters/hook/cmake_prefix_path.dsv'
[17.841s] [34mcolcon.colcon_core.shell[0m [1;30mINFO[0m Creating environment hook '/home/benboardley/src/ROV/X16-Surface/install/thrusters/share/thrusters/hook/cmake_prefix_path.sh'
[17.841s] [34mcolcon.colcon_core.environment[0m [1;30mLevel 1[0m checking '/home/benboardley/src/ROV/X16-Surface/install/thrusters/lib'
[17.842s] [34mcolcon.colcon_core.environment[0m [1;30mLevel 1[0m checking '/home/benboardley/src/ROV/X16-Surface/install/thrusters/bin'
[17.842s] [34mcolcon.colcon_core.environment[0m [1;30mLevel 1[0m checking '/home/benboardley/src/ROV/X16-Surface/install/thrusters/lib/pkgconfig/thrusters.pc'
[17.842s] [34mcolcon.colcon_core.environment[0m [1;30mLevel 1[0m checking '/home/benboardley/src/ROV/X16-Surface/install/thrusters/lib/python3.10/site-packages'
[17.842s] [34mcolcon.colcon_core.environment[0m [1;30mLevel 1[0m checking '/home/benboardley/src/ROV/X16-Surface/install/thrusters/bin'
[17.844s] [34mcolcon.colcon_core.shell[0m [1;30mINFO[0m Creating package script '/home/benboardley/src/ROV/X16-Surface/install/thrusters/share/thrusters/package.ps1'
[17.845s] [34mcolcon.colcon_core.shell[0m [1;30mINFO[0m Creating package descriptor '/home/benboardley/src/ROV/X16-Surface/install/thrusters/share/thrusters/package.dsv'
[17.846s] [34mcolcon.colcon_core.shell[0m [1;30mINFO[0m Creating package script '/home/benboardley/src/ROV/X16-Surface/install/thrusters/share/thrusters/package.sh'
[17.847s] [34mcolcon.colcon_core.shell[0m [1;30mINFO[0m Creating package script '/home/benboardley/src/ROV/X16-Surface/install/thrusters/share/thrusters/package.bash'
[17.847s] [34mcolcon.colcon_core.shell[0m [1;30mINFO[0m Creating package script '/home/benboardley/src/ROV/X16-Surface/install/thrusters/share/thrusters/package.zsh'
[17.848s] [34mcolcon.colcon_core.environment[0m [1;30mLevel 1[0m create_file_with_runtime_dependencies(/home/benboardley/src/ROV/X16-Surface/install/thrusters/share/colcon-core/packages/thrusters)
[17.940s] [34mcolcon.colcon_core.environment[0m [1;30mLevel 1[0m create_environment_scripts_only(thrusters)
[17.945s] [34mcolcon.colcon_core.environment[0m [1;30mLevel 1[0m checking '/home/benboardley/src/ROV/X16-Surface/install/thrusters' for CMake module files
[17.946s] [34mcolcon.colcon_core.environment[0m [1;30mLevel 1[0m checking '/home/benboardley/src/ROV/X16-Surface/install/thrusters' for CMake config files
[17.946s] [34mcolcon.colcon_core.shell[0m [1;30mLevel 1[0m create_environment_hook('thrusters', 'cmake_prefix_path')
[17.949s] [34mcolcon.colcon_core.shell[0m [1;30mINFO[0m Creating environment hook '/home/benboardley/src/ROV/X16-Surface/install/thrusters/share/thrusters/hook/cmake_prefix_path.ps1'
[17.949s] [34mcolcon.colcon_core.shell[0m [1;30mINFO[0m Creating environment descriptor '/home/benboardley/src/ROV/X16-Surface/install/thrusters/share/thrusters/hook/cmake_prefix_path.dsv'
[17.950s] [34mcolcon.colcon_core.shell[0m [1;30mINFO[0m Creating environment hook '/home/benboardley/src/ROV/X16-Surface/install/thrusters/share/thrusters/hook/cmake_prefix_path.sh'
[17.951s] [34mcolcon.colcon_core.environment[0m [1;30mLevel 1[0m checking '/home/benboardley/src/ROV/X16-Surface/install/thrusters/lib'
[17.952s] [34mcolcon.colcon_core.environment[0m [1;30mLevel 1[0m checking '/home/benboardley/src/ROV/X16-Surface/install/thrusters/bin'
[17.952s] [34mcolcon.colcon_core.environment[0m [1;30mLevel 1[0m checking '/home/benboardley/src/ROV/X16-Surface/install/thrusters/lib/pkgconfig/thrusters.pc'
[17.952s] [34mcolcon.colcon_core.environment[0m [1;30mLevel 1[0m checking '/home/benboardley/src/ROV/X16-Surface/install/thrusters/lib/python3.10/site-packages'
[17.952s] [34mcolcon.colcon_core.environment[0m [1;30mLevel 1[0m checking '/home/benboardley/src/ROV/X16-Surface/install/thrusters/bin'
[17.954s] [34mcolcon.colcon_core.shell[0m [1;30mINFO[0m Creating package script '/home/benboardley/src/ROV/X16-Surface/install/thrusters/share/thrusters/package.ps1'
[17.954s] [34mcolcon.colcon_core.shell[0m [1;30mINFO[0m Creating package descriptor '/home/benboardley/src/ROV/X16-Surface/install/thrusters/share/thrusters/package.dsv'
[17.955s] [34mcolcon.colcon_core.shell[0m [1;30mINFO[0m Creating package script '/home/benboardley/src/ROV/X16-Surface/install/thrusters/share/thrusters/package.sh'
[17.956s] [34mcolcon.colcon_core.shell[0m [1;30mINFO[0m Creating package script '/home/benboardley/src/ROV/X16-Surface/install/thrusters/share/thrusters/package.bash'
[17.956s] [34mcolcon.colcon_core.shell[0m [1;30mINFO[0m Creating package script '/home/benboardley/src/ROV/X16-Surface/install/thrusters/share/thrusters/package.zsh'
[17.957s] [34mcolcon.colcon_core.environment[0m [1;30mLevel 1[0m create_file_with_runtime_dependencies(/home/benboardley/src/ROV/X16-Surface/install/thrusters/share/colcon-core/packages/thrusters)
[18.387s] [34mcolcon.colcon_core.event_handler.log_command[0m [1;30mDEBUG[0m [32mInvoked command in '/home/benboardley/src/ROV/X16-Surface/build/ui' returned '0': CMAKE_PREFIX_PATH=${CMAKE_PREFIX_PATH}:/opt/ros/humble WSLENV=ELECTRON_RUN_AS_NODE/w:WT_SESSION:WT_PROFILE_ID: /home/benboardley/.local/bin/cmake --build /home/benboardley/src/ROV/X16-Surface/build/ui -- -j8 -l8[0m
[18.423s] [34mcolcon.colcon_core.event_handler.log_command[0m [1;30mDEBUG[0m [32mInvoked command in '/home/benboardley/src/ROV/X16-Surface/build/gamepad' returned '0': CMAKE_PREFIX_PATH=${CMAKE_PREFIX_PATH}:/opt/ros/humble WSLENV=ELECTRON_RUN_AS_NODE/w:WT_SESSION:WT_PROFILE_ID: /home/benboardley/.local/bin/cmake /home/benboardley/src/ROV/X16-Surface/ros/gamepad -DCMAKE_INSTALL_PREFIX=/home/benboardley/src/ROV/X16-Surface/install/gamepad[0m
[18.429s] [34mcolcon.colcon_core.event_handler.log_command[0m [1;30mDEBUG[0m [32mInvoking command in '/home/benboardley/src/ROV/X16-Surface/build/gamepad': CMAKE_PREFIX_PATH=${CMAKE_PREFIX_PATH}:/opt/ros/humble WSLENV=ELECTRON_RUN_AS_NODE/w:WT_SESSION:WT_PROFILE_ID: /home/benboardley/.local/bin/cmake --build /home/benboardley/src/ROV/X16-Surface/build/gamepad -- -j8 -l8[0m
[18.461s] [34mcolcon.colcon_core.event_handler.log_command[0m [1;30mDEBUG[0m [32mInvoking command in '/home/benboardley/src/ROV/X16-Surface/build/ui': CMAKE_PREFIX_PATH=${CMAKE_PREFIX_PATH}:/opt/ros/humble WSLENV=ELECTRON_RUN_AS_NODE/w:WT_SESSION:WT_PROFILE_ID: /home/benboardley/.local/bin/cmake --install /home/benboardley/src/ROV/X16-Surface/build/ui[0m
[18.581s] [34mcolcon.colcon_core.environment[0m [1;30mLevel 1[0m create_environment_scripts_only(ui)
[18.583s] [34mcolcon.colcon_core.environment[0m [1;30mLevel 1[0m checking '/home/benboardley/src/ROV/X16-Surface/install/ui' for CMake module files
[18.584s] [34mcolcon.colcon_core.event_handler.log_command[0m [1;30mDEBUG[0m [32mInvoked command in '/home/benboardley/src/ROV/X16-Surface/build/ui' returned '0': CMAKE_PREFIX_PATH=${CMAKE_PREFIX_PATH}:/opt/ros/humble WSLENV=ELECTRON_RUN_AS_NODE/w:WT_SESSION:WT_PROFILE_ID: /home/benboardley/.local/bin/cmake --install /home/benboardley/src/ROV/X16-Surface/build/ui[0m
[18.585s] [34mcolcon.colcon_core.environment[0m [1;30mLevel 1[0m checking '/home/benboardley/src/ROV/X16-Surface/install/ui' for CMake config files
[18.585s] [34mcolcon.colcon_core.shell[0m [1;30mLevel 1[0m create_environment_hook('ui', 'cmake_prefix_path')
[18.586s] [34mcolcon.colcon_core.shell[0m [1;30mINFO[0m Creating environment hook '/home/benboardley/src/ROV/X16-Surface/install/ui/share/ui/hook/cmake_prefix_path.ps1'
[18.587s] [34mcolcon.colcon_core.shell[0m [1;30mINFO[0m Creating environment descriptor '/home/benboardley/src/ROV/X16-Surface/install/ui/share/ui/hook/cmake_prefix_path.dsv'
[18.588s] [34mcolcon.colcon_core.shell[0m [1;30mINFO[0m Creating environment hook '/home/benboardley/src/ROV/X16-Surface/install/ui/share/ui/hook/cmake_prefix_path.sh'
[18.590s] [34mcolcon.colcon_core.environment[0m [1;30mLevel 1[0m checking '/home/benboardley/src/ROV/X16-Surface/install/ui/lib'
[18.590s] [34mcolcon.colcon_core.environment[0m [1;30mLevel 1[0m checking '/home/benboardley/src/ROV/X16-Surface/install/ui/bin'
[18.590s] [34mcolcon.colcon_core.environment[0m [1;30mLevel 1[0m checking '/home/benboardley/src/ROV/X16-Surface/install/ui/lib/pkgconfig/ui.pc'
[18.591s] [34mcolcon.colcon_core.environment[0m [1;30mLevel 1[0m checking '/home/benboardley/src/ROV/X16-Surface/install/ui/lib/python3.10/site-packages'
[18.591s] [34mcolcon.colcon_core.environment[0m [1;30mLevel 1[0m checking '/home/benboardley/src/ROV/X16-Surface/install/ui/bin'
[18.594s] [34mcolcon.colcon_core.shell[0m [1;30mINFO[0m Creating package script '/home/benboardley/src/ROV/X16-Surface/install/ui/share/ui/package.ps1'
[18.594s] [34mcolcon.colcon_core.shell[0m [1;30mINFO[0m Creating package descriptor '/home/benboardley/src/ROV/X16-Surface/install/ui/share/ui/package.dsv'
[18.595s] [34mcolcon.colcon_core.shell[0m [1;30mINFO[0m Creating package script '/home/benboardley/src/ROV/X16-Surface/install/ui/share/ui/package.sh'
[18.595s] [34mcolcon.colcon_core.shell[0m [1;30mINFO[0m Creating package script '/home/benboardley/src/ROV/X16-Surface/install/ui/share/ui/package.bash'
[18.595s] [34mcolcon.colcon_core.shell[0m [1;30mINFO[0m Creating package script '/home/benboardley/src/ROV/X16-Surface/install/ui/share/ui/package.zsh'
[18.596s] [34mcolcon.colcon_core.environment[0m [1;30mLevel 1[0m create_file_with_runtime_dependencies(/home/benboardley/src/ROV/X16-Surface/install/ui/share/colcon-core/packages/ui)
[18.666s] [34mcolcon.colcon_core.environment[0m [1;30mLevel 1[0m create_environment_scripts_only(ui)
[18.669s] [34mcolcon.colcon_core.environment[0m [1;30mLevel 1[0m checking '/home/benboardley/src/ROV/X16-Surface/install/ui' for CMake module files
[18.670s] [34mcolcon.colcon_core.environment[0m [1;30mLevel 1[0m checking '/home/benboardley/src/ROV/X16-Surface/install/ui' for CMake config files
[18.670s] [34mcolcon.colcon_core.shell[0m [1;30mLevel 1[0m create_environment_hook('ui', 'cmake_prefix_path')
[18.672s] [34mcolcon.colcon_core.shell[0m [1;30mINFO[0m Creating environment hook '/home/benboardley/src/ROV/X16-Surface/install/ui/share/ui/hook/cmake_prefix_path.ps1'
[18.673s] [34mcolcon.colcon_core.shell[0m [1;30mINFO[0m Creating environment descriptor '/home/benboardley/src/ROV/X16-Surface/install/ui/share/ui/hook/cmake_prefix_path.dsv'
[18.673s] [34mcolcon.colcon_core.shell[0m [1;30mINFO[0m Creating environment hook '/home/benboardley/src/ROV/X16-Surface/install/ui/share/ui/hook/cmake_prefix_path.sh'
[18.674s] [34mcolcon.colcon_core.environment[0m [1;30mLevel 1[0m checking '/home/benboardley/src/ROV/X16-Surface/install/ui/lib'
[18.674s] [34mcolcon.colcon_core.environment[0m [1;30mLevel 1[0m checking '/home/benboardley/src/ROV/X16-Surface/install/ui/bin'
[18.674s] [34mcolcon.colcon_core.environment[0m [1;30mLevel 1[0m checking '/home/benboardley/src/ROV/X16-Surface/install/ui/lib/pkgconfig/ui.pc'
[18.674s] [34mcolcon.colcon_core.environment[0m [1;30mLevel 1[0m checking '/home/benboardley/src/ROV/X16-Surface/install/ui/lib/python3.10/site-packages'
[18.675s] [34mcolcon.colcon_core.environment[0m [1;30mLevel 1[0m checking '/home/benboardley/src/ROV/X16-Surface/install/ui/bin'
[18.676s] [34mcolcon.colcon_core.shell[0m [1;30mINFO[0m Creating package script '/home/benboardley/src/ROV/X16-Surface/install/ui/share/ui/package.ps1'
[18.677s] [34mcolcon.colcon_core.shell[0m [1;30mINFO[0m Creating package descriptor '/home/benboardley/src/ROV/X16-Surface/install/ui/share/ui/package.dsv'
[18.678s] [34mcolcon.colcon_core.shell[0m [1;30mINFO[0m Creating package script '/home/benboardley/src/ROV/X16-Surface/install/ui/share/ui/package.sh'
[18.679s] [34mcolcon.colcon_core.shell[0m [1;30mINFO[0m Creating package script '/home/benboardley/src/ROV/X16-Surface/install/ui/share/ui/package.bash'
[18.680s] [34mcolcon.colcon_core.shell[0m [1;30mINFO[0m Creating package script '/home/benboardley/src/ROV/X16-Surface/install/ui/share/ui/package.zsh'
[18.680s] [34mcolcon.colcon_core.environment[0m [1;30mLevel 1[0m create_file_with_runtime_dependencies(/home/benboardley/src/ROV/X16-Surface/install/ui/share/colcon-core/packages/ui)
[18.956s] [34mcolcon.colcon_core.event_handler.log_command[0m [1;30mDEBUG[0m [32mInvoked command in '/home/benboardley/src/ROV/X16-Surface/build/gamepad' returned '0': CMAKE_PREFIX_PATH=${CMAKE_PREFIX_PATH}:/opt/ros/humble WSLENV=ELECTRON_RUN_AS_NODE/w:WT_SESSION:WT_PROFILE_ID: /home/benboardley/.local/bin/cmake --build /home/benboardley/src/ROV/X16-Surface/build/gamepad -- -j8 -l8[0m
[19.027s] [34mcolcon.colcon_core.event_handler.log_command[0m [1;30mDEBUG[0m [32mInvoking command in '/home/benboardley/src/ROV/X16-Surface/build/gamepad': CMAKE_PREFIX_PATH=${CMAKE_PREFIX_PATH}:/opt/ros/humble WSLENV=ELECTRON_RUN_AS_NODE/w:WT_SESSION:WT_PROFILE_ID: /home/benboardley/.local/bin/cmake --install /home/benboardley/src/ROV/X16-Surface/build/gamepad[0m
[19.209s] [34mcolcon.colcon_core.environment[0m [1;30mLevel 1[0m create_environment_scripts_only(gamepad)
[19.216s] [34mcolcon.colcon_core.environment[0m [1;30mLevel 1[0m checking '/home/benboardley/src/ROV/X16-Surface/install/gamepad' for CMake module files
[19.217s] [34mcolcon.colcon_core.event_handler.log_command[0m [1;30mDEBUG[0m [32mInvoked command in '/home/benboardley/src/ROV/X16-Surface/build/gamepad' returned '0': CMAKE_PREFIX_PATH=${CMAKE_PREFIX_PATH}:/opt/ros/humble WSLENV=ELECTRON_RUN_AS_NODE/w:WT_SESSION:WT_PROFILE_ID: /home/benboardley/.local/bin/cmake --install /home/benboardley/src/ROV/X16-Surface/build/gamepad[0m
[19.218s] [34mcolcon.colcon_core.environment[0m [1;30mLevel 1[0m checking '/home/benboardley/src/ROV/X16-Surface/install/gamepad' for CMake config files
[19.221s] [34mcolcon.colcon_core.shell[0m [1;30mLevel 1[0m create_environment_hook('gamepad', 'cmake_prefix_path')
[19.225s] [34mcolcon.colcon_core.shell[0m [1;30mINFO[0m Creating environment hook '/home/benboardley/src/ROV/X16-Surface/install/gamepad/share/gamepad/hook/cmake_prefix_path.ps1'
[19.227s] [34mcolcon.colcon_core.shell[0m [1;30mINFO[0m Creating environment descriptor '/home/benboardley/src/ROV/X16-Surface/install/gamepad/share/gamepad/hook/cmake_prefix_path.dsv'
[19.227s] [34mcolcon.colcon_core.shell[0m [1;30mINFO[0m Creating environment hook '/home/benboardley/src/ROV/X16-Surface/install/gamepad/share/gamepad/hook/cmake_prefix_path.sh'
[19.228s] [34mcolcon.colcon_core.environment[0m [1;30mLevel 1[0m checking '/home/benboardley/src/ROV/X16-Surface/install/gamepad/lib'
[19.229s] [34mcolcon.colcon_core.environment[0m [1;30mLevel 1[0m checking '/home/benboardley/src/ROV/X16-Surface/install/gamepad/bin'
[19.229s] [34mcolcon.colcon_core.environment[0m [1;30mLevel 1[0m checking '/home/benboardley/src/ROV/X16-Surface/install/gamepad/lib/pkgconfig/gamepad.pc'
[19.229s] [34mcolcon.colcon_core.environment[0m [1;30mLevel 1[0m checking '/home/benboardley/src/ROV/X16-Surface/install/gamepad/lib/python3.10/site-packages'
[19.230s] [34mcolcon.colcon_core.environment[0m [1;30mLevel 1[0m checking '/home/benboardley/src/ROV/X16-Surface/install/gamepad/bin'
[19.233s] [34mcolcon.colcon_core.shell[0m [1;30mINFO[0m Creating package script '/home/benboardley/src/ROV/X16-Surface/install/gamepad/share/gamepad/package.ps1'
[19.236s] [34mcolcon.colcon_core.shell[0m [1;30mINFO[0m Creating package descriptor '/home/benboardley/src/ROV/X16-Surface/install/gamepad/share/gamepad/package.dsv'
[19.238s] [34mcolcon.colcon_core.shell[0m [1;30mINFO[0m Creating package script '/home/benboardley/src/ROV/X16-Surface/install/gamepad/share/gamepad/package.sh'
[19.239s] [34mcolcon.colcon_core.shell[0m [1;30mINFO[0m Creating package script '/home/benboardley/src/ROV/X16-Surface/install/gamepad/share/gamepad/package.bash'
[19.240s] [34mcolcon.colcon_core.shell[0m [1;30mINFO[0m Creating package script '/home/benboardley/src/ROV/X16-Surface/install/gamepad/share/gamepad/package.zsh'
[19.241s] [34mcolcon.colcon_core.environment[0m [1;30mLevel 1[0m create_file_with_runtime_dependencies(/home/benboardley/src/ROV/X16-Surface/install/gamepad/share/colcon-core/packages/gamepad)
[19.351s] [34mcolcon.colcon_core.environment[0m [1;30mLevel 1[0m create_environment_scripts_only(gamepad)
[19.354s] [34mcolcon.colcon_core.environment[0m [1;30mLevel 1[0m checking '/home/benboardley/src/ROV/X16-Surface/install/gamepad' for CMake module files
[19.355s] [34mcolcon.colcon_core.environment[0m [1;30mLevel 1[0m checking '/home/benboardley/src/ROV/X16-Surface/install/gamepad' for CMake config files
[19.355s] [34mcolcon.colcon_core.shell[0m [1;30mLevel 1[0m create_environment_hook('gamepad', 'cmake_prefix_path')
[19.357s] [34mcolcon.colcon_core.shell[0m [1;30mINFO[0m Creating environment hook '/home/benboardley/src/ROV/X16-Surface/install/gamepad/share/gamepad/hook/cmake_prefix_path.ps1'
[19.358s] [34mcolcon.colcon_core.shell[0m [1;30mINFO[0m Creating environment descriptor '/home/benboardley/src/ROV/X16-Surface/install/gamepad/share/gamepad/hook/cmake_prefix_path.dsv'
[19.359s] [34mcolcon.colcon_core.shell[0m [1;30mINFO[0m Creating environment hook '/home/benboardley/src/ROV/X16-Surface/install/gamepad/share/gamepad/hook/cmake_prefix_path.sh'
[19.359s] [34mcolcon.colcon_core.environment[0m [1;30mLevel 1[0m checking '/home/benboardley/src/ROV/X16-Surface/install/gamepad/lib'
[19.359s] [34mcolcon.colcon_core.environment[0m [1;30mLevel 1[0m checking '/home/benboardley/src/ROV/X16-Surface/install/gamepad/bin'
[19.359s] [34mcolcon.colcon_core.environment[0m [1;30mLevel 1[0m checking '/home/benboardley/src/ROV/X16-Surface/install/gamepad/lib/pkgconfig/gamepad.pc'
[19.360s] [34mcolcon.colcon_core.environment[0m [1;30mLevel 1[0m checking '/home/benboardley/src/ROV/X16-Surface/install/gamepad/lib/python3.10/site-packages'
[19.360s] [34mcolcon.colcon_core.environment[0m [1;30mLevel 1[0m checking '/home/benboardley/src/ROV/X16-Surface/install/gamepad/bin'
[19.363s] [34mcolcon.colcon_core.shell[0m [1;30mINFO[0m Creating package script '/home/benboardley/src/ROV/X16-Surface/install/gamepad/share/gamepad/package.ps1'
[19.366s] [34mcolcon.colcon_core.shell[0m [1;30mINFO[0m Creating package descriptor '/home/benboardley/src/ROV/X16-Surface/install/gamepad/share/gamepad/package.dsv'
[19.367s] [34mcolcon.colcon_core.shell[0m [1;30mINFO[0m Creating package script '/home/benboardley/src/ROV/X16-Surface/install/gamepad/share/gamepad/package.sh'
[19.368s] [34mcolcon.colcon_core.shell[0m [1;30mINFO[0m Creating package script '/home/benboardley/src/ROV/X16-Surface/install/gamepad/share/gamepad/package.bash'
[19.369s] [34mcolcon.colcon_core.shell[0m [1;30mINFO[0m Creating package script '/home/benboardley/src/ROV/X16-Surface/install/gamepad/share/gamepad/package.zsh'
[19.370s] [34mcolcon.colcon_core.environment[0m [1;30mLevel 1[0m create_file_with_runtime_dependencies(/home/benboardley/src/ROV/X16-Surface/install/gamepad/share/colcon-core/packages/gamepad)
[19.934s] [34mcolcon.colcon_core.event_handler.log_command[0m [1;30mDEBUG[0m [32mInvoked command in '/home/benboardley/src/ROV/X16-Surface/build/com_pub' returned '0': CMAKE_PREFIX_PATH=${CMAKE_PREFIX_PATH}:/opt/ros/humble WSLENV=ELECTRON_RUN_AS_NODE/w:WT_SESSION:WT_PROFILE_ID: /home/benboardley/.local/bin/cmake /home/benboardley/src/ROV/X16-Surface/ros/com_pub -DCMAKE_INSTALL_PREFIX=/home/benboardley/src/ROV/X16-Surface/install/com_pub[0m
[19.936s] [34mcolcon.colcon_core.event_handler.log_command[0m [1;30mDEBUG[0m [32mInvoking command in '/home/benboardley/src/ROV/X16-Surface/build/com_pub': CMAKE_PREFIX_PATH=${CMAKE_PREFIX_PATH}:/opt/ros/humble WSLENV=ELECTRON_RUN_AS_NODE/w:WT_SESSION:WT_PROFILE_ID: /home/benboardley/.local/bin/cmake --build /home/benboardley/src/ROV/X16-Surface/build/com_pub -- -j8 -l8[0m
[20.551s] [34mcolcon.colcon_core.event_handler.log_command[0m [1;30mDEBUG[0m [32mInvoked command in '/home/benboardley/src/ROV/X16-Surface/build/com_pub' returned '0': CMAKE_PREFIX_PATH=${CMAKE_PREFIX_PATH}:/opt/ros/humble WSLENV=ELECTRON_RUN_AS_NODE/w:WT_SESSION:WT_PROFILE_ID: /home/benboardley/.local/bin/cmake --build /home/benboardley/src/ROV/X16-Surface/build/com_pub -- -j8 -l8[0m
[20.643s] [34mcolcon.colcon_core.event_handler.log_command[0m [1;30mDEBUG[0m [32mInvoking command in '/home/benboardley/src/ROV/X16-Surface/build/com_pub': CMAKE_PREFIX_PATH=${CMAKE_PREFIX_PATH}:/opt/ros/humble WSLENV=ELECTRON_RUN_AS_NODE/w:WT_SESSION:WT_PROFILE_ID: /home/benboardley/.local/bin/cmake --install /home/benboardley/src/ROV/X16-Surface/build/com_pub[0m
[20.812s] [34mcolcon.colcon_core.environment[0m [1;30mLevel 1[0m create_environment_scripts_only(com_pub)
[20.816s] [34mcolcon.colcon_core.environment[0m [1;30mLevel 1[0m checking '/home/benboardley/src/ROV/X16-Surface/install/com_pub' for CMake module files
[20.817s] [34mcolcon.colcon_core.event_handler.log_command[0m [1;30mDEBUG[0m [32mInvoked command in '/home/benboardley/src/ROV/X16-Surface/build/com_pub' returned '0': CMAKE_PREFIX_PATH=${CMAKE_PREFIX_PATH}:/opt/ros/humble WSLENV=ELECTRON_RUN_AS_NODE/w:WT_SESSION:WT_PROFILE_ID: /home/benboardley/.local/bin/cmake --install /home/benboardley/src/ROV/X16-Surface/build/com_pub[0m
[20.818s] [34mcolcon.colcon_core.environment[0m [1;30mLevel 1[0m checking '/home/benboardley/src/ROV/X16-Surface/install/com_pub' for CMake config files
[20.819s] [34mcolcon.colcon_core.shell[0m [1;30mLevel 1[0m create_environment_hook('com_pub', 'cmake_prefix_path')
[20.823s] [34mcolcon.colcon_core.shell[0m [1;30mINFO[0m Creating environment hook '/home/benboardley/src/ROV/X16-Surface/install/com_pub/share/com_pub/hook/cmake_prefix_path.ps1'
[20.825s] [34mcolcon.colcon_core.shell[0m [1;30mINFO[0m Creating environment descriptor '/home/benboardley/src/ROV/X16-Surface/install/com_pub/share/com_pub/hook/cmake_prefix_path.dsv'
[20.826s] [34mcolcon.colcon_core.shell[0m [1;30mINFO[0m Creating environment hook '/home/benboardley/src/ROV/X16-Surface/install/com_pub/share/com_pub/hook/cmake_prefix_path.sh'
[20.827s] [34mcolcon.colcon_core.environment[0m [1;30mLevel 1[0m checking '/home/benboardley/src/ROV/X16-Surface/install/com_pub/lib'
[20.827s] [34mcolcon.colcon_core.environment[0m [1;30mLevel 1[0m checking '/home/benboardley/src/ROV/X16-Surface/install/com_pub/bin'
[20.827s] [34mcolcon.colcon_core.environment[0m [1;30mLevel 1[0m checking '/home/benboardley/src/ROV/X16-Surface/install/com_pub/lib/pkgconfig/com_pub.pc'
[20.828s] [34mcolcon.colcon_core.environment[0m [1;30mLevel 1[0m checking '/home/benboardley/src/ROV/X16-Surface/install/com_pub/lib/python3.10/site-packages'
[20.828s] [34mcolcon.colcon_core.environment[0m [1;30mLevel 1[0m checking '/home/benboardley/src/ROV/X16-Surface/install/com_pub/bin'
[20.831s] [34mcolcon.colcon_core.shell[0m [1;30mINFO[0m Creating package script '/home/benboardley/src/ROV/X16-Surface/install/com_pub/share/com_pub/package.ps1'
[20.832s] [34mcolcon.colcon_core.shell[0m [1;30mINFO[0m Creating package descriptor '/home/benboardley/src/ROV/X16-Surface/install/com_pub/share/com_pub/package.dsv'
[20.833s] [34mcolcon.colcon_core.shell[0m [1;30mINFO[0m Creating package script '/home/benboardley/src/ROV/X16-Surface/install/com_pub/share/com_pub/package.sh'
[20.834s] [34mcolcon.colcon_core.shell[0m [1;30mINFO[0m Creating package script '/home/benboardley/src/ROV/X16-Surface/install/com_pub/share/com_pub/package.bash'
[20.835s] [34mcolcon.colcon_core.shell[0m [1;30mINFO[0m Creating package script '/home/benboardley/src/ROV/X16-Surface/install/com_pub/share/com_pub/package.zsh'
[20.835s] [34mcolcon.colcon_core.environment[0m [1;30mLevel 1[0m create_file_with_runtime_dependencies(/home/benboardley/src/ROV/X16-Surface/install/com_pub/share/colcon-core/packages/com_pub)
[20.948s] [34mcolcon.colcon_core.environment[0m [1;30mLevel 1[0m create_environment_scripts_only(com_pub)
[20.952s] [34mcolcon.colcon_core.environment[0m [1;30mLevel 1[0m checking '/home/benboardley/src/ROV/X16-Surface/install/com_pub' for CMake module files
[20.953s] [34mcolcon.colcon_core.environment[0m [1;30mLevel 1[0m checking '/home/benboardley/src/ROV/X16-Surface/install/com_pub' for CMake config files
[20.954s] [34mcolcon.colcon_core.shell[0m [1;30mLevel 1[0m create_environment_hook('com_pub', 'cmake_prefix_path')
[20.958s] [34mcolcon.colcon_core.shell[0m [1;30mINFO[0m Creating environment hook '/home/benboardley/src/ROV/X16-Surface/install/com_pub/share/com_pub/hook/cmake_prefix_path.ps1'
[20.959s] [34mcolcon.colcon_core.shell[0m [1;30mINFO[0m Creating environment descriptor '/home/benboardley/src/ROV/X16-Surface/install/com_pub/share/com_pub/hook/cmake_prefix_path.dsv'
[20.960s] [34mcolcon.colcon_core.shell[0m [1;30mINFO[0m Creating environment hook '/home/benboardley/src/ROV/X16-Surface/install/com_pub/share/com_pub/hook/cmake_prefix_path.sh'
[20.961s] [34mcolcon.colcon_core.environment[0m [1;30mLevel 1[0m checking '/home/benboardley/src/ROV/X16-Surface/install/com_pub/lib'
[20.961s] [34mcolcon.colcon_core.environment[0m [1;30mLevel 1[0m checking '/home/benboardley/src/ROV/X16-Surface/install/com_pub/bin'
[20.962s] [34mcolcon.colcon_core.environment[0m [1;30mLevel 1[0m checking '/home/benboardley/src/ROV/X16-Surface/install/com_pub/lib/pkgconfig/com_pub.pc'
[20.962s] [34mcolcon.colcon_core.environment[0m [1;30mLevel 1[0m checking '/home/benboardley/src/ROV/X16-Surface/install/com_pub/lib/python3.10/site-packages'
[20.962s] [34mcolcon.colcon_core.environment[0m [1;30mLevel 1[0m checking '/home/benboardley/src/ROV/X16-Surface/install/com_pub/bin'
[20.968s] [34mcolcon.colcon_core.shell[0m [1;30mINFO[0m Creating package script '/home/benboardley/src/ROV/X16-Surface/install/com_pub/share/com_pub/package.ps1'
[20.970s] [34mcolcon.colcon_core.shell[0m [1;30mINFO[0m Creating package descriptor '/home/benboardley/src/ROV/X16-Surface/install/com_pub/share/com_pub/package.dsv'
[20.971s] [34mcolcon.colcon_core.shell[0m [1;30mINFO[0m Creating package script '/home/benboardley/src/ROV/X16-Surface/install/com_pub/share/com_pub/package.sh'
[20.973s] [34mcolcon.colcon_core.shell[0m [1;30mINFO[0m Creating package script '/home/benboardley/src/ROV/X16-Surface/install/com_pub/share/com_pub/package.bash'
[20.974s] [34mcolcon.colcon_core.shell[0m [1;30mINFO[0m Creating package script '/home/benboardley/src/ROV/X16-Surface/install/com_pub/share/com_pub/package.zsh'
[20.974s] [34mcolcon.colcon_core.environment[0m [1;30mLevel 1[0m create_file_with_runtime_dependencies(/home/benboardley/src/ROV/X16-Surface/install/com_pub/share/colcon-core/packages/com_pub)
[23.799s] [34mcolcon.colcon_core.event_handler.log_command[0m [1;30mDEBUG[0m [32mInvoked command in '/home/benboardley/src/ROV/X16-Surface/build/shared_msgs' returned '0': CMAKE_PREFIX_PATH=${CMAKE_PREFIX_PATH}:/opt/ros/humble WSLENV=ELECTRON_RUN_AS_NODE/w:WT_SESSION:WT_PROFILE_ID: /home/benboardley/.local/bin/cmake /home/benboardley/src/ROV/X16-Surface/ros/shared_msgs -DCMAKE_INSTALL_PREFIX=/home/benboardley/src/ROV/X16-Surface/install/shared_msgs[0m
[23.807s] [34mcolcon.colcon_core.event_handler.log_command[0m [1;30mDEBUG[0m [32mInvoking command in '/home/benboardley/src/ROV/X16-Surface/build/shared_msgs': CMAKE_PREFIX_PATH=${CMAKE_PREFIX_PATH}:/opt/ros/humble WSLENV=ELECTRON_RUN_AS_NODE/w:WT_SESSION:WT_PROFILE_ID: /home/benboardley/.local/bin/cmake --build /home/benboardley/src/ROV/X16-Surface/build/shared_msgs -- -j8 -l8[0m
[33.950s] [34mcolcon.colcon_core.event_handler.log_command[0m [1;30mDEBUG[0m [32mInvoked command in '/home/benboardley/src/ROV/X16-Surface/build/shared_msgs' returned '0': CMAKE_PREFIX_PATH=${CMAKE_PREFIX_PATH}:/opt/ros/humble WSLENV=ELECTRON_RUN_AS_NODE/w:WT_SESSION:WT_PROFILE_ID: /home/benboardley/.local/bin/cmake --build /home/benboardley/src/ROV/X16-Surface/build/shared_msgs -- -j8 -l8[0m
[34.316s] [34mcolcon.colcon_core.event_handler.log_command[0m [1;30mDEBUG[0m [32mInvoking command in '/home/benboardley/src/ROV/X16-Surface/build/shared_msgs': CMAKE_PREFIX_PATH=${CMAKE_PREFIX_PATH}:/opt/ros/humble WSLENV=ELECTRON_RUN_AS_NODE/w:WT_SESSION:WT_PROFILE_ID: /home/benboardley/.local/bin/cmake --install /home/benboardley/src/ROV/X16-Surface/build/shared_msgs[0m
[34.508s] [34mcolcon.colcon_core.environment[0m [1;30mLevel 1[0m create_environment_scripts_only(shared_msgs)
[34.511s] [34mcolcon.colcon_core.environment[0m [1;30mLevel 1[0m checking '/home/benboardley/src/ROV/X16-Surface/install/shared_msgs' for CMake module files
[34.512s] [34mcolcon.colcon_core.event_handler.log_command[0m [1;30mDEBUG[0m [32mInvoked command in '/home/benboardley/src/ROV/X16-Surface/build/shared_msgs' returned '0': CMAKE_PREFIX_PATH=${CMAKE_PREFIX_PATH}:/opt/ros/humble WSLENV=ELECTRON_RUN_AS_NODE/w:WT_SESSION:WT_PROFILE_ID: /home/benboardley/.local/bin/cmake --install /home/benboardley/src/ROV/X16-Surface/build/shared_msgs[0m
[34.513s] [34mcolcon.colcon_core.environment[0m [1;30mLevel 1[0m checking '/home/benboardley/src/ROV/X16-Surface/install/shared_msgs' for CMake config files
[34.513s] [34mcolcon.colcon_core.shell[0m [1;30mLevel 1[0m create_environment_hook('shared_msgs', 'cmake_prefix_path')
[34.514s] [34mcolcon.colcon_core.shell[0m [1;30mINFO[0m Creating environment hook '/home/benboardley/src/ROV/X16-Surface/install/shared_msgs/share/shared_msgs/hook/cmake_prefix_path.ps1'
[34.515s] [34mcolcon.colcon_core.shell[0m [1;30mINFO[0m Creating environment descriptor '/home/benboardley/src/ROV/X16-Surface/install/shared_msgs/share/shared_msgs/hook/cmake_prefix_path.dsv'
[34.515s] [34mcolcon.colcon_core.shell[0m [1;30mINFO[0m Creating environment hook '/home/benboardley/src/ROV/X16-Surface/install/shared_msgs/share/shared_msgs/hook/cmake_prefix_path.sh'
[34.516s] [34mcolcon.colcon_core.environment[0m [1;30mLevel 1[0m checking '/home/benboardley/src/ROV/X16-Surface/install/shared_msgs/lib'
[34.516s] [34mcolcon.colcon_core.shell[0m [1;30mLevel 1[0m create_environment_hook('shared_msgs', 'ld_library_path_lib')
[34.517s] [34mcolcon.colcon_core.shell[0m [1;30mINFO[0m Creating environment hook '/home/benboardley/src/ROV/X16-Surface/install/shared_msgs/share/shared_msgs/hook/ld_library_path_lib.ps1'
[34.518s] [34mcolcon.colcon_core.shell[0m [1;30mINFO[0m Creating environment descriptor '/home/benboardley/src/ROV/X16-Surface/install/shared_msgs/share/shared_msgs/hook/ld_library_path_lib.dsv'
[34.518s] [34mcolcon.colcon_core.shell[0m [1;30mINFO[0m Creating environment hook '/home/benboardley/src/ROV/X16-Surface/install/shared_msgs/share/shared_msgs/hook/ld_library_path_lib.sh'
[34.518s] [34mcolcon.colcon_core.environment[0m [1;30mLevel 1[0m checking '/home/benboardley/src/ROV/X16-Surface/install/shared_msgs/bin'
[34.518s] [34mcolcon.colcon_core.environment[0m [1;30mLevel 1[0m checking '/home/benboardley/src/ROV/X16-Surface/install/shared_msgs/lib/pkgconfig/shared_msgs.pc'
[34.518s] [34mcolcon.colcon_core.environment[0m [1;30mLevel 1[0m checking '/home/benboardley/src/ROV/X16-Surface/install/shared_msgs/lib/python3.10/site-packages'
[34.519s] [34mcolcon.colcon_core.environment[0m [1;30mLevel 1[0m checking '/home/benboardley/src/ROV/X16-Surface/install/shared_msgs/bin'
[34.520s] [34mcolcon.colcon_core.shell[0m [1;30mINFO[0m Creating package script '/home/benboardley/src/ROV/X16-Surface/install/shared_msgs/share/shared_msgs/package.ps1'
[34.520s] [34mcolcon.colcon_core.shell[0m [1;30mINFO[0m Creating package descriptor '/home/benboardley/src/ROV/X16-Surface/install/shared_msgs/share/shared_msgs/package.dsv'
[34.521s] [34mcolcon.colcon_core.shell[0m [1;30mINFO[0m Creating package script '/home/benboardley/src/ROV/X16-Surface/install/shared_msgs/share/shared_msgs/package.sh'
[34.521s] [34mcolcon.colcon_core.shell[0m [1;30mINFO[0m Creating package script '/home/benboardley/src/ROV/X16-Surface/install/shared_msgs/share/shared_msgs/package.bash'
[34.521s] [34mcolcon.colcon_core.shell[0m [1;30mINFO[0m Creating package script '/home/benboardley/src/ROV/X16-Surface/install/shared_msgs/share/shared_msgs/package.zsh'
[34.522s] [34mcolcon.colcon_core.environment[0m [1;30mLevel 1[0m create_file_with_runtime_dependencies(/home/benboardley/src/ROV/X16-Surface/install/shared_msgs/share/colcon-core/packages/shared_msgs)
[34.798s] [34mcolcon.colcon_core.environment[0m [1;30mLevel 1[0m create_environment_scripts_only(shared_msgs)
[34.801s] [34mcolcon.colcon_core.environment[0m [1;30mLevel 1[0m checking '/home/benboardley/src/ROV/X16-Surface/install/shared_msgs' for CMake module files
[34.802s] [34mcolcon.colcon_core.environment[0m [1;30mLevel 1[0m checking '/home/benboardley/src/ROV/X16-Surface/install/shared_msgs' for CMake config files
[34.802s] [34mcolcon.colcon_core.shell[0m [1;30mLevel 1[0m create_environment_hook('shared_msgs', 'cmake_prefix_path')
[34.803s] [34mcolcon.colcon_core.shell[0m [1;30mINFO[0m Creating environment hook '/home/benboardley/src/ROV/X16-Surface/install/shared_msgs/share/shared_msgs/hook/cmake_prefix_path.ps1'
[34.804s] [34mcolcon.colcon_core.shell[0m [1;30mINFO[0m Creating environment descriptor '/home/benboardley/src/ROV/X16-Surface/install/shared_msgs/share/shared_msgs/hook/cmake_prefix_path.dsv'
[34.804s] [34mcolcon.colcon_core.shell[0m [1;30mINFO[0m Creating environment hook '/home/benboardley/src/ROV/X16-Surface/install/shared_msgs/share/shared_msgs/hook/cmake_prefix_path.sh'
[34.804s] [34mcolcon.colcon_core.environment[0m [1;30mLevel 1[0m checking '/home/benboardley/src/ROV/X16-Surface/install/shared_msgs/lib'
[34.804s] [34mcolcon.colcon_core.shell[0m [1;30mLevel 1[0m create_environment_hook('shared_msgs', 'ld_library_path_lib')
[34.805s] [34mcolcon.colcon_core.shell[0m [1;30mINFO[0m Creating environment hook '/home/benboardley/src/ROV/X16-Surface/install/shared_msgs/share/shared_msgs/hook/ld_library_path_lib.ps1'
[34.806s] [34mcolcon.colcon_core.shell[0m [1;30mINFO[0m Creating environment descriptor '/home/benboardley/src/ROV/X16-Surface/install/shared_msgs/share/shared_msgs/hook/ld_library_path_lib.dsv'
[34.806s] [34mcolcon.colcon_core.shell[0m [1;30mINFO[0m Creating environment hook '/home/benboardley/src/ROV/X16-Surface/install/shared_msgs/share/shared_msgs/hook/ld_library_path_lib.sh'
[34.806s] [34mcolcon.colcon_core.environment[0m [1;30mLevel 1[0m checking '/home/benboardley/src/ROV/X16-Surface/install/shared_msgs/bin'
[34.806s] [34mcolcon.colcon_core.environment[0m [1;30mLevel 1[0m checking '/home/benboardley/src/ROV/X16-Surface/install/shared_msgs/lib/pkgconfig/shared_msgs.pc'
[34.806s] [34mcolcon.colcon_core.environment[0m [1;30mLevel 1[0m checking '/home/benboardley/src/ROV/X16-Surface/install/shared_msgs/lib/python3.10/site-packages'
[34.807s] [34mcolcon.colcon_core.environment[0m [1;30mLevel 1[0m checking '/home/benboardley/src/ROV/X16-Surface/install/shared_msgs/bin'
[34.808s] [34mcolcon.colcon_core.shell[0m [1;30mINFO[0m Creating package script '/home/benboardley/src/ROV/X16-Surface/install/shared_msgs/share/shared_msgs/package.ps1'
[34.809s] [34mcolcon.colcon_core.shell[0m [1;30mINFO[0m Creating package descriptor '/home/benboardley/src/ROV/X16-Surface/install/shared_msgs/share/shared_msgs/package.dsv'
[34.809s] [34mcolcon.colcon_core.shell[0m [1;30mINFO[0m Creating package script '/home/benboardley/src/ROV/X16-Surface/install/shared_msgs/share/shared_msgs/package.sh'
[34.809s] [34mcolcon.colcon_core.shell[0m [1;30mINFO[0m Creating package script '/home/benboardley/src/ROV/X16-Surface/install/shared_msgs/share/shared_msgs/package.bash'
[34.810s] [34mcolcon.colcon_core.shell[0m [1;30mINFO[0m Creating package script '/home/benboardley/src/ROV/X16-Surface/install/shared_msgs/share/shared_msgs/package.zsh'
[34.810s] [34mcolcon.colcon_core.environment[0m [1;30mLevel 1[0m create_file_with_runtime_dependencies(/home/benboardley/src/ROV/X16-Surface/install/shared_msgs/share/colcon-core/packages/shared_msgs)
[34.811s] [34mcolcon.colcon_parallel_executor.executor.parallel[0m [1;30mDEBUG[0m [32mclosing loop[0m
[34.814s] [34mcolcon.colcon_parallel_executor.executor.parallel[0m [1;30mDEBUG[0m [32mloop closed[0m
[34.814s] [34mcolcon.colcon_parallel_executor.executor.parallel[0m [1;30mDEBUG[0m [32mrun_until_complete finished with '0'[0m
[34.814s] [34mcolcon.colcon_core.event_reactor[0m [1;30mDEBUG[0m [32mjoining thread[0m
[35.043s] [34mcolcon.colcon_core.plugin_system[0m [1;30mINFO[0m Skipping extension 'colcon_notification.desktop_notification.notify_send': Could not find 'notify-send'
[35.043s] [34mcolcon.colcon_core.plugin_system[0m [1;30mINFO[0m Skipping extension 'colcon_notification.desktop_notification.terminal_notifier': Not used on non-Darwin systems
[35.044s] [34mcolcon.colcon_core.plugin_system[0m [1;30mINFO[0m Skipping extension 'colcon_notification.desktop_notification.win32': Not used on non-Windows systems
[35.044s] [34mcolcon.colcon_notification.desktop_notification[0m [1;30mINFO[0m Sending desktop notification using 'notify2'
[35.058s] [34mcolcon.colcon_notification.desktop_notification.notify2[0m [1;30mDEBUG[0m [32mFailed to initialize notify2: org.freedesktop.DBus.Error.ServiceUnknown: The name org.freedesktop.Notifications was not provided by any .service files[0m
[35.059s] [34mcolcon.colcon_core.event_reactor[0m [1;30mDEBUG[0m [32mjoined thread[0m
[35.062s] [34mcolcon.colcon_core.shell[0m [1;30mINFO[0m Creating prefix script '/home/benboardley/src/ROV/X16-Surface/install/local_setup.ps1'
[35.065s] [34mcolcon.colcon_core.shell[0m [1;30mINFO[0m Creating prefix util module '/home/benboardley/src/ROV/X16-Surface/install/_local_setup_util_ps1.py'
[35.068s] [34mcolcon.colcon_core.shell[0m [1;30mINFO[0m Creating prefix chain script '/home/benboardley/src/ROV/X16-Surface/install/setup.ps1'
[35.071s] [34mcolcon.colcon_core.shell[0m [1;30mINFO[0m Creating prefix script '/home/benboardley/src/ROV/X16-Surface/install/local_setup.sh'
[35.072s] [34mcolcon.colcon_core.shell[0m [1;30mINFO[0m Creating prefix util module '/home/benboardley/src/ROV/X16-Surface/install/_local_setup_util_sh.py'
[35.073s] [34mcolcon.colcon_core.shell[0m [1;30mINFO[0m Creating prefix chain script '/home/benboardley/src/ROV/X16-Surface/install/setup.sh'
[35.075s] [34mcolcon.colcon_core.shell[0m [1;30mINFO[0m Creating prefix script '/home/benboardley/src/ROV/X16-Surface/install/local_setup.bash'
[35.076s] [34mcolcon.colcon_core.shell[0m [1;30mINFO[0m Creating prefix chain script '/home/benboardley/src/ROV/X16-Surface/install/setup.bash'
[35.078s] [34mcolcon.colcon_core.shell[0m [1;30mINFO[0m Creating prefix script '/home/benboardley/src/ROV/X16-Surface/install/local_setup.zsh'
[35.079s] [34mcolcon.colcon_core.shell[0m [1;30mINFO[0m Creating prefix chain script '/home/benboardley/src/ROV/X16-Surface/install/setup.zsh'
