[0.054s] Invoking command in '/home/benboardley/src/ROV/X16-Surface/ros/build/gamepad': CMAKE_PREFIX_PATH=/opt/ros/humble WSLENV=ELECTRON_RUN_AS_NODE/w: /home/benboardley/.local/bin/cmake /home/benboardley/src/ROV/X16-Surface/ros/gamepad -DCMAKE_INSTALL_PREFIX=/home/benboardley/src/ROV/X16-Surface/ros/install/gamepad
[0.569s] -- The C compiler identification is GNU 11.4.0
[2.388s] -- The CXX compiler identification is GNU 11.4.0
[4.012s] -- Detecting C compiler ABI info
[4.420s] -- Detecting C compiler ABI info - done
[4.450s] -- Check for working C compiler: /usr/bin/cc - skipped
[4.451s] -- Detecting C compile features
[4.451s] -- Detecting C compile features - done
[4.733s] -- Detecting CXX compiler ABI info
[5.244s] -- Detecting CXX compiler ABI info - done
[5.272s] -- Check for working CXX compiler: /usr/bin/c++ - skipped
[5.272s] -- Detecting CXX compile features
[5.273s] -- Detecting CXX compile features - done
[5.276s] -- Found ament_cmake: 1.3.5 (/opt/ros/humble/share/ament_cmake/cmake)
[11.303s] -- Found Python3: /usr/bin/python3.10 (found version "3.10.12") found components: Interpreter 
[11.418s] -- Found rclpy: 3.3.9 (/opt/ros/humble/share/rclpy/cmake)
[11.419s] -- Found builtin_interfaces: 1.2.1 (/opt/ros/humble/share/builtin_interfaces/cmake)
[11.848s] -- Found rosidl_generator_c: 3.1.5 (/opt/ros/humble/share/rosidl_generator_c/cmake)
[11.856s] -- Found rosidl_adapter: 3.1.5 (/opt/ros/humble/share/rosidl_adapter/cmake)
[11.872s] -- Found rosidl_generator_cpp: 3.1.5 (/opt/ros/humble/share/rosidl_generator_cpp/cmake)
[11.892s] -- Using all available rosidl_typesupport_c: rosidl_typesupport_fastrtps_c;rosidl_typesupport_introspection_c
[11.919s] -- Using all available rosidl_typesupport_cpp: rosidl_typesupport_fastrtps_cpp;rosidl_typesupport_introspection_cpp
[11.948s] -- Found rosidl_default_generators: 1.2.0 (/opt/ros/humble/share/rosidl_default_generators/cmake)
[12.062s] -- Found ament_lint_auto: 0.12.7 (/opt/ros/humble/share/ament_lint_auto/cmake)
[12.138s] -- Added test 'flake8' to check Python code syntax and style conventions
[12.139s] -- Added test 'lint_cmake' to check CMake code style
[12.140s] -- Added test 'pep257' to check Python code against some of the docstring style conventions in PEP 257
[12.141s] -- Added test 'xmllint' to check XML markup files
[12.142s] -- Configuring done (12.0s)
[12.150s] -- Generating done (0.0s)
[12.152s] -- Build files have been written to: /home/benboardley/src/ROV/X16-Surface/ros/build/gamepad
[12.166s] Invoked command in '/home/benboardley/src/ROV/X16-Surface/ros/build/gamepad' returned '0': CMAKE_PREFIX_PATH=/opt/ros/humble WSLENV=ELECTRON_RUN_AS_NODE/w: /home/benboardley/.local/bin/cmake /home/benboardley/src/ROV/X16-Surface/ros/gamepad -DCMAKE_INSTALL_PREFIX=/home/benboardley/src/ROV/X16-Surface/ros/install/gamepad
[12.169s] Invoking command in '/home/benboardley/src/ROV/X16-Surface/ros/build/gamepad': CMAKE_PREFIX_PATH=/opt/ros/humble WSLENV=ELECTRON_RUN_AS_NODE/w: /home/benboardley/.local/bin/cmake --build /home/benboardley/src/ROV/X16-Surface/ros/build/gamepad -- -j8 -l8
[12.221s] Built target ament_cmake_python_copy_gamepad
[12.490s] running egg_info
[12.492s] creating gamepad.egg-info
[12.519s] writing gamepad.egg-info/PKG-INFO
[12.519s] writing dependency_links to gamepad.egg-info/dependency_links.txt
[12.520s] writing top-level names to gamepad.egg-info/top_level.txt
[12.520s] writing manifest file 'gamepad.egg-info/SOURCES.txt'
[12.573s] reading manifest file 'gamepad.egg-info/SOURCES.txt'
[12.574s] writing manifest file 'gamepad.egg-info/SOURCES.txt'
[12.603s] Built target ament_cmake_python_build_gamepad_egg
[12.612s] Invoked command in '/home/benboardley/src/ROV/X16-Surface/ros/build/gamepad' returned '0': CMAKE_PREFIX_PATH=/opt/ros/humble WSLENV=ELECTRON_RUN_AS_NODE/w: /home/benboardley/.local/bin/cmake --build /home/benboardley/src/ROV/X16-Surface/ros/build/gamepad -- -j8 -l8
[12.661s] Invoking command in '/home/benboardley/src/ROV/X16-Surface/ros/build/gamepad': CMAKE_PREFIX_PATH=/opt/ros/humble WSLENV=ELECTRON_RUN_AS_NODE/w: /home/benboardley/.local/bin/cmake --install /home/benboardley/src/ROV/X16-Surface/ros/build/gamepad
[12.691s] -- Install configuration: ""
[12.692s] -- Installing: /home/benboardley/src/ROV/X16-Surface/ros/install/gamepad/share/gamepad/environment/pythonpath.sh
[12.692s] -- Installing: /home/benboardley/src/ROV/X16-Surface/ros/install/gamepad/share/gamepad/environment/pythonpath.dsv
[12.692s] -- Installing: /home/benboardley/src/ROV/X16-Surface/ros/install/gamepad/local/lib/python3.10/dist-packages/gamepad-0.0.0-py3.10.egg-info
[12.693s] -- Installing: /home/benboardley/src/ROV/X16-Surface/ros/install/gamepad/local/lib/python3.10/dist-packages/gamepad-0.0.0-py3.10.egg-info/dependency_links.txt
[12.693s] -- Installing: /home/benboardley/src/ROV/X16-Surface/ros/install/gamepad/local/lib/python3.10/dist-packages/gamepad-0.0.0-py3.10.egg-info/PKG-INFO
[12.693s] -- Installing: /home/benboardley/src/ROV/X16-Surface/ros/install/gamepad/local/lib/python3.10/dist-packages/gamepad-0.0.0-py3.10.egg-info/top_level.txt
[12.693s] -- Installing: /home/benboardley/src/ROV/X16-Surface/ros/install/gamepad/local/lib/python3.10/dist-packages/gamepad-0.0.0-py3.10.egg-info/SOURCES.txt
[12.693s] -- Installing: /home/benboardley/src/ROV/X16-Surface/ros/install/gamepad/local/lib/python3.10/dist-packages/gamepad
[12.693s] -- Installing: /home/benboardley/src/ROV/X16-Surface/ros/install/gamepad/local/lib/python3.10/dist-packages/gamepad/__init__.py
[12.729s] Listing '/home/benboardley/src/ROV/X16-Surface/ros/install/gamepad/local/lib/python3.10/dist-packages/gamepad'...
[12.729s] Compiling '/home/benboardley/src/ROV/X16-Surface/ros/install/gamepad/local/lib/python3.10/dist-packages/gamepad/__init__.py'...
[12.735s] -- Installing: /home/benboardley/src/ROV/X16-Surface/ros/install/gamepad/lib/gamepad/config.py
[12.735s] -- Installing: /home/benboardley/src/ROV/X16-Surface/ros/install/gamepad/lib/gamepad/inputs.py
[12.735s] -- Installing: /home/benboardley/src/ROV/X16-Surface/ros/install/gamepad/lib/gamepad/sender.py
[12.736s] -- Installing: /home/benboardley/src/ROV/X16-Surface/ros/install/gamepad/share/ament_index/resource_index/package_run_dependencies/gamepad
[12.736s] -- Installing: /home/benboardley/src/ROV/X16-Surface/ros/install/gamepad/share/ament_index/resource_index/parent_prefix_path/gamepad
[12.736s] -- Installing: /home/benboardley/src/ROV/X16-Surface/ros/install/gamepad/share/gamepad/environment/ament_prefix_path.sh
[12.736s] -- Installing: /home/benboardley/src/ROV/X16-Surface/ros/install/gamepad/share/gamepad/environment/ament_prefix_path.dsv
[12.736s] -- Installing: /home/benboardley/src/ROV/X16-Surface/ros/install/gamepad/share/gamepad/environment/path.sh
[12.737s] -- Installing: /home/benboardley/src/ROV/X16-Surface/ros/install/gamepad/share/gamepad/environment/path.dsv
[12.737s] -- Installing: /home/benboardley/src/ROV/X16-Surface/ros/install/gamepad/share/gamepad/local_setup.bash
[12.737s] -- Installing: /home/benboardley/src/ROV/X16-Surface/ros/install/gamepad/share/gamepad/local_setup.sh
[12.737s] -- Installing: /home/benboardley/src/ROV/X16-Surface/ros/install/gamepad/share/gamepad/local_setup.zsh
[12.737s] -- Installing: /home/benboardley/src/ROV/X16-Surface/ros/install/gamepad/share/gamepad/local_setup.dsv
[12.738s] -- Installing: /home/benboardley/src/ROV/X16-Surface/ros/install/gamepad/share/gamepad/package.dsv
[12.738s] -- Installing: /home/benboardley/src/ROV/X16-Surface/ros/install/gamepad/share/ament_index/resource_index/packages/gamepad
[12.738s] -- Installing: /home/benboardley/src/ROV/X16-Surface/ros/install/gamepad/share/gamepad/cmake/gamepadConfig.cmake
[12.738s] -- Installing: /home/benboardley/src/ROV/X16-Surface/ros/install/gamepad/share/gamepad/cmake/gamepadConfig-version.cmake
[12.738s] -- Installing: /home/benboardley/src/ROV/X16-Surface/ros/install/gamepad/share/gamepad/package.xml
[12.745s] Invoked command in '/home/benboardley/src/ROV/X16-Surface/ros/build/gamepad' returned '0': CMAKE_PREFIX_PATH=/opt/ros/humble WSLENV=ELECTRON_RUN_AS_NODE/w: /home/benboardley/.local/bin/cmake --install /home/benboardley/src/ROV/X16-Surface/ros/build/gamepad
