[0.084s] Invoking command in '/home/benboardley/src/ROV/X16-Surface/build/shared_msgs': CMAKE_PREFIX_PATH=${CMAKE_PREFIX_PATH}:/opt/ros/humble WSLENV=ELECTRON_RUN_AS_NODE/w:WT_SESSION:WT_PROFILE_ID: /home/benboardley/.local/bin/cmake /home/benboardley/src/ROV/X16-Surface/ros/shared_msgs -DCMAKE_INSTALL_PREFIX=/home/benboardley/src/ROV/X16-Surface/install/shared_msgs
[0.477s] -- The C compiler identification is GNU 11.4.0
[3.249s] -- The CXX compiler identification is GNU 11.4.0
[5.722s] -- Detecting C compiler ABI info
[6.367s] -- Detecting C compiler ABI info - done
[6.391s] -- Check for working C compiler: /usr/bin/cc - skipped
[6.391s] -- Detecting C compile features
[6.392s] -- Detecting C compile features - done
[6.654s] -- Detecting CXX compiler ABI info
[7.374s] -- Detecting CXX compiler ABI info - done
[7.397s] -- Check for working CXX compiler: /usr/bin/c++ - skipped
[7.398s] -- Detecting CXX compile features
[7.404s] -- Detecting CXX compile features - done
[7.411s] -- Found ament_cmake: 1.3.5 (/opt/ros/humble/share/ament_cmake/cmake)
[14.713s] -- Found Python3: /usr/bin/python3.10 (found version "3.10.12") found components: Interpreter 
[15.063s] -- Found builtin_interfaces: 1.2.1 (/opt/ros/humble/share/builtin_interfaces/cmake)
[15.673s] -- Found rosidl_generator_c: 3.1.5 (/opt/ros/humble/share/rosidl_generator_c/cmake)
[15.685s] -- Found rosidl_adapter: 3.1.5 (/opt/ros/humble/share/rosidl_adapter/cmake)
[15.711s] -- Found rosidl_generator_cpp: 3.1.5 (/opt/ros/humble/share/rosidl_generator_cpp/cmake)
[15.768s] -- Using all available rosidl_typesupport_c: rosidl_typesupport_fastrtps_c;rosidl_typesupport_introspection_c
[15.829s] -- Using all available rosidl_typesupport_cpp: rosidl_typesupport_fastrtps_cpp;rosidl_typesupport_introspection_cpp
[15.891s] -- Found rosidl_default_generators: 1.2.0 (/opt/ros/humble/share/rosidl_default_generators/cmake)
[15.921s] -- Found sensor_msgs: 4.2.3 (/opt/ros/humble/share/sensor_msgs/cmake)
[17.422s] -- Found ament_cmake_ros: 0.10.0 (/opt/ros/humble/share/ament_cmake_ros/cmake)
[18.939s] -- Using all available rosidl_typesupport_c: rosidl_typesupport_fastrtps_c;rosidl_typesupport_introspection_c
[19.614s] -- Using all available rosidl_typesupport_cpp: rosidl_typesupport_fastrtps_cpp;rosidl_typesupport_introspection_cpp
[19.619s] [33mCMake Warning (dev) at /opt/ros/humble/share/rosidl_generator_py/cmake/rosidl_generator_py_generate_interfaces.cmake:20 (find_package):
[19.619s]   Policy CMP0148 is not set: The FindPythonInterp and FindPythonLibs modules
[19.619s]   are removed.  Run "cmake --help-policy CMP0148" for policy details.  Use
[19.619s]   the cmake_policy command to set the policy and suppress this warning.
[19.619s] 
[19.619s] Call Stack (most recent call first):
[19.620s]   /opt/ros/humble/share/ament_cmake_core/cmake/core/ament_execute_extensions.cmake:48 (include)
[19.620s]   /opt/ros/humble/share/rosidl_cmake/cmake/rosidl_generate_interfaces.cmake:286 (ament_execute_extensions)
[19.620s]   CMakeLists.txt:32 (rosidl_generate_interfaces)
[19.620s] This warning is for project developers.  Use -Wno-dev to suppress it.
[19.621s] [0m
[20.188s] -- Found PythonInterp: /usr/bin/python3 (found suitable version "3.10.12", minimum required is "3.6") 
[20.192s] -- Found python_cmake_module: 0.10.0 (/opt/ros/humble/share/python_cmake_module/cmake)
[20.193s] [33mCMake Warning (dev) at /opt/ros/humble/share/python_cmake_module/cmake/Modules/FindPythonExtra.cmake:52 (find_package):
[20.193s]   Policy CMP0148 is not set: The FindPythonInterp and FindPythonLibs modules
[20.193s]   are removed.  Run "cmake --help-policy CMP0148" for policy details.  Use
[20.193s]   the cmake_policy command to set the policy and suppress this warning.
[20.193s] 
[20.193s] Call Stack (most recent call first):
[20.194s]   /opt/ros/humble/share/rosidl_generator_py/cmake/rosidl_generator_py_generate_interfaces.cmake:23 (find_package)
[20.194s]   /opt/ros/humble/share/ament_cmake_core/cmake/core/ament_execute_extensions.cmake:48 (include)
[20.194s]   /opt/ros/humble/share/rosidl_cmake/cmake/rosidl_generate_interfaces.cmake:286 (ament_execute_extensions)
[20.194s]   CMakeLists.txt:32 (rosidl_generate_interfaces)
[20.194s] This warning is for project developers.  Use -Wno-dev to suppress it.
[20.194s] [0m
[20.233s] [33mCMake Warning (dev) at /opt/ros/humble/share/python_cmake_module/cmake/Modules/FindPythonExtra.cmake:140 (find_package):
[20.233s]   Policy CMP0148 is not set: The FindPythonInterp and FindPythonLibs modules
[20.233s]   are removed.  Run "cmake --help-policy CMP0148" for policy details.  Use
[20.233s]   the cmake_policy command to set the policy and suppress this warning.
[20.233s] 
[20.233s] Call Stack (most recent call first):
[20.233s]   /opt/ros/humble/share/rosidl_generator_py/cmake/rosidl_generator_py_generate_interfaces.cmake:23 (find_package)
[20.234s]   /opt/ros/humble/share/ament_cmake_core/cmake/core/ament_execute_extensions.cmake:48 (include)
[20.234s]   /opt/ros/humble/share/rosidl_cmake/cmake/rosidl_generate_interfaces.cmake:286 (ament_execute_extensions)
[20.234s]   CMakeLists.txt:32 (rosidl_generate_interfaces)
[20.234s] This warning is for project developers.  Use -Wno-dev to suppress it.
[20.234s] [0m
[22.104s] -- Found PythonLibs: /usr/lib/x86_64-linux-gnu/libpython3.10.so (found suitable version "3.10.12", minimum required is "3.5") 
[22.104s] -- Using PYTHON_EXECUTABLE: /usr/bin/python3
[22.104s] -- Using PYTHON_INCLUDE_DIRS: /usr/include/python3.10
[22.105s] -- Using PYTHON_LIBRARIES: /usr/lib/x86_64-linux-gnu/libpython3.10.so
[22.151s] -- Found PythonExtra: .so  
[22.556s] -- Found ament_lint_auto: 0.12.7 (/opt/ros/humble/share/ament_lint_auto/cmake)
[22.582s] -- Added test 'lint_cmake' to check CMake code style
[22.583s] -- Added test 'xmllint' to check XML markup files
[22.589s] -- Configuring done (22.4s)
[22.697s] -- Generating done (0.1s)
[22.701s] -- Build files have been written to: /home/benboardley/src/ROV/X16-Surface/build/shared_msgs
[22.718s] Invoked command in '/home/benboardley/src/ROV/X16-Surface/build/shared_msgs' returned '0': CMAKE_PREFIX_PATH=${CMAKE_PREFIX_PATH}:/opt/ros/humble WSLENV=ELECTRON_RUN_AS_NODE/w:WT_SESSION:WT_PROFILE_ID: /home/benboardley/.local/bin/cmake /home/benboardley/src/ROV/X16-Surface/ros/shared_msgs -DCMAKE_INSTALL_PREFIX=/home/benboardley/src/ROV/X16-Surface/install/shared_msgs
[22.727s] Invoking command in '/home/benboardley/src/ROV/X16-Surface/build/shared_msgs': CMAKE_PREFIX_PATH=${CMAKE_PREFIX_PATH}:/opt/ros/humble WSLENV=ELECTRON_RUN_AS_NODE/w:WT_SESSION:WT_PROFILE_ID: /home/benboardley/.local/bin/cmake --build /home/benboardley/src/ROV/X16-Surface/build/shared_msgs -- -j8 -l8
[22.775s] [  1%] [34m[1mGenerating C code for ROS interfaces[0m
[22.782s] [  2%] [34m[1mGenerating C++ code for ROS interfaces[0m
[22.788s] [  2%] Built target ament_cmake_python_copy_shared_msgs
[23.137s] running egg_info
[23.138s] creating shared_msgs.egg-info
[23.155s] writing shared_msgs.egg-info/PKG-INFO
[23.155s] writing dependency_links to shared_msgs.egg-info/dependency_links.txt
[23.155s] writing top-level names to shared_msgs.egg-info/top_level.txt
[23.155s] writing manifest file 'shared_msgs.egg-info/SOURCES.txt'
[23.229s] reading manifest file 'shared_msgs.egg-info/SOURCES.txt'
[23.230s] writing manifest file 'shared_msgs.egg-info/SOURCES.txt'
[23.268s] [  2%] Built target ament_cmake_python_build_shared_msgs_egg
[23.851s] [  2%] Built target shared_msgs__cpp
[23.861s] [  5%] [34m[1mGenerating C++ introspection for ROS interfaces[0m
[23.862s] [  5%] [34m[1mGenerating C++ type support dispatch for ROS interfaces[0m
[23.863s] [  4%] [34m[1mGenerating C++ type support for eProsima Fast-RTPS[0m
[23.965s] [  6%] [32mBuilding C object CMakeFiles/shared_msgs__rosidl_generator_c.dir/rosidl_generator_c/shared_msgs/msg/detail/com_msg__functions.c.o[0m
[23.968s] [  8%] [32mBuilding C object CMakeFiles/shared_msgs__rosidl_generator_c.dir/rosidl_generator_c/shared_msgs/msg/detail/final_thrust_msg__functions.c.o[0m
[23.969s] [  8%] [32mBuilding C object CMakeFiles/shared_msgs__rosidl_generator_c.dir/rosidl_generator_c/shared_msgs/msg/detail/can_msg__functions.c.o[0m
[23.974s] [  9%] [32mBuilding C object CMakeFiles/shared_msgs__rosidl_generator_c.dir/rosidl_generator_c/shared_msgs/msg/detail/rov_velocity_command__functions.c.o[0m
[23.976s] [ 10%] [32mBuilding C object CMakeFiles/shared_msgs__rosidl_generator_c.dir/rosidl_generator_c/shared_msgs/msg/detail/imu_msg__functions.c.o[0m
[24.048s] [ 12%] [32mBuilding C object CMakeFiles/shared_msgs__rosidl_generator_c.dir/rosidl_generator_c/shared_msgs/msg/detail/thrust_command_msg__functions.c.o[0m
[24.048s] [ 12%] [32mBuilding C object CMakeFiles/shared_msgs__rosidl_generator_c.dir/rosidl_generator_c/shared_msgs/msg/detail/temp_msg__functions.c.o[0m
[24.048s] [ 13%] [32mBuilding C object CMakeFiles/shared_msgs__rosidl_generator_c.dir/rosidl_generator_c/shared_msgs/msg/detail/thrust_status_msg__functions.c.o[0m
[24.078s] [ 14%] [32mBuilding C object CMakeFiles/shared_msgs__rosidl_generator_c.dir/rosidl_generator_c/shared_msgs/msg/detail/tools_command_msg__functions.c.o[0m
[24.159s] [ 15%] [32m[1mLinking C shared library libshared_msgs__rosidl_generator_c.so[0m
[24.486s] [ 15%] Built target shared_msgs__rosidl_generator_c
[24.494s] [ 16%] [34m[1mGenerating C type support for eProsima Fast-RTPS[0m
[24.494s] [ 18%] [34m[1mGenerating C type support dispatch for ROS interfaces[0m
[24.495s] [ 18%] [34m[1mGenerating C introspection for ROS interfaces[0m
[24.604s] [ 21%] [32mBuilding CXX object CMakeFiles/shared_msgs__rosidl_typesupport_cpp.dir/rosidl_typesupport_cpp/shared_msgs/msg/com_msg__type_support.cpp.o[0m
[24.604s] [ 21%] [32mBuilding CXX object CMakeFiles/shared_msgs__rosidl_typesupport_cpp.dir/rosidl_typesupport_cpp/shared_msgs/msg/can_msg__type_support.cpp.o[0m
[24.611s] [ 22%] [32mBuilding CXX object CMakeFiles/shared_msgs__rosidl_typesupport_cpp.dir/rosidl_typesupport_cpp/shared_msgs/msg/final_thrust_msg__type_support.cpp.o[0m
[24.995s] [ 23%] [32mBuilding CXX object CMakeFiles/shared_msgs__rosidl_typesupport_introspection_cpp.dir/rosidl_typesupport_introspection_cpp/shared_msgs/msg/detail/can_msg__type_support.cpp.o[0m
[25.031s] [ 24%] [32mBuilding CXX object CMakeFiles/shared_msgs__rosidl_typesupport_fastrtps_cpp.dir/rosidl_typesupport_fastrtps_cpp/shared_msgs/msg/detail/dds_fastrtps/can_msg__type_support.cpp.o[0m
[25.232s] [ 25%] [32mBuilding CXX object CMakeFiles/shared_msgs__rosidl_typesupport_fastrtps_cpp.dir/rosidl_typesupport_fastrtps_cpp/shared_msgs/msg/detail/dds_fastrtps/com_msg__type_support.cpp.o[0m
[25.238s] [ 26%] [32mBuilding CXX object CMakeFiles/shared_msgs__rosidl_typesupport_cpp.dir/rosidl_typesupport_cpp/shared_msgs/msg/imu_msg__type_support.cpp.o[0m
[25.243s] [ 27%] [32mBuilding CXX object CMakeFiles/shared_msgs__rosidl_typesupport_cpp.dir/rosidl_typesupport_cpp/shared_msgs/msg/rov_velocity_command__type_support.cpp.o[0m
[25.495s] [ 28%] [32mBuilding CXX object CMakeFiles/shared_msgs__rosidl_typesupport_c.dir/rosidl_typesupport_c/shared_msgs/msg/can_msg__type_support.cpp.o[0m
[25.536s] [ 29%] [32mBuilding CXX object CMakeFiles/shared_msgs__rosidl_typesupport_c.dir/rosidl_typesupport_c/shared_msgs/msg/com_msg__type_support.cpp.o[0m
[25.579s] [ 30%] [32mBuilding CXX object CMakeFiles/shared_msgs__rosidl_typesupport_c.dir/rosidl_typesupport_c/shared_msgs/msg/final_thrust_msg__type_support.cpp.o[0m
[25.632s] [ 31%] [32mBuilding CXX object CMakeFiles/shared_msgs__rosidl_typesupport_c.dir/rosidl_typesupport_c/shared_msgs/msg/imu_msg__type_support.cpp.o[0m
[25.684s] [ 32%] [32mBuilding CXX object CMakeFiles/shared_msgs__rosidl_typesupport_c.dir/rosidl_typesupport_c/shared_msgs/msg/rov_velocity_command__type_support.cpp.o[0m
[25.740s] [ 33%] [32mBuilding CXX object CMakeFiles/shared_msgs__rosidl_typesupport_c.dir/rosidl_typesupport_c/shared_msgs/msg/temp_msg__type_support.cpp.o[0m
[25.798s] [ 34%] [32mBuilding CXX object CMakeFiles/shared_msgs__rosidl_typesupport_c.dir/rosidl_typesupport_c/shared_msgs/msg/thrust_command_msg__type_support.cpp.o[0m
[25.846s] [ 35%] [32mBuilding CXX object CMakeFiles/shared_msgs__rosidl_typesupport_c.dir/rosidl_typesupport_c/shared_msgs/msg/thrust_status_msg__type_support.cpp.o[0m
[25.865s] [ 36%] [32mBuilding CXX object CMakeFiles/shared_msgs__rosidl_typesupport_cpp.dir/rosidl_typesupport_cpp/shared_msgs/msg/temp_msg__type_support.cpp.o[0m
[25.868s] [ 38%] [32mBuilding C object CMakeFiles/shared_msgs__rosidl_typesupport_introspection_c.dir/rosidl_typesupport_introspection_c/shared_msgs/msg/detail/com_msg__type_support.c.o[0m
[25.869s] [ 38%] [32mBuilding C object CMakeFiles/shared_msgs__rosidl_typesupport_introspection_c.dir/rosidl_typesupport_introspection_c/shared_msgs/msg/detail/can_msg__type_support.c.o[0m
[25.873s] [ 40%] [32mBuilding CXX object CMakeFiles/shared_msgs__rosidl_typesupport_fastrtps_c.dir/rosidl_typesupport_fastrtps_c/shared_msgs/msg/detail/can_msg__type_support_c.cpp.o[0m
[25.875s] [ 41%] [32mBuilding CXX object CMakeFiles/shared_msgs__rosidl_typesupport_introspection_cpp.dir/rosidl_typesupport_introspection_cpp/shared_msgs/msg/detail/com_msg__type_support.cpp.o[0m
[25.891s] [ 42%] [32mBuilding CXX object CMakeFiles/shared_msgs__rosidl_typesupport_c.dir/rosidl_typesupport_c/shared_msgs/msg/tools_command_msg__type_support.cpp.o[0m
[25.924s] [ 43%] [32mBuilding CXX object CMakeFiles/shared_msgs__rosidl_typesupport_fastrtps_c.dir/rosidl_typesupport_fastrtps_c/shared_msgs/msg/detail/com_msg__type_support_c.cpp.o[0m
[25.927s] [ 44%] [32mBuilding C object CMakeFiles/shared_msgs__rosidl_typesupport_introspection_c.dir/rosidl_typesupport_introspection_c/shared_msgs/msg/detail/final_thrust_msg__type_support.c.o[0m
[25.940s] [ 45%] [32m[1mLinking CXX shared library libshared_msgs__rosidl_typesupport_c.so[0m
[25.959s] [ 46%] [32mBuilding C object CMakeFiles/shared_msgs__rosidl_typesupport_introspection_c.dir/rosidl_typesupport_introspection_c/shared_msgs/msg/detail/imu_msg__type_support.c.o[0m
[25.993s] [ 47%] [32mBuilding C object CMakeFiles/shared_msgs__rosidl_typesupport_introspection_c.dir/rosidl_typesupport_introspection_c/shared_msgs/msg/detail/rov_velocity_command__type_support.c.o[0m
[26.059s] [ 48%] [32mBuilding C object CMakeFiles/shared_msgs__rosidl_typesupport_introspection_c.dir/rosidl_typesupport_introspection_c/shared_msgs/msg/detail/temp_msg__type_support.c.o[0m
[26.068s] [ 49%] [32mBuilding C object CMakeFiles/shared_msgs__rosidl_typesupport_introspection_c.dir/rosidl_typesupport_introspection_c/shared_msgs/msg/detail/thrust_command_msg__type_support.c.o[0m
[26.138s] [ 50%] [32mBuilding C object CMakeFiles/shared_msgs__rosidl_typesupport_introspection_c.dir/rosidl_typesupport_introspection_c/shared_msgs/msg/detail/thrust_status_msg__type_support.c.o[0m
[26.143s] [ 51%] [32mBuilding CXX object CMakeFiles/shared_msgs__rosidl_typesupport_fastrtps_cpp.dir/rosidl_typesupport_fastrtps_cpp/shared_msgs/msg/detail/dds_fastrtps/final_thrust_msg__type_support.cpp.o[0m
[26.144s] [ 52%] [32mBuilding CXX object CMakeFiles/shared_msgs__rosidl_typesupport_fastrtps_cpp.dir/rosidl_typesupport_fastrtps_cpp/shared_msgs/msg/detail/dds_fastrtps/imu_msg__type_support.cpp.o[0m
[26.210s] [ 53%] [32mBuilding C object CMakeFiles/shared_msgs__rosidl_typesupport_introspection_c.dir/rosidl_typesupport_introspection_c/shared_msgs/msg/detail/tools_command_msg__type_support.c.o[0m
[26.271s] [ 54%] [32m[1mLinking C shared library libshared_msgs__rosidl_typesupport_introspection_c.so[0m
[26.307s] [ 54%] Built target shared_msgs__rosidl_typesupport_c
[26.317s] [ 55%] [32mBuilding CXX object CMakeFiles/shared_msgs__rosidl_typesupport_fastrtps_cpp.dir/rosidl_typesupport_fastrtps_cpp/shared_msgs/msg/detail/dds_fastrtps/rov_velocity_command__type_support.cpp.o[0m
[26.485s] [ 56%] [32mBuilding CXX object CMakeFiles/shared_msgs__rosidl_typesupport_cpp.dir/rosidl_typesupport_cpp/shared_msgs/msg/thrust_command_msg__type_support.cpp.o[0m
[26.563s] [ 56%] Built target shared_msgs__rosidl_typesupport_introspection_c
[26.572s] [ 57%] [32mBuilding CXX object CMakeFiles/shared_msgs__rosidl_typesupport_fastrtps_cpp.dir/rosidl_typesupport_fastrtps_cpp/shared_msgs/msg/detail/dds_fastrtps/temp_msg__type_support.cpp.o[0m
[26.714s] [ 58%] [32mBuilding CXX object CMakeFiles/shared_msgs__rosidl_typesupport_fastrtps_c.dir/rosidl_typesupport_fastrtps_c/shared_msgs/msg/detail/final_thrust_msg__type_support_c.cpp.o[0m
[26.734s] [ 60%] [32mBuilding CXX object CMakeFiles/shared_msgs__rosidl_typesupport_fastrtps_c.dir/rosidl_typesupport_fastrtps_c/shared_msgs/msg/detail/imu_msg__type_support_c.cpp.o[0m
[26.823s] [ 61%] [32mBuilding CXX object CMakeFiles/shared_msgs__rosidl_typesupport_introspection_cpp.dir/rosidl_typesupport_introspection_cpp/shared_msgs/msg/detail/final_thrust_msg__type_support.cpp.o[0m
[27.073s] [ 62%] [32mBuilding CXX object CMakeFiles/shared_msgs__rosidl_typesupport_fastrtps_cpp.dir/rosidl_typesupport_fastrtps_cpp/shared_msgs/msg/detail/dds_fastrtps/thrust_command_msg__type_support.cpp.o[0m
[27.096s] [ 63%] [32mBuilding CXX object CMakeFiles/shared_msgs__rosidl_typesupport_fastrtps_cpp.dir/rosidl_typesupport_fastrtps_cpp/shared_msgs/msg/detail/dds_fastrtps/thrust_status_msg__type_support.cpp.o[0m
[27.113s] [ 64%] [32mBuilding CXX object CMakeFiles/shared_msgs__rosidl_typesupport_cpp.dir/rosidl_typesupport_cpp/shared_msgs/msg/thrust_status_msg__type_support.cpp.o[0m
[27.275s] [ 65%] [32mBuilding CXX object CMakeFiles/shared_msgs__rosidl_typesupport_fastrtps_cpp.dir/rosidl_typesupport_fastrtps_cpp/shared_msgs/msg/detail/dds_fastrtps/tools_command_msg__type_support.cpp.o[0m
[27.442s] [ 66%] [32mBuilding CXX object CMakeFiles/shared_msgs__rosidl_typesupport_fastrtps_c.dir/rosidl_typesupport_fastrtps_c/shared_msgs/msg/detail/rov_velocity_command__type_support_c.cpp.o[0m
[27.478s] [ 67%] [32mBuilding CXX object CMakeFiles/shared_msgs__rosidl_typesupport_fastrtps_c.dir/rosidl_typesupport_fastrtps_c/shared_msgs/msg/detail/temp_msg__type_support_c.cpp.o[0m
[27.535s] [ 68%] [32mBuilding CXX object CMakeFiles/shared_msgs__rosidl_typesupport_fastrtps_c.dir/rosidl_typesupport_fastrtps_c/shared_msgs/msg/detail/thrust_command_msg__type_support_c.cpp.o[0m
[27.671s] [ 69%] [32mBuilding CXX object CMakeFiles/shared_msgs__rosidl_typesupport_introspection_cpp.dir/rosidl_typesupport_introspection_cpp/shared_msgs/msg/detail/imu_msg__type_support.cpp.o[0m
[27.734s] [ 70%] [32mBuilding CXX object CMakeFiles/shared_msgs__rosidl_typesupport_cpp.dir/rosidl_typesupport_cpp/shared_msgs/msg/tools_command_msg__type_support.cpp.o[0m
[27.962s] [ 71%] [32mBuilding CXX object CMakeFiles/shared_msgs__rosidl_typesupport_introspection_cpp.dir/rosidl_typesupport_introspection_cpp/shared_msgs/msg/detail/rov_velocity_command__type_support.cpp.o[0m
[27.977s] [ 72%] [32mBuilding CXX object CMakeFiles/shared_msgs__rosidl_typesupport_introspection_cpp.dir/rosidl_typesupport_introspection_cpp/shared_msgs/msg/detail/temp_msg__type_support.cpp.o[0m
[28.120s] [ 73%] [32m[1mLinking CXX shared library libshared_msgs__rosidl_typesupport_fastrtps_cpp.so[0m
[28.183s] [ 74%] [32mBuilding CXX object CMakeFiles/shared_msgs__rosidl_typesupport_fastrtps_c.dir/rosidl_typesupport_fastrtps_c/shared_msgs/msg/detail/thrust_status_msg__type_support_c.cpp.o[0m
[28.203s] [ 75%] [32mBuilding CXX object CMakeFiles/shared_msgs__rosidl_typesupport_fastrtps_c.dir/rosidl_typesupport_fastrtps_c/shared_msgs/msg/detail/tools_command_msg__type_support_c.cpp.o[0m
[28.318s] [ 76%] [32mBuilding CXX object CMakeFiles/shared_msgs__rosidl_typesupport_introspection_cpp.dir/rosidl_typesupport_introspection_cpp/shared_msgs/msg/detail/thrust_command_msg__type_support.cpp.o[0m
[28.357s] [ 77%] [32m[1mLinking CXX shared library libshared_msgs__rosidl_typesupport_cpp.so[0m
[28.567s] [ 77%] Built target shared_msgs__rosidl_typesupport_fastrtps_cpp
[28.574s] [ 78%] [32mBuilding CXX object CMakeFiles/shared_msgs__rosidl_typesupport_introspection_cpp.dir/rosidl_typesupport_introspection_cpp/shared_msgs/msg/detail/thrust_status_msg__type_support.cpp.o[0m
[28.583s] [ 80%] [32mBuilding CXX object CMakeFiles/shared_msgs__rosidl_typesupport_introspection_cpp.dir/rosidl_typesupport_introspection_cpp/shared_msgs/msg/detail/tools_command_msg__type_support.cpp.o[0m
[28.731s] [ 80%] Built target shared_msgs__rosidl_typesupport_cpp
[28.932s] [ 81%] [32m[1mLinking CXX shared library libshared_msgs__rosidl_typesupport_fastrtps_c.so[0m
[29.307s] [ 82%] [32m[1mLinking CXX shared library libshared_msgs__rosidl_typesupport_introspection_cpp.so[0m
[29.316s] [ 82%] Built target shared_msgs__rosidl_typesupport_fastrtps_c
[29.796s] [ 82%] Built target shared_msgs__rosidl_typesupport_introspection_cpp
[29.805s] [ 82%] Built target shared_msgs
[29.817s] [ 83%] [34m[1mGenerating Python code for ROS interfaces[0m
[31.334s] [ 83%] Built target shared_msgs__py
[31.346s] [ 84%] [32mBuilding C object CMakeFiles/shared_msgs__rosidl_generator_py.dir/rosidl_generator_py/shared_msgs/msg/_can_msg_s.c.o[0m
[31.346s] [ 85%] [32mBuilding C object CMakeFiles/shared_msgs__rosidl_generator_py.dir/rosidl_generator_py/shared_msgs/msg/_com_msg_s.c.o[0m
[31.347s] [ 86%] [32mBuilding C object CMakeFiles/shared_msgs__rosidl_generator_py.dir/rosidl_generator_py/shared_msgs/msg/_final_thrust_msg_s.c.o[0m
[31.347s] [ 87%] [32mBuilding C object CMakeFiles/shared_msgs__rosidl_generator_py.dir/rosidl_generator_py/shared_msgs/msg/_rov_velocity_command_s.c.o[0m
[31.347s] [ 88%] [32mBuilding C object CMakeFiles/shared_msgs__rosidl_generator_py.dir/rosidl_generator_py/shared_msgs/msg/_imu_msg_s.c.o[0m
[31.348s] [ 89%] [32mBuilding C object CMakeFiles/shared_msgs__rosidl_generator_py.dir/rosidl_generator_py/shared_msgs/msg/_temp_msg_s.c.o[0m
[31.351s] [ 90%] [32mBuilding C object CMakeFiles/shared_msgs__rosidl_generator_py.dir/rosidl_generator_py/shared_msgs/msg/_thrust_command_msg_s.c.o[0m
[31.353s] [ 91%] [32mBuilding C object CMakeFiles/shared_msgs__rosidl_generator_py.dir/rosidl_generator_py/shared_msgs/msg/_thrust_status_msg_s.c.o[0m
[31.550s] [ 92%] [32mBuilding C object CMakeFiles/shared_msgs__rosidl_generator_py.dir/rosidl_generator_py/shared_msgs/msg/_tools_command_msg_s.c.o[0m
[31.686s] [ 93%] [32m[1mLinking C shared library rosidl_generator_py/shared_msgs/libshared_msgs__rosidl_generator_py.so[0m
[32.194s] [ 93%] Built target shared_msgs__rosidl_generator_py
[32.210s] [ 94%] [32mBuilding C object CMakeFiles/shared_msgs__rosidl_typesupport_fastrtps_c__pyext.dir/rosidl_generator_py/shared_msgs/_shared_msgs_s.ep.rosidl_typesupport_fastrtps_c.c.o[0m
[32.213s] [ 95%] [32mBuilding C object CMakeFiles/shared_msgs__rosidl_typesupport_introspection_c__pyext.dir/rosidl_generator_py/shared_msgs/_shared_msgs_s.ep.rosidl_typesupport_introspection_c.c.o[0m
[32.214s] [ 96%] [32mBuilding C object CMakeFiles/shared_msgs__rosidl_typesupport_c__pyext.dir/rosidl_generator_py/shared_msgs/_shared_msgs_s.ep.rosidl_typesupport_c.c.o[0m
[32.390s] [ 97%] [32m[1mLinking C shared library rosidl_generator_py/shared_msgs/shared_msgs_s__rosidl_typesupport_introspection_c.cpython-310-x86_64-linux-gnu.so[0m
[32.401s] [ 98%] [32m[1mLinking C shared library rosidl_generator_py/shared_msgs/shared_msgs_s__rosidl_typesupport_c.cpython-310-x86_64-linux-gnu.so[0m
[32.411s] [100%] [32m[1mLinking C shared library rosidl_generator_py/shared_msgs/shared_msgs_s__rosidl_typesupport_fastrtps_c.cpython-310-x86_64-linux-gnu.so[0m
[32.717s] [100%] Built target shared_msgs__rosidl_typesupport_c__pyext
[32.719s] [100%] Built target shared_msgs__rosidl_typesupport_introspection_c__pyext
[32.845s] [100%] Built target shared_msgs__rosidl_typesupport_fastrtps_c__pyext
[32.869s] Invoked command in '/home/benboardley/src/ROV/X16-Surface/build/shared_msgs' returned '0': CMAKE_PREFIX_PATH=${CMAKE_PREFIX_PATH}:/opt/ros/humble WSLENV=ELECTRON_RUN_AS_NODE/w:WT_SESSION:WT_PROFILE_ID: /home/benboardley/.local/bin/cmake --build /home/benboardley/src/ROV/X16-Surface/build/shared_msgs -- -j8 -l8
[33.236s] Invoking command in '/home/benboardley/src/ROV/X16-Surface/build/shared_msgs': CMAKE_PREFIX_PATH=${CMAKE_PREFIX_PATH}:/opt/ros/humble WSLENV=ELECTRON_RUN_AS_NODE/w:WT_SESSION:WT_PROFILE_ID: /home/benboardley/.local/bin/cmake --install /home/benboardley/src/ROV/X16-Surface/build/shared_msgs
[33.272s] -- Install configuration: ""
[33.273s] -- Installing: /home/benboardley/src/ROV/X16-Surface/install/shared_msgs/share/ament_index/resource_index/rosidl_interfaces/shared_msgs
[33.273s] -- Installing: /home/benboardley/src/ROV/X16-Surface/install/shared_msgs/include/shared_msgs/shared_msgs
[33.273s] -- Installing: /home/benboardley/src/ROV/X16-Surface/install/shared_msgs/include/shared_msgs/shared_msgs/msg
[33.274s] -- Installing: /home/benboardley/src/ROV/X16-Surface/install/shared_msgs/include/shared_msgs/shared_msgs/msg/final_thrust_msg.h
[33.274s] -- Installing: /home/benboardley/src/ROV/X16-Surface/install/shared_msgs/include/shared_msgs/shared_msgs/msg/can_msg.h
[33.274s] -- Installing: /home/benboardley/src/ROV/X16-Surface/install/shared_msgs/include/shared_msgs/shared_msgs/msg/rov_velocity_command.h
[33.274s] -- Installing: /home/benboardley/src/ROV/X16-Surface/install/shared_msgs/include/shared_msgs/shared_msgs/msg/imu_msg.h
[33.274s] -- Installing: /home/benboardley/src/ROV/X16-Surface/install/shared_msgs/include/shared_msgs/shared_msgs/msg/tools_command_msg.h
[33.275s] -- Installing: /home/benboardley/src/ROV/X16-Surface/install/shared_msgs/include/shared_msgs/shared_msgs/msg/detail
[33.275s] -- Installing: /home/benboardley/src/ROV/X16-Surface/install/shared_msgs/include/shared_msgs/shared_msgs/msg/detail/tools_command_msg__functions.h
[33.275s] -- Installing: /home/benboardley/src/ROV/X16-Surface/install/shared_msgs/include/shared_msgs/shared_msgs/msg/detail/thrust_command_msg__functions.h
[33.275s] -- Installing: /home/benboardley/src/ROV/X16-Surface/install/shared_msgs/include/shared_msgs/shared_msgs/msg/detail/imu_msg__functions.c
[33.275s] -- Installing: /home/benboardley/src/ROV/X16-Surface/install/shared_msgs/include/shared_msgs/shared_msgs/msg/detail/thrust_status_msg__type_support.h
[33.275s] -- Installing: /home/benboardley/src/ROV/X16-Surface/install/shared_msgs/include/shared_msgs/shared_msgs/msg/detail/rov_velocity_command__struct.h
[33.275s] -- Installing: /home/benboardley/src/ROV/X16-Surface/install/shared_msgs/include/shared_msgs/shared_msgs/msg/detail/com_msg__struct.h
[33.276s] -- Installing: /home/benboardley/src/ROV/X16-Surface/install/shared_msgs/include/shared_msgs/shared_msgs/msg/detail/com_msg__functions.c
[33.276s] -- Installing: /home/benboardley/src/ROV/X16-Surface/install/shared_msgs/include/shared_msgs/shared_msgs/msg/detail/thrust_status_msg__struct.h
[33.276s] -- Installing: /home/benboardley/src/ROV/X16-Surface/install/shared_msgs/include/shared_msgs/shared_msgs/msg/detail/tools_command_msg__struct.h
[33.277s] -- Installing: /home/benboardley/src/ROV/X16-Surface/install/shared_msgs/include/shared_msgs/shared_msgs/msg/detail/final_thrust_msg__struct.h
[33.277s] -- Installing: /home/benboardley/src/ROV/X16-Surface/install/shared_msgs/include/shared_msgs/shared_msgs/msg/detail/rov_velocity_command__functions.h
[33.277s] -- Installing: /home/benboardley/src/ROV/X16-Surface/install/shared_msgs/include/shared_msgs/shared_msgs/msg/detail/final_thrust_msg__type_support.h
[33.277s] -- Installing: /home/benboardley/src/ROV/X16-Surface/install/shared_msgs/include/shared_msgs/shared_msgs/msg/detail/thrust_command_msg__type_support.h
[33.277s] -- Installing: /home/benboardley/src/ROV/X16-Surface/install/shared_msgs/include/shared_msgs/shared_msgs/msg/detail/final_thrust_msg__functions.h
[33.278s] -- Installing: /home/benboardley/src/ROV/X16-Surface/install/shared_msgs/include/shared_msgs/shared_msgs/msg/detail/temp_msg__functions.c
[33.278s] -- Installing: /home/benboardley/src/ROV/X16-Surface/install/shared_msgs/include/shared_msgs/shared_msgs/msg/detail/rov_velocity_command__type_support.h
[33.278s] -- Installing: /home/benboardley/src/ROV/X16-Surface/install/shared_msgs/include/shared_msgs/shared_msgs/msg/detail/can_msg__functions.c
[33.278s] -- Installing: /home/benboardley/src/ROV/X16-Surface/install/shared_msgs/include/shared_msgs/shared_msgs/msg/detail/temp_msg__type_support.h
[33.278s] -- Installing: /home/benboardley/src/ROV/X16-Surface/install/shared_msgs/include/shared_msgs/shared_msgs/msg/detail/can_msg__functions.h
[33.278s] -- Installing: /home/benboardley/src/ROV/X16-Surface/install/shared_msgs/include/shared_msgs/shared_msgs/msg/detail/temp_msg__struct.h
[33.278s] -- Installing: /home/benboardley/src/ROV/X16-Surface/install/shared_msgs/include/shared_msgs/shared_msgs/msg/detail/tools_command_msg__functions.c
[33.278s] -- Installing: /home/benboardley/src/ROV/X16-Surface/install/shared_msgs/include/shared_msgs/shared_msgs/msg/detail/tools_command_msg__type_support.h
[33.278s] -- Installing: /home/benboardley/src/ROV/X16-Surface/install/shared_msgs/include/shared_msgs/shared_msgs/msg/detail/thrust_command_msg__functions.c
[33.278s] -- Installing: /home/benboardley/src/ROV/X16-Surface/install/shared_msgs/include/shared_msgs/shared_msgs/msg/detail/imu_msg__functions.h
[33.278s] -- Installing: /home/benboardley/src/ROV/X16-Surface/install/shared_msgs/include/shared_msgs/shared_msgs/msg/detail/final_thrust_msg__functions.c
[33.279s] -- Installing: /home/benboardley/src/ROV/X16-Surface/install/shared_msgs/include/shared_msgs/shared_msgs/msg/detail/rov_velocity_command__functions.c
[33.279s] -- Installing: /home/benboardley/src/ROV/X16-Surface/install/shared_msgs/include/shared_msgs/shared_msgs/msg/detail/can_msg__type_support.h
[33.279s] -- Installing: /home/benboardley/src/ROV/X16-Surface/install/shared_msgs/include/shared_msgs/shared_msgs/msg/detail/thrust_status_msg__functions.h
[33.279s] -- Installing: /home/benboardley/src/ROV/X16-Surface/install/shared_msgs/include/shared_msgs/shared_msgs/msg/detail/can_msg__struct.h
[33.279s] -- Installing: /home/benboardley/src/ROV/X16-Surface/install/shared_msgs/include/shared_msgs/shared_msgs/msg/detail/imu_msg__struct.h
[33.279s] -- Installing: /home/benboardley/src/ROV/X16-Surface/install/shared_msgs/include/shared_msgs/shared_msgs/msg/detail/imu_msg__type_support.h
[33.279s] -- Installing: /home/benboardley/src/ROV/X16-Surface/install/shared_msgs/include/shared_msgs/shared_msgs/msg/detail/com_msg__type_support.h
[33.279s] -- Installing: /home/benboardley/src/ROV/X16-Surface/install/shared_msgs/include/shared_msgs/shared_msgs/msg/detail/thrust_status_msg__functions.c
[33.279s] -- Installing: /home/benboardley/src/ROV/X16-Surface/install/shared_msgs/include/shared_msgs/shared_msgs/msg/detail/temp_msg__functions.h
[33.279s] -- Installing: /home/benboardley/src/ROV/X16-Surface/install/shared_msgs/include/shared_msgs/shared_msgs/msg/detail/com_msg__functions.h
[33.279s] -- Installing: /home/benboardley/src/ROV/X16-Surface/install/shared_msgs/include/shared_msgs/shared_msgs/msg/detail/thrust_command_msg__struct.h
[33.280s] -- Installing: /home/benboardley/src/ROV/X16-Surface/install/shared_msgs/include/shared_msgs/shared_msgs/msg/thrust_command_msg.h
[33.280s] -- Installing: /home/benboardley/src/ROV/X16-Surface/install/shared_msgs/include/shared_msgs/shared_msgs/msg/thrust_status_msg.h
[33.280s] -- Installing: /home/benboardley/src/ROV/X16-Surface/install/shared_msgs/include/shared_msgs/shared_msgs/msg/com_msg.h
[33.281s] -- Installing: /home/benboardley/src/ROV/X16-Surface/install/shared_msgs/include/shared_msgs/shared_msgs/msg/temp_msg.h
[33.281s] -- Installing: /home/benboardley/src/ROV/X16-Surface/install/shared_msgs/include/shared_msgs/shared_msgs/msg/rosidl_generator_c__visibility_control.h
[33.281s] -- Installing: /home/benboardley/src/ROV/X16-Surface/install/shared_msgs/share/shared_msgs/environment/library_path.sh
[33.281s] -- Installing: /home/benboardley/src/ROV/X16-Surface/install/shared_msgs/share/shared_msgs/environment/library_path.dsv
[33.282s] -- Installing: /home/benboardley/src/ROV/X16-Surface/install/shared_msgs/lib/libshared_msgs__rosidl_generator_c.so
[33.282s] -- Set runtime path of "/home/benboardley/src/ROV/X16-Surface/install/shared_msgs/lib/libshared_msgs__rosidl_generator_c.so" to ""
[33.283s] -- Up-to-date: /home/benboardley/src/ROV/X16-Surface/install/shared_msgs/include/shared_msgs/shared_msgs
[33.283s] -- Up-to-date: /home/benboardley/src/ROV/X16-Surface/install/shared_msgs/include/shared_msgs/shared_msgs/msg
[33.283s] -- Installing: /home/benboardley/src/ROV/X16-Surface/install/shared_msgs/include/shared_msgs/shared_msgs/msg/rosidl_typesupport_fastrtps_c__visibility_control.h
[33.284s] -- Up-to-date: /home/benboardley/src/ROV/X16-Surface/install/shared_msgs/include/shared_msgs/shared_msgs/msg/detail
[33.284s] -- Installing: /home/benboardley/src/ROV/X16-Surface/install/shared_msgs/include/shared_msgs/shared_msgs/msg/detail/final_thrust_msg__rosidl_typesupport_fastrtps_c.h
[33.284s] -- Installing: /home/benboardley/src/ROV/X16-Surface/install/shared_msgs/include/shared_msgs/shared_msgs/msg/detail/imu_msg__rosidl_typesupport_fastrtps_c.h
[33.284s] -- Installing: /home/benboardley/src/ROV/X16-Surface/install/shared_msgs/include/shared_msgs/shared_msgs/msg/detail/com_msg__rosidl_typesupport_fastrtps_c.h
[33.284s] -- Installing: /home/benboardley/src/ROV/X16-Surface/install/shared_msgs/include/shared_msgs/shared_msgs/msg/detail/rov_velocity_command__rosidl_typesupport_fastrtps_c.h
[33.285s] -- Installing: /home/benboardley/src/ROV/X16-Surface/install/shared_msgs/include/shared_msgs/shared_msgs/msg/detail/thrust_command_msg__rosidl_typesupport_fastrtps_c.h
[33.286s] -- Installing: /home/benboardley/src/ROV/X16-Surface/install/shared_msgs/include/shared_msgs/shared_msgs/msg/detail/tools_command_msg__rosidl_typesupport_fastrtps_c.h
[33.286s] -- Installing: /home/benboardley/src/ROV/X16-Surface/install/shared_msgs/include/shared_msgs/shared_msgs/msg/detail/can_msg__rosidl_typesupport_fastrtps_c.h
[33.286s] -- Installing: /home/benboardley/src/ROV/X16-Surface/install/shared_msgs/include/shared_msgs/shared_msgs/msg/detail/thrust_status_msg__rosidl_typesupport_fastrtps_c.h
[33.286s] -- Installing: /home/benboardley/src/ROV/X16-Surface/install/shared_msgs/include/shared_msgs/shared_msgs/msg/detail/temp_msg__rosidl_typesupport_fastrtps_c.h
[33.287s] -- Installing: /home/benboardley/src/ROV/X16-Surface/install/shared_msgs/lib/libshared_msgs__rosidl_typesupport_fastrtps_c.so
[33.287s] -- Set runtime path of "/home/benboardley/src/ROV/X16-Surface/install/shared_msgs/lib/libshared_msgs__rosidl_typesupport_fastrtps_c.so" to ""
[33.287s] -- Up-to-date: /home/benboardley/src/ROV/X16-Surface/install/shared_msgs/include/shared_msgs/shared_msgs
[33.287s] -- Up-to-date: /home/benboardley/src/ROV/X16-Surface/install/shared_msgs/include/shared_msgs/shared_msgs/msg
[33.287s] -- Installing: /home/benboardley/src/ROV/X16-Surface/install/shared_msgs/include/shared_msgs/shared_msgs/msg/thrust_status_msg.hpp
[33.287s] -- Installing: /home/benboardley/src/ROV/X16-Surface/install/shared_msgs/include/shared_msgs/shared_msgs/msg/final_thrust_msg.hpp
[33.287s] -- Installing: /home/benboardley/src/ROV/X16-Surface/install/shared_msgs/include/shared_msgs/shared_msgs/msg/temp_msg.hpp
[33.288s] -- Installing: /home/benboardley/src/ROV/X16-Surface/install/shared_msgs/include/shared_msgs/shared_msgs/msg/thrust_command_msg.hpp
[33.288s] -- Installing: /home/benboardley/src/ROV/X16-Surface/install/shared_msgs/include/shared_msgs/shared_msgs/msg/can_msg.hpp
[33.288s] -- Installing: /home/benboardley/src/ROV/X16-Surface/install/shared_msgs/include/shared_msgs/shared_msgs/msg/rov_velocity_command.hpp
[33.288s] -- Up-to-date: /home/benboardley/src/ROV/X16-Surface/install/shared_msgs/include/shared_msgs/shared_msgs/msg/detail
[33.288s] -- Installing: /home/benboardley/src/ROV/X16-Surface/install/shared_msgs/include/shared_msgs/shared_msgs/msg/detail/final_thrust_msg__traits.hpp
[33.288s] -- Installing: /home/benboardley/src/ROV/X16-Surface/install/shared_msgs/include/shared_msgs/shared_msgs/msg/detail/thrust_status_msg__traits.hpp
[33.288s] -- Installing: /home/benboardley/src/ROV/X16-Surface/install/shared_msgs/include/shared_msgs/shared_msgs/msg/detail/final_thrust_msg__struct.hpp
[33.289s] -- Installing: /home/benboardley/src/ROV/X16-Surface/install/shared_msgs/include/shared_msgs/shared_msgs/msg/detail/can_msg__builder.hpp
[33.289s] -- Installing: /home/benboardley/src/ROV/X16-Surface/install/shared_msgs/include/shared_msgs/shared_msgs/msg/detail/tools_command_msg__traits.hpp
[33.289s] -- Installing: /home/benboardley/src/ROV/X16-Surface/install/shared_msgs/include/shared_msgs/shared_msgs/msg/detail/com_msg__builder.hpp
[33.289s] -- Installing: /home/benboardley/src/ROV/X16-Surface/install/shared_msgs/include/shared_msgs/shared_msgs/msg/detail/rov_velocity_command__struct.hpp
[33.289s] -- Installing: /home/benboardley/src/ROV/X16-Surface/install/shared_msgs/include/shared_msgs/shared_msgs/msg/detail/thrust_command_msg__traits.hpp
[33.289s] -- Installing: /home/benboardley/src/ROV/X16-Surface/install/shared_msgs/include/shared_msgs/shared_msgs/msg/detail/com_msg__struct.hpp
[33.290s] -- Installing: /home/benboardley/src/ROV/X16-Surface/install/shared_msgs/include/shared_msgs/shared_msgs/msg/detail/can_msg__traits.hpp
[33.290s] -- Installing: /home/benboardley/src/ROV/X16-Surface/install/shared_msgs/include/shared_msgs/shared_msgs/msg/detail/rov_velocity_command__traits.hpp
[33.290s] -- Installing: /home/benboardley/src/ROV/X16-Surface/install/shared_msgs/include/shared_msgs/shared_msgs/msg/detail/tools_command_msg__builder.hpp
[33.290s] -- Installing: /home/benboardley/src/ROV/X16-Surface/install/shared_msgs/include/shared_msgs/shared_msgs/msg/detail/final_thrust_msg__builder.hpp
[33.290s] -- Installing: /home/benboardley/src/ROV/X16-Surface/install/shared_msgs/include/shared_msgs/shared_msgs/msg/detail/thrust_status_msg__struct.hpp
[33.290s] -- Installing: /home/benboardley/src/ROV/X16-Surface/install/shared_msgs/include/shared_msgs/shared_msgs/msg/detail/thrust_command_msg__struct.hpp
[33.290s] -- Installing: /home/benboardley/src/ROV/X16-Surface/install/shared_msgs/include/shared_msgs/shared_msgs/msg/detail/temp_msg__builder.hpp
[33.290s] -- Installing: /home/benboardley/src/ROV/X16-Surface/install/shared_msgs/include/shared_msgs/shared_msgs/msg/detail/imu_msg__struct.hpp
[33.291s] -- Installing: /home/benboardley/src/ROV/X16-Surface/install/shared_msgs/include/shared_msgs/shared_msgs/msg/detail/temp_msg__traits.hpp
[33.291s] -- Installing: /home/benboardley/src/ROV/X16-Surface/install/shared_msgs/include/shared_msgs/shared_msgs/msg/detail/temp_msg__struct.hpp
[33.291s] -- Installing: /home/benboardley/src/ROV/X16-Surface/install/shared_msgs/include/shared_msgs/shared_msgs/msg/detail/thrust_command_msg__builder.hpp
[33.291s] -- Installing: /home/benboardley/src/ROV/X16-Surface/install/shared_msgs/include/shared_msgs/shared_msgs/msg/detail/rov_velocity_command__builder.hpp
[33.291s] -- Installing: /home/benboardley/src/ROV/X16-Surface/install/shared_msgs/include/shared_msgs/shared_msgs/msg/detail/can_msg__struct.hpp
[33.291s] -- Installing: /home/benboardley/src/ROV/X16-Surface/install/shared_msgs/include/shared_msgs/shared_msgs/msg/detail/com_msg__traits.hpp
[33.292s] -- Installing: /home/benboardley/src/ROV/X16-Surface/install/shared_msgs/include/shared_msgs/shared_msgs/msg/detail/tools_command_msg__struct.hpp
[33.292s] -- Installing: /home/benboardley/src/ROV/X16-Surface/install/shared_msgs/include/shared_msgs/shared_msgs/msg/detail/imu_msg__builder.hpp
[33.292s] -- Installing: /home/benboardley/src/ROV/X16-Surface/install/shared_msgs/include/shared_msgs/shared_msgs/msg/detail/imu_msg__traits.hpp
[33.292s] -- Installing: /home/benboardley/src/ROV/X16-Surface/install/shared_msgs/include/shared_msgs/shared_msgs/msg/detail/thrust_status_msg__builder.hpp
[33.292s] -- Installing: /home/benboardley/src/ROV/X16-Surface/install/shared_msgs/include/shared_msgs/shared_msgs/msg/imu_msg.hpp
[33.292s] -- Installing: /home/benboardley/src/ROV/X16-Surface/install/shared_msgs/include/shared_msgs/shared_msgs/msg/com_msg.hpp
[33.292s] -- Installing: /home/benboardley/src/ROV/X16-Surface/install/shared_msgs/include/shared_msgs/shared_msgs/msg/tools_command_msg.hpp
[33.293s] -- Up-to-date: /home/benboardley/src/ROV/X16-Surface/install/shared_msgs/include/shared_msgs/shared_msgs
[33.293s] -- Up-to-date: /home/benboardley/src/ROV/X16-Surface/install/shared_msgs/include/shared_msgs/shared_msgs/msg
[33.293s] -- Installing: /home/benboardley/src/ROV/X16-Surface/install/shared_msgs/include/shared_msgs/shared_msgs/msg/rosidl_typesupport_fastrtps_cpp__visibility_control.h
[33.293s] -- Up-to-date: /home/benboardley/src/ROV/X16-Surface/install/shared_msgs/include/shared_msgs/shared_msgs/msg/detail
[33.293s] -- Installing: /home/benboardley/src/ROV/X16-Surface/install/shared_msgs/include/shared_msgs/shared_msgs/msg/detail/can_msg__rosidl_typesupport_fastrtps_cpp.hpp
[33.293s] -- Installing: /home/benboardley/src/ROV/X16-Surface/install/shared_msgs/include/shared_msgs/shared_msgs/msg/detail/thrust_command_msg__rosidl_typesupport_fastrtps_cpp.hpp
[33.293s] -- Installing: /home/benboardley/src/ROV/X16-Surface/install/shared_msgs/include/shared_msgs/shared_msgs/msg/detail/dds_fastrtps
[33.294s] -- Installing: /home/benboardley/src/ROV/X16-Surface/install/shared_msgs/include/shared_msgs/shared_msgs/msg/detail/final_thrust_msg__rosidl_typesupport_fastrtps_cpp.hpp
[33.294s] -- Installing: /home/benboardley/src/ROV/X16-Surface/install/shared_msgs/include/shared_msgs/shared_msgs/msg/detail/thrust_status_msg__rosidl_typesupport_fastrtps_cpp.hpp
[33.294s] -- Installing: /home/benboardley/src/ROV/X16-Surface/install/shared_msgs/include/shared_msgs/shared_msgs/msg/detail/temp_msg__rosidl_typesupport_fastrtps_cpp.hpp
[33.294s] -- Installing: /home/benboardley/src/ROV/X16-Surface/install/shared_msgs/include/shared_msgs/shared_msgs/msg/detail/tools_command_msg__rosidl_typesupport_fastrtps_cpp.hpp
[33.294s] -- Installing: /home/benboardley/src/ROV/X16-Surface/install/shared_msgs/include/shared_msgs/shared_msgs/msg/detail/rov_velocity_command__rosidl_typesupport_fastrtps_cpp.hpp
[33.294s] -- Installing: /home/benboardley/src/ROV/X16-Surface/install/shared_msgs/include/shared_msgs/shared_msgs/msg/detail/imu_msg__rosidl_typesupport_fastrtps_cpp.hpp
[33.294s] -- Installing: /home/benboardley/src/ROV/X16-Surface/install/shared_msgs/include/shared_msgs/shared_msgs/msg/detail/com_msg__rosidl_typesupport_fastrtps_cpp.hpp
[33.294s] -- Installing: /home/benboardley/src/ROV/X16-Surface/install/shared_msgs/lib/libshared_msgs__rosidl_typesupport_fastrtps_cpp.so
[33.295s] -- Set runtime path of "/home/benboardley/src/ROV/X16-Surface/install/shared_msgs/lib/libshared_msgs__rosidl_typesupport_fastrtps_cpp.so" to ""
[33.295s] -- Up-to-date: /home/benboardley/src/ROV/X16-Surface/install/shared_msgs/include/shared_msgs/shared_msgs
[33.295s] -- Up-to-date: /home/benboardley/src/ROV/X16-Surface/install/shared_msgs/include/shared_msgs/shared_msgs/msg
[33.295s] -- Up-to-date: /home/benboardley/src/ROV/X16-Surface/install/shared_msgs/include/shared_msgs/shared_msgs/msg/detail
[33.296s] -- Installing: /home/benboardley/src/ROV/X16-Surface/install/shared_msgs/include/shared_msgs/shared_msgs/msg/detail/temp_msg__type_support.c
[33.296s] -- Installing: /home/benboardley/src/ROV/X16-Surface/install/shared_msgs/include/shared_msgs/shared_msgs/msg/detail/final_thrust_msg__rosidl_typesupport_introspection_c.h
[33.296s] -- Installing: /home/benboardley/src/ROV/X16-Surface/install/shared_msgs/include/shared_msgs/shared_msgs/msg/detail/rov_velocity_command__rosidl_typesupport_introspection_c.h
[33.296s] -- Installing: /home/benboardley/src/ROV/X16-Surface/install/shared_msgs/include/shared_msgs/shared_msgs/msg/detail/com_msg__type_support.c
[33.296s] -- Installing: /home/benboardley/src/ROV/X16-Surface/install/shared_msgs/include/shared_msgs/shared_msgs/msg/detail/thrust_status_msg__type_support.c
[33.296s] -- Installing: /home/benboardley/src/ROV/X16-Surface/install/shared_msgs/include/shared_msgs/shared_msgs/msg/detail/com_msg__rosidl_typesupport_introspection_c.h
[33.296s] -- Installing: /home/benboardley/src/ROV/X16-Surface/install/shared_msgs/include/shared_msgs/shared_msgs/msg/detail/tools_command_msg__rosidl_typesupport_introspection_c.h
[33.296s] -- Installing: /home/benboardley/src/ROV/X16-Surface/install/shared_msgs/include/shared_msgs/shared_msgs/msg/detail/final_thrust_msg__type_support.c
[33.297s] -- Installing: /home/benboardley/src/ROV/X16-Surface/install/shared_msgs/include/shared_msgs/shared_msgs/msg/detail/imu_msg__type_support.c
[33.297s] -- Installing: /home/benboardley/src/ROV/X16-Surface/install/shared_msgs/include/shared_msgs/shared_msgs/msg/detail/rov_velocity_command__type_support.c
[33.297s] -- Installing: /home/benboardley/src/ROV/X16-Surface/install/shared_msgs/include/shared_msgs/shared_msgs/msg/detail/can_msg__type_support.c
[33.297s] -- Installing: /home/benboardley/src/ROV/X16-Surface/install/shared_msgs/include/shared_msgs/shared_msgs/msg/detail/thrust_status_msg__rosidl_typesupport_introspection_c.h
[33.297s] -- Installing: /home/benboardley/src/ROV/X16-Surface/install/shared_msgs/include/shared_msgs/shared_msgs/msg/detail/thrust_command_msg__type_support.c
[33.297s] -- Installing: /home/benboardley/src/ROV/X16-Surface/install/shared_msgs/include/shared_msgs/shared_msgs/msg/detail/imu_msg__rosidl_typesupport_introspection_c.h
[33.297s] -- Installing: /home/benboardley/src/ROV/X16-Surface/install/shared_msgs/include/shared_msgs/shared_msgs/msg/detail/can_msg__rosidl_typesupport_introspection_c.h
[33.297s] -- Installing: /home/benboardley/src/ROV/X16-Surface/install/shared_msgs/include/shared_msgs/shared_msgs/msg/detail/temp_msg__rosidl_typesupport_introspection_c.h
[33.298s] -- Installing: /home/benboardley/src/ROV/X16-Surface/install/shared_msgs/include/shared_msgs/shared_msgs/msg/detail/thrust_command_msg__rosidl_typesupport_introspection_c.h
[33.301s] -- Installing: /home/benboardley/src/ROV/X16-Surface/install/shared_msgs/include/shared_msgs/shared_msgs/msg/detail/tools_command_msg__type_support.c
[33.301s] -- Installing: /home/benboardley/src/ROV/X16-Surface/install/shared_msgs/include/shared_msgs/shared_msgs/msg/rosidl_typesupport_introspection_c__visibility_control.h
[33.302s] -- Installing: /home/benboardley/src/ROV/X16-Surface/install/shared_msgs/lib/libshared_msgs__rosidl_typesupport_introspection_c.so
[33.302s] -- Set runtime path of "/home/benboardley/src/ROV/X16-Surface/install/shared_msgs/lib/libshared_msgs__rosidl_typesupport_introspection_c.so" to ""
[33.302s] -- Installing: /home/benboardley/src/ROV/X16-Surface/install/shared_msgs/lib/libshared_msgs__rosidl_typesupport_c.so
[33.303s] -- Set runtime path of "/home/benboardley/src/ROV/X16-Surface/install/shared_msgs/lib/libshared_msgs__rosidl_typesupport_c.so" to ""
[33.303s] -- Up-to-date: /home/benboardley/src/ROV/X16-Surface/install/shared_msgs/include/shared_msgs/shared_msgs
[33.303s] -- Up-to-date: /home/benboardley/src/ROV/X16-Surface/install/shared_msgs/include/shared_msgs/shared_msgs/msg
[33.304s] -- Up-to-date: /home/benboardley/src/ROV/X16-Surface/install/shared_msgs/include/shared_msgs/shared_msgs/msg/detail
[33.304s] -- Installing: /home/benboardley/src/ROV/X16-Surface/install/shared_msgs/include/shared_msgs/shared_msgs/msg/detail/com_msg__rosidl_typesupport_introspection_cpp.hpp
[33.304s] -- Installing: /home/benboardley/src/ROV/X16-Surface/install/shared_msgs/include/shared_msgs/shared_msgs/msg/detail/thrust_command_msg__type_support.cpp
[33.304s] -- Installing: /home/benboardley/src/ROV/X16-Surface/install/shared_msgs/include/shared_msgs/shared_msgs/msg/detail/tools_command_msg__type_support.cpp
[33.304s] -- Installing: /home/benboardley/src/ROV/X16-Surface/install/shared_msgs/include/shared_msgs/shared_msgs/msg/detail/imu_msg__type_support.cpp
[33.304s] -- Installing: /home/benboardley/src/ROV/X16-Surface/install/shared_msgs/include/shared_msgs/shared_msgs/msg/detail/thrust_status_msg__rosidl_typesupport_introspection_cpp.hpp
[33.304s] -- Installing: /home/benboardley/src/ROV/X16-Surface/install/shared_msgs/include/shared_msgs/shared_msgs/msg/detail/imu_msg__rosidl_typesupport_introspection_cpp.hpp
[33.304s] -- Installing: /home/benboardley/src/ROV/X16-Surface/install/shared_msgs/include/shared_msgs/shared_msgs/msg/detail/temp_msg__type_support.cpp
[33.304s] -- Installing: /home/benboardley/src/ROV/X16-Surface/install/shared_msgs/include/shared_msgs/shared_msgs/msg/detail/com_msg__type_support.cpp
[33.304s] -- Installing: /home/benboardley/src/ROV/X16-Surface/install/shared_msgs/include/shared_msgs/shared_msgs/msg/detail/temp_msg__rosidl_typesupport_introspection_cpp.hpp
[33.305s] -- Installing: /home/benboardley/src/ROV/X16-Surface/install/shared_msgs/include/shared_msgs/shared_msgs/msg/detail/thrust_status_msg__type_support.cpp
[33.306s] -- Installing: /home/benboardley/src/ROV/X16-Surface/install/shared_msgs/include/shared_msgs/shared_msgs/msg/detail/rov_velocity_command__type_support.cpp
[33.306s] -- Installing: /home/benboardley/src/ROV/X16-Surface/install/shared_msgs/include/shared_msgs/shared_msgs/msg/detail/tools_command_msg__rosidl_typesupport_introspection_cpp.hpp
[33.306s] -- Installing: /home/benboardley/src/ROV/X16-Surface/install/shared_msgs/include/shared_msgs/shared_msgs/msg/detail/can_msg__rosidl_typesupport_introspection_cpp.hpp
[33.306s] -- Installing: /home/benboardley/src/ROV/X16-Surface/install/shared_msgs/include/shared_msgs/shared_msgs/msg/detail/can_msg__type_support.cpp
[33.307s] -- Installing: /home/benboardley/src/ROV/X16-Surface/install/shared_msgs/include/shared_msgs/shared_msgs/msg/detail/final_thrust_msg__type_support.cpp
[33.307s] -- Installing: /home/benboardley/src/ROV/X16-Surface/install/shared_msgs/include/shared_msgs/shared_msgs/msg/detail/thrust_command_msg__rosidl_typesupport_introspection_cpp.hpp
[33.307s] -- Installing: /home/benboardley/src/ROV/X16-Surface/install/shared_msgs/include/shared_msgs/shared_msgs/msg/detail/rov_velocity_command__rosidl_typesupport_introspection_cpp.hpp
[33.307s] -- Installing: /home/benboardley/src/ROV/X16-Surface/install/shared_msgs/include/shared_msgs/shared_msgs/msg/detail/final_thrust_msg__rosidl_typesupport_introspection_cpp.hpp
[33.307s] -- Installing: /home/benboardley/src/ROV/X16-Surface/install/shared_msgs/lib/libshared_msgs__rosidl_typesupport_introspection_cpp.so
[33.308s] -- Set runtime path of "/home/benboardley/src/ROV/X16-Surface/install/shared_msgs/lib/libshared_msgs__rosidl_typesupport_introspection_cpp.so" to ""
[33.308s] -- Installing: /home/benboardley/src/ROV/X16-Surface/install/shared_msgs/lib/libshared_msgs__rosidl_typesupport_cpp.so
[33.308s] -- Set runtime path of "/home/benboardley/src/ROV/X16-Surface/install/shared_msgs/lib/libshared_msgs__rosidl_typesupport_cpp.so" to ""
[33.308s] -- Installing: /home/benboardley/src/ROV/X16-Surface/install/shared_msgs/share/shared_msgs/environment/pythonpath.sh
[33.308s] -- Installing: /home/benboardley/src/ROV/X16-Surface/install/shared_msgs/share/shared_msgs/environment/pythonpath.dsv
[33.309s] -- Installing: /home/benboardley/src/ROV/X16-Surface/install/shared_msgs/local/lib/python3.10/dist-packages/shared_msgs-0.0.0-py3.10.egg-info
[33.310s] -- Installing: /home/benboardley/src/ROV/X16-Surface/install/shared_msgs/local/lib/python3.10/dist-packages/shared_msgs-0.0.0-py3.10.egg-info/dependency_links.txt
[33.311s] -- Installing: /home/benboardley/src/ROV/X16-Surface/install/shared_msgs/local/lib/python3.10/dist-packages/shared_msgs-0.0.0-py3.10.egg-info/PKG-INFO
[33.311s] -- Installing: /home/benboardley/src/ROV/X16-Surface/install/shared_msgs/local/lib/python3.10/dist-packages/shared_msgs-0.0.0-py3.10.egg-info/top_level.txt
[33.311s] -- Installing: /home/benboardley/src/ROV/X16-Surface/install/shared_msgs/local/lib/python3.10/dist-packages/shared_msgs-0.0.0-py3.10.egg-info/SOURCES.txt
[33.311s] -- Installing: /home/benboardley/src/ROV/X16-Surface/install/shared_msgs/local/lib/python3.10/dist-packages/shared_msgs
[33.312s] -- Installing: /home/benboardley/src/ROV/X16-Surface/install/shared_msgs/local/lib/python3.10/dist-packages/shared_msgs/shared_msgs_s__rosidl_typesupport_c.cpython-310-x86_64-linux-gnu.so
[33.312s] -- Installing: /home/benboardley/src/ROV/X16-Surface/install/shared_msgs/local/lib/python3.10/dist-packages/shared_msgs/libshared_msgs__rosidl_generator_py.so
[33.312s] -- Installing: /home/benboardley/src/ROV/X16-Surface/install/shared_msgs/local/lib/python3.10/dist-packages/shared_msgs/shared_msgs_s__rosidl_typesupport_fastrtps_c.cpython-310-x86_64-linux-gnu.so
[33.312s] -- Installing: /home/benboardley/src/ROV/X16-Surface/install/shared_msgs/local/lib/python3.10/dist-packages/shared_msgs/_shared_msgs_s.ep.rosidl_typesupport_c.c
[33.312s] -- Installing: /home/benboardley/src/ROV/X16-Surface/install/shared_msgs/local/lib/python3.10/dist-packages/shared_msgs/_shared_msgs_s.ep.rosidl_typesupport_fastrtps_c.c
[33.312s] -- Installing: /home/benboardley/src/ROV/X16-Surface/install/shared_msgs/local/lib/python3.10/dist-packages/shared_msgs/shared_msgs_s__rosidl_typesupport_introspection_c.cpython-310-x86_64-linux-gnu.so
[33.313s] -- Installing: /home/benboardley/src/ROV/X16-Surface/install/shared_msgs/local/lib/python3.10/dist-packages/shared_msgs/__init__.py
[33.313s] -- Installing: /home/benboardley/src/ROV/X16-Surface/install/shared_msgs/local/lib/python3.10/dist-packages/shared_msgs/msg
[33.313s] -- Installing: /home/benboardley/src/ROV/X16-Surface/install/shared_msgs/local/lib/python3.10/dist-packages/shared_msgs/msg/_rov_velocity_command_s.c
[33.313s] -- Installing: /home/benboardley/src/ROV/X16-Surface/install/shared_msgs/local/lib/python3.10/dist-packages/shared_msgs/msg/_com_msg.py
[33.313s] -- Installing: /home/benboardley/src/ROV/X16-Surface/install/shared_msgs/local/lib/python3.10/dist-packages/shared_msgs/msg/_can_msg.py
[33.313s] -- Installing: /home/benboardley/src/ROV/X16-Surface/install/shared_msgs/local/lib/python3.10/dist-packages/shared_msgs/msg/_temp_msg_s.c
[33.313s] -- Installing: /home/benboardley/src/ROV/X16-Surface/install/shared_msgs/local/lib/python3.10/dist-packages/shared_msgs/msg/_thrust_status_msg.py
[33.314s] -- Installing: /home/benboardley/src/ROV/X16-Surface/install/shared_msgs/local/lib/python3.10/dist-packages/shared_msgs/msg/_tools_command_msg.py
[33.314s] -- Installing: /home/benboardley/src/ROV/X16-Surface/install/shared_msgs/local/lib/python3.10/dist-packages/shared_msgs/msg/_temp_msg.py
[33.314s] -- Installing: /home/benboardley/src/ROV/X16-Surface/install/shared_msgs/local/lib/python3.10/dist-packages/shared_msgs/msg/_com_msg_s.c
[33.314s] -- Installing: /home/benboardley/src/ROV/X16-Surface/install/shared_msgs/local/lib/python3.10/dist-packages/shared_msgs/msg/_tools_command_msg_s.c
[33.314s] -- Installing: /home/benboardley/src/ROV/X16-Surface/install/shared_msgs/local/lib/python3.10/dist-packages/shared_msgs/msg/_thrust_command_msg.py
[33.314s] -- Installing: /home/benboardley/src/ROV/X16-Surface/install/shared_msgs/local/lib/python3.10/dist-packages/shared_msgs/msg/__init__.py
[33.314s] -- Installing: /home/benboardley/src/ROV/X16-Surface/install/shared_msgs/local/lib/python3.10/dist-packages/shared_msgs/msg/_rov_velocity_command.py
[33.315s] -- Installing: /home/benboardley/src/ROV/X16-Surface/install/shared_msgs/local/lib/python3.10/dist-packages/shared_msgs/msg/_imu_msg_s.c
[33.315s] -- Installing: /home/benboardley/src/ROV/X16-Surface/install/shared_msgs/local/lib/python3.10/dist-packages/shared_msgs/msg/_imu_msg.py
[33.315s] -- Installing: /home/benboardley/src/ROV/X16-Surface/install/shared_msgs/local/lib/python3.10/dist-packages/shared_msgs/msg/_thrust_command_msg_s.c
[33.315s] -- Installing: /home/benboardley/src/ROV/X16-Surface/install/shared_msgs/local/lib/python3.10/dist-packages/shared_msgs/msg/_final_thrust_msg_s.c
[33.316s] -- Installing: /home/benboardley/src/ROV/X16-Surface/install/shared_msgs/local/lib/python3.10/dist-packages/shared_msgs/msg/_can_msg_s.c
[33.316s] -- Installing: /home/benboardley/src/ROV/X16-Surface/install/shared_msgs/local/lib/python3.10/dist-packages/shared_msgs/msg/_thrust_status_msg_s.c
[33.316s] -- Installing: /home/benboardley/src/ROV/X16-Surface/install/shared_msgs/local/lib/python3.10/dist-packages/shared_msgs/msg/_final_thrust_msg.py
[33.317s] -- Installing: /home/benboardley/src/ROV/X16-Surface/install/shared_msgs/local/lib/python3.10/dist-packages/shared_msgs/_shared_msgs_s.ep.rosidl_typesupport_introspection_c.c
[33.389s] Listing '/home/benboardley/src/ROV/X16-Surface/install/shared_msgs/local/lib/python3.10/dist-packages/shared_msgs'...
[33.390s] Compiling '/home/benboardley/src/ROV/X16-Surface/install/shared_msgs/local/lib/python3.10/dist-packages/shared_msgs/__init__.py'...
[33.390s] Listing '/home/benboardley/src/ROV/X16-Surface/install/shared_msgs/local/lib/python3.10/dist-packages/shared_msgs/msg'...
[33.390s] Compiling '/home/benboardley/src/ROV/X16-Surface/install/shared_msgs/local/lib/python3.10/dist-packages/shared_msgs/msg/__init__.py'...
[33.390s] Compiling '/home/benboardley/src/ROV/X16-Surface/install/shared_msgs/local/lib/python3.10/dist-packages/shared_msgs/msg/_can_msg.py'...
[33.390s] Compiling '/home/benboardley/src/ROV/X16-Surface/install/shared_msgs/local/lib/python3.10/dist-packages/shared_msgs/msg/_com_msg.py'...
[33.390s] Compiling '/home/benboardley/src/ROV/X16-Surface/install/shared_msgs/local/lib/python3.10/dist-packages/shared_msgs/msg/_final_thrust_msg.py'...
[33.391s] Compiling '/home/benboardley/src/ROV/X16-Surface/install/shared_msgs/local/lib/python3.10/dist-packages/shared_msgs/msg/_imu_msg.py'...
[33.391s] Compiling '/home/benboardley/src/ROV/X16-Surface/install/shared_msgs/local/lib/python3.10/dist-packages/shared_msgs/msg/_rov_velocity_command.py'...
[33.391s] Compiling '/home/benboardley/src/ROV/X16-Surface/install/shared_msgs/local/lib/python3.10/dist-packages/shared_msgs/msg/_temp_msg.py'...
[33.391s] Compiling '/home/benboardley/src/ROV/X16-Surface/install/shared_msgs/local/lib/python3.10/dist-packages/shared_msgs/msg/_thrust_command_msg.py'...
[33.391s] Compiling '/home/benboardley/src/ROV/X16-Surface/install/shared_msgs/local/lib/python3.10/dist-packages/shared_msgs/msg/_thrust_status_msg.py'...
[33.391s] Compiling '/home/benboardley/src/ROV/X16-Surface/install/shared_msgs/local/lib/python3.10/dist-packages/shared_msgs/msg/_tools_command_msg.py'...
[33.399s] -- Installing: /home/benboardley/src/ROV/X16-Surface/install/shared_msgs/local/lib/python3.10/dist-packages/shared_msgs/shared_msgs_s__rosidl_typesupport_fastrtps_c.cpython-310-x86_64-linux-gnu.so
[33.399s] -- Set runtime path of "/home/benboardley/src/ROV/X16-Surface/install/shared_msgs/local/lib/python3.10/dist-packages/shared_msgs/shared_msgs_s__rosidl_typesupport_fastrtps_c.cpython-310-x86_64-linux-gnu.so" to ""
[33.399s] -- Installing: /home/benboardley/src/ROV/X16-Surface/install/shared_msgs/local/lib/python3.10/dist-packages/shared_msgs/shared_msgs_s__rosidl_typesupport_introspection_c.cpython-310-x86_64-linux-gnu.so
[33.399s] -- Set runtime path of "/home/benboardley/src/ROV/X16-Surface/install/shared_msgs/local/lib/python3.10/dist-packages/shared_msgs/shared_msgs_s__rosidl_typesupport_introspection_c.cpython-310-x86_64-linux-gnu.so" to ""
[33.400s] -- Installing: /home/benboardley/src/ROV/X16-Surface/install/shared_msgs/local/lib/python3.10/dist-packages/shared_msgs/shared_msgs_s__rosidl_typesupport_c.cpython-310-x86_64-linux-gnu.so
[33.400s] -- Set runtime path of "/home/benboardley/src/ROV/X16-Surface/install/shared_msgs/local/lib/python3.10/dist-packages/shared_msgs/shared_msgs_s__rosidl_typesupport_c.cpython-310-x86_64-linux-gnu.so" to ""
[33.401s] -- Installing: /home/benboardley/src/ROV/X16-Surface/install/shared_msgs/lib/libshared_msgs__rosidl_generator_py.so
[33.401s] -- Set runtime path of "/home/benboardley/src/ROV/X16-Surface/install/shared_msgs/lib/libshared_msgs__rosidl_generator_py.so" to ""
[33.402s] -- Installing: /home/benboardley/src/ROV/X16-Surface/install/shared_msgs/share/shared_msgs/msg/CanMsg.idl
[33.403s] -- Installing: /home/benboardley/src/ROV/X16-Surface/install/shared_msgs/share/shared_msgs/msg/ComMsg.idl
[33.403s] -- Installing: /home/benboardley/src/ROV/X16-Surface/install/shared_msgs/share/shared_msgs/msg/FinalThrustMsg.idl
[33.403s] -- Installing: /home/benboardley/src/ROV/X16-Surface/install/shared_msgs/share/shared_msgs/msg/ImuMsg.idl
[33.404s] -- Installing: /home/benboardley/src/ROV/X16-Surface/install/shared_msgs/share/shared_msgs/msg/RovVelocityCommand.idl
[33.404s] -- Installing: /home/benboardley/src/ROV/X16-Surface/install/shared_msgs/share/shared_msgs/msg/TempMsg.idl
[33.404s] -- Installing: /home/benboardley/src/ROV/X16-Surface/install/shared_msgs/share/shared_msgs/msg/ThrustCommandMsg.idl
[33.405s] -- Installing: /home/benboardley/src/ROV/X16-Surface/install/shared_msgs/share/shared_msgs/msg/ThrustStatusMsg.idl
[33.405s] -- Installing: /home/benboardley/src/ROV/X16-Surface/install/shared_msgs/share/shared_msgs/msg/ToolsCommandMsg.idl
[33.405s] -- Installing: /home/benboardley/src/ROV/X16-Surface/install/shared_msgs/share/shared_msgs/msg/CanMsg.msg
[33.406s] -- Installing: /home/benboardley/src/ROV/X16-Surface/install/shared_msgs/share/shared_msgs/msg/ComMsg.msg
[33.406s] -- Installing: /home/benboardley/src/ROV/X16-Surface/install/shared_msgs/share/shared_msgs/msg/FinalThrustMsg.msg
[33.406s] -- Installing: /home/benboardley/src/ROV/X16-Surface/install/shared_msgs/share/shared_msgs/msg/ImuMsg.msg
[33.407s] -- Installing: /home/benboardley/src/ROV/X16-Surface/install/shared_msgs/share/shared_msgs/msg/RovVelocityCommand.msg
[33.408s] -- Installing: /home/benboardley/src/ROV/X16-Surface/install/shared_msgs/share/shared_msgs/msg/TempMsg.msg
[33.408s] -- Installing: /home/benboardley/src/ROV/X16-Surface/install/shared_msgs/share/shared_msgs/msg/ThrustCommandMsg.msg
[33.408s] -- Installing: /home/benboardley/src/ROV/X16-Surface/install/shared_msgs/share/shared_msgs/msg/ThrustStatusMsg.msg
[33.409s] -- Installing: /home/benboardley/src/ROV/X16-Surface/install/shared_msgs/share/shared_msgs/msg/ToolsCommandMsg.msg
[33.409s] -- Installing: /home/benboardley/src/ROV/X16-Surface/install/shared_msgs/share/ament_index/resource_index/package_run_dependencies/shared_msgs
[33.410s] -- Installing: /home/benboardley/src/ROV/X16-Surface/install/shared_msgs/share/ament_index/resource_index/parent_prefix_path/shared_msgs
[33.410s] -- Installing: /home/benboardley/src/ROV/X16-Surface/install/shared_msgs/share/shared_msgs/environment/ament_prefix_path.sh
[33.410s] -- Installing: /home/benboardley/src/ROV/X16-Surface/install/shared_msgs/share/shared_msgs/environment/ament_prefix_path.dsv
[33.411s] -- Installing: /home/benboardley/src/ROV/X16-Surface/install/shared_msgs/share/shared_msgs/environment/path.sh
[33.411s] -- Installing: /home/benboardley/src/ROV/X16-Surface/install/shared_msgs/share/shared_msgs/environment/path.dsv
[33.411s] -- Installing: /home/benboardley/src/ROV/X16-Surface/install/shared_msgs/share/shared_msgs/local_setup.bash
[33.412s] -- Installing: /home/benboardley/src/ROV/X16-Surface/install/shared_msgs/share/shared_msgs/local_setup.sh
[33.412s] -- Installing: /home/benboardley/src/ROV/X16-Surface/install/shared_msgs/share/shared_msgs/local_setup.zsh
[33.412s] -- Installing: /home/benboardley/src/ROV/X16-Surface/install/shared_msgs/share/shared_msgs/local_setup.dsv
[33.413s] -- Installing: /home/benboardley/src/ROV/X16-Surface/install/shared_msgs/share/shared_msgs/package.dsv
[33.413s] -- Installing: /home/benboardley/src/ROV/X16-Surface/install/shared_msgs/share/ament_index/resource_index/packages/shared_msgs
[33.413s] -- Installing: /home/benboardley/src/ROV/X16-Surface/install/shared_msgs/share/shared_msgs/cmake/export_shared_msgs__rosidl_generator_cExport.cmake
[33.414s] -- Installing: /home/benboardley/src/ROV/X16-Surface/install/shared_msgs/share/shared_msgs/cmake/export_shared_msgs__rosidl_generator_cExport-noconfig.cmake
[33.414s] -- Installing: /home/benboardley/src/ROV/X16-Surface/install/shared_msgs/share/shared_msgs/cmake/export_shared_msgs__rosidl_typesupport_fastrtps_cExport.cmake
[33.414s] -- Installing: /home/benboardley/src/ROV/X16-Surface/install/shared_msgs/share/shared_msgs/cmake/export_shared_msgs__rosidl_typesupport_fastrtps_cExport-noconfig.cmake
[33.414s] -- Installing: /home/benboardley/src/ROV/X16-Surface/install/shared_msgs/share/shared_msgs/cmake/export_shared_msgs__rosidl_generator_cppExport.cmake
[33.415s] -- Installing: /home/benboardley/src/ROV/X16-Surface/install/shared_msgs/share/shared_msgs/cmake/export_shared_msgs__rosidl_typesupport_fastrtps_cppExport.cmake
[33.415s] -- Installing: /home/benboardley/src/ROV/X16-Surface/install/shared_msgs/share/shared_msgs/cmake/export_shared_msgs__rosidl_typesupport_fastrtps_cppExport-noconfig.cmake
[33.415s] -- Installing: /home/benboardley/src/ROV/X16-Surface/install/shared_msgs/share/shared_msgs/cmake/shared_msgs__rosidl_typesupport_introspection_cExport.cmake
[33.416s] -- Installing: /home/benboardley/src/ROV/X16-Surface/install/shared_msgs/share/shared_msgs/cmake/shared_msgs__rosidl_typesupport_introspection_cExport-noconfig.cmake
[33.416s] -- Installing: /home/benboardley/src/ROV/X16-Surface/install/shared_msgs/share/shared_msgs/cmake/shared_msgs__rosidl_typesupport_cExport.cmake
[33.416s] -- Installing: /home/benboardley/src/ROV/X16-Surface/install/shared_msgs/share/shared_msgs/cmake/shared_msgs__rosidl_typesupport_cExport-noconfig.cmake
[33.417s] -- Installing: /home/benboardley/src/ROV/X16-Surface/install/shared_msgs/share/shared_msgs/cmake/shared_msgs__rosidl_typesupport_introspection_cppExport.cmake
[33.417s] -- Installing: /home/benboardley/src/ROV/X16-Surface/install/shared_msgs/share/shared_msgs/cmake/shared_msgs__rosidl_typesupport_introspection_cppExport-noconfig.cmake
[33.417s] -- Installing: /home/benboardley/src/ROV/X16-Surface/install/shared_msgs/share/shared_msgs/cmake/shared_msgs__rosidl_typesupport_cppExport.cmake
[33.417s] -- Installing: /home/benboardley/src/ROV/X16-Surface/install/shared_msgs/share/shared_msgs/cmake/shared_msgs__rosidl_typesupport_cppExport-noconfig.cmake
[33.418s] -- Installing: /home/benboardley/src/ROV/X16-Surface/install/shared_msgs/share/shared_msgs/cmake/export_shared_msgs__rosidl_generator_pyExport.cmake
[33.418s] -- Installing: /home/benboardley/src/ROV/X16-Surface/install/shared_msgs/share/shared_msgs/cmake/export_shared_msgs__rosidl_generator_pyExport-noconfig.cmake
[33.419s] -- Installing: /home/benboardley/src/ROV/X16-Surface/install/shared_msgs/share/shared_msgs/cmake/rosidl_cmake-extras.cmake
[33.419s] -- Installing: /home/benboardley/src/ROV/X16-Surface/install/shared_msgs/share/shared_msgs/cmake/ament_cmake_export_dependencies-extras.cmake
[33.419s] -- Installing: /home/benboardley/src/ROV/X16-Surface/install/shared_msgs/share/shared_msgs/cmake/ament_cmake_export_include_directories-extras.cmake
[33.420s] -- Installing: /home/benboardley/src/ROV/X16-Surface/install/shared_msgs/share/shared_msgs/cmake/ament_cmake_export_libraries-extras.cmake
[33.420s] -- Installing: /home/benboardley/src/ROV/X16-Surface/install/shared_msgs/share/shared_msgs/cmake/ament_cmake_export_targets-extras.cmake
[33.420s] -- Installing: /home/benboardley/src/ROV/X16-Surface/install/shared_msgs/share/shared_msgs/cmake/rosidl_cmake_export_typesupport_targets-extras.cmake
[33.420s] -- Installing: /home/benboardley/src/ROV/X16-Surface/install/shared_msgs/share/shared_msgs/cmake/rosidl_cmake_export_typesupport_libraries-extras.cmake
[33.420s] -- Installing: /home/benboardley/src/ROV/X16-Surface/install/shared_msgs/share/shared_msgs/cmake/shared_msgsConfig.cmake
[33.420s] -- Installing: /home/benboardley/src/ROV/X16-Surface/install/shared_msgs/share/shared_msgs/cmake/shared_msgsConfig-version.cmake
[33.420s] -- Installing: /home/benboardley/src/ROV/X16-Surface/install/shared_msgs/share/shared_msgs/package.xml
[33.432s] Invoked command in '/home/benboardley/src/ROV/X16-Surface/build/shared_msgs' returned '0': CMAKE_PREFIX_PATH=${CMAKE_PREFIX_PATH}:/opt/ros/humble WSLENV=ELECTRON_RUN_AS_NODE/w:WT_SESSION:WT_PROFILE_ID: /home/benboardley/.local/bin/cmake --install /home/benboardley/src/ROV/X16-Surface/build/shared_msgs
