Built target ament_cmake_python_copy_surface_imu
running egg_info
writing surface_imu.egg-info/PKG-INFO
writing dependency_links to surface_imu.egg-info/dependency_links.txt
writing top-level names to surface_imu.egg-info/top_level.txt
reading manifest file 'surface_imu.egg-info/SOURCES.txt'
writing manifest file 'surface_imu.egg-info/SOURCES.txt'
Built target ament_cmake_python_build_surface_imu_egg
-- Install configuration: ""
-- Up-to-date: /home/benboardley/src/ROV/X16-Surface/ros/install/surface_imu/share/surface_imu/environment/pythonpath.sh
-- Up-to-date: /home/benboardley/src/ROV/X16-Surface/ros/install/surface_imu/share/surface_imu/environment/pythonpath.dsv
-- Up-to-date: /home/benboardley/src/ROV/X16-Surface/ros/install/surface_imu/local/lib/python3.10/dist-packages/surface_imu-0.0.0-py3.10.egg-info
-- Installing: /home/benboardley/src/ROV/X16-Surface/ros/install/surface_imu/local/lib/python3.10/dist-packages/surface_imu-0.0.0-py3.10.egg-info/dependency_links.txt
-- Installing: /home/benboardley/src/ROV/X16-Surface/ros/install/surface_imu/local/lib/python3.10/dist-packages/surface_imu-0.0.0-py3.10.egg-info/PKG-INFO
-- Installing: /home/benboardley/src/ROV/X16-Surface/ros/install/surface_imu/local/lib/python3.10/dist-packages/surface_imu-0.0.0-py3.10.egg-info/top_level.txt
-- Installing: /home/benboardley/src/ROV/X16-Surface/ros/install/surface_imu/local/lib/python3.10/dist-packages/surface_imu-0.0.0-py3.10.egg-info/SOURCES.txt
-- Up-to-date: /home/benboardley/src/ROV/X16-Surface/ros/install/surface_imu/local/lib/python3.10/dist-packages/surface_imu
-- Up-to-date: /home/benboardley/src/ROV/X16-Surface/ros/install/surface_imu/local/lib/python3.10/dist-packages/surface_imu/__init__.py
Listing '/home/benboardley/src/ROV/X16-Surface/ros/install/surface_imu/local/lib/python3.10/dist-packages/surface_imu'...
-- Up-to-date: /home/benboardley/src/ROV/X16-Surface/ros/install/surface_imu/lib/surface_imu/surface_imu.py
-- Up-to-date: /home/benboardley/src/ROV/X16-Surface/ros/install/surface_imu/share/ament_index/resource_index/package_run_dependencies/surface_imu
-- Up-to-date: /home/benboardley/src/ROV/X16-Surface/ros/install/surface_imu/share/ament_index/resource_index/parent_prefix_path/surface_imu
-- Up-to-date: /home/benboardley/src/ROV/X16-Surface/ros/install/surface_imu/share/surface_imu/environment/ament_prefix_path.sh
-- Up-to-date: /home/benboardley/src/ROV/X16-Surface/ros/install/surface_imu/share/surface_imu/environment/ament_prefix_path.dsv
-- Up-to-date: /home/benboardley/src/ROV/X16-Surface/ros/install/surface_imu/share/surface_imu/environment/path.sh
-- Up-to-date: /home/benboardley/src/ROV/X16-Surface/ros/install/surface_imu/share/surface_imu/environment/path.dsv
-- Up-to-date: /home/benboardley/src/ROV/X16-Surface/ros/install/surface_imu/share/surface_imu/local_setup.bash
-- Up-to-date: /home/benboardley/src/ROV/X16-Surface/ros/install/surface_imu/share/surface_imu/local_setup.sh
-- Up-to-date: /home/benboardley/src/ROV/X16-Surface/ros/install/surface_imu/share/surface_imu/local_setup.zsh
-- Up-to-date: /home/benboardley/src/ROV/X16-Surface/ros/install/surface_imu/share/surface_imu/local_setup.dsv
-- Up-to-date: /home/benboardley/src/ROV/X16-Surface/ros/install/surface_imu/share/surface_imu/package.dsv
-- Up-to-date: /home/benboardley/src/ROV/X16-Surface/ros/install/surface_imu/share/ament_index/resource_index/packages/surface_imu
-- Up-to-date: /home/benboardley/src/ROV/X16-Surface/ros/install/surface_imu/share/surface_imu/cmake/surface_imuConfig.cmake
-- Up-to-date: /home/benboardley/src/ROV/X16-Surface/ros/install/surface_imu/share/surface_imu/cmake/surface_imuConfig-version.cmake
-- Up-to-date: /home/benboardley/src/ROV/X16-Surface/ros/install/surface_imu/share/surface_imu/package.xml
