[0.038s] Invoking command in '/home/benboardley/src/ROV/X16-Surface/ros/build/surface_imu': /home/benboardley/.local/bin/cmake --build /home/benboardley/src/ROV/X16-Surface/ros/build/surface_imu -- -j8 -l8
[0.213s] Built target ament_cmake_python_copy_surface_imu
[0.519s] running egg_info
[0.535s] writing surface_imu.egg-info/PKG-INFO
[0.535s] writing dependency_links to surface_imu.egg-info/dependency_links.txt
[0.536s] writing top-level names to surface_imu.egg-info/top_level.txt
[0.585s] reading manifest file 'surface_imu.egg-info/SOURCES.txt'
[0.586s] writing manifest file 'surface_imu.egg-info/SOURCES.txt'
[0.622s] Built target ament_cmake_python_build_surface_imu_egg
[0.636s] Invoked command in '/home/benboardley/src/ROV/X16-Surface/ros/build/surface_imu' returned '0': /home/benboardley/.local/bin/cmake --build /home/benboardley/src/ROV/X16-Surface/ros/build/surface_imu -- -j8 -l8
[0.721s] Invoking command in '/home/benboardley/src/ROV/X16-Surface/ros/build/surface_imu': /home/benboardley/.local/bin/cmake --install /home/benboardley/src/ROV/X16-Surface/ros/build/surface_imu
[0.765s] -- Install configuration: ""
[0.765s] -- Up-to-date: /home/benboardley/src/ROV/X16-Surface/ros/install/surface_imu/share/surface_imu/environment/pythonpath.sh
[0.765s] -- Up-to-date: /home/benboardley/src/ROV/X16-Surface/ros/install/surface_imu/share/surface_imu/environment/pythonpath.dsv
[0.765s] -- Up-to-date: /home/benboardley/src/ROV/X16-Surface/ros/install/surface_imu/local/lib/python3.10/dist-packages/surface_imu-0.0.0-py3.10.egg-info
[0.765s] -- Installing: /home/benboardley/src/ROV/X16-Surface/ros/install/surface_imu/local/lib/python3.10/dist-packages/surface_imu-0.0.0-py3.10.egg-info/dependency_links.txt
[0.765s] -- Installing: /home/benboardley/src/ROV/X16-Surface/ros/install/surface_imu/local/lib/python3.10/dist-packages/surface_imu-0.0.0-py3.10.egg-info/PKG-INFO
[0.765s] -- Installing: /home/benboardley/src/ROV/X16-Surface/ros/install/surface_imu/local/lib/python3.10/dist-packages/surface_imu-0.0.0-py3.10.egg-info/top_level.txt
[0.766s] -- Installing: /home/benboardley/src/ROV/X16-Surface/ros/install/surface_imu/local/lib/python3.10/dist-packages/surface_imu-0.0.0-py3.10.egg-info/SOURCES.txt
[0.766s] -- Up-to-date: /home/benboardley/src/ROV/X16-Surface/ros/install/surface_imu/local/lib/python3.10/dist-packages/surface_imu
[0.766s] -- Up-to-date: /home/benboardley/src/ROV/X16-Surface/ros/install/surface_imu/local/lib/python3.10/dist-packages/surface_imu/__init__.py
[0.810s] Listing '/home/benboardley/src/ROV/X16-Surface/ros/install/surface_imu/local/lib/python3.10/dist-packages/surface_imu'...
[0.825s] -- Up-to-date: /home/benboardley/src/ROV/X16-Surface/ros/install/surface_imu/lib/surface_imu/surface_imu.py
[0.825s] -- Up-to-date: /home/benboardley/src/ROV/X16-Surface/ros/install/surface_imu/share/ament_index/resource_index/package_run_dependencies/surface_imu
[0.825s] -- Up-to-date: /home/benboardley/src/ROV/X16-Surface/ros/install/surface_imu/share/ament_index/resource_index/parent_prefix_path/surface_imu
[0.825s] -- Up-to-date: /home/benboardley/src/ROV/X16-Surface/ros/install/surface_imu/share/surface_imu/environment/ament_prefix_path.sh
[0.825s] -- Up-to-date: /home/benboardley/src/ROV/X16-Surface/ros/install/surface_imu/share/surface_imu/environment/ament_prefix_path.dsv
[0.826s] -- Up-to-date: /home/benboardley/src/ROV/X16-Surface/ros/install/surface_imu/share/surface_imu/environment/path.sh
[0.826s] -- Up-to-date: /home/benboardley/src/ROV/X16-Surface/ros/install/surface_imu/share/surface_imu/environment/path.dsv
[0.826s] -- Up-to-date: /home/benboardley/src/ROV/X16-Surface/ros/install/surface_imu/share/surface_imu/local_setup.bash
[0.826s] -- Up-to-date: /home/benboardley/src/ROV/X16-Surface/ros/install/surface_imu/share/surface_imu/local_setup.sh
[0.826s] -- Up-to-date: /home/benboardley/src/ROV/X16-Surface/ros/install/surface_imu/share/surface_imu/local_setup.zsh
[0.826s] -- Up-to-date: /home/benboardley/src/ROV/X16-Surface/ros/install/surface_imu/share/surface_imu/local_setup.dsv
[0.827s] -- Up-to-date: /home/benboardley/src/ROV/X16-Surface/ros/install/surface_imu/share/surface_imu/package.dsv
[0.828s] -- Up-to-date: /home/benboardley/src/ROV/X16-Surface/ros/install/surface_imu/share/ament_index/resource_index/packages/surface_imu
[0.828s] -- Up-to-date: /home/benboardley/src/ROV/X16-Surface/ros/install/surface_imu/share/surface_imu/cmake/surface_imuConfig.cmake
[0.829s] -- Up-to-date: /home/benboardley/src/ROV/X16-Surface/ros/install/surface_imu/share/surface_imu/cmake/surface_imuConfig-version.cmake
[0.830s] -- Up-to-date: /home/benboardley/src/ROV/X16-Surface/ros/install/surface_imu/share/surface_imu/package.xml
[0.904s] Invoked command in '/home/benboardley/src/ROV/X16-Surface/ros/build/surface_imu' returned '0': /home/benboardley/.local/bin/cmake --install /home/benboardley/src/ROV/X16-Surface/ros/build/surface_imu
