[0.380s] Invoking command in '/home/bboardle/src/X16-Surface/build/com_pub': CMAKE_PREFIX_PATH=${CMAKE_PREFIX_PATH}:/opt/ros/humble /usr/bin/cmake /home/bboardle/src/X16-Surface/ros/com_pub -DCMAKE_INSTALL_PREFIX=/home/bboardle/src/X16-Surface/install/com_pub
[0.551s] -- The C compiler identification is GNU 11.4.0
[0.819s] -- The CXX compiler identification is GNU 11.4.0
[1.038s] -- Detecting C compiler ABI info
[1.175s] -- Detecting C compiler ABI info - done
[1.184s] -- Check for working C compiler: /usr/bin/cc - skipped
[1.185s] -- Detecting C compile features
[1.185s] -- Detecting C compile features - done
[1.191s] -- Detecting CXX compiler ABI info
[1.332s] -- Detecting CXX compiler ABI info - done
[1.342s] -- Check for working CXX compiler: /usr/bin/c++ - skipped
[1.343s] -- Detecting CXX compile features
[1.343s] -- Detecting CXX compile features - done
[1.346s] -- Found ament_cmake: 1.3.6 (/opt/ros/humble/share/ament_cmake/cmake)
[1.605s] -- Found Python3: /usr/bin/python3.10 (found version "3.10.12") found components: Interpreter 
[1.715s] -- Found rclpy: 3.3.11 (/opt/ros/humble/share/rclpy/cmake)
[1.717s] -- Found builtin_interfaces: 1.2.1 (/opt/ros/humble/share/builtin_interfaces/cmake)
[1.808s] -- Found rosidl_generator_c: 3.1.5 (/opt/ros/humble/share/rosidl_generator_c/cmake)
[1.815s] -- Found rosidl_adapter: 3.1.5 (/opt/ros/humble/share/rosidl_adapter/cmake)
[1.829s] -- Found rosidl_generator_cpp: 3.1.5 (/opt/ros/humble/share/rosidl_generator_cpp/cmake)
[1.853s] -- Using all available rosidl_typesupport_c: rosidl_typesupport_fastrtps_c;rosidl_typesupport_introspection_c
[1.881s] -- Using all available rosidl_typesupport_cpp: rosidl_typesupport_fastrtps_cpp;rosidl_typesupport_introspection_cpp
[1.903s] -- Found rosidl_default_generators: 1.2.0 (/opt/ros/humble/share/rosidl_default_generators/cmake)
[2.009s] -- Found ament_lint_auto: 0.12.9 (/opt/ros/humble/share/ament_lint_auto/cmake)
[2.087s] -- Added test 'flake8' to check Python code syntax and style conventions
[2.088s] -- Added test 'lint_cmake' to check CMake code style
[2.089s] -- Added test 'pep257' to check Python code against some of the docstring style conventions in PEP 257
[2.090s] -- Added test 'xmllint' to check XML markup files
[2.091s] -- Configuring done
[2.096s] -- Generating done
[2.097s] -- Build files have been written to: /home/bboardle/src/X16-Surface/build/com_pub
[2.107s] Invoked command in '/home/bboardle/src/X16-Surface/build/com_pub' returned '0': CMAKE_PREFIX_PATH=${CMAKE_PREFIX_PATH}:/opt/ros/humble /usr/bin/cmake /home/bboardle/src/X16-Surface/ros/com_pub -DCMAKE_INSTALL_PREFIX=/home/bboardle/src/X16-Surface/install/com_pub
[2.108s] Invoking command in '/home/bboardle/src/X16-Surface/build/com_pub': CMAKE_PREFIX_PATH=${CMAKE_PREFIX_PATH}:/opt/ros/humble /usr/bin/cmake --build /home/bboardle/src/X16-Surface/build/com_pub -- -j16 -l16
[2.156s] Built target ament_cmake_python_copy_com_pub
[2.401s] running egg_info
[2.402s] creating com_pub.egg-info
[2.403s] writing com_pub.egg-info/PKG-INFO
[2.403s] writing dependency_links to com_pub.egg-info/dependency_links.txt
[2.403s] writing top-level names to com_pub.egg-info/top_level.txt
[2.404s] writing manifest file 'com_pub.egg-info/SOURCES.txt'
[2.406s] reading manifest file 'com_pub.egg-info/SOURCES.txt'
[2.406s] writing manifest file 'com_pub.egg-info/SOURCES.txt'
[2.437s] Built target ament_cmake_python_build_com_pub_egg
[2.626s] Invoked command in '/home/bboardle/src/X16-Surface/build/com_pub' returned '0': CMAKE_PREFIX_PATH=${CMAKE_PREFIX_PATH}:/opt/ros/humble /usr/bin/cmake --build /home/bboardle/src/X16-Surface/build/com_pub -- -j16 -l16
[2.699s] Invoking command in '/home/bboardle/src/X16-Surface/build/com_pub': CMAKE_PREFIX_PATH=${CMAKE_PREFIX_PATH}:/opt/ros/humble /usr/bin/cmake --install /home/bboardle/src/X16-Surface/build/com_pub
[2.710s] -- Install configuration: ""
[2.710s] -- Installing: /home/bboardle/src/X16-Surface/install/com_pub/share/com_pub/environment/pythonpath.sh
[2.710s] -- Installing: /home/bboardle/src/X16-Surface/install/com_pub/share/com_pub/environment/pythonpath.dsv
[2.710s] -- Installing: /home/bboardle/src/X16-Surface/install/com_pub/local/lib/python3.10/dist-packages/com_pub-0.0.0-py3.10.egg-info
[2.710s] -- Installing: /home/bboardle/src/X16-Surface/install/com_pub/local/lib/python3.10/dist-packages/com_pub-0.0.0-py3.10.egg-info/top_level.txt
[2.711s] -- Installing: /home/bboardle/src/X16-Surface/install/com_pub/local/lib/python3.10/dist-packages/com_pub-0.0.0-py3.10.egg-info/dependency_links.txt
[2.711s] -- Installing: /home/bboardle/src/X16-Surface/install/com_pub/local/lib/python3.10/dist-packages/com_pub-0.0.0-py3.10.egg-info/SOURCES.txt
[2.712s] -- Installing: /home/bboardle/src/X16-Surface/install/com_pub/local/lib/python3.10/dist-packages/com_pub-0.0.0-py3.10.egg-info/PKG-INFO
[2.713s] -- Installing: /home/bboardle/src/X16-Surface/install/com_pub/local/lib/python3.10/dist-packages/com_pub
[2.713s] -- Installing: /home/bboardle/src/X16-Surface/install/com_pub/local/lib/python3.10/dist-packages/com_pub/__init__.py
[2.744s] Listing '/home/bboardle/src/X16-Surface/install/com_pub/local/lib/python3.10/dist-packages/com_pub'...
[2.744s] Compiling '/home/bboardle/src/X16-Surface/install/com_pub/local/lib/python3.10/dist-packages/com_pub/__init__.py'...
[2.750s] -- Installing: /home/bboardle/src/X16-Surface/install/com_pub/lib/com_pub/sender.py
[2.751s] -- Installing: /home/bboardle/src/X16-Surface/install/com_pub/share/ament_index/resource_index/package_run_dependencies/com_pub
[2.751s] -- Installing: /home/bboardle/src/X16-Surface/install/com_pub/share/ament_index/resource_index/parent_prefix_path/com_pub
[2.752s] -- Installing: /home/bboardle/src/X16-Surface/install/com_pub/share/com_pub/environment/ament_prefix_path.sh
[2.752s] -- Installing: /home/bboardle/src/X16-Surface/install/com_pub/share/com_pub/environment/ament_prefix_path.dsv
[2.752s] -- Installing: /home/bboardle/src/X16-Surface/install/com_pub/share/com_pub/environment/path.sh
[2.752s] -- Installing: /home/bboardle/src/X16-Surface/install/com_pub/share/com_pub/environment/path.dsv
[2.753s] -- Installing: /home/bboardle/src/X16-Surface/install/com_pub/share/com_pub/local_setup.bash
[2.753s] -- Installing: /home/bboardle/src/X16-Surface/install/com_pub/share/com_pub/local_setup.sh
[2.753s] -- Installing: /home/bboardle/src/X16-Surface/install/com_pub/share/com_pub/local_setup.zsh
[2.753s] -- Installing: /home/bboardle/src/X16-Surface/install/com_pub/share/com_pub/local_setup.dsv
[2.753s] -- Installing: /home/bboardle/src/X16-Surface/install/com_pub/share/com_pub/package.dsv
[2.753s] -- Installing: /home/bboardle/src/X16-Surface/install/com_pub/share/ament_index/resource_index/packages/com_pub
[2.753s] -- Installing: /home/bboardle/src/X16-Surface/install/com_pub/share/com_pub/cmake/com_pubConfig.cmake
[2.753s] -- Installing: /home/bboardle/src/X16-Surface/install/com_pub/share/com_pub/cmake/com_pubConfig-version.cmake
[2.754s] -- Installing: /home/bboardle/src/X16-Surface/install/com_pub/share/com_pub/package.xml
[2.809s] Invoked command in '/home/bboardle/src/X16-Surface/build/com_pub' returned '0': CMAKE_PREFIX_PATH=${CMAKE_PREFIX_PATH}:/opt/ros/humble /usr/bin/cmake --install /home/bboardle/src/X16-Surface/build/com_pub
