[0.081s] Invoking command in '/home/benboardley/src/ROV/X16-Surface/build/thrusters': CMAKE_PREFIX_PATH=${CMAKE_PREFIX_PATH}:/opt/ros/humble WSLENV=ELECTRON_RUN_AS_NODE/w:WT_SESSION:WT_PROFILE_ID: /home/benboardley/.local/bin/cmake /home/benboardley/src/ROV/X16-Surface/ros/thrusters -DCMAKE_INSTALL_PREFIX=/home/benboardley/src/ROV/X16-Surface/install/thrusters
[0.438s] -- The C compiler identification is GNU 11.4.0
[2.963s] -- The CXX compiler identification is GNU 11.4.0
[5.498s] -- Detecting C compiler ABI info
[6.127s] -- Detecting C compiler ABI info - done
[6.159s] -- Check for working C compiler: /usr/bin/cc - skipped
[6.159s] -- Detecting C compile features
[6.162s] -- Detecting C compile features - done
[6.386s] -- Detecting CXX compiler ABI info
[7.086s] -- Detecting CXX compiler ABI info - done
[7.112s] -- Check for working CXX compiler: /usr/bin/c++ - skipped
[7.116s] -- Detecting CXX compile features
[7.116s] -- Detecting CXX compile features - done
[7.122s] -- Found ament_cmake: 1.3.5 (/opt/ros/humble/share/ament_cmake/cmake)
[14.624s] -- Found Python3: /usr/bin/python3.10 (found version "3.10.12") found components: Interpreter 
[14.937s] -- Found rclpy: 3.3.9 (/opt/ros/humble/share/rclpy/cmake)
[15.371s] -- Found ament_lint_auto: 0.12.7 (/opt/ros/humble/share/ament_lint_auto/cmake)
[15.651s] -- Added test 'flake8' to check Python code syntax and style conventions
[15.653s] -- Added test 'lint_cmake' to check CMake code style
[15.655s] -- Added test 'pep257' to check Python code against some of the docstring style conventions in PEP 257
[15.658s] -- Added test 'xmllint' to check XML markup files
[15.663s] -- Configuring done (15.5s)
[15.677s] -- Generating done (0.0s)
[15.680s] -- Build files have been written to: /home/benboardley/src/ROV/X16-Surface/build/thrusters
[15.711s] Invoked command in '/home/benboardley/src/ROV/X16-Surface/build/thrusters' returned '0': CMAKE_PREFIX_PATH=${CMAKE_PREFIX_PATH}:/opt/ros/humble WSLENV=ELECTRON_RUN_AS_NODE/w:WT_SESSION:WT_PROFILE_ID: /home/benboardley/.local/bin/cmake /home/benboardley/src/ROV/X16-Surface/ros/thrusters -DCMAKE_INSTALL_PREFIX=/home/benboardley/src/ROV/X16-Surface/install/thrusters
[15.714s] Invoking command in '/home/benboardley/src/ROV/X16-Surface/build/thrusters': CMAKE_PREFIX_PATH=${CMAKE_PREFIX_PATH}:/opt/ros/humble WSLENV=ELECTRON_RUN_AS_NODE/w:WT_SESSION:WT_PROFILE_ID: /home/benboardley/.local/bin/cmake --build /home/benboardley/src/ROV/X16-Surface/build/thrusters -- -j8 -l8
[15.828s] Built target ament_cmake_python_copy_thrusters
[16.274s] running egg_info
[16.275s] creating thrusters.egg-info
[16.304s] writing thrusters.egg-info/PKG-INFO
[16.304s] writing dependency_links to thrusters.egg-info/dependency_links.txt
[16.304s] writing top-level names to thrusters.egg-info/top_level.txt
[16.305s] writing manifest file 'thrusters.egg-info/SOURCES.txt'
[16.385s] reading manifest file 'thrusters.egg-info/SOURCES.txt'
[16.389s] writing manifest file 'thrusters.egg-info/SOURCES.txt'
[16.441s] Built target ament_cmake_python_build_thrusters_egg
[16.456s] Invoked command in '/home/benboardley/src/ROV/X16-Surface/build/thrusters' returned '0': CMAKE_PREFIX_PATH=${CMAKE_PREFIX_PATH}:/opt/ros/humble WSLENV=ELECTRON_RUN_AS_NODE/w:WT_SESSION:WT_PROFILE_ID: /home/benboardley/.local/bin/cmake --build /home/benboardley/src/ROV/X16-Surface/build/thrusters -- -j8 -l8
[16.551s] Invoking command in '/home/benboardley/src/ROV/X16-Surface/build/thrusters': CMAKE_PREFIX_PATH=${CMAKE_PREFIX_PATH}:/opt/ros/humble WSLENV=ELECTRON_RUN_AS_NODE/w:WT_SESSION:WT_PROFILE_ID: /home/benboardley/.local/bin/cmake --install /home/benboardley/src/ROV/X16-Surface/build/thrusters
[16.610s] -- Install configuration: ""
[16.611s] -- Installing: /home/benboardley/src/ROV/X16-Surface/install/thrusters/share/thrusters/environment/pythonpath.sh
[16.612s] -- Installing: /home/benboardley/src/ROV/X16-Surface/install/thrusters/share/thrusters/environment/pythonpath.dsv
[16.612s] -- Installing: /home/benboardley/src/ROV/X16-Surface/install/thrusters/local/lib/python3.10/dist-packages/thrusters-0.0.0-py3.10.egg-info
[16.612s] -- Installing: /home/benboardley/src/ROV/X16-Surface/install/thrusters/local/lib/python3.10/dist-packages/thrusters-0.0.0-py3.10.egg-info/dependency_links.txt
[16.613s] -- Installing: /home/benboardley/src/ROV/X16-Surface/install/thrusters/local/lib/python3.10/dist-packages/thrusters-0.0.0-py3.10.egg-info/PKG-INFO
[16.613s] -- Installing: /home/benboardley/src/ROV/X16-Surface/install/thrusters/local/lib/python3.10/dist-packages/thrusters-0.0.0-py3.10.egg-info/top_level.txt
[16.616s] -- Installing: /home/benboardley/src/ROV/X16-Surface/install/thrusters/local/lib/python3.10/dist-packages/thrusters-0.0.0-py3.10.egg-info/SOURCES.txt
[16.616s] -- Installing: /home/benboardley/src/ROV/X16-Surface/install/thrusters/local/lib/python3.10/dist-packages/thrusters
[16.616s] -- Installing: /home/benboardley/src/ROV/X16-Surface/install/thrusters/local/lib/python3.10/dist-packages/thrusters/__init__.py
[16.693s] Listing '/home/benboardley/src/ROV/X16-Surface/install/thrusters/local/lib/python3.10/dist-packages/thrusters'...
[16.693s] Compiling '/home/benboardley/src/ROV/X16-Surface/install/thrusters/local/lib/python3.10/dist-packages/thrusters/__init__.py'...
[16.702s] -- Installing: /home/benboardley/src/ROV/X16-Surface/install/thrusters/lib/thrusters/status.py
[16.703s] -- Installing: /home/benboardley/src/ROV/X16-Surface/install/thrusters/share/ament_index/resource_index/package_run_dependencies/thrusters
[16.704s] -- Installing: /home/benboardley/src/ROV/X16-Surface/install/thrusters/share/ament_index/resource_index/parent_prefix_path/thrusters
[16.704s] -- Installing: /home/benboardley/src/ROV/X16-Surface/install/thrusters/share/thrusters/environment/ament_prefix_path.sh
[16.704s] -- Installing: /home/benboardley/src/ROV/X16-Surface/install/thrusters/share/thrusters/environment/ament_prefix_path.dsv
[16.705s] -- Installing: /home/benboardley/src/ROV/X16-Surface/install/thrusters/share/thrusters/environment/path.sh
[16.705s] -- Installing: /home/benboardley/src/ROV/X16-Surface/install/thrusters/share/thrusters/environment/path.dsv
[16.705s] -- Installing: /home/benboardley/src/ROV/X16-Surface/install/thrusters/share/thrusters/local_setup.bash
[16.706s] -- Installing: /home/benboardley/src/ROV/X16-Surface/install/thrusters/share/thrusters/local_setup.sh
[16.706s] -- Installing: /home/benboardley/src/ROV/X16-Surface/install/thrusters/share/thrusters/local_setup.zsh
[16.708s] -- Installing: /home/benboardley/src/ROV/X16-Surface/install/thrusters/share/thrusters/local_setup.dsv
[16.708s] -- Installing: /home/benboardley/src/ROV/X16-Surface/install/thrusters/share/thrusters/package.dsv
[16.708s] -- Installing: /home/benboardley/src/ROV/X16-Surface/install/thrusters/share/ament_index/resource_index/packages/thrusters
[16.709s] -- Installing: /home/benboardley/src/ROV/X16-Surface/install/thrusters/share/thrusters/cmake/thrustersConfig.cmake
[16.709s] -- Installing: /home/benboardley/src/ROV/X16-Surface/install/thrusters/share/thrusters/cmake/thrustersConfig-version.cmake
[16.710s] -- Installing: /home/benboardley/src/ROV/X16-Surface/install/thrusters/share/thrusters/package.xml
[16.725s] Invoked command in '/home/benboardley/src/ROV/X16-Surface/build/thrusters' returned '0': CMAKE_PREFIX_PATH=${CMAKE_PREFIX_PATH}:/opt/ros/humble WSLENV=ELECTRON_RUN_AS_NODE/w:WT_SESSION:WT_PROFILE_ID: /home/benboardley/.local/bin/cmake --install /home/benboardley/src/ROV/X16-Surface/build/thrusters
