[0.238s] Invoking command in '/home/bboardle/src/X16-Surface/build/shared_msgs': CMAKE_PREFIX_PATH=${CMAKE_PREFIX_PATH}:/opt/ros/humble /usr/bin/cmake /home/bboardle/src/X16-Surface/ros/shared_msgs -DCMAKE_INSTALL_PREFIX=/home/bboardle/src/X16-Surface/install/shared_msgs
[0.398s] -- The C compiler identification is GNU 11.4.0
[0.838s] -- The CXX compiler identification is GNU 11.4.0
[0.989s] -- Detecting C compiler ABI info
[1.112s] -- Detecting C compiler ABI info - done
[1.119s] -- Check for working C compiler: /usr/bin/cc - skipped
[1.120s] -- Detecting C compile features
[1.120s] -- Detecting C compile features - done
[1.123s] -- Detecting CXX compiler ABI info
[1.303s] -- Detecting CXX compiler ABI info - done
[1.314s] -- Check for working CXX compiler: /usr/bin/c++ - skipped
[1.314s] -- Detecting CXX compile features
[1.315s] -- Detecting CXX compile features - done
[1.319s] -- Found ament_cmake: 1.3.6 (/opt/ros/humble/share/ament_cmake/cmake)
[1.536s] -- Found Python3: /usr/bin/python3.10 (found version "3.10.12") found components: Interpreter 
[1.642s] -- Found builtin_interfaces: 1.2.1 (/opt/ros/humble/share/builtin_interfaces/cmake)
[1.749s] -- Found rosidl_generator_c: 3.1.5 (/opt/ros/humble/share/rosidl_generator_c/cmake)
[1.755s] -- Found rosidl_adapter: 3.1.5 (/opt/ros/humble/share/rosidl_adapter/cmake)
[1.763s] -- Found rosidl_generator_cpp: 3.1.5 (/opt/ros/humble/share/rosidl_generator_cpp/cmake)
[1.780s] -- Using all available rosidl_typesupport_c: rosidl_typesupport_fastrtps_c;rosidl_typesupport_introspection_c
[1.801s] -- Using all available rosidl_typesupport_cpp: rosidl_typesupport_fastrtps_cpp;rosidl_typesupport_introspection_cpp
[1.821s] -- Found rosidl_default_generators: 1.2.0 (/opt/ros/humble/share/rosidl_default_generators/cmake)
[1.833s] -- Found sensor_msgs: 4.2.3 (/opt/ros/humble/share/sensor_msgs/cmake)
[2.446s] -- Found ament_cmake_ros: 0.10.0 (/opt/ros/humble/share/ament_cmake_ros/cmake)
[2.890s] -- Using all available rosidl_typesupport_c: rosidl_typesupport_fastrtps_c;rosidl_typesupport_introspection_c
[3.029s] -- Using all available rosidl_typesupport_cpp: rosidl_typesupport_fastrtps_cpp;rosidl_typesupport_introspection_cpp
[3.108s] -- Found PythonInterp: /usr/bin/python3 (found suitable version "3.10.12", minimum required is "3.6") 
[3.110s] -- Found python_cmake_module: 0.10.0 (/opt/ros/humble/share/python_cmake_module/cmake)
[3.325s] -- Found PythonLibs: /usr/lib/x86_64-linux-gnu/libpython3.10.so (found suitable version "3.10.12", minimum required is "3.5") 
[3.325s] -- Using PYTHON_EXECUTABLE: /usr/bin/python3
[3.325s] -- Using PYTHON_INCLUDE_DIRS: /usr/include/python3.10
[3.325s] -- Using PYTHON_LIBRARIES: /usr/lib/x86_64-linux-gnu/libpython3.10.so
[3.342s] -- Found PythonExtra: .so  
[3.413s] -- Found ament_lint_auto: 0.12.9 (/opt/ros/humble/share/ament_lint_auto/cmake)
[3.432s] -- Added test 'lint_cmake' to check CMake code style
[3.433s] -- Added test 'xmllint' to check XML markup files
[3.435s] -- Configuring done
[3.470s] -- Generating done
[3.472s] -- Build files have been written to: /home/bboardle/src/X16-Surface/build/shared_msgs
[3.480s] Invoked command in '/home/bboardle/src/X16-Surface/build/shared_msgs' returned '0': CMAKE_PREFIX_PATH=${CMAKE_PREFIX_PATH}:/opt/ros/humble /usr/bin/cmake /home/bboardle/src/X16-Surface/ros/shared_msgs -DCMAKE_INSTALL_PREFIX=/home/bboardle/src/X16-Surface/install/shared_msgs
[3.482s] Invoking command in '/home/bboardle/src/X16-Surface/build/shared_msgs': CMAKE_PREFIX_PATH=${CMAKE_PREFIX_PATH}:/opt/ros/humble /usr/bin/cmake --build /home/bboardle/src/X16-Surface/build/shared_msgs -- -j16 -l16
[3.514s] [  1%] [34m[1mGenerating C code for ROS interfaces[0m
[3.521s] [  2%] [34m[1mGenerating C++ code for ROS interfaces[0m
[3.524s] [  2%] Built target ament_cmake_python_copy_shared_msgs
[3.731s] running egg_info
[3.732s] creating shared_msgs.egg-info
[3.732s] writing shared_msgs.egg-info/PKG-INFO
[3.732s] writing dependency_links to shared_msgs.egg-info/dependency_links.txt
[3.732s] writing top-level names to shared_msgs.egg-info/top_level.txt
[3.733s] writing manifest file 'shared_msgs.egg-info/SOURCES.txt'
[3.734s] reading manifest file 'shared_msgs.egg-info/SOURCES.txt'
[3.734s] writing manifest file 'shared_msgs.egg-info/SOURCES.txt'
[3.762s] [  2%] Built target ament_cmake_python_build_shared_msgs_egg
[4.138s] [  2%] Built target shared_msgs__cpp
[4.148s] [  3%] [34m[1mGenerating C++ type support dispatch for ROS interfaces[0m
[4.148s] [  4%] [32mBuilding C object CMakeFiles/shared_msgs__rosidl_generator_c.dir/rosidl_generator_c/shared_msgs/msg/detail/can_msg__functions.c.o[0m
[4.148s] [  5%] [32mBuilding C object CMakeFiles/shared_msgs__rosidl_generator_c.dir/rosidl_generator_c/shared_msgs/msg/detail/rov_velocity_command__functions.c.o[0m
[4.148s] [  6%] [32mBuilding C object CMakeFiles/shared_msgs__rosidl_generator_c.dir/rosidl_generator_c/shared_msgs/msg/detail/imu_msg__functions.c.o[0m
[4.150s] [  7%] [32mBuilding C object CMakeFiles/shared_msgs__rosidl_generator_c.dir/rosidl_generator_c/shared_msgs/msg/detail/com_msg__functions.c.o[0m
[4.150s] [  8%] [32mBuilding C object CMakeFiles/shared_msgs__rosidl_generator_c.dir/rosidl_generator_c/shared_msgs/msg/detail/final_thrust_msg__functions.c.o[0m
[4.152s] [  9%] [34m[1mGenerating C++ introspection for ROS interfaces[0m
[4.152s] [ 10%] [34m[1mGenerating C++ type support for eProsima Fast-RTPS[0m
[4.154s] [ 11%] [32mBuilding C object CMakeFiles/shared_msgs__rosidl_generator_c.dir/rosidl_generator_c/shared_msgs/msg/detail/thrust_command_msg__functions.c.o[0m
[4.154s] [ 12%] [32mBuilding C object CMakeFiles/shared_msgs__rosidl_generator_c.dir/rosidl_generator_c/shared_msgs/msg/detail/temp_msg__functions.c.o[0m
[4.158s] [ 13%] [32mBuilding C object CMakeFiles/shared_msgs__rosidl_generator_c.dir/rosidl_generator_c/shared_msgs/msg/detail/thrust_status_msg__functions.c.o[0m
[4.164s] [ 14%] [32mBuilding C object CMakeFiles/shared_msgs__rosidl_generator_c.dir/rosidl_generator_c/shared_msgs/msg/detail/tools_command_msg__functions.c.o[0m
[4.247s] [ 15%] [32m[1mLinking C shared library libshared_msgs__rosidl_generator_c.so[0m
[4.312s] [ 15%] Built target shared_msgs__rosidl_generator_c
[4.319s] [ 16%] [34m[1mGenerating C type support for eProsima Fast-RTPS[0m
[4.320s] [ 17%] [34m[1mGenerating C type support dispatch for ROS interfaces[0m
[4.320s] [ 18%] [34m[1mGenerating C introspection for ROS interfaces[0m
[4.556s] [ 22%] [32mBuilding CXX object CMakeFiles/shared_msgs__rosidl_typesupport_cpp.dir/rosidl_typesupport_cpp/shared_msgs/msg/imu_msg__type_support.cpp.o[0m
[4.556s] [ 22%] [32mBuilding CXX object CMakeFiles/shared_msgs__rosidl_typesupport_cpp.dir/rosidl_typesupport_cpp/shared_msgs/msg/rov_velocity_command__type_support.cpp.o[0m
[4.556s] [ 22%] [32mBuilding CXX object CMakeFiles/shared_msgs__rosidl_typesupport_cpp.dir/rosidl_typesupport_cpp/shared_msgs/msg/temp_msg__type_support.cpp.o[0m
[4.556s] [ 23%] [32mBuilding CXX object CMakeFiles/shared_msgs__rosidl_typesupport_cpp.dir/rosidl_typesupport_cpp/shared_msgs/msg/final_thrust_msg__type_support.cpp.o[0m
[4.556s] [ 24%] [32mBuilding CXX object CMakeFiles/shared_msgs__rosidl_typesupport_cpp.dir/rosidl_typesupport_cpp/shared_msgs/msg/com_msg__type_support.cpp.o[0m
[4.556s] [ 25%] [32mBuilding CXX object CMakeFiles/shared_msgs__rosidl_typesupport_cpp.dir/rosidl_typesupport_cpp/shared_msgs/msg/thrust_command_msg__type_support.cpp.o[0m
[4.556s] [ 26%] [32mBuilding CXX object CMakeFiles/shared_msgs__rosidl_typesupport_cpp.dir/rosidl_typesupport_cpp/shared_msgs/msg/thrust_status_msg__type_support.cpp.o[0m
[4.557s] [ 27%] [32mBuilding CXX object CMakeFiles/shared_msgs__rosidl_typesupport_cpp.dir/rosidl_typesupport_cpp/shared_msgs/msg/can_msg__type_support.cpp.o[0m
[4.564s] [ 28%] [32mBuilding CXX object CMakeFiles/shared_msgs__rosidl_typesupport_cpp.dir/rosidl_typesupport_cpp/shared_msgs/msg/tools_command_msg__type_support.cpp.o[0m
[4.732s] [ 29%] [32mBuilding CXX object CMakeFiles/shared_msgs__rosidl_typesupport_introspection_cpp.dir/rosidl_typesupport_introspection_cpp/shared_msgs/msg/detail/can_msg__type_support.cpp.o[0m
[4.732s] [ 30%] [32mBuilding CXX object CMakeFiles/shared_msgs__rosidl_typesupport_introspection_cpp.dir/rosidl_typesupport_introspection_cpp/shared_msgs/msg/detail/com_msg__type_support.cpp.o[0m
[4.740s] [ 31%] [32mBuilding CXX object CMakeFiles/shared_msgs__rosidl_typesupport_introspection_cpp.dir/rosidl_typesupport_introspection_cpp/shared_msgs/msg/detail/final_thrust_msg__type_support.cpp.o[0m
[4.859s] [ 32%] [32mBuilding CXX object CMakeFiles/shared_msgs__rosidl_typesupport_c.dir/rosidl_typesupport_c/shared_msgs/msg/can_msg__type_support.cpp.o[0m
[4.898s] [ 33%] [32mBuilding CXX object CMakeFiles/shared_msgs__rosidl_typesupport_c.dir/rosidl_typesupport_c/shared_msgs/msg/com_msg__type_support.cpp.o[0m
[4.925s] [ 34%] [32mBuilding CXX object CMakeFiles/shared_msgs__rosidl_typesupport_fastrtps_cpp.dir/rosidl_typesupport_fastrtps_cpp/shared_msgs/msg/detail/dds_fastrtps/can_msg__type_support.cpp.o[0m
[4.938s] [ 35%] [32mBuilding CXX object CMakeFiles/shared_msgs__rosidl_typesupport_c.dir/rosidl_typesupport_c/shared_msgs/msg/final_thrust_msg__type_support.cpp.o[0m
[4.972s] [ 36%] [32mBuilding CXX object CMakeFiles/shared_msgs__rosidl_typesupport_introspection_cpp.dir/rosidl_typesupport_introspection_cpp/shared_msgs/msg/detail/imu_msg__type_support.cpp.o[0m
[4.973s] [ 37%] [32mBuilding CXX object CMakeFiles/shared_msgs__rosidl_typesupport_c.dir/rosidl_typesupport_c/shared_msgs/msg/imu_msg__type_support.cpp.o[0m
[4.979s] [ 40%] [32mBuilding CXX object CMakeFiles/shared_msgs__rosidl_typesupport_c.dir/rosidl_typesupport_c/shared_msgs/msg/rov_velocity_command__type_support.cpp.o[0m
[4.980s] [ 40%] [32mBuilding CXX object CMakeFiles/shared_msgs__rosidl_typesupport_fastrtps_cpp.dir/rosidl_typesupport_fastrtps_cpp/shared_msgs/msg/detail/dds_fastrtps/com_msg__type_support.cpp.o[0m
[4.982s] [ 41%] [32mBuilding CXX object CMakeFiles/shared_msgs__rosidl_typesupport_c.dir/rosidl_typesupport_c/shared_msgs/msg/temp_msg__type_support.cpp.o[0m
[4.982s] [ 42%] [32mBuilding CXX object CMakeFiles/shared_msgs__rosidl_typesupport_introspection_cpp.dir/rosidl_typesupport_introspection_cpp/shared_msgs/msg/detail/rov_velocity_command__type_support.cpp.o[0m
[4.987s] [ 44%] [32mBuilding CXX object CMakeFiles/shared_msgs__rosidl_typesupport_introspection_cpp.dir/rosidl_typesupport_introspection_cpp/shared_msgs/msg/detail/temp_msg__type_support.cpp.o[0m
[4.987s] [ 44%] [32mBuilding CXX object CMakeFiles/shared_msgs__rosidl_typesupport_fastrtps_cpp.dir/rosidl_typesupport_fastrtps_cpp/shared_msgs/msg/detail/dds_fastrtps/final_thrust_msg__type_support.cpp.o[0m
[4.988s] [ 45%] [32m[1mLinking CXX shared library libshared_msgs__rosidl_typesupport_cpp.so[0m
[5.000s] [ 46%] [32mBuilding C object CMakeFiles/shared_msgs__rosidl_typesupport_introspection_c.dir/rosidl_typesupport_introspection_c/shared_msgs/msg/detail/can_msg__type_support.c.o[0m
[5.004s] [ 47%] [32mBuilding C object CMakeFiles/shared_msgs__rosidl_typesupport_introspection_c.dir/rosidl_typesupport_introspection_c/shared_msgs/msg/detail/com_msg__type_support.c.o[0m
[5.010s] [ 48%] [32mBuilding C object CMakeFiles/shared_msgs__rosidl_typesupport_introspection_c.dir/rosidl_typesupport_introspection_c/shared_msgs/msg/detail/final_thrust_msg__type_support.c.o[0m
[5.017s] [ 49%] [32mBuilding C object CMakeFiles/shared_msgs__rosidl_typesupport_introspection_c.dir/rosidl_typesupport_introspection_c/shared_msgs/msg/detail/imu_msg__type_support.c.o[0m
[5.019s] [ 50%] [32mBuilding CXX object CMakeFiles/shared_msgs__rosidl_typesupport_c.dir/rosidl_typesupport_c/shared_msgs/msg/thrust_command_msg__type_support.cpp.o[0m
[5.044s] [ 51%] [32mBuilding C object CMakeFiles/shared_msgs__rosidl_typesupport_introspection_c.dir/rosidl_typesupport_introspection_c/shared_msgs/msg/detail/rov_velocity_command__type_support.c.o[0m
[5.051s] [ 52%] [32mBuilding C object CMakeFiles/shared_msgs__rosidl_typesupport_introspection_c.dir/rosidl_typesupport_introspection_c/shared_msgs/msg/detail/temp_msg__type_support.c.o[0m
[5.055s] [ 53%] [32mBuilding C object CMakeFiles/shared_msgs__rosidl_typesupport_introspection_c.dir/rosidl_typesupport_introspection_c/shared_msgs/msg/detail/thrust_command_msg__type_support.c.o[0m
[5.061s] [ 54%] [32mBuilding CXX object CMakeFiles/shared_msgs__rosidl_typesupport_c.dir/rosidl_typesupport_c/shared_msgs/msg/thrust_status_msg__type_support.cpp.o[0m
[5.071s] [ 55%] [32mBuilding CXX object CMakeFiles/shared_msgs__rosidl_typesupport_c.dir/rosidl_typesupport_c/shared_msgs/msg/tools_command_msg__type_support.cpp.o[0m
[5.092s] [ 56%] [32mBuilding C object CMakeFiles/shared_msgs__rosidl_typesupport_introspection_c.dir/rosidl_typesupport_introspection_c/shared_msgs/msg/detail/thrust_status_msg__type_support.c.o[0m
[5.092s] [ 57%] [32mBuilding C object CMakeFiles/shared_msgs__rosidl_typesupport_introspection_c.dir/rosidl_typesupport_introspection_c/shared_msgs/msg/detail/tools_command_msg__type_support.c.o[0m
[5.093s] [ 58%] [32mBuilding CXX object CMakeFiles/shared_msgs__rosidl_typesupport_fastrtps_c.dir/rosidl_typesupport_fastrtps_c/shared_msgs/msg/detail/can_msg__type_support_c.cpp.o[0m
[5.099s] [ 60%] [32mBuilding CXX object CMakeFiles/shared_msgs__rosidl_typesupport_fastrtps_c.dir/rosidl_typesupport_fastrtps_c/shared_msgs/msg/detail/com_msg__type_support_c.cpp.o[0m
[5.099s] [ 61%] [32mBuilding CXX object CMakeFiles/shared_msgs__rosidl_typesupport_fastrtps_c.dir/rosidl_typesupport_fastrtps_c/shared_msgs/msg/detail/final_thrust_msg__type_support_c.cpp.o[0m
[5.109s] [ 61%] Built target shared_msgs__rosidl_typesupport_cpp
[5.109s] [ 62%] [32m[1mLinking CXX shared library libshared_msgs__rosidl_typesupport_c.so[0m
[5.120s] [ 63%] [32mBuilding CXX object CMakeFiles/shared_msgs__rosidl_typesupport_fastrtps_c.dir/rosidl_typesupport_fastrtps_c/shared_msgs/msg/detail/imu_msg__type_support_c.cpp.o[0m
[5.132s] [ 65%] [32mBuilding CXX object CMakeFiles/shared_msgs__rosidl_typesupport_fastrtps_c.dir/rosidl_typesupport_fastrtps_c/shared_msgs/msg/detail/rov_velocity_command__type_support_c.cpp.o[0m
[5.133s] [ 65%] [32m[1mLinking C shared library libshared_msgs__rosidl_typesupport_introspection_c.so[0m
[5.230s] [ 65%] Built target shared_msgs__rosidl_typesupport_introspection_c
[5.237s] [ 65%] Built target shared_msgs__rosidl_typesupport_c
[5.242s] [ 66%] [32mBuilding CXX object CMakeFiles/shared_msgs__rosidl_typesupport_fastrtps_c.dir/rosidl_typesupport_fastrtps_c/shared_msgs/msg/detail/temp_msg__type_support_c.cpp.o[0m
[5.247s] [ 67%] [32mBuilding CXX object CMakeFiles/shared_msgs__rosidl_typesupport_introspection_cpp.dir/rosidl_typesupport_introspection_cpp/shared_msgs/msg/detail/thrust_command_msg__type_support.cpp.o[0m
[5.291s] [ 68%] [32mBuilding CXX object CMakeFiles/shared_msgs__rosidl_typesupport_introspection_cpp.dir/rosidl_typesupport_introspection_cpp/shared_msgs/msg/detail/thrust_status_msg__type_support.cpp.o[0m
[5.294s] [ 69%] [32mBuilding CXX object CMakeFiles/shared_msgs__rosidl_typesupport_introspection_cpp.dir/rosidl_typesupport_introspection_cpp/shared_msgs/msg/detail/tools_command_msg__type_support.cpp.o[0m
[5.295s] [ 70%] [32mBuilding CXX object CMakeFiles/shared_msgs__rosidl_typesupport_fastrtps_c.dir/rosidl_typesupport_fastrtps_c/shared_msgs/msg/detail/thrust_command_msg__type_support_c.cpp.o[0m
[5.527s] [ 71%] [32mBuilding CXX object CMakeFiles/shared_msgs__rosidl_typesupport_fastrtps_c.dir/rosidl_typesupport_fastrtps_c/shared_msgs/msg/detail/thrust_status_msg__type_support_c.cpp.o[0m
[5.535s] [ 72%] [32mBuilding CXX object CMakeFiles/shared_msgs__rosidl_typesupport_fastrtps_cpp.dir/rosidl_typesupport_fastrtps_cpp/shared_msgs/msg/detail/dds_fastrtps/imu_msg__type_support.cpp.o[0m
[5.540s] [ 73%] [32mBuilding CXX object CMakeFiles/shared_msgs__rosidl_typesupport_fastrtps_cpp.dir/rosidl_typesupport_fastrtps_cpp/shared_msgs/msg/detail/dds_fastrtps/temp_msg__type_support.cpp.o[0m
[5.542s] [ 74%] [32mBuilding CXX object CMakeFiles/shared_msgs__rosidl_typesupport_fastrtps_cpp.dir/rosidl_typesupport_fastrtps_cpp/shared_msgs/msg/detail/dds_fastrtps/rov_velocity_command__type_support.cpp.o[0m
[5.546s] [ 75%] [32mBuilding CXX object CMakeFiles/shared_msgs__rosidl_typesupport_fastrtps_cpp.dir/rosidl_typesupport_fastrtps_cpp/shared_msgs/msg/detail/dds_fastrtps/thrust_command_msg__type_support.cpp.o[0m
[5.552s] [ 76%] [32mBuilding CXX object CMakeFiles/shared_msgs__rosidl_typesupport_fastrtps_cpp.dir/rosidl_typesupport_fastrtps_cpp/shared_msgs/msg/detail/dds_fastrtps/thrust_status_msg__type_support.cpp.o[0m
[5.571s] [ 77%] [32mBuilding CXX object CMakeFiles/shared_msgs__rosidl_typesupport_fastrtps_c.dir/rosidl_typesupport_fastrtps_c/shared_msgs/msg/detail/tools_command_msg__type_support_c.cpp.o[0m
[5.572s] [ 78%] [32mBuilding CXX object CMakeFiles/shared_msgs__rosidl_typesupport_fastrtps_cpp.dir/rosidl_typesupport_fastrtps_cpp/shared_msgs/msg/detail/dds_fastrtps/tools_command_msg__type_support.cpp.o[0m
[5.844s] [ 80%] [32m[1mLinking CXX shared library libshared_msgs__rosidl_typesupport_introspection_cpp.so[0m
[5.980s] [ 81%] [32m[1mLinking CXX shared library libshared_msgs__rosidl_typesupport_fastrtps_c.so[0m
[6.005s] [ 81%] Built target shared_msgs__rosidl_typesupport_introspection_cpp
[6.041s] [ 82%] [32m[1mLinking CXX shared library libshared_msgs__rosidl_typesupport_fastrtps_cpp.so[0m
[6.099s] [ 82%] Built target shared_msgs__rosidl_typesupport_fastrtps_c
[6.153s] [ 82%] Built target shared_msgs__rosidl_typesupport_fastrtps_cpp
[6.167s] [ 82%] Built target shared_msgs
[6.181s] [ 83%] [34m[1mGenerating Python code for ROS interfaces[0m
[6.973s] [ 83%] Built target shared_msgs__py
[6.993s] [ 85%] [32mBuilding C object CMakeFiles/shared_msgs__rosidl_generator_py.dir/rosidl_generator_py/shared_msgs/msg/_final_thrust_msg_s.c.o[0m
[6.993s] [ 85%] [32mBuilding C object CMakeFiles/shared_msgs__rosidl_generator_py.dir/rosidl_generator_py/shared_msgs/msg/_imu_msg_s.c.o[0m
[6.994s] [ 86%] [32mBuilding C object CMakeFiles/shared_msgs__rosidl_generator_py.dir/rosidl_generator_py/shared_msgs/msg/_com_msg_s.c.o[0m
[6.998s] [ 87%] [32mBuilding C object CMakeFiles/shared_msgs__rosidl_generator_py.dir/rosidl_generator_py/shared_msgs/msg/_rov_velocity_command_s.c.o[0m
[6.998s] [ 88%] [32mBuilding C object CMakeFiles/shared_msgs__rosidl_generator_py.dir/rosidl_generator_py/shared_msgs/msg/_temp_msg_s.c.o[0m
[6.998s] [ 89%] [32mBuilding C object CMakeFiles/shared_msgs__rosidl_generator_py.dir/rosidl_generator_py/shared_msgs/msg/_thrust_status_msg_s.c.o[0m
[7.001s] [ 90%] [32mBuilding C object CMakeFiles/shared_msgs__rosidl_generator_py.dir/rosidl_generator_py/shared_msgs/msg/_thrust_command_msg_s.c.o[0m
[7.001s] [ 91%] [32mBuilding C object CMakeFiles/shared_msgs__rosidl_generator_py.dir/rosidl_generator_py/shared_msgs/msg/_can_msg_s.c.o[0m
[7.018s] [ 92%] [32mBuilding C object CMakeFiles/shared_msgs__rosidl_generator_py.dir/rosidl_generator_py/shared_msgs/msg/_tools_command_msg_s.c.o[0m
[7.204s] [ 93%] [32m[1mLinking C shared library rosidl_generator_py/shared_msgs/libshared_msgs__rosidl_generator_py.so[0m
[7.279s] [ 93%] Built target shared_msgs__rosidl_generator_py
[7.292s] [ 96%] [32mBuilding C object CMakeFiles/shared_msgs__rosidl_typesupport_fastrtps_c__pyext.dir/rosidl_generator_py/shared_msgs/_shared_msgs_s.ep.rosidl_typesupport_fastrtps_c.c.o[0m
[7.293s] [ 96%] [32mBuilding C object CMakeFiles/shared_msgs__rosidl_typesupport_introspection_c__pyext.dir/rosidl_generator_py/shared_msgs/_shared_msgs_s.ep.rosidl_typesupport_introspection_c.c.o[0m
[7.293s] [ 96%] [32mBuilding C object CMakeFiles/shared_msgs__rosidl_typesupport_c__pyext.dir/rosidl_generator_py/shared_msgs/_shared_msgs_s.ep.rosidl_typesupport_c.c.o[0m
[7.385s] [ 97%] [32m[1mLinking C shared library rosidl_generator_py/shared_msgs/shared_msgs_s__rosidl_typesupport_fastrtps_c.cpython-310-x86_64-linux-gnu.so[0m
[7.387s] [ 98%] [32m[1mLinking C shared library rosidl_generator_py/shared_msgs/shared_msgs_s__rosidl_typesupport_introspection_c.cpython-310-x86_64-linux-gnu.so[0m
[7.387s] [100%] [32m[1mLinking C shared library rosidl_generator_py/shared_msgs/shared_msgs_s__rosidl_typesupport_c.cpython-310-x86_64-linux-gnu.so[0m
[7.438s] [100%] Built target shared_msgs__rosidl_typesupport_introspection_c__pyext
[7.438s] [100%] Built target shared_msgs__rosidl_typesupport_fastrtps_c__pyext
[7.438s] [100%] Built target shared_msgs__rosidl_typesupport_c__pyext
[7.448s] Invoked command in '/home/bboardle/src/X16-Surface/build/shared_msgs' returned '0': CMAKE_PREFIX_PATH=${CMAKE_PREFIX_PATH}:/opt/ros/humble /usr/bin/cmake --build /home/bboardle/src/X16-Surface/build/shared_msgs -- -j16 -l16
[7.581s] Invoking command in '/home/bboardle/src/X16-Surface/build/shared_msgs': CMAKE_PREFIX_PATH=${CMAKE_PREFIX_PATH}:/opt/ros/humble /usr/bin/cmake --install /home/bboardle/src/X16-Surface/build/shared_msgs
[7.588s] -- Install configuration: ""
[7.588s] -- Installing: /home/bboardle/src/X16-Surface/install/shared_msgs/share/ament_index/resource_index/rosidl_interfaces/shared_msgs
[7.589s] -- Installing: /home/bboardle/src/X16-Surface/install/shared_msgs/include/shared_msgs/shared_msgs
[7.589s] -- Installing: /home/bboardle/src/X16-Surface/install/shared_msgs/include/shared_msgs/shared_msgs/msg
[7.589s] -- Installing: /home/bboardle/src/X16-Surface/install/shared_msgs/include/shared_msgs/shared_msgs/msg/thrust_command_msg.h
[7.589s] -- Installing: /home/bboardle/src/X16-Surface/install/shared_msgs/include/shared_msgs/shared_msgs/msg/temp_msg.h
[7.590s] -- Installing: /home/bboardle/src/X16-Surface/install/shared_msgs/include/shared_msgs/shared_msgs/msg/com_msg.h
[7.590s] -- Installing: /home/bboardle/src/X16-Surface/install/shared_msgs/include/shared_msgs/shared_msgs/msg/rov_velocity_command.h
[7.590s] -- Installing: /home/bboardle/src/X16-Surface/install/shared_msgs/include/shared_msgs/shared_msgs/msg/can_msg.h
[7.590s] -- Installing: /home/bboardle/src/X16-Surface/install/shared_msgs/include/shared_msgs/shared_msgs/msg/imu_msg.h
[7.590s] -- Installing: /home/bboardle/src/X16-Surface/install/shared_msgs/include/shared_msgs/shared_msgs/msg/rosidl_generator_c__visibility_control.h
[7.590s] -- Installing: /home/bboardle/src/X16-Surface/install/shared_msgs/include/shared_msgs/shared_msgs/msg/final_thrust_msg.h
[7.591s] -- Installing: /home/bboardle/src/X16-Surface/install/shared_msgs/include/shared_msgs/shared_msgs/msg/detail
[7.591s] -- Installing: /home/bboardle/src/X16-Surface/install/shared_msgs/include/shared_msgs/shared_msgs/msg/detail/rov_velocity_command__type_support.h
[7.591s] -- Installing: /home/bboardle/src/X16-Surface/install/shared_msgs/include/shared_msgs/shared_msgs/msg/detail/rov_velocity_command__functions.h
[7.591s] -- Installing: /home/bboardle/src/X16-Surface/install/shared_msgs/include/shared_msgs/shared_msgs/msg/detail/thrust_status_msg__functions.c
[7.591s] -- Installing: /home/bboardle/src/X16-Surface/install/shared_msgs/include/shared_msgs/shared_msgs/msg/detail/thrust_command_msg__struct.h
[7.592s] -- Installing: /home/bboardle/src/X16-Surface/install/shared_msgs/include/shared_msgs/shared_msgs/msg/detail/can_msg__type_support.h
[7.592s] -- Installing: /home/bboardle/src/X16-Surface/install/shared_msgs/include/shared_msgs/shared_msgs/msg/detail/thrust_status_msg__struct.h
[7.592s] -- Installing: /home/bboardle/src/X16-Surface/install/shared_msgs/include/shared_msgs/shared_msgs/msg/detail/can_msg__functions.h
[7.592s] -- Installing: /home/bboardle/src/X16-Surface/install/shared_msgs/include/shared_msgs/shared_msgs/msg/detail/imu_msg__struct.h
[7.592s] -- Installing: /home/bboardle/src/X16-Surface/install/shared_msgs/include/shared_msgs/shared_msgs/msg/detail/temp_msg__struct.h
[7.592s] -- Installing: /home/bboardle/src/X16-Surface/install/shared_msgs/include/shared_msgs/shared_msgs/msg/detail/imu_msg__type_support.h
[7.592s] -- Installing: /home/bboardle/src/X16-Surface/install/shared_msgs/include/shared_msgs/shared_msgs/msg/detail/final_thrust_msg__type_support.h
[7.592s] -- Installing: /home/bboardle/src/X16-Surface/install/shared_msgs/include/shared_msgs/shared_msgs/msg/detail/rov_velocity_command__struct.h
[7.593s] -- Installing: /home/bboardle/src/X16-Surface/install/shared_msgs/include/shared_msgs/shared_msgs/msg/detail/imu_msg__functions.c
[7.593s] -- Installing: /home/bboardle/src/X16-Surface/install/shared_msgs/include/shared_msgs/shared_msgs/msg/detail/can_msg__functions.c
[7.593s] -- Installing: /home/bboardle/src/X16-Surface/install/shared_msgs/include/shared_msgs/shared_msgs/msg/detail/rov_velocity_command__functions.c
[7.593s] -- Installing: /home/bboardle/src/X16-Surface/install/shared_msgs/include/shared_msgs/shared_msgs/msg/detail/tools_command_msg__functions.c
[7.594s] -- Installing: /home/bboardle/src/X16-Surface/install/shared_msgs/include/shared_msgs/shared_msgs/msg/detail/temp_msg__functions.h
[7.594s] -- Installing: /home/bboardle/src/X16-Surface/install/shared_msgs/include/shared_msgs/shared_msgs/msg/detail/thrust_command_msg__functions.h
[7.594s] -- Installing: /home/bboardle/src/X16-Surface/install/shared_msgs/include/shared_msgs/shared_msgs/msg/detail/com_msg__functions.c
[7.594s] -- Installing: /home/bboardle/src/X16-Surface/install/shared_msgs/include/shared_msgs/shared_msgs/msg/detail/final_thrust_msg__struct.h
[7.594s] -- Installing: /home/bboardle/src/X16-Surface/install/shared_msgs/include/shared_msgs/shared_msgs/msg/detail/imu_msg__functions.h
[7.595s] -- Installing: /home/bboardle/src/X16-Surface/install/shared_msgs/include/shared_msgs/shared_msgs/msg/detail/tools_command_msg__functions.h
[7.595s] -- Installing: /home/bboardle/src/X16-Surface/install/shared_msgs/include/shared_msgs/shared_msgs/msg/detail/com_msg__type_support.h
[7.595s] -- Installing: /home/bboardle/src/X16-Surface/install/shared_msgs/include/shared_msgs/shared_msgs/msg/detail/temp_msg__type_support.h
[7.595s] -- Installing: /home/bboardle/src/X16-Surface/install/shared_msgs/include/shared_msgs/shared_msgs/msg/detail/thrust_command_msg__functions.c
[7.595s] -- Installing: /home/bboardle/src/X16-Surface/install/shared_msgs/include/shared_msgs/shared_msgs/msg/detail/thrust_status_msg__type_support.h
[7.595s] -- Installing: /home/bboardle/src/X16-Surface/install/shared_msgs/include/shared_msgs/shared_msgs/msg/detail/tools_command_msg__struct.h
[7.596s] -- Installing: /home/bboardle/src/X16-Surface/install/shared_msgs/include/shared_msgs/shared_msgs/msg/detail/com_msg__struct.h
[7.596s] -- Installing: /home/bboardle/src/X16-Surface/install/shared_msgs/include/shared_msgs/shared_msgs/msg/detail/final_thrust_msg__functions.c
[7.596s] -- Installing: /home/bboardle/src/X16-Surface/install/shared_msgs/include/shared_msgs/shared_msgs/msg/detail/com_msg__functions.h
[7.596s] -- Installing: /home/bboardle/src/X16-Surface/install/shared_msgs/include/shared_msgs/shared_msgs/msg/detail/temp_msg__functions.c
[7.596s] -- Installing: /home/bboardle/src/X16-Surface/install/shared_msgs/include/shared_msgs/shared_msgs/msg/detail/tools_command_msg__type_support.h
[7.597s] -- Installing: /home/bboardle/src/X16-Surface/install/shared_msgs/include/shared_msgs/shared_msgs/msg/detail/can_msg__struct.h
[7.597s] -- Installing: /home/bboardle/src/X16-Surface/install/shared_msgs/include/shared_msgs/shared_msgs/msg/detail/thrust_command_msg__type_support.h
[7.597s] -- Installing: /home/bboardle/src/X16-Surface/install/shared_msgs/include/shared_msgs/shared_msgs/msg/detail/final_thrust_msg__functions.h
[7.597s] -- Installing: /home/bboardle/src/X16-Surface/install/shared_msgs/include/shared_msgs/shared_msgs/msg/detail/thrust_status_msg__functions.h
[7.597s] -- Installing: /home/bboardle/src/X16-Surface/install/shared_msgs/include/shared_msgs/shared_msgs/msg/tools_command_msg.h
[7.597s] -- Installing: /home/bboardle/src/X16-Surface/install/shared_msgs/include/shared_msgs/shared_msgs/msg/thrust_status_msg.h
[7.597s] -- Installing: /home/bboardle/src/X16-Surface/install/shared_msgs/share/shared_msgs/environment/library_path.sh
[7.597s] -- Installing: /home/bboardle/src/X16-Surface/install/shared_msgs/share/shared_msgs/environment/library_path.dsv
[7.598s] -- Installing: /home/bboardle/src/X16-Surface/install/shared_msgs/lib/libshared_msgs__rosidl_generator_c.so
[7.598s] -- Set runtime path of "/home/bboardle/src/X16-Surface/install/shared_msgs/lib/libshared_msgs__rosidl_generator_c.so" to ""
[7.598s] -- Up-to-date: /home/bboardle/src/X16-Surface/install/shared_msgs/include/shared_msgs/shared_msgs
[7.598s] -- Up-to-date: /home/bboardle/src/X16-Surface/install/shared_msgs/include/shared_msgs/shared_msgs/msg
[7.598s] -- Installing: /home/bboardle/src/X16-Surface/install/shared_msgs/include/shared_msgs/shared_msgs/msg/rosidl_typesupport_fastrtps_c__visibility_control.h
[7.598s] -- Up-to-date: /home/bboardle/src/X16-Surface/install/shared_msgs/include/shared_msgs/shared_msgs/msg/detail
[7.598s] -- Installing: /home/bboardle/src/X16-Surface/install/shared_msgs/include/shared_msgs/shared_msgs/msg/detail/imu_msg__rosidl_typesupport_fastrtps_c.h
[7.598s] -- Installing: /home/bboardle/src/X16-Surface/install/shared_msgs/include/shared_msgs/shared_msgs/msg/detail/thrust_status_msg__rosidl_typesupport_fastrtps_c.h
[7.599s] -- Installing: /home/bboardle/src/X16-Surface/install/shared_msgs/include/shared_msgs/shared_msgs/msg/detail/com_msg__rosidl_typesupport_fastrtps_c.h
[7.599s] -- Installing: /home/bboardle/src/X16-Surface/install/shared_msgs/include/shared_msgs/shared_msgs/msg/detail/final_thrust_msg__rosidl_typesupport_fastrtps_c.h
[7.599s] -- Installing: /home/bboardle/src/X16-Surface/install/shared_msgs/include/shared_msgs/shared_msgs/msg/detail/tools_command_msg__rosidl_typesupport_fastrtps_c.h
[7.599s] -- Installing: /home/bboardle/src/X16-Surface/install/shared_msgs/include/shared_msgs/shared_msgs/msg/detail/can_msg__rosidl_typesupport_fastrtps_c.h
[7.599s] -- Installing: /home/bboardle/src/X16-Surface/install/shared_msgs/include/shared_msgs/shared_msgs/msg/detail/temp_msg__rosidl_typesupport_fastrtps_c.h
[7.600s] -- Installing: /home/bboardle/src/X16-Surface/install/shared_msgs/include/shared_msgs/shared_msgs/msg/detail/rov_velocity_command__rosidl_typesupport_fastrtps_c.h
[7.600s] -- Installing: /home/bboardle/src/X16-Surface/install/shared_msgs/include/shared_msgs/shared_msgs/msg/detail/thrust_command_msg__rosidl_typesupport_fastrtps_c.h
[7.600s] -- Installing: /home/bboardle/src/X16-Surface/install/shared_msgs/lib/libshared_msgs__rosidl_typesupport_fastrtps_c.so
[7.600s] -- Set runtime path of "/home/bboardle/src/X16-Surface/install/shared_msgs/lib/libshared_msgs__rosidl_typesupport_fastrtps_c.so" to ""
[7.600s] -- Up-to-date: /home/bboardle/src/X16-Surface/install/shared_msgs/include/shared_msgs/shared_msgs
[7.600s] -- Up-to-date: /home/bboardle/src/X16-Surface/install/shared_msgs/include/shared_msgs/shared_msgs/msg
[7.600s] -- Installing: /home/bboardle/src/X16-Surface/install/shared_msgs/include/shared_msgs/shared_msgs/msg/imu_msg.hpp
[7.601s] -- Installing: /home/bboardle/src/X16-Surface/install/shared_msgs/include/shared_msgs/shared_msgs/msg/thrust_status_msg.hpp
[7.601s] -- Installing: /home/bboardle/src/X16-Surface/install/shared_msgs/include/shared_msgs/shared_msgs/msg/rov_velocity_command.hpp
[7.601s] -- Installing: /home/bboardle/src/X16-Surface/install/shared_msgs/include/shared_msgs/shared_msgs/msg/can_msg.hpp
[7.601s] -- Installing: /home/bboardle/src/X16-Surface/install/shared_msgs/include/shared_msgs/shared_msgs/msg/temp_msg.hpp
[7.601s] -- Installing: /home/bboardle/src/X16-Surface/install/shared_msgs/include/shared_msgs/shared_msgs/msg/thrust_command_msg.hpp
[7.601s] -- Installing: /home/bboardle/src/X16-Surface/install/shared_msgs/include/shared_msgs/shared_msgs/msg/com_msg.hpp
[7.602s] -- Installing: /home/bboardle/src/X16-Surface/install/shared_msgs/include/shared_msgs/shared_msgs/msg/final_thrust_msg.hpp
[7.602s] -- Up-to-date: /home/bboardle/src/X16-Surface/install/shared_msgs/include/shared_msgs/shared_msgs/msg/detail
[7.602s] -- Installing: /home/bboardle/src/X16-Surface/install/shared_msgs/include/shared_msgs/shared_msgs/msg/detail/thrust_command_msg__builder.hpp
[7.602s] -- Installing: /home/bboardle/src/X16-Surface/install/shared_msgs/include/shared_msgs/shared_msgs/msg/detail/tools_command_msg__struct.hpp
[7.602s] -- Installing: /home/bboardle/src/X16-Surface/install/shared_msgs/include/shared_msgs/shared_msgs/msg/detail/final_thrust_msg__builder.hpp
[7.602s] -- Installing: /home/bboardle/src/X16-Surface/install/shared_msgs/include/shared_msgs/shared_msgs/msg/detail/temp_msg__builder.hpp
[7.602s] -- Installing: /home/bboardle/src/X16-Surface/install/shared_msgs/include/shared_msgs/shared_msgs/msg/detail/rov_velocity_command__struct.hpp
[7.602s] -- Installing: /home/bboardle/src/X16-Surface/install/shared_msgs/include/shared_msgs/shared_msgs/msg/detail/thrust_status_msg__struct.hpp
[7.602s] -- Installing: /home/bboardle/src/X16-Surface/install/shared_msgs/include/shared_msgs/shared_msgs/msg/detail/imu_msg__builder.hpp
[7.602s] -- Installing: /home/bboardle/src/X16-Surface/install/shared_msgs/include/shared_msgs/shared_msgs/msg/detail/thrust_status_msg__traits.hpp
[7.602s] -- Installing: /home/bboardle/src/X16-Surface/install/shared_msgs/include/shared_msgs/shared_msgs/msg/detail/temp_msg__traits.hpp
[7.603s] -- Installing: /home/bboardle/src/X16-Surface/install/shared_msgs/include/shared_msgs/shared_msgs/msg/detail/rov_velocity_command__traits.hpp
[7.603s] -- Installing: /home/bboardle/src/X16-Surface/install/shared_msgs/include/shared_msgs/shared_msgs/msg/detail/final_thrust_msg__struct.hpp
[7.603s] -- Installing: /home/bboardle/src/X16-Surface/install/shared_msgs/include/shared_msgs/shared_msgs/msg/detail/rov_velocity_command__builder.hpp
[7.603s] -- Installing: /home/bboardle/src/X16-Surface/install/shared_msgs/include/shared_msgs/shared_msgs/msg/detail/thrust_command_msg__struct.hpp
[7.603s] -- Installing: /home/bboardle/src/X16-Surface/install/shared_msgs/include/shared_msgs/shared_msgs/msg/detail/can_msg__struct.hpp
[7.604s] -- Installing: /home/bboardle/src/X16-Surface/install/shared_msgs/include/shared_msgs/shared_msgs/msg/detail/can_msg__traits.hpp
[7.604s] -- Installing: /home/bboardle/src/X16-Surface/install/shared_msgs/include/shared_msgs/shared_msgs/msg/detail/temp_msg__struct.hpp
[7.604s] -- Installing: /home/bboardle/src/X16-Surface/install/shared_msgs/include/shared_msgs/shared_msgs/msg/detail/final_thrust_msg__traits.hpp
[7.604s] -- Installing: /home/bboardle/src/X16-Surface/install/shared_msgs/include/shared_msgs/shared_msgs/msg/detail/tools_command_msg__builder.hpp
[7.604s] -- Installing: /home/bboardle/src/X16-Surface/install/shared_msgs/include/shared_msgs/shared_msgs/msg/detail/thrust_command_msg__traits.hpp
[7.605s] -- Installing: /home/bboardle/src/X16-Surface/install/shared_msgs/include/shared_msgs/shared_msgs/msg/detail/com_msg__traits.hpp
[7.605s] -- Installing: /home/bboardle/src/X16-Surface/install/shared_msgs/include/shared_msgs/shared_msgs/msg/detail/imu_msg__struct.hpp
[7.605s] -- Installing: /home/bboardle/src/X16-Surface/install/shared_msgs/include/shared_msgs/shared_msgs/msg/detail/can_msg__builder.hpp
[7.605s] -- Installing: /home/bboardle/src/X16-Surface/install/shared_msgs/include/shared_msgs/shared_msgs/msg/detail/com_msg__struct.hpp
[7.605s] -- Installing: /home/bboardle/src/X16-Surface/install/shared_msgs/include/shared_msgs/shared_msgs/msg/detail/imu_msg__traits.hpp
[7.606s] -- Installing: /home/bboardle/src/X16-Surface/install/shared_msgs/include/shared_msgs/shared_msgs/msg/detail/tools_command_msg__traits.hpp
[7.606s] -- Installing: /home/bboardle/src/X16-Surface/install/shared_msgs/include/shared_msgs/shared_msgs/msg/detail/thrust_status_msg__builder.hpp
[7.606s] -- Installing: /home/bboardle/src/X16-Surface/install/shared_msgs/include/shared_msgs/shared_msgs/msg/detail/com_msg__builder.hpp
[7.606s] -- Installing: /home/bboardle/src/X16-Surface/install/shared_msgs/include/shared_msgs/shared_msgs/msg/tools_command_msg.hpp
[7.606s] -- Up-to-date: /home/bboardle/src/X16-Surface/install/shared_msgs/include/shared_msgs/shared_msgs
[7.606s] -- Up-to-date: /home/bboardle/src/X16-Surface/install/shared_msgs/include/shared_msgs/shared_msgs/msg
[7.607s] -- Installing: /home/bboardle/src/X16-Surface/install/shared_msgs/include/shared_msgs/shared_msgs/msg/rosidl_typesupport_fastrtps_cpp__visibility_control.h
[7.607s] -- Up-to-date: /home/bboardle/src/X16-Surface/install/shared_msgs/include/shared_msgs/shared_msgs/msg/detail
[7.607s] -- Installing: /home/bboardle/src/X16-Surface/install/shared_msgs/include/shared_msgs/shared_msgs/msg/detail/final_thrust_msg__rosidl_typesupport_fastrtps_cpp.hpp
[7.607s] -- Installing: /home/bboardle/src/X16-Surface/install/shared_msgs/include/shared_msgs/shared_msgs/msg/detail/temp_msg__rosidl_typesupport_fastrtps_cpp.hpp
[7.608s] -- Installing: /home/bboardle/src/X16-Surface/install/shared_msgs/include/shared_msgs/shared_msgs/msg/detail/thrust_command_msg__rosidl_typesupport_fastrtps_cpp.hpp
[7.608s] -- Installing: /home/bboardle/src/X16-Surface/install/shared_msgs/include/shared_msgs/shared_msgs/msg/detail/can_msg__rosidl_typesupport_fastrtps_cpp.hpp
[7.608s] -- Installing: /home/bboardle/src/X16-Surface/install/shared_msgs/include/shared_msgs/shared_msgs/msg/detail/rov_velocity_command__rosidl_typesupport_fastrtps_cpp.hpp
[7.608s] -- Installing: /home/bboardle/src/X16-Surface/install/shared_msgs/include/shared_msgs/shared_msgs/msg/detail/dds_fastrtps
[7.608s] -- Installing: /home/bboardle/src/X16-Surface/install/shared_msgs/include/shared_msgs/shared_msgs/msg/detail/imu_msg__rosidl_typesupport_fastrtps_cpp.hpp
[7.608s] -- Installing: /home/bboardle/src/X16-Surface/install/shared_msgs/include/shared_msgs/shared_msgs/msg/detail/tools_command_msg__rosidl_typesupport_fastrtps_cpp.hpp
[7.609s] -- Installing: /home/bboardle/src/X16-Surface/install/shared_msgs/include/shared_msgs/shared_msgs/msg/detail/thrust_status_msg__rosidl_typesupport_fastrtps_cpp.hpp
[7.609s] -- Installing: /home/bboardle/src/X16-Surface/install/shared_msgs/include/shared_msgs/shared_msgs/msg/detail/com_msg__rosidl_typesupport_fastrtps_cpp.hpp
[7.609s] -- Installing: /home/bboardle/src/X16-Surface/install/shared_msgs/lib/libshared_msgs__rosidl_typesupport_fastrtps_cpp.so
[7.609s] -- Set runtime path of "/home/bboardle/src/X16-Surface/install/shared_msgs/lib/libshared_msgs__rosidl_typesupport_fastrtps_cpp.so" to ""
[7.609s] -- Up-to-date: /home/bboardle/src/X16-Surface/install/shared_msgs/include/shared_msgs/shared_msgs
[7.609s] -- Up-to-date: /home/bboardle/src/X16-Surface/install/shared_msgs/include/shared_msgs/shared_msgs/msg
[7.610s] -- Installing: /home/bboardle/src/X16-Surface/install/shared_msgs/include/shared_msgs/shared_msgs/msg/rosidl_typesupport_introspection_c__visibility_control.h
[7.610s] -- Up-to-date: /home/bboardle/src/X16-Surface/install/shared_msgs/include/shared_msgs/shared_msgs/msg/detail
[7.610s] -- Installing: /home/bboardle/src/X16-Surface/install/shared_msgs/include/shared_msgs/shared_msgs/msg/detail/rov_velocity_command__type_support.c
[7.610s] -- Installing: /home/bboardle/src/X16-Surface/install/shared_msgs/include/shared_msgs/shared_msgs/msg/detail/thrust_command_msg__rosidl_typesupport_introspection_c.h
[7.610s] -- Installing: /home/bboardle/src/X16-Surface/install/shared_msgs/include/shared_msgs/shared_msgs/msg/detail/imu_msg__type_support.c
[7.610s] -- Installing: /home/bboardle/src/X16-Surface/install/shared_msgs/include/shared_msgs/shared_msgs/msg/detail/temp_msg__type_support.c
[7.610s] -- Installing: /home/bboardle/src/X16-Surface/install/shared_msgs/include/shared_msgs/shared_msgs/msg/detail/thrust_status_msg__rosidl_typesupport_introspection_c.h
[7.611s] -- Installing: /home/bboardle/src/X16-Surface/install/shared_msgs/include/shared_msgs/shared_msgs/msg/detail/final_thrust_msg__type_support.c
[7.611s] -- Installing: /home/bboardle/src/X16-Surface/install/shared_msgs/include/shared_msgs/shared_msgs/msg/detail/imu_msg__rosidl_typesupport_introspection_c.h
[7.611s] -- Installing: /home/bboardle/src/X16-Surface/install/shared_msgs/include/shared_msgs/shared_msgs/msg/detail/thrust_status_msg__type_support.c
[7.611s] -- Installing: /home/bboardle/src/X16-Surface/install/shared_msgs/include/shared_msgs/shared_msgs/msg/detail/can_msg__type_support.c
[7.611s] -- Installing: /home/bboardle/src/X16-Surface/install/shared_msgs/include/shared_msgs/shared_msgs/msg/detail/thrust_command_msg__type_support.c
[7.611s] -- Installing: /home/bboardle/src/X16-Surface/install/shared_msgs/include/shared_msgs/shared_msgs/msg/detail/can_msg__rosidl_typesupport_introspection_c.h
[7.611s] -- Installing: /home/bboardle/src/X16-Surface/install/shared_msgs/include/shared_msgs/shared_msgs/msg/detail/rov_velocity_command__rosidl_typesupport_introspection_c.h
[7.612s] -- Installing: /home/bboardle/src/X16-Surface/install/shared_msgs/include/shared_msgs/shared_msgs/msg/detail/temp_msg__rosidl_typesupport_introspection_c.h
[7.612s] -- Installing: /home/bboardle/src/X16-Surface/install/shared_msgs/include/shared_msgs/shared_msgs/msg/detail/final_thrust_msg__rosidl_typesupport_introspection_c.h
[7.612s] -- Installing: /home/bboardle/src/X16-Surface/install/shared_msgs/include/shared_msgs/shared_msgs/msg/detail/tools_command_msg__rosidl_typesupport_introspection_c.h
[7.612s] -- Installing: /home/bboardle/src/X16-Surface/install/shared_msgs/include/shared_msgs/shared_msgs/msg/detail/com_msg__type_support.c
[7.612s] -- Installing: /home/bboardle/src/X16-Surface/install/shared_msgs/include/shared_msgs/shared_msgs/msg/detail/com_msg__rosidl_typesupport_introspection_c.h
[7.612s] -- Installing: /home/bboardle/src/X16-Surface/install/shared_msgs/include/shared_msgs/shared_msgs/msg/detail/tools_command_msg__type_support.c
[7.612s] -- Installing: /home/bboardle/src/X16-Surface/install/shared_msgs/lib/libshared_msgs__rosidl_typesupport_introspection_c.so
[7.613s] -- Set runtime path of "/home/bboardle/src/X16-Surface/install/shared_msgs/lib/libshared_msgs__rosidl_typesupport_introspection_c.so" to ""
[7.613s] -- Installing: /home/bboardle/src/X16-Surface/install/shared_msgs/lib/libshared_msgs__rosidl_typesupport_c.so
[7.613s] -- Set runtime path of "/home/bboardle/src/X16-Surface/install/shared_msgs/lib/libshared_msgs__rosidl_typesupport_c.so" to ""
[7.613s] -- Up-to-date: /home/bboardle/src/X16-Surface/install/shared_msgs/include/shared_msgs/shared_msgs
[7.613s] -- Up-to-date: /home/bboardle/src/X16-Surface/install/shared_msgs/include/shared_msgs/shared_msgs/msg
[7.614s] -- Up-to-date: /home/bboardle/src/X16-Surface/install/shared_msgs/include/shared_msgs/shared_msgs/msg/detail
[7.614s] -- Installing: /home/bboardle/src/X16-Surface/install/shared_msgs/include/shared_msgs/shared_msgs/msg/detail/thrust_status_msg__type_support.cpp
[7.614s] -- Installing: /home/bboardle/src/X16-Surface/install/shared_msgs/include/shared_msgs/shared_msgs/msg/detail/imu_msg__type_support.cpp
[7.614s] -- Installing: /home/bboardle/src/X16-Surface/install/shared_msgs/include/shared_msgs/shared_msgs/msg/detail/can_msg__type_support.cpp
[7.614s] -- Installing: /home/bboardle/src/X16-Surface/install/shared_msgs/include/shared_msgs/shared_msgs/msg/detail/can_msg__rosidl_typesupport_introspection_cpp.hpp
[7.614s] -- Installing: /home/bboardle/src/X16-Surface/install/shared_msgs/include/shared_msgs/shared_msgs/msg/detail/rov_velocity_command__rosidl_typesupport_introspection_cpp.hpp
[7.614s] -- Installing: /home/bboardle/src/X16-Surface/install/shared_msgs/include/shared_msgs/shared_msgs/msg/detail/imu_msg__rosidl_typesupport_introspection_cpp.hpp
[7.615s] -- Installing: /home/bboardle/src/X16-Surface/install/shared_msgs/include/shared_msgs/shared_msgs/msg/detail/temp_msg__rosidl_typesupport_introspection_cpp.hpp
[7.615s] -- Installing: /home/bboardle/src/X16-Surface/install/shared_msgs/include/shared_msgs/shared_msgs/msg/detail/thrust_command_msg__rosidl_typesupport_introspection_cpp.hpp
[7.615s] -- Installing: /home/bboardle/src/X16-Surface/install/shared_msgs/include/shared_msgs/shared_msgs/msg/detail/com_msg__rosidl_typesupport_introspection_cpp.hpp
[7.615s] -- Installing: /home/bboardle/src/X16-Surface/install/shared_msgs/include/shared_msgs/shared_msgs/msg/detail/rov_velocity_command__type_support.cpp
[7.616s] -- Installing: /home/bboardle/src/X16-Surface/install/shared_msgs/include/shared_msgs/shared_msgs/msg/detail/thrust_command_msg__type_support.cpp
[7.616s] -- Installing: /home/bboardle/src/X16-Surface/install/shared_msgs/include/shared_msgs/shared_msgs/msg/detail/final_thrust_msg__rosidl_typesupport_introspection_cpp.hpp
[7.616s] -- Installing: /home/bboardle/src/X16-Surface/install/shared_msgs/include/shared_msgs/shared_msgs/msg/detail/tools_command_msg__type_support.cpp
[7.616s] -- Installing: /home/bboardle/src/X16-Surface/install/shared_msgs/include/shared_msgs/shared_msgs/msg/detail/tools_command_msg__rosidl_typesupport_introspection_cpp.hpp
[7.616s] -- Installing: /home/bboardle/src/X16-Surface/install/shared_msgs/include/shared_msgs/shared_msgs/msg/detail/final_thrust_msg__type_support.cpp
[7.616s] -- Installing: /home/bboardle/src/X16-Surface/install/shared_msgs/include/shared_msgs/shared_msgs/msg/detail/thrust_status_msg__rosidl_typesupport_introspection_cpp.hpp
[7.616s] -- Installing: /home/bboardle/src/X16-Surface/install/shared_msgs/include/shared_msgs/shared_msgs/msg/detail/com_msg__type_support.cpp
[7.616s] -- Installing: /home/bboardle/src/X16-Surface/install/shared_msgs/include/shared_msgs/shared_msgs/msg/detail/temp_msg__type_support.cpp
[7.617s] -- Installing: /home/bboardle/src/X16-Surface/install/shared_msgs/lib/libshared_msgs__rosidl_typesupport_introspection_cpp.so
[7.617s] -- Set runtime path of "/home/bboardle/src/X16-Surface/install/shared_msgs/lib/libshared_msgs__rosidl_typesupport_introspection_cpp.so" to ""
[7.617s] -- Installing: /home/bboardle/src/X16-Surface/install/shared_msgs/lib/libshared_msgs__rosidl_typesupport_cpp.so
[7.617s] -- Set runtime path of "/home/bboardle/src/X16-Surface/install/shared_msgs/lib/libshared_msgs__rosidl_typesupport_cpp.so" to ""
[7.617s] -- Installing: /home/bboardle/src/X16-Surface/install/shared_msgs/share/shared_msgs/environment/pythonpath.sh
[7.618s] -- Installing: /home/bboardle/src/X16-Surface/install/shared_msgs/share/shared_msgs/environment/pythonpath.dsv
[7.618s] -- Installing: /home/bboardle/src/X16-Surface/install/shared_msgs/local/lib/python3.10/dist-packages/shared_msgs-0.0.0-py3.10.egg-info
[7.618s] -- Installing: /home/bboardle/src/X16-Surface/install/shared_msgs/local/lib/python3.10/dist-packages/shared_msgs-0.0.0-py3.10.egg-info/top_level.txt
[7.618s] -- Installing: /home/bboardle/src/X16-Surface/install/shared_msgs/local/lib/python3.10/dist-packages/shared_msgs-0.0.0-py3.10.egg-info/dependency_links.txt
[7.618s] -- Installing: /home/bboardle/src/X16-Surface/install/shared_msgs/local/lib/python3.10/dist-packages/shared_msgs-0.0.0-py3.10.egg-info/SOURCES.txt
[7.619s] -- Installing: /home/bboardle/src/X16-Surface/install/shared_msgs/local/lib/python3.10/dist-packages/shared_msgs-0.0.0-py3.10.egg-info/PKG-INFO
[7.619s] -- Installing: /home/bboardle/src/X16-Surface/install/shared_msgs/local/lib/python3.10/dist-packages/shared_msgs
[7.619s] -- Installing: /home/bboardle/src/X16-Surface/install/shared_msgs/local/lib/python3.10/dist-packages/shared_msgs/_shared_msgs_s.ep.rosidl_typesupport_fastrtps_c.c
[7.619s] -- Installing: /home/bboardle/src/X16-Surface/install/shared_msgs/local/lib/python3.10/dist-packages/shared_msgs/libshared_msgs__rosidl_generator_py.so
[7.619s] -- Installing: /home/bboardle/src/X16-Surface/install/shared_msgs/local/lib/python3.10/dist-packages/shared_msgs/_shared_msgs_s.ep.rosidl_typesupport_introspection_c.c
[7.619s] -- Installing: /home/bboardle/src/X16-Surface/install/shared_msgs/local/lib/python3.10/dist-packages/shared_msgs/_shared_msgs_s.ep.rosidl_typesupport_c.c
[7.620s] -- Installing: /home/bboardle/src/X16-Surface/install/shared_msgs/local/lib/python3.10/dist-packages/shared_msgs/msg
[7.620s] -- Installing: /home/bboardle/src/X16-Surface/install/shared_msgs/local/lib/python3.10/dist-packages/shared_msgs/msg/_com_msg.py
[7.620s] -- Installing: /home/bboardle/src/X16-Surface/install/shared_msgs/local/lib/python3.10/dist-packages/shared_msgs/msg/_thrust_command_msg.py
[7.620s] -- Installing: /home/bboardle/src/X16-Surface/install/shared_msgs/local/lib/python3.10/dist-packages/shared_msgs/msg/_thrust_command_msg_s.c
[7.620s] -- Installing: /home/bboardle/src/X16-Surface/install/shared_msgs/local/lib/python3.10/dist-packages/shared_msgs/msg/_imu_msg_s.c
[7.620s] -- Installing: /home/bboardle/src/X16-Surface/install/shared_msgs/local/lib/python3.10/dist-packages/shared_msgs/msg/_final_thrust_msg_s.c
[7.620s] -- Installing: /home/bboardle/src/X16-Surface/install/shared_msgs/local/lib/python3.10/dist-packages/shared_msgs/msg/_com_msg_s.c
[7.620s] -- Installing: /home/bboardle/src/X16-Surface/install/shared_msgs/local/lib/python3.10/dist-packages/shared_msgs/msg/_can_msg_s.c
[7.620s] -- Installing: /home/bboardle/src/X16-Surface/install/shared_msgs/local/lib/python3.10/dist-packages/shared_msgs/msg/_rov_velocity_command.py
[7.620s] -- Installing: /home/bboardle/src/X16-Surface/install/shared_msgs/local/lib/python3.10/dist-packages/shared_msgs/msg/_imu_msg.py
[7.620s] -- Installing: /home/bboardle/src/X16-Surface/install/shared_msgs/local/lib/python3.10/dist-packages/shared_msgs/msg/_thrust_status_msg_s.c
[7.620s] -- Installing: /home/bboardle/src/X16-Surface/install/shared_msgs/local/lib/python3.10/dist-packages/shared_msgs/msg/_rov_velocity_command_s.c
[7.620s] -- Installing: /home/bboardle/src/X16-Surface/install/shared_msgs/local/lib/python3.10/dist-packages/shared_msgs/msg/_can_msg.py
[7.620s] -- Installing: /home/bboardle/src/X16-Surface/install/shared_msgs/local/lib/python3.10/dist-packages/shared_msgs/msg/_temp_msg.py
[7.621s] -- Installing: /home/bboardle/src/X16-Surface/install/shared_msgs/local/lib/python3.10/dist-packages/shared_msgs/msg/_tools_command_msg.py
[7.621s] -- Installing: /home/bboardle/src/X16-Surface/install/shared_msgs/local/lib/python3.10/dist-packages/shared_msgs/msg/_thrust_status_msg.py
[7.621s] -- Installing: /home/bboardle/src/X16-Surface/install/shared_msgs/local/lib/python3.10/dist-packages/shared_msgs/msg/_final_thrust_msg.py
[7.621s] -- Installing: /home/bboardle/src/X16-Surface/install/shared_msgs/local/lib/python3.10/dist-packages/shared_msgs/msg/_temp_msg_s.c
[7.621s] -- Installing: /home/bboardle/src/X16-Surface/install/shared_msgs/local/lib/python3.10/dist-packages/shared_msgs/msg/_tools_command_msg_s.c
[7.621s] -- Installing: /home/bboardle/src/X16-Surface/install/shared_msgs/local/lib/python3.10/dist-packages/shared_msgs/msg/__init__.py
[7.621s] -- Installing: /home/bboardle/src/X16-Surface/install/shared_msgs/local/lib/python3.10/dist-packages/shared_msgs/shared_msgs_s__rosidl_typesupport_introspection_c.cpython-310-x86_64-linux-gnu.so
[7.621s] -- Installing: /home/bboardle/src/X16-Surface/install/shared_msgs/local/lib/python3.10/dist-packages/shared_msgs/shared_msgs_s__rosidl_typesupport_fastrtps_c.cpython-310-x86_64-linux-gnu.so
[7.621s] -- Installing: /home/bboardle/src/X16-Surface/install/shared_msgs/local/lib/python3.10/dist-packages/shared_msgs/shared_msgs_s__rosidl_typesupport_c.cpython-310-x86_64-linux-gnu.so
[7.621s] -- Installing: /home/bboardle/src/X16-Surface/install/shared_msgs/local/lib/python3.10/dist-packages/shared_msgs/__init__.py
[7.653s] Listing '/home/bboardle/src/X16-Surface/install/shared_msgs/local/lib/python3.10/dist-packages/shared_msgs'...
[7.653s] Compiling '/home/bboardle/src/X16-Surface/install/shared_msgs/local/lib/python3.10/dist-packages/shared_msgs/__init__.py'...
[7.653s] Listing '/home/bboardle/src/X16-Surface/install/shared_msgs/local/lib/python3.10/dist-packages/shared_msgs/msg'...
[7.653s] Compiling '/home/bboardle/src/X16-Surface/install/shared_msgs/local/lib/python3.10/dist-packages/shared_msgs/msg/__init__.py'...
[7.653s] Compiling '/home/bboardle/src/X16-Surface/install/shared_msgs/local/lib/python3.10/dist-packages/shared_msgs/msg/_can_msg.py'...
[7.654s] Compiling '/home/bboardle/src/X16-Surface/install/shared_msgs/local/lib/python3.10/dist-packages/shared_msgs/msg/_com_msg.py'...
[7.654s] Compiling '/home/bboardle/src/X16-Surface/install/shared_msgs/local/lib/python3.10/dist-packages/shared_msgs/msg/_final_thrust_msg.py'...
[7.654s] Compiling '/home/bboardle/src/X16-Surface/install/shared_msgs/local/lib/python3.10/dist-packages/shared_msgs/msg/_imu_msg.py'...
[7.654s] Compiling '/home/bboardle/src/X16-Surface/install/shared_msgs/local/lib/python3.10/dist-packages/shared_msgs/msg/_rov_velocity_command.py'...
[7.654s] Compiling '/home/bboardle/src/X16-Surface/install/shared_msgs/local/lib/python3.10/dist-packages/shared_msgs/msg/_temp_msg.py'...
[7.654s] Compiling '/home/bboardle/src/X16-Surface/install/shared_msgs/local/lib/python3.10/dist-packages/shared_msgs/msg/_thrust_command_msg.py'...
[7.654s] Compiling '/home/bboardle/src/X16-Surface/install/shared_msgs/local/lib/python3.10/dist-packages/shared_msgs/msg/_thrust_status_msg.py'...
[7.654s] Compiling '/home/bboardle/src/X16-Surface/install/shared_msgs/local/lib/python3.10/dist-packages/shared_msgs/msg/_tools_command_msg.py'...
[7.657s] -- Installing: /home/bboardle/src/X16-Surface/install/shared_msgs/local/lib/python3.10/dist-packages/shared_msgs/shared_msgs_s__rosidl_typesupport_fastrtps_c.cpython-310-x86_64-linux-gnu.so
[7.657s] -- Set runtime path of "/home/bboardle/src/X16-Surface/install/shared_msgs/local/lib/python3.10/dist-packages/shared_msgs/shared_msgs_s__rosidl_typesupport_fastrtps_c.cpython-310-x86_64-linux-gnu.so" to ""
[7.658s] -- Installing: /home/bboardle/src/X16-Surface/install/shared_msgs/local/lib/python3.10/dist-packages/shared_msgs/shared_msgs_s__rosidl_typesupport_introspection_c.cpython-310-x86_64-linux-gnu.so
[7.658s] -- Set runtime path of "/home/bboardle/src/X16-Surface/install/shared_msgs/local/lib/python3.10/dist-packages/shared_msgs/shared_msgs_s__rosidl_typesupport_introspection_c.cpython-310-x86_64-linux-gnu.so" to ""
[7.658s] -- Installing: /home/bboardle/src/X16-Surface/install/shared_msgs/local/lib/python3.10/dist-packages/shared_msgs/shared_msgs_s__rosidl_typesupport_c.cpython-310-x86_64-linux-gnu.so
[7.658s] -- Set runtime path of "/home/bboardle/src/X16-Surface/install/shared_msgs/local/lib/python3.10/dist-packages/shared_msgs/shared_msgs_s__rosidl_typesupport_c.cpython-310-x86_64-linux-gnu.so" to ""
[7.658s] -- Installing: /home/bboardle/src/X16-Surface/install/shared_msgs/lib/libshared_msgs__rosidl_generator_py.so
[7.659s] -- Set runtime path of "/home/bboardle/src/X16-Surface/install/shared_msgs/lib/libshared_msgs__rosidl_generator_py.so" to ""
[7.659s] -- Installing: /home/bboardle/src/X16-Surface/install/shared_msgs/share/shared_msgs/msg/CanMsg.idl
[7.659s] -- Installing: /home/bboardle/src/X16-Surface/install/shared_msgs/share/shared_msgs/msg/ComMsg.idl
[7.659s] -- Installing: /home/bboardle/src/X16-Surface/install/shared_msgs/share/shared_msgs/msg/FinalThrustMsg.idl
[7.659s] -- Installing: /home/bboardle/src/X16-Surface/install/shared_msgs/share/shared_msgs/msg/ImuMsg.idl
[7.659s] -- Installing: /home/bboardle/src/X16-Surface/install/shared_msgs/share/shared_msgs/msg/RovVelocityCommand.idl
[7.659s] -- Installing: /home/bboardle/src/X16-Surface/install/shared_msgs/share/shared_msgs/msg/TempMsg.idl
[7.660s] -- Installing: /home/bboardle/src/X16-Surface/install/shared_msgs/share/shared_msgs/msg/ThrustCommandMsg.idl
[7.660s] -- Installing: /home/bboardle/src/X16-Surface/install/shared_msgs/share/shared_msgs/msg/ThrustStatusMsg.idl
[7.660s] -- Installing: /home/bboardle/src/X16-Surface/install/shared_msgs/share/shared_msgs/msg/ToolsCommandMsg.idl
[7.660s] -- Installing: /home/bboardle/src/X16-Surface/install/shared_msgs/share/shared_msgs/msg/CanMsg.msg
[7.660s] -- Installing: /home/bboardle/src/X16-Surface/install/shared_msgs/share/shared_msgs/msg/ComMsg.msg
[7.660s] -- Installing: /home/bboardle/src/X16-Surface/install/shared_msgs/share/shared_msgs/msg/FinalThrustMsg.msg
[7.660s] -- Installing: /home/bboardle/src/X16-Surface/install/shared_msgs/share/shared_msgs/msg/ImuMsg.msg
[7.661s] -- Installing: /home/bboardle/src/X16-Surface/install/shared_msgs/share/shared_msgs/msg/RovVelocityCommand.msg
[7.661s] -- Installing: /home/bboardle/src/X16-Surface/install/shared_msgs/share/shared_msgs/msg/TempMsg.msg
[7.661s] -- Installing: /home/bboardle/src/X16-Surface/install/shared_msgs/share/shared_msgs/msg/ThrustCommandMsg.msg
[7.661s] -- Installing: /home/bboardle/src/X16-Surface/install/shared_msgs/share/shared_msgs/msg/ThrustStatusMsg.msg
[7.661s] -- Installing: /home/bboardle/src/X16-Surface/install/shared_msgs/share/shared_msgs/msg/ToolsCommandMsg.msg
[7.662s] -- Installing: /home/bboardle/src/X16-Surface/install/shared_msgs/share/ament_index/resource_index/package_run_dependencies/shared_msgs
[7.662s] -- Installing: /home/bboardle/src/X16-Surface/install/shared_msgs/share/ament_index/resource_index/parent_prefix_path/shared_msgs
[7.662s] -- Installing: /home/bboardle/src/X16-Surface/install/shared_msgs/share/shared_msgs/environment/ament_prefix_path.sh
[7.662s] -- Installing: /home/bboardle/src/X16-Surface/install/shared_msgs/share/shared_msgs/environment/ament_prefix_path.dsv
[7.662s] -- Installing: /home/bboardle/src/X16-Surface/install/shared_msgs/share/shared_msgs/environment/path.sh
[7.663s] -- Installing: /home/bboardle/src/X16-Surface/install/shared_msgs/share/shared_msgs/environment/path.dsv
[7.663s] -- Installing: /home/bboardle/src/X16-Surface/install/shared_msgs/share/shared_msgs/local_setup.bash
[7.663s] -- Installing: /home/bboardle/src/X16-Surface/install/shared_msgs/share/shared_msgs/local_setup.sh
[7.663s] -- Installing: /home/bboardle/src/X16-Surface/install/shared_msgs/share/shared_msgs/local_setup.zsh
[7.663s] -- Installing: /home/bboardle/src/X16-Surface/install/shared_msgs/share/shared_msgs/local_setup.dsv
[7.663s] -- Installing: /home/bboardle/src/X16-Surface/install/shared_msgs/share/shared_msgs/package.dsv
[7.663s] -- Installing: /home/bboardle/src/X16-Surface/install/shared_msgs/share/ament_index/resource_index/packages/shared_msgs
[7.663s] -- Installing: /home/bboardle/src/X16-Surface/install/shared_msgs/share/shared_msgs/cmake/export_shared_msgs__rosidl_generator_cExport.cmake
[7.663s] -- Installing: /home/bboardle/src/X16-Surface/install/shared_msgs/share/shared_msgs/cmake/export_shared_msgs__rosidl_generator_cExport-noconfig.cmake
[7.664s] -- Installing: /home/bboardle/src/X16-Surface/install/shared_msgs/share/shared_msgs/cmake/export_shared_msgs__rosidl_typesupport_fastrtps_cExport.cmake
[7.664s] -- Installing: /home/bboardle/src/X16-Surface/install/shared_msgs/share/shared_msgs/cmake/export_shared_msgs__rosidl_typesupport_fastrtps_cExport-noconfig.cmake
[7.664s] -- Installing: /home/bboardle/src/X16-Surface/install/shared_msgs/share/shared_msgs/cmake/export_shared_msgs__rosidl_generator_cppExport.cmake
[7.664s] -- Installing: /home/bboardle/src/X16-Surface/install/shared_msgs/share/shared_msgs/cmake/export_shared_msgs__rosidl_typesupport_fastrtps_cppExport.cmake
[7.664s] -- Installing: /home/bboardle/src/X16-Surface/install/shared_msgs/share/shared_msgs/cmake/export_shared_msgs__rosidl_typesupport_fastrtps_cppExport-noconfig.cmake
[7.664s] -- Installing: /home/bboardle/src/X16-Surface/install/shared_msgs/share/shared_msgs/cmake/shared_msgs__rosidl_typesupport_introspection_cExport.cmake
[7.664s] -- Installing: /home/bboardle/src/X16-Surface/install/shared_msgs/share/shared_msgs/cmake/shared_msgs__rosidl_typesupport_introspection_cExport-noconfig.cmake
[7.664s] -- Installing: /home/bboardle/src/X16-Surface/install/shared_msgs/share/shared_msgs/cmake/shared_msgs__rosidl_typesupport_cExport.cmake
[7.664s] -- Installing: /home/bboardle/src/X16-Surface/install/shared_msgs/share/shared_msgs/cmake/shared_msgs__rosidl_typesupport_cExport-noconfig.cmake
[7.665s] -- Installing: /home/bboardle/src/X16-Surface/install/shared_msgs/share/shared_msgs/cmake/shared_msgs__rosidl_typesupport_introspection_cppExport.cmake
[7.665s] -- Installing: /home/bboardle/src/X16-Surface/install/shared_msgs/share/shared_msgs/cmake/shared_msgs__rosidl_typesupport_introspection_cppExport-noconfig.cmake
[7.665s] -- Installing: /home/bboardle/src/X16-Surface/install/shared_msgs/share/shared_msgs/cmake/shared_msgs__rosidl_typesupport_cppExport.cmake
[7.665s] -- Installing: /home/bboardle/src/X16-Surface/install/shared_msgs/share/shared_msgs/cmake/shared_msgs__rosidl_typesupport_cppExport-noconfig.cmake
[7.665s] -- Installing: /home/bboardle/src/X16-Surface/install/shared_msgs/share/shared_msgs/cmake/export_shared_msgs__rosidl_generator_pyExport.cmake
[7.665s] -- Installing: /home/bboardle/src/X16-Surface/install/shared_msgs/share/shared_msgs/cmake/export_shared_msgs__rosidl_generator_pyExport-noconfig.cmake
[7.665s] -- Installing: /home/bboardle/src/X16-Surface/install/shared_msgs/share/shared_msgs/cmake/rosidl_cmake-extras.cmake
[7.665s] -- Installing: /home/bboardle/src/X16-Surface/install/shared_msgs/share/shared_msgs/cmake/ament_cmake_export_dependencies-extras.cmake
[7.666s] -- Installing: /home/bboardle/src/X16-Surface/install/shared_msgs/share/shared_msgs/cmake/ament_cmake_export_include_directories-extras.cmake
[7.666s] -- Installing: /home/bboardle/src/X16-Surface/install/shared_msgs/share/shared_msgs/cmake/ament_cmake_export_libraries-extras.cmake
[7.666s] -- Installing: /home/bboardle/src/X16-Surface/install/shared_msgs/share/shared_msgs/cmake/ament_cmake_export_targets-extras.cmake
[7.666s] -- Installing: /home/bboardle/src/X16-Surface/install/shared_msgs/share/shared_msgs/cmake/rosidl_cmake_export_typesupport_targets-extras.cmake
[7.666s] -- Installing: /home/bboardle/src/X16-Surface/install/shared_msgs/share/shared_msgs/cmake/rosidl_cmake_export_typesupport_libraries-extras.cmake
[7.666s] -- Installing: /home/bboardle/src/X16-Surface/install/shared_msgs/share/shared_msgs/cmake/shared_msgsConfig.cmake
[7.666s] -- Installing: /home/bboardle/src/X16-Surface/install/shared_msgs/share/shared_msgs/cmake/shared_msgsConfig-version.cmake
[7.666s] -- Installing: /home/bboardle/src/X16-Surface/install/shared_msgs/share/shared_msgs/package.xml
[7.668s] Invoked command in '/home/bboardle/src/X16-Surface/build/shared_msgs' returned '0': CMAKE_PREFIX_PATH=${CMAKE_PREFIX_PATH}:/opt/ros/humble /usr/bin/cmake --install /home/bboardle/src/X16-Surface/build/shared_msgs
