[1.246s] [34mcolcon[0m [1;30mDEBUG[0m [32mCommand line arguments: ['/usr/bin/colcon', 'build'][0m
[1.246s] [34mcolcon[0m [1;30mDEBUG[0m [32mParsed command line arguments: Namespace(log_base=None, log_level=None, verb_name='build', build_base='build', install_base='install', merge_install=False, symlink_install=False, test_result_base=None, continue_on_error=False, executor='parallel', parallel_workers=8, event_handlers=None, ignore_user_meta=False, metas=['./colcon.meta'], base_paths=['.'], packages_ignore=None, packages_ignore_regex=None, paths=None, packages_up_to=None, packages_up_to_regex=None, packages_above=None, packages_above_and_dependencies=None, packages_above_depth=None, packages_select_by_dep=None, packages_skip_by_dep=None, packages_skip_up_to=None, packages_select_build_failed=False, packages_skip_build_finished=False, packages_select_test_failures=False, packages_skip_test_passed=False, packages_select=None, packages_skip=None, packages_select_regex=None, packages_skip_regex=None, packages_start=None, packages_end=None, allow_overriding=[], cmake_args=None, cmake_target=None, cmake_target_skip_unavailable=False, cmake_clean_cache=False, cmake_clean_first=False, cmake_force_configure=False, ament_cmake_args=None, catkin_cmake_args=None, catkin_skip_building_tests=False, verb_parser=<colcon_defaults.argument_parser.defaults.DefaultArgumentsDecorator object at 0x7f6ea92c3220>, verb_extension=<colcon_core.verb.build.BuildVerb object at 0x7f6ea9212650>, main=<bound method BuildVerb.main of <colcon_core.verb.build.BuildVerb object at 0x7f6ea9212650>>)[0m
[1.365s] [34mcolcon.colcon_core.package_discovery[0m [1;30mLevel 1[0m discover_packages(colcon_meta) check parameters
[1.365s] [34mcolcon.colcon_core.package_discovery[0m [1;30mLevel 1[0m discover_packages(recursive) check parameters
[1.365s] [34mcolcon.colcon_core.package_discovery[0m [1;30mLevel 1[0m discover_packages(ignore) check parameters
[1.365s] [34mcolcon.colcon_core.package_discovery[0m [1;30mLevel 1[0m discover_packages(path) check parameters
[1.365s] [34mcolcon.colcon_core.package_discovery[0m [1;30mLevel 1[0m discover_packages(colcon_meta) discover
[1.365s] [34mcolcon.colcon_core.package_discovery[0m [1;30mLevel 1[0m discover_packages(recursive) discover
[1.365s] [34mcolcon.colcon_core.package_discovery[0m [1;30mINFO[0m Crawling recursively for packages in '/home/benboardley/src/ROV/X16-Surface/ros'
[1.365s] [34mcolcon.colcon_core.package_identification[0m [1;30mLevel 1[0m _identify(.) by extensions ['ignore', 'ignore_ament_install']
[1.365s] [34mcolcon.colcon_core.package_identification[0m [1;30mLevel 1[0m _identify(.) by extension 'ignore'
[1.366s] [34mcolcon.colcon_core.package_identification[0m [1;30mLevel 1[0m _identify(.) by extension 'ignore_ament_install'
[1.366s] [34mcolcon.colcon_core.package_identification[0m [1;30mLevel 1[0m _identify(.) by extensions ['colcon_pkg']
[1.366s] [34mcolcon.colcon_core.package_identification[0m [1;30mLevel 1[0m _identify(.) by extension 'colcon_pkg'
[1.366s] [34mcolcon.colcon_core.package_identification[0m [1;30mLevel 1[0m _identify(.) by extensions ['colcon_meta']
[1.366s] [34mcolcon.colcon_core.package_identification[0m [1;30mLevel 1[0m _identify(.) by extension 'colcon_meta'
[1.366s] [34mcolcon.colcon_core.package_identification[0m [1;30mLevel 1[0m _identify(.) by extensions ['ros']
[1.366s] [34mcolcon.colcon_core.package_identification[0m [1;30mLevel 1[0m _identify(.) by extension 'ros'
[1.388s] [34mcolcon.colcon_core.package_identification[0m [1;30mLevel 1[0m _identify(.) by extensions ['cmake', 'python']
[1.388s] [34mcolcon.colcon_core.package_identification[0m [1;30mLevel 1[0m _identify(.) by extension 'cmake'
[1.388s] [34mcolcon.colcon_core.package_identification[0m [1;30mLevel 1[0m _identify(.) by extension 'python'
[1.388s] [34mcolcon.colcon_core.package_identification[0m [1;30mLevel 1[0m _identify(.) by extensions ['python_setup_py']
[1.388s] [34mcolcon.colcon_core.package_identification[0m [1;30mLevel 1[0m _identify(.) by extension 'python_setup_py'
[1.388s] [34mcolcon.colcon_core.package_identification[0m [1;30mLevel 1[0m _identify(build) by extensions ['ignore', 'ignore_ament_install']
[1.388s] [34mcolcon.colcon_core.package_identification[0m [1;30mLevel 1[0m _identify(build) by extension 'ignore'
[1.388s] [34mcolcon.colcon_core.package_identification[0m [1;30mLevel 1[0m _identify(build) ignored
[1.389s] [34mcolcon.colcon_core.package_identification[0m [1;30mLevel 1[0m _identify(com_pub) by extensions ['ignore', 'ignore_ament_install']
[1.389s] [34mcolcon.colcon_core.package_identification[0m [1;30mLevel 1[0m _identify(com_pub) by extension 'ignore'
[1.389s] [34mcolcon.colcon_core.package_identification[0m [1;30mLevel 1[0m _identify(com_pub) by extension 'ignore_ament_install'
[1.389s] [34mcolcon.colcon_core.package_identification[0m [1;30mLevel 1[0m _identify(com_pub) by extensions ['colcon_pkg']
[1.389s] [34mcolcon.colcon_core.package_identification[0m [1;30mLevel 1[0m _identify(com_pub) by extension 'colcon_pkg'
[1.389s] [34mcolcon.colcon_core.package_identification[0m [1;30mLevel 1[0m _identify(com_pub) by extensions ['colcon_meta']
[1.389s] [34mcolcon.colcon_core.package_identification[0m [1;30mLevel 1[0m _identify(com_pub) by extension 'colcon_meta'
[1.389s] [34mcolcon.colcon_core.package_identification[0m [1;30mLevel 1[0m _identify(com_pub) by extensions ['ros']
[1.389s] [34mcolcon.colcon_core.package_identification[0m [1;30mLevel 1[0m _identify(com_pub) by extension 'ros'
[1.393s] [34mcolcon.colcon_core.package_identification[0m [1;30mDEBUG[0m [32mPackage 'com_pub' with type 'ros.ament_cmake' and name 'com_pub'[0m
[1.393s] [34mcolcon.colcon_core.package_identification[0m [1;30mLevel 1[0m _identify(depth_comm) by extensions ['ignore', 'ignore_ament_install']
[1.394s] [34mcolcon.colcon_core.package_identification[0m [1;30mLevel 1[0m _identify(depth_comm) by extension 'ignore'
[1.394s] [34mcolcon.colcon_core.package_identification[0m [1;30mLevel 1[0m _identify(depth_comm) by extension 'ignore_ament_install'
[1.394s] [34mcolcon.colcon_core.package_identification[0m [1;30mLevel 1[0m _identify(depth_comm) by extensions ['colcon_pkg']
[1.394s] [34mcolcon.colcon_core.package_identification[0m [1;30mLevel 1[0m _identify(depth_comm) by extension 'colcon_pkg'
[1.394s] [34mcolcon.colcon_core.package_identification[0m [1;30mLevel 1[0m _identify(depth_comm) by extensions ['colcon_meta']
[1.394s] [34mcolcon.colcon_core.package_identification[0m [1;30mLevel 1[0m _identify(depth_comm) by extension 'colcon_meta'
[1.394s] [34mcolcon.colcon_core.package_identification[0m [1;30mLevel 1[0m _identify(depth_comm) by extensions ['ros']
[1.394s] [34mcolcon.colcon_core.package_identification[0m [1;30mLevel 1[0m _identify(depth_comm) by extension 'ros'
[1.395s] [34mcolcon.colcon_core.package_identification[0m [1;30mDEBUG[0m [32mPackage 'depth_comm' with type 'ros.ament_cmake' and name 'depth_comm'[0m
[1.395s] [34mcolcon.colcon_core.package_identification[0m [1;30mLevel 1[0m _identify(gamepad) by extensions ['ignore', 'ignore_ament_install']
[1.395s] [34mcolcon.colcon_core.package_identification[0m [1;30mLevel 1[0m _identify(gamepad) by extension 'ignore'
[1.395s] [34mcolcon.colcon_core.package_identification[0m [1;30mLevel 1[0m _identify(gamepad) by extension 'ignore_ament_install'
[1.395s] [34mcolcon.colcon_core.package_identification[0m [1;30mLevel 1[0m _identify(gamepad) by extensions ['colcon_pkg']
[1.395s] [34mcolcon.colcon_core.package_identification[0m [1;30mLevel 1[0m _identify(gamepad) by extension 'colcon_pkg'
[1.395s] [34mcolcon.colcon_core.package_identification[0m [1;30mLevel 1[0m _identify(gamepad) by extensions ['colcon_meta']
[1.395s] [34mcolcon.colcon_core.package_identification[0m [1;30mLevel 1[0m _identify(gamepad) by extension 'colcon_meta'
[1.395s] [34mcolcon.colcon_core.package_identification[0m [1;30mLevel 1[0m _identify(gamepad) by extensions ['ros']
[1.396s] [34mcolcon.colcon_core.package_identification[0m [1;30mLevel 1[0m _identify(gamepad) by extension 'ros'
[1.396s] [34mcolcon.colcon_core.package_identification[0m [1;30mDEBUG[0m [32mPackage 'gamepad' with type 'ros.ament_cmake' and name 'gamepad'[0m
[1.397s] [34mcolcon.colcon_core.package_identification[0m [1;30mLevel 1[0m _identify(install) by extensions ['ignore', 'ignore_ament_install']
[1.397s] [34mcolcon.colcon_core.package_identification[0m [1;30mLevel 1[0m _identify(install) by extension 'ignore'
[1.397s] [34mcolcon.colcon_core.package_identification[0m [1;30mLevel 1[0m _identify(install) ignored
[1.397s] [34mcolcon.colcon_core.package_identification[0m [1;30mLevel 1[0m _identify(log) by extensions ['ignore', 'ignore_ament_install']
[1.397s] [34mcolcon.colcon_core.package_identification[0m [1;30mLevel 1[0m _identify(log) by extension 'ignore'
[1.397s] [34mcolcon.colcon_core.package_identification[0m [1;30mLevel 1[0m _identify(log) ignored
[1.397s] [34mcolcon.colcon_core.package_identification[0m [1;30mLevel 1[0m _identify(shared_msgs) by extensions ['ignore', 'ignore_ament_install']
[1.397s] [34mcolcon.colcon_core.package_identification[0m [1;30mLevel 1[0m _identify(shared_msgs) by extension 'ignore'
[1.397s] [34mcolcon.colcon_core.package_identification[0m [1;30mLevel 1[0m _identify(shared_msgs) by extension 'ignore_ament_install'
[1.397s] [34mcolcon.colcon_core.package_identification[0m [1;30mLevel 1[0m _identify(shared_msgs) by extensions ['colcon_pkg']
[1.397s] [34mcolcon.colcon_core.package_identification[0m [1;30mLevel 1[0m _identify(shared_msgs) by extension 'colcon_pkg'
[1.397s] [34mcolcon.colcon_core.package_identification[0m [1;30mLevel 1[0m _identify(shared_msgs) by extensions ['colcon_meta']
[1.397s] [34mcolcon.colcon_core.package_identification[0m [1;30mLevel 1[0m _identify(shared_msgs) by extension 'colcon_meta'
[1.398s] [34mcolcon.colcon_core.package_identification[0m [1;30mLevel 1[0m _identify(shared_msgs) by extensions ['ros']
[1.398s] [34mcolcon.colcon_core.package_identification[0m [1;30mLevel 1[0m _identify(shared_msgs) by extension 'ros'
[1.398s] [34mcolcon.colcon_core.package_identification[0m [1;30mDEBUG[0m [32mPackage 'shared_msgs' with type 'ros.ament_cmake' and name 'shared_msgs'[0m
[1.399s] [34mcolcon.colcon_core.package_identification[0m [1;30mLevel 1[0m _identify(surface_imu) by extensions ['ignore', 'ignore_ament_install']
[1.399s] [34mcolcon.colcon_core.package_identification[0m [1;30mLevel 1[0m _identify(surface_imu) by extension 'ignore'
[1.399s] [34mcolcon.colcon_core.package_identification[0m [1;30mLevel 1[0m _identify(surface_imu) by extension 'ignore_ament_install'
[1.399s] [34mcolcon.colcon_core.package_identification[0m [1;30mLevel 1[0m _identify(surface_imu) by extensions ['colcon_pkg']
[1.399s] [34mcolcon.colcon_core.package_identification[0m [1;30mLevel 1[0m _identify(surface_imu) by extension 'colcon_pkg'
[1.399s] [34mcolcon.colcon_core.package_identification[0m [1;30mLevel 1[0m _identify(surface_imu) by extensions ['colcon_meta']
[1.399s] [34mcolcon.colcon_core.package_identification[0m [1;30mLevel 1[0m _identify(surface_imu) by extension 'colcon_meta'
[1.399s] [34mcolcon.colcon_core.package_identification[0m [1;30mLevel 1[0m _identify(surface_imu) by extensions ['ros']
[1.400s] [34mcolcon.colcon_core.package_identification[0m [1;30mLevel 1[0m _identify(surface_imu) by extension 'ros'
[1.401s] [34mcolcon.colcon_core.package_identification[0m [1;30mDEBUG[0m [32mPackage 'surface_imu' with type 'ros.ament_cmake' and name 'surface_imu'[0m
[1.401s] [34mcolcon.colcon_core.package_identification[0m [1;30mLevel 1[0m _identify(thrusters) by extensions ['ignore', 'ignore_ament_install']
[1.401s] [34mcolcon.colcon_core.package_identification[0m [1;30mLevel 1[0m _identify(thrusters) by extension 'ignore'
[1.401s] [34mcolcon.colcon_core.package_identification[0m [1;30mLevel 1[0m _identify(thrusters) by extension 'ignore_ament_install'
[1.401s] [34mcolcon.colcon_core.package_identification[0m [1;30mLevel 1[0m _identify(thrusters) by extensions ['colcon_pkg']
[1.401s] [34mcolcon.colcon_core.package_identification[0m [1;30mLevel 1[0m _identify(thrusters) by extension 'colcon_pkg'
[1.401s] [34mcolcon.colcon_core.package_identification[0m [1;30mLevel 1[0m _identify(thrusters) by extensions ['colcon_meta']
[1.402s] [34mcolcon.colcon_core.package_identification[0m [1;30mLevel 1[0m _identify(thrusters) by extension 'colcon_meta'
[1.402s] [34mcolcon.colcon_core.package_identification[0m [1;30mLevel 1[0m _identify(thrusters) by extensions ['ros']
[1.402s] [34mcolcon.colcon_core.package_identification[0m [1;30mLevel 1[0m _identify(thrusters) by extension 'ros'
[1.402s] [34mcolcon.colcon_core.package_identification[0m [1;30mDEBUG[0m [32mPackage 'thrusters' with type 'ros.ament_cmake' and name 'thrusters'[0m
[1.402s] [34mcolcon.colcon_core.package_discovery[0m [1;30mLevel 1[0m discover_packages(recursive) using defaults
[1.402s] [34mcolcon.colcon_core.package_discovery[0m [1;30mLevel 1[0m discover_packages(ignore) discover
[1.403s] [34mcolcon.colcon_core.package_discovery[0m [1;30mLevel 1[0m discover_packages(ignore) using defaults
[1.403s] [34mcolcon.colcon_core.package_discovery[0m [1;30mLevel 1[0m discover_packages(path) discover
[1.403s] [34mcolcon.colcon_core.package_discovery[0m [1;30mLevel 1[0m discover_packages(path) using defaults
[1.459s] [34mcolcon.colcon_core.package_discovery[0m [1;30mLevel 1[0m discover_packages(prefix_path) check parameters
[1.459s] [34mcolcon.colcon_core.package_discovery[0m [1;30mLevel 1[0m discover_packages(prefix_path) discover
[1.463s] [34mcolcon.colcon_core.package_discovery[0m [1;30mLevel 1[0m discover_packages(prefix_path) using defaults
[1.467s] [34mcolcon.colcon_core.verb[0m [1;30mLevel 5[0m set package 'com_pub' build argument 'cmake_args' from command line to 'None'
[1.467s] [34mcolcon.colcon_core.verb[0m [1;30mLevel 5[0m set package 'com_pub' build argument 'cmake_target' from command line to 'None'
[1.467s] [34mcolcon.colcon_core.verb[0m [1;30mLevel 5[0m set package 'com_pub' build argument 'cmake_target_skip_unavailable' from command line to 'False'
[1.467s] [34mcolcon.colcon_core.verb[0m [1;30mLevel 5[0m set package 'com_pub' build argument 'cmake_clean_cache' from command line to 'False'
[1.467s] [34mcolcon.colcon_core.verb[0m [1;30mLevel 5[0m set package 'com_pub' build argument 'cmake_clean_first' from command line to 'False'
[1.467s] [34mcolcon.colcon_core.verb[0m [1;30mLevel 5[0m set package 'com_pub' build argument 'cmake_force_configure' from command line to 'False'
[1.467s] [34mcolcon.colcon_core.verb[0m [1;30mLevel 5[0m set package 'com_pub' build argument 'ament_cmake_args' from command line to 'None'
[1.467s] [34mcolcon.colcon_core.verb[0m [1;30mLevel 5[0m set package 'com_pub' build argument 'catkin_cmake_args' from command line to 'None'
[1.467s] [34mcolcon.colcon_core.verb[0m [1;30mLevel 5[0m set package 'com_pub' build argument 'catkin_skip_building_tests' from command line to 'False'
[1.467s] [34mcolcon.colcon_core.verb[0m [1;30mDEBUG[0m [32mBuilding package 'com_pub' with the following arguments: {'ament_cmake_args': None, 'build_base': '/home/benboardley/src/ROV/X16-Surface/ros/build/com_pub', 'catkin_cmake_args': None, 'catkin_skip_building_tests': False, 'cmake_args': None, 'cmake_clean_cache': False, 'cmake_clean_first': False, 'cmake_force_configure': False, 'cmake_target': None, 'cmake_target_skip_unavailable': False, 'install_base': '/home/benboardley/src/ROV/X16-Surface/ros/install/com_pub', 'merge_install': False, 'path': '/home/benboardley/src/ROV/X16-Surface/ros/com_pub', 'symlink_install': False, 'test_result_base': None}[0m
[1.468s] [34mcolcon.colcon_core.verb[0m [1;30mLevel 5[0m set package 'depth_comm' build argument 'cmake_args' from command line to 'None'
[1.468s] [34mcolcon.colcon_core.verb[0m [1;30mLevel 5[0m set package 'depth_comm' build argument 'cmake_target' from command line to 'None'
[1.468s] [34mcolcon.colcon_core.verb[0m [1;30mLevel 5[0m set package 'depth_comm' build argument 'cmake_target_skip_unavailable' from command line to 'False'
[1.468s] [34mcolcon.colcon_core.verb[0m [1;30mLevel 5[0m set package 'depth_comm' build argument 'cmake_clean_cache' from command line to 'False'
[1.468s] [34mcolcon.colcon_core.verb[0m [1;30mLevel 5[0m set package 'depth_comm' build argument 'cmake_clean_first' from command line to 'False'
[1.468s] [34mcolcon.colcon_core.verb[0m [1;30mLevel 5[0m set package 'depth_comm' build argument 'cmake_force_configure' from command line to 'False'
[1.468s] [34mcolcon.colcon_core.verb[0m [1;30mLevel 5[0m set package 'depth_comm' build argument 'ament_cmake_args' from command line to 'None'
[1.468s] [34mcolcon.colcon_core.verb[0m [1;30mLevel 5[0m set package 'depth_comm' build argument 'catkin_cmake_args' from command line to 'None'
[1.468s] [34mcolcon.colcon_core.verb[0m [1;30mLevel 5[0m set package 'depth_comm' build argument 'catkin_skip_building_tests' from command line to 'False'
[1.468s] [34mcolcon.colcon_core.verb[0m [1;30mDEBUG[0m [32mBuilding package 'depth_comm' with the following arguments: {'ament_cmake_args': None, 'build_base': '/home/benboardley/src/ROV/X16-Surface/ros/build/depth_comm', 'catkin_cmake_args': None, 'catkin_skip_building_tests': False, 'cmake_args': None, 'cmake_clean_cache': False, 'cmake_clean_first': False, 'cmake_force_configure': False, 'cmake_target': None, 'cmake_target_skip_unavailable': False, 'install_base': '/home/benboardley/src/ROV/X16-Surface/ros/install/depth_comm', 'merge_install': False, 'path': '/home/benboardley/src/ROV/X16-Surface/ros/depth_comm', 'symlink_install': False, 'test_result_base': None}[0m
[1.470s] [34mcolcon.colcon_core.verb[0m [1;30mLevel 5[0m set package 'gamepad' build argument 'cmake_args' from command line to 'None'
[1.470s] [34mcolcon.colcon_core.verb[0m [1;30mLevel 5[0m set package 'gamepad' build argument 'cmake_target' from command line to 'None'
[1.470s] [34mcolcon.colcon_core.verb[0m [1;30mLevel 5[0m set package 'gamepad' build argument 'cmake_target_skip_unavailable' from command line to 'False'
[1.470s] [34mcolcon.colcon_core.verb[0m [1;30mLevel 5[0m set package 'gamepad' build argument 'cmake_clean_cache' from command line to 'False'
[1.470s] [34mcolcon.colcon_core.verb[0m [1;30mLevel 5[0m set package 'gamepad' build argument 'cmake_clean_first' from command line to 'False'
[1.470s] [34mcolcon.colcon_core.verb[0m [1;30mLevel 5[0m set package 'gamepad' build argument 'cmake_force_configure' from command line to 'False'
[1.470s] [34mcolcon.colcon_core.verb[0m [1;30mLevel 5[0m set package 'gamepad' build argument 'ament_cmake_args' from command line to 'None'
[1.470s] [34mcolcon.colcon_core.verb[0m [1;30mLevel 5[0m set package 'gamepad' build argument 'catkin_cmake_args' from command line to 'None'
[1.470s] [34mcolcon.colcon_core.verb[0m [1;30mLevel 5[0m set package 'gamepad' build argument 'catkin_skip_building_tests' from command line to 'False'
[1.470s] [34mcolcon.colcon_core.verb[0m [1;30mDEBUG[0m [32mBuilding package 'gamepad' with the following arguments: {'ament_cmake_args': None, 'build_base': '/home/benboardley/src/ROV/X16-Surface/ros/build/gamepad', 'catkin_cmake_args': None, 'catkin_skip_building_tests': False, 'cmake_args': None, 'cmake_clean_cache': False, 'cmake_clean_first': False, 'cmake_force_configure': False, 'cmake_target': None, 'cmake_target_skip_unavailable': False, 'install_base': '/home/benboardley/src/ROV/X16-Surface/ros/install/gamepad', 'merge_install': False, 'path': '/home/benboardley/src/ROV/X16-Surface/ros/gamepad', 'symlink_install': False, 'test_result_base': None}[0m
[1.472s] [34mcolcon.colcon_core.verb[0m [1;30mLevel 5[0m set package 'shared_msgs' build argument 'cmake_args' from command line to 'None'
[1.472s] [34mcolcon.colcon_core.verb[0m [1;30mLevel 5[0m set package 'shared_msgs' build argument 'cmake_target' from command line to 'None'
[1.472s] [34mcolcon.colcon_core.verb[0m [1;30mLevel 5[0m set package 'shared_msgs' build argument 'cmake_target_skip_unavailable' from command line to 'False'
[1.472s] [34mcolcon.colcon_core.verb[0m [1;30mLevel 5[0m set package 'shared_msgs' build argument 'cmake_clean_cache' from command line to 'False'
[1.472s] [34mcolcon.colcon_core.verb[0m [1;30mLevel 5[0m set package 'shared_msgs' build argument 'cmake_clean_first' from command line to 'False'
[1.472s] [34mcolcon.colcon_core.verb[0m [1;30mLevel 5[0m set package 'shared_msgs' build argument 'cmake_force_configure' from command line to 'False'
[1.472s] [34mcolcon.colcon_core.verb[0m [1;30mLevel 5[0m set package 'shared_msgs' build argument 'ament_cmake_args' from command line to 'None'
[1.472s] [34mcolcon.colcon_core.verb[0m [1;30mLevel 5[0m set package 'shared_msgs' build argument 'catkin_cmake_args' from command line to 'None'
[1.472s] [34mcolcon.colcon_core.verb[0m [1;30mLevel 5[0m set package 'shared_msgs' build argument 'catkin_skip_building_tests' from command line to 'False'
[1.472s] [34mcolcon.colcon_core.verb[0m [1;30mDEBUG[0m [32mBuilding package 'shared_msgs' with the following arguments: {'ament_cmake_args': None, 'build_base': '/home/benboardley/src/ROV/X16-Surface/ros/build/shared_msgs', 'catkin_cmake_args': None, 'catkin_skip_building_tests': False, 'cmake_args': None, 'cmake_clean_cache': False, 'cmake_clean_first': False, 'cmake_force_configure': False, 'cmake_target': None, 'cmake_target_skip_unavailable': False, 'install_base': '/home/benboardley/src/ROV/X16-Surface/ros/install/shared_msgs', 'merge_install': False, 'path': '/home/benboardley/src/ROV/X16-Surface/ros/shared_msgs', 'symlink_install': False, 'test_result_base': None}[0m
[1.474s] [34mcolcon.colcon_core.verb[0m [1;30mLevel 5[0m set package 'surface_imu' build argument 'cmake_args' from command line to 'None'
[1.474s] [34mcolcon.colcon_core.verb[0m [1;30mLevel 5[0m set package 'surface_imu' build argument 'cmake_target' from command line to 'None'
[1.474s] [34mcolcon.colcon_core.verb[0m [1;30mLevel 5[0m set package 'surface_imu' build argument 'cmake_target_skip_unavailable' from command line to 'False'
[1.474s] [34mcolcon.colcon_core.verb[0m [1;30mLevel 5[0m set package 'surface_imu' build argument 'cmake_clean_cache' from command line to 'False'
[1.474s] [34mcolcon.colcon_core.verb[0m [1;30mLevel 5[0m set package 'surface_imu' build argument 'cmake_clean_first' from command line to 'False'
[1.474s] [34mcolcon.colcon_core.verb[0m [1;30mLevel 5[0m set package 'surface_imu' build argument 'cmake_force_configure' from command line to 'False'
[1.474s] [34mcolcon.colcon_core.verb[0m [1;30mLevel 5[0m set package 'surface_imu' build argument 'ament_cmake_args' from command line to 'None'
[1.474s] [34mcolcon.colcon_core.verb[0m [1;30mLevel 5[0m set package 'surface_imu' build argument 'catkin_cmake_args' from command line to 'None'
[1.474s] [34mcolcon.colcon_core.verb[0m [1;30mLevel 5[0m set package 'surface_imu' build argument 'catkin_skip_building_tests' from command line to 'False'
[1.474s] [34mcolcon.colcon_core.verb[0m [1;30mDEBUG[0m [32mBuilding package 'surface_imu' with the following arguments: {'ament_cmake_args': None, 'build_base': '/home/benboardley/src/ROV/X16-Surface/ros/build/surface_imu', 'catkin_cmake_args': None, 'catkin_skip_building_tests': False, 'cmake_args': None, 'cmake_clean_cache': False, 'cmake_clean_first': False, 'cmake_force_configure': False, 'cmake_target': None, 'cmake_target_skip_unavailable': False, 'install_base': '/home/benboardley/src/ROV/X16-Surface/ros/install/surface_imu', 'merge_install': False, 'path': '/home/benboardley/src/ROV/X16-Surface/ros/surface_imu', 'symlink_install': False, 'test_result_base': None}[0m
[1.475s] [34mcolcon.colcon_core.verb[0m [1;30mLevel 5[0m set package 'thrusters' build argument 'cmake_args' from command line to 'None'
[1.475s] [34mcolcon.colcon_core.verb[0m [1;30mLevel 5[0m set package 'thrusters' build argument 'cmake_target' from command line to 'None'
[1.475s] [34mcolcon.colcon_core.verb[0m [1;30mLevel 5[0m set package 'thrusters' build argument 'cmake_target_skip_unavailable' from command line to 'False'
[1.475s] [34mcolcon.colcon_core.verb[0m [1;30mLevel 5[0m set package 'thrusters' build argument 'cmake_clean_cache' from command line to 'False'
[1.476s] [34mcolcon.colcon_core.verb[0m [1;30mLevel 5[0m set package 'thrusters' build argument 'cmake_clean_first' from command line to 'False'
[1.476s] [34mcolcon.colcon_core.verb[0m [1;30mLevel 5[0m set package 'thrusters' build argument 'cmake_force_configure' from command line to 'False'
[1.476s] [34mcolcon.colcon_core.verb[0m [1;30mLevel 5[0m set package 'thrusters' build argument 'ament_cmake_args' from command line to 'None'
[1.476s] [34mcolcon.colcon_core.verb[0m [1;30mLevel 5[0m set package 'thrusters' build argument 'catkin_cmake_args' from command line to 'None'
[1.476s] [34mcolcon.colcon_core.verb[0m [1;30mLevel 5[0m set package 'thrusters' build argument 'catkin_skip_building_tests' from command line to 'False'
[1.476s] [34mcolcon.colcon_core.verb[0m [1;30mDEBUG[0m [32mBuilding package 'thrusters' with the following arguments: {'ament_cmake_args': None, 'build_base': '/home/benboardley/src/ROV/X16-Surface/ros/build/thrusters', 'catkin_cmake_args': None, 'catkin_skip_building_tests': False, 'cmake_args': None, 'cmake_clean_cache': False, 'cmake_clean_first': False, 'cmake_force_configure': False, 'cmake_target': None, 'cmake_target_skip_unavailable': False, 'install_base': '/home/benboardley/src/ROV/X16-Surface/ros/install/thrusters', 'merge_install': False, 'path': '/home/benboardley/src/ROV/X16-Surface/ros/thrusters', 'symlink_install': False, 'test_result_base': None}[0m
[1.477s] [34mcolcon.colcon_core.executor[0m [1;30mINFO[0m Executing jobs using 'parallel' executor
[1.482s] [34mcolcon.colcon_parallel_executor.executor.parallel[0m [1;30mDEBUG[0m [32mrun_until_complete[0m
[1.482s] [34mcolcon.colcon_ros.task.ament_cmake.build[0m [1;30mINFO[0m Building ROS package in '/home/benboardley/src/ROV/X16-Surface/ros/com_pub' with build type 'ament_cmake'
[1.483s] [34mcolcon.colcon_cmake.task.cmake.build[0m [1;30mINFO[0m Building CMake package in '/home/benboardley/src/ROV/X16-Surface/ros/com_pub'
[1.499s] [34mcolcon.colcon_core.plugin_system[0m [1;30mINFO[0m Skipping extension 'colcon_core.shell.bat': Not used on non-Windows systems
[1.499s] [34mcolcon.colcon_core.shell[0m [1;30mINFO[0m Skip shell extension 'powershell' for command environment: Not usable outside of PowerShell
[1.499s] [34mcolcon.colcon_core.shell[0m [1;30mDEBUG[0m [32mSkip shell extension 'dsv' for command environment[0m
[1.504s] [34mcolcon.colcon_ros.task.ament_cmake.build[0m [1;30mINFO[0m Building ROS package in '/home/benboardley/src/ROV/X16-Surface/ros/depth_comm' with build type 'ament_cmake'
[1.504s] [34mcolcon.colcon_cmake.task.cmake.build[0m [1;30mINFO[0m Building CMake package in '/home/benboardley/src/ROV/X16-Surface/ros/depth_comm'
[1.506s] [34mcolcon.colcon_core.shell[0m [1;30mINFO[0m Skip shell extension 'powershell' for command environment: Not usable outside of PowerShell
[1.506s] [34mcolcon.colcon_core.shell[0m [1;30mDEBUG[0m [32mSkip shell extension 'dsv' for command environment[0m
[1.509s] [34mcolcon.colcon_ros.task.ament_cmake.build[0m [1;30mINFO[0m Building ROS package in '/home/benboardley/src/ROV/X16-Surface/ros/gamepad' with build type 'ament_cmake'
[1.509s] [34mcolcon.colcon_cmake.task.cmake.build[0m [1;30mINFO[0m Building CMake package in '/home/benboardley/src/ROV/X16-Surface/ros/gamepad'
[1.512s] [34mcolcon.colcon_core.shell[0m [1;30mINFO[0m Skip shell extension 'powershell' for command environment: Not usable outside of PowerShell
[1.512s] [34mcolcon.colcon_core.shell[0m [1;30mDEBUG[0m [32mSkip shell extension 'dsv' for command environment[0m
[1.514s] [34mcolcon.colcon_ros.task.ament_cmake.build[0m [1;30mINFO[0m Building ROS package in '/home/benboardley/src/ROV/X16-Surface/ros/shared_msgs' with build type 'ament_cmake'
[1.514s] [34mcolcon.colcon_cmake.task.cmake.build[0m [1;30mINFO[0m Building CMake package in '/home/benboardley/src/ROV/X16-Surface/ros/shared_msgs'
[1.517s] [34mcolcon.colcon_core.shell[0m [1;30mINFO[0m Skip shell extension 'powershell' for command environment: Not usable outside of PowerShell
[1.517s] [34mcolcon.colcon_core.shell[0m [1;30mDEBUG[0m [32mSkip shell extension 'dsv' for command environment[0m
[1.521s] [34mcolcon.colcon_ros.task.ament_cmake.build[0m [1;30mINFO[0m Building ROS package in '/home/benboardley/src/ROV/X16-Surface/ros/surface_imu' with build type 'ament_cmake'
[1.522s] [34mcolcon.colcon_cmake.task.cmake.build[0m [1;30mINFO[0m Building CMake package in '/home/benboardley/src/ROV/X16-Surface/ros/surface_imu'
[1.524s] [34mcolcon.colcon_core.shell[0m [1;30mINFO[0m Skip shell extension 'powershell' for command environment: Not usable outside of PowerShell
[1.524s] [34mcolcon.colcon_core.shell[0m [1;30mDEBUG[0m [32mSkip shell extension 'dsv' for command environment[0m
[1.527s] [34mcolcon.colcon_ros.task.ament_cmake.build[0m [1;30mINFO[0m Building ROS package in '/home/benboardley/src/ROV/X16-Surface/ros/thrusters' with build type 'ament_cmake'
[1.527s] [34mcolcon.colcon_cmake.task.cmake.build[0m [1;30mINFO[0m Building CMake package in '/home/benboardley/src/ROV/X16-Surface/ros/thrusters'
[1.529s] [34mcolcon.colcon_core.shell[0m [1;30mINFO[0m Skip shell extension 'powershell' for command environment: Not usable outside of PowerShell
[1.529s] [34mcolcon.colcon_core.shell[0m [1;30mDEBUG[0m [32mSkip shell extension 'dsv' for command environment[0m
[1.541s] [34mcolcon.colcon_core.event_handler.log_command[0m [1;30mDEBUG[0m [32mInvoking command in '/home/benboardley/src/ROV/X16-Surface/ros/build/com_pub': /home/benboardley/.local/bin/cmake --build /home/benboardley/src/ROV/X16-Surface/ros/build/com_pub -- -j8 -l8[0m
[1.549s] [34mcolcon.colcon_core.event_handler.log_command[0m [1;30mDEBUG[0m [32mInvoking command in '/home/benboardley/src/ROV/X16-Surface/ros/build/depth_comm': /home/benboardley/.local/bin/cmake --build /home/benboardley/src/ROV/X16-Surface/ros/build/depth_comm -- -j8 -l8[0m
[1.554s] [34mcolcon.colcon_core.event_handler.log_command[0m [1;30mDEBUG[0m [32mInvoking command in '/home/benboardley/src/ROV/X16-Surface/ros/build/gamepad': /home/benboardley/.local/bin/cmake --build /home/benboardley/src/ROV/X16-Surface/ros/build/gamepad -- -j8 -l8[0m
[1.560s] [34mcolcon.colcon_core.event_handler.log_command[0m [1;30mDEBUG[0m [32mInvoking command in '/home/benboardley/src/ROV/X16-Surface/ros/build/shared_msgs': /home/benboardley/.local/bin/cmake --build /home/benboardley/src/ROV/X16-Surface/ros/build/shared_msgs -- -j8 -l8[0m
[1.563s] [34mcolcon.colcon_core.event_handler.log_command[0m [1;30mDEBUG[0m [32mInvoking command in '/home/benboardley/src/ROV/X16-Surface/ros/build/surface_imu': /home/benboardley/.local/bin/cmake --build /home/benboardley/src/ROV/X16-Surface/ros/build/surface_imu -- -j8 -l8[0m
[1.574s] [34mcolcon.colcon_core.event_handler.log_command[0m [1;30mDEBUG[0m [32mInvoking command in '/home/benboardley/src/ROV/X16-Surface/ros/build/thrusters': /home/benboardley/.local/bin/cmake --build /home/benboardley/src/ROV/X16-Surface/ros/build/thrusters -- -j8 -l8[0m
[2.151s] [34mcolcon.colcon_core.event_handler.log_command[0m [1;30mDEBUG[0m [32mInvoked command in '/home/benboardley/src/ROV/X16-Surface/ros/build/com_pub' returned '0': /home/benboardley/.local/bin/cmake --build /home/benboardley/src/ROV/X16-Surface/ros/build/com_pub -- -j8 -l8[0m
[2.160s] [34mcolcon.colcon_core.event_handler.log_command[0m [1;30mDEBUG[0m [32mInvoked command in '/home/benboardley/src/ROV/X16-Surface/ros/build/depth_comm' returned '0': /home/benboardley/.local/bin/cmake --build /home/benboardley/src/ROV/X16-Surface/ros/build/depth_comm -- -j8 -l8[0m
[2.162s] [34mcolcon.colcon_core.event_handler.log_command[0m [1;30mDEBUG[0m [32mInvoked command in '/home/benboardley/src/ROV/X16-Surface/ros/build/surface_imu' returned '0': /home/benboardley/.local/bin/cmake --build /home/benboardley/src/ROV/X16-Surface/ros/build/surface_imu -- -j8 -l8[0m
[2.165s] [34mcolcon.colcon_core.event_handler.log_command[0m [1;30mDEBUG[0m [32mInvoked command in '/home/benboardley/src/ROV/X16-Surface/ros/build/thrusters' returned '0': /home/benboardley/.local/bin/cmake --build /home/benboardley/src/ROV/X16-Surface/ros/build/thrusters -- -j8 -l8[0m
[2.171s] [34mcolcon.colcon_core.event_handler.log_command[0m [1;30mDEBUG[0m [32mInvoked command in '/home/benboardley/src/ROV/X16-Surface/ros/build/shared_msgs' returned '0': /home/benboardley/.local/bin/cmake --build /home/benboardley/src/ROV/X16-Surface/ros/build/shared_msgs -- -j8 -l8[0m
[2.185s] [34mcolcon.colcon_core.event_handler.log_command[0m [1;30mDEBUG[0m [32mInvoked command in '/home/benboardley/src/ROV/X16-Surface/ros/build/gamepad' returned '0': /home/benboardley/.local/bin/cmake --build /home/benboardley/src/ROV/X16-Surface/ros/build/gamepad -- -j8 -l8[0m
[2.241s] [34mcolcon.colcon_core.event_handler.log_command[0m [1;30mDEBUG[0m [32mInvoking command in '/home/benboardley/src/ROV/X16-Surface/ros/build/com_pub': /home/benboardley/.local/bin/cmake --install /home/benboardley/src/ROV/X16-Surface/ros/build/com_pub[0m
[2.244s] [34mcolcon.colcon_core.event_handler.log_command[0m [1;30mDEBUG[0m [32mInvoking command in '/home/benboardley/src/ROV/X16-Surface/ros/build/depth_comm': /home/benboardley/.local/bin/cmake --install /home/benboardley/src/ROV/X16-Surface/ros/build/depth_comm[0m
[2.246s] [34mcolcon.colcon_core.event_handler.log_command[0m [1;30mDEBUG[0m [32mInvoking command in '/home/benboardley/src/ROV/X16-Surface/ros/build/thrusters': /home/benboardley/.local/bin/cmake --install /home/benboardley/src/ROV/X16-Surface/ros/build/thrusters[0m
[2.247s] [34mcolcon.colcon_core.event_handler.log_command[0m [1;30mDEBUG[0m [32mInvoking command in '/home/benboardley/src/ROV/X16-Surface/ros/build/surface_imu': /home/benboardley/.local/bin/cmake --install /home/benboardley/src/ROV/X16-Surface/ros/build/surface_imu[0m
[2.251s] [34mcolcon.colcon_core.event_handler.log_command[0m [1;30mDEBUG[0m [32mInvoking command in '/home/benboardley/src/ROV/X16-Surface/ros/build/gamepad': /home/benboardley/.local/bin/cmake --install /home/benboardley/src/ROV/X16-Surface/ros/build/gamepad[0m
[2.356s] [34mcolcon.colcon_core.environment[0m [1;30mLevel 1[0m create_environment_scripts_only(com_pub)
[2.360s] [34mcolcon.colcon_core.event_handler.log_command[0m [1;30mDEBUG[0m [32mInvoked command in '/home/benboardley/src/ROV/X16-Surface/ros/build/com_pub' returned '0': /home/benboardley/.local/bin/cmake --install /home/benboardley/src/ROV/X16-Surface/ros/build/com_pub[0m
[2.371s] [34mcolcon.colcon_core.environment[0m [1;30mLevel 1[0m checking '/home/benboardley/src/ROV/X16-Surface/ros/install/com_pub' for CMake module files
[2.371s] [34mcolcon.colcon_core.environment[0m [1;30mLevel 1[0m checking '/home/benboardley/src/ROV/X16-Surface/ros/install/com_pub' for CMake config files
[2.371s] [34mcolcon.colcon_core.shell[0m [1;30mLevel 1[0m create_environment_hook('com_pub', 'cmake_prefix_path')
[2.372s] [34mcolcon.colcon_core.shell[0m [1;30mINFO[0m Creating environment hook '/home/benboardley/src/ROV/X16-Surface/ros/install/com_pub/share/com_pub/hook/cmake_prefix_path.ps1'
[2.374s] [34mcolcon.colcon_core.shell[0m [1;30mINFO[0m Creating environment descriptor '/home/benboardley/src/ROV/X16-Surface/ros/install/com_pub/share/com_pub/hook/cmake_prefix_path.dsv'
[2.375s] [34mcolcon.colcon_core.shell[0m [1;30mINFO[0m Creating environment hook '/home/benboardley/src/ROV/X16-Surface/ros/install/com_pub/share/com_pub/hook/cmake_prefix_path.sh'
[2.376s] [34mcolcon.colcon_core.environment[0m [1;30mLevel 1[0m checking '/home/benboardley/src/ROV/X16-Surface/ros/install/com_pub/lib'
[2.376s] [34mcolcon.colcon_core.environment[0m [1;30mLevel 1[0m checking '/home/benboardley/src/ROV/X16-Surface/ros/install/com_pub/bin'
[2.376s] [34mcolcon.colcon_core.environment[0m [1;30mLevel 1[0m checking '/home/benboardley/src/ROV/X16-Surface/ros/install/com_pub/lib/pkgconfig/com_pub.pc'
[2.378s] [34mcolcon.colcon_core.environment[0m [1;30mLevel 1[0m checking '/home/benboardley/src/ROV/X16-Surface/ros/install/com_pub/lib/python3.10/site-packages'
[2.378s] [34mcolcon.colcon_core.environment[0m [1;30mLevel 1[0m checking '/home/benboardley/src/ROV/X16-Surface/ros/install/com_pub/bin'
[2.380s] [34mcolcon.colcon_core.shell[0m [1;30mINFO[0m Creating package script '/home/benboardley/src/ROV/X16-Surface/ros/install/com_pub/share/com_pub/package.ps1'
[2.382s] [34mcolcon.colcon_core.shell[0m [1;30mINFO[0m Creating package descriptor '/home/benboardley/src/ROV/X16-Surface/ros/install/com_pub/share/com_pub/package.dsv'
[2.383s] [34mcolcon.colcon_core.shell[0m [1;30mINFO[0m Creating package script '/home/benboardley/src/ROV/X16-Surface/ros/install/com_pub/share/com_pub/package.sh'
[2.384s] [34mcolcon.colcon_core.shell[0m [1;30mINFO[0m Creating package script '/home/benboardley/src/ROV/X16-Surface/ros/install/com_pub/share/com_pub/package.bash'
[2.385s] [34mcolcon.colcon_core.shell[0m [1;30mINFO[0m Creating package script '/home/benboardley/src/ROV/X16-Surface/ros/install/com_pub/share/com_pub/package.zsh'
[2.387s] [34mcolcon.colcon_core.environment[0m [1;30mLevel 1[0m create_file_with_runtime_dependencies(/home/benboardley/src/ROV/X16-Surface/ros/install/com_pub/share/colcon-core/packages/com_pub)
[2.388s] [34mcolcon.colcon_core.environment[0m [1;30mLevel 1[0m create_environment_scripts_only(depth_comm)
[2.392s] [34mcolcon.colcon_core.environment[0m [1;30mLevel 1[0m checking '/home/benboardley/src/ROV/X16-Surface/ros/install/depth_comm' for CMake module files
[2.393s] [34mcolcon.colcon_core.event_handler.log_command[0m [1;30mDEBUG[0m [32mInvoked command in '/home/benboardley/src/ROV/X16-Surface/ros/build/depth_comm' returned '0': /home/benboardley/.local/bin/cmake --install /home/benboardley/src/ROV/X16-Surface/ros/build/depth_comm[0m
[2.394s] [34mcolcon.colcon_core.environment[0m [1;30mLevel 1[0m checking '/home/benboardley/src/ROV/X16-Surface/ros/install/depth_comm' for CMake config files
[2.394s] [34mcolcon.colcon_core.shell[0m [1;30mLevel 1[0m create_environment_hook('depth_comm', 'cmake_prefix_path')
[2.396s] [34mcolcon.colcon_core.shell[0m [1;30mINFO[0m Creating environment hook '/home/benboardley/src/ROV/X16-Surface/ros/install/depth_comm/share/depth_comm/hook/cmake_prefix_path.ps1'
[2.397s] [34mcolcon.colcon_core.shell[0m [1;30mINFO[0m Creating environment descriptor '/home/benboardley/src/ROV/X16-Surface/ros/install/depth_comm/share/depth_comm/hook/cmake_prefix_path.dsv'
[2.397s] [34mcolcon.colcon_core.shell[0m [1;30mINFO[0m Creating environment hook '/home/benboardley/src/ROV/X16-Surface/ros/install/depth_comm/share/depth_comm/hook/cmake_prefix_path.sh'
[2.399s] [34mcolcon.colcon_core.environment[0m [1;30mLevel 1[0m checking '/home/benboardley/src/ROV/X16-Surface/ros/install/depth_comm/lib'
[2.399s] [34mcolcon.colcon_core.environment[0m [1;30mLevel 1[0m checking '/home/benboardley/src/ROV/X16-Surface/ros/install/depth_comm/bin'
[2.399s] [34mcolcon.colcon_core.environment[0m [1;30mLevel 1[0m checking '/home/benboardley/src/ROV/X16-Surface/ros/install/depth_comm/lib/pkgconfig/depth_comm.pc'
[2.399s] [34mcolcon.colcon_core.environment[0m [1;30mLevel 1[0m checking '/home/benboardley/src/ROV/X16-Surface/ros/install/depth_comm/lib/python3.10/site-packages'
[2.399s] [34mcolcon.colcon_core.environment[0m [1;30mLevel 1[0m checking '/home/benboardley/src/ROV/X16-Surface/ros/install/depth_comm/bin'
[2.401s] [34mcolcon.colcon_core.shell[0m [1;30mINFO[0m Creating package script '/home/benboardley/src/ROV/X16-Surface/ros/install/depth_comm/share/depth_comm/package.ps1'
[2.402s] [34mcolcon.colcon_core.shell[0m [1;30mINFO[0m Creating package descriptor '/home/benboardley/src/ROV/X16-Surface/ros/install/depth_comm/share/depth_comm/package.dsv'
[2.402s] [34mcolcon.colcon_core.shell[0m [1;30mINFO[0m Creating package script '/home/benboardley/src/ROV/X16-Surface/ros/install/depth_comm/share/depth_comm/package.sh'
[2.403s] [34mcolcon.colcon_core.shell[0m [1;30mINFO[0m Creating package script '/home/benboardley/src/ROV/X16-Surface/ros/install/depth_comm/share/depth_comm/package.bash'
[2.404s] [34mcolcon.colcon_core.shell[0m [1;30mINFO[0m Creating package script '/home/benboardley/src/ROV/X16-Surface/ros/install/depth_comm/share/depth_comm/package.zsh'
[2.404s] [34mcolcon.colcon_core.environment[0m [1;30mLevel 1[0m create_file_with_runtime_dependencies(/home/benboardley/src/ROV/X16-Surface/ros/install/depth_comm/share/colcon-core/packages/depth_comm)
[2.406s] [34mcolcon.colcon_core.environment[0m [1;30mLevel 1[0m create_environment_scripts_only(thrusters)
[2.409s] [34mcolcon.colcon_core.environment[0m [1;30mLevel 1[0m checking '/home/benboardley/src/ROV/X16-Surface/ros/install/thrusters' for CMake module files
[2.410s] [34mcolcon.colcon_core.event_handler.log_command[0m [1;30mDEBUG[0m [32mInvoked command in '/home/benboardley/src/ROV/X16-Surface/ros/build/thrusters' returned '0': /home/benboardley/.local/bin/cmake --install /home/benboardley/src/ROV/X16-Surface/ros/build/thrusters[0m
[2.410s] [34mcolcon.colcon_core.environment[0m [1;30mLevel 1[0m checking '/home/benboardley/src/ROV/X16-Surface/ros/install/thrusters' for CMake config files
[2.410s] [34mcolcon.colcon_core.shell[0m [1;30mLevel 1[0m create_environment_hook('thrusters', 'cmake_prefix_path')
[2.412s] [34mcolcon.colcon_core.shell[0m [1;30mINFO[0m Creating environment hook '/home/benboardley/src/ROV/X16-Surface/ros/install/thrusters/share/thrusters/hook/cmake_prefix_path.ps1'
[2.413s] [34mcolcon.colcon_core.shell[0m [1;30mINFO[0m Creating environment descriptor '/home/benboardley/src/ROV/X16-Surface/ros/install/thrusters/share/thrusters/hook/cmake_prefix_path.dsv'
[2.413s] [34mcolcon.colcon_core.shell[0m [1;30mINFO[0m Creating environment hook '/home/benboardley/src/ROV/X16-Surface/ros/install/thrusters/share/thrusters/hook/cmake_prefix_path.sh'
[2.414s] [34mcolcon.colcon_core.environment[0m [1;30mLevel 1[0m checking '/home/benboardley/src/ROV/X16-Surface/ros/install/thrusters/lib'
[2.415s] [34mcolcon.colcon_core.environment[0m [1;30mLevel 1[0m checking '/home/benboardley/src/ROV/X16-Surface/ros/install/thrusters/bin'
[2.415s] [34mcolcon.colcon_core.environment[0m [1;30mLevel 1[0m checking '/home/benboardley/src/ROV/X16-Surface/ros/install/thrusters/lib/pkgconfig/thrusters.pc'
[2.415s] [34mcolcon.colcon_core.environment[0m [1;30mLevel 1[0m checking '/home/benboardley/src/ROV/X16-Surface/ros/install/thrusters/lib/python3.10/site-packages'
[2.415s] [34mcolcon.colcon_core.environment[0m [1;30mLevel 1[0m checking '/home/benboardley/src/ROV/X16-Surface/ros/install/thrusters/bin'
[2.417s] [34mcolcon.colcon_core.shell[0m [1;30mINFO[0m Creating package script '/home/benboardley/src/ROV/X16-Surface/ros/install/thrusters/share/thrusters/package.ps1'
[2.418s] [34mcolcon.colcon_core.shell[0m [1;30mINFO[0m Creating package descriptor '/home/benboardley/src/ROV/X16-Surface/ros/install/thrusters/share/thrusters/package.dsv'
[2.419s] [34mcolcon.colcon_core.shell[0m [1;30mINFO[0m Creating package script '/home/benboardley/src/ROV/X16-Surface/ros/install/thrusters/share/thrusters/package.sh'
[2.419s] [34mcolcon.colcon_core.shell[0m [1;30mINFO[0m Creating package script '/home/benboardley/src/ROV/X16-Surface/ros/install/thrusters/share/thrusters/package.bash'
[2.420s] [34mcolcon.colcon_core.shell[0m [1;30mINFO[0m Creating package script '/home/benboardley/src/ROV/X16-Surface/ros/install/thrusters/share/thrusters/package.zsh'
[2.421s] [34mcolcon.colcon_core.environment[0m [1;30mLevel 1[0m create_file_with_runtime_dependencies(/home/benboardley/src/ROV/X16-Surface/ros/install/thrusters/share/colcon-core/packages/thrusters)
[2.424s] [34mcolcon.colcon_core.environment[0m [1;30mLevel 1[0m create_environment_scripts_only(surface_imu)
[2.428s] [34mcolcon.colcon_core.environment[0m [1;30mLevel 1[0m checking '/home/benboardley/src/ROV/X16-Surface/ros/install/surface_imu' for CMake module files
[2.430s] [34mcolcon.colcon_core.event_handler.log_command[0m [1;30mDEBUG[0m [32mInvoked command in '/home/benboardley/src/ROV/X16-Surface/ros/build/surface_imu' returned '0': /home/benboardley/.local/bin/cmake --install /home/benboardley/src/ROV/X16-Surface/ros/build/surface_imu[0m
[2.431s] [34mcolcon.colcon_core.environment[0m [1;30mLevel 1[0m checking '/home/benboardley/src/ROV/X16-Surface/ros/install/surface_imu' for CMake config files
[2.432s] [34mcolcon.colcon_core.shell[0m [1;30mLevel 1[0m create_environment_hook('surface_imu', 'cmake_prefix_path')
[2.434s] [34mcolcon.colcon_core.shell[0m [1;30mINFO[0m Creating environment hook '/home/benboardley/src/ROV/X16-Surface/ros/install/surface_imu/share/surface_imu/hook/cmake_prefix_path.ps1'
[2.436s] [34mcolcon.colcon_core.shell[0m [1;30mINFO[0m Creating environment descriptor '/home/benboardley/src/ROV/X16-Surface/ros/install/surface_imu/share/surface_imu/hook/cmake_prefix_path.dsv'
[2.437s] [34mcolcon.colcon_core.shell[0m [1;30mINFO[0m Creating environment hook '/home/benboardley/src/ROV/X16-Surface/ros/install/surface_imu/share/surface_imu/hook/cmake_prefix_path.sh'
[2.438s] [34mcolcon.colcon_core.environment[0m [1;30mLevel 1[0m checking '/home/benboardley/src/ROV/X16-Surface/ros/install/surface_imu/lib'
[2.438s] [34mcolcon.colcon_core.environment[0m [1;30mLevel 1[0m checking '/home/benboardley/src/ROV/X16-Surface/ros/install/surface_imu/bin'
[2.438s] [34mcolcon.colcon_core.environment[0m [1;30mLevel 1[0m checking '/home/benboardley/src/ROV/X16-Surface/ros/install/surface_imu/lib/pkgconfig/surface_imu.pc'
[2.439s] [34mcolcon.colcon_core.environment[0m [1;30mLevel 1[0m checking '/home/benboardley/src/ROV/X16-Surface/ros/install/surface_imu/lib/python3.10/site-packages'
[2.439s] [34mcolcon.colcon_core.environment[0m [1;30mLevel 1[0m checking '/home/benboardley/src/ROV/X16-Surface/ros/install/surface_imu/bin'
[2.441s] [34mcolcon.colcon_core.shell[0m [1;30mINFO[0m Creating package script '/home/benboardley/src/ROV/X16-Surface/ros/install/surface_imu/share/surface_imu/package.ps1'
[2.442s] [34mcolcon.colcon_core.shell[0m [1;30mINFO[0m Creating package descriptor '/home/benboardley/src/ROV/X16-Surface/ros/install/surface_imu/share/surface_imu/package.dsv'
[2.442s] [34mcolcon.colcon_core.shell[0m [1;30mINFO[0m Creating package script '/home/benboardley/src/ROV/X16-Surface/ros/install/surface_imu/share/surface_imu/package.sh'
[2.443s] [34mcolcon.colcon_core.shell[0m [1;30mINFO[0m Creating package script '/home/benboardley/src/ROV/X16-Surface/ros/install/surface_imu/share/surface_imu/package.bash'
[2.443s] [34mcolcon.colcon_core.shell[0m [1;30mINFO[0m Creating package script '/home/benboardley/src/ROV/X16-Surface/ros/install/surface_imu/share/surface_imu/package.zsh'
[2.443s] [34mcolcon.colcon_core.environment[0m [1;30mLevel 1[0m create_file_with_runtime_dependencies(/home/benboardley/src/ROV/X16-Surface/ros/install/surface_imu/share/colcon-core/packages/surface_imu)
[2.446s] [34mcolcon.colcon_core.environment[0m [1;30mLevel 1[0m create_environment_scripts_only(gamepad)
[2.449s] [34mcolcon.colcon_core.environment[0m [1;30mLevel 1[0m checking '/home/benboardley/src/ROV/X16-Surface/ros/install/gamepad' for CMake module files
[2.450s] [34mcolcon.colcon_core.event_handler.log_command[0m [1;30mDEBUG[0m [32mInvoked command in '/home/benboardley/src/ROV/X16-Surface/ros/build/gamepad' returned '0': /home/benboardley/.local/bin/cmake --install /home/benboardley/src/ROV/X16-Surface/ros/build/gamepad[0m
[2.451s] [34mcolcon.colcon_core.environment[0m [1;30mLevel 1[0m checking '/home/benboardley/src/ROV/X16-Surface/ros/install/gamepad' for CMake config files
[2.451s] [34mcolcon.colcon_core.shell[0m [1;30mLevel 1[0m create_environment_hook('gamepad', 'cmake_prefix_path')
[2.453s] [34mcolcon.colcon_core.shell[0m [1;30mINFO[0m Creating environment hook '/home/benboardley/src/ROV/X16-Surface/ros/install/gamepad/share/gamepad/hook/cmake_prefix_path.ps1'
[2.454s] [34mcolcon.colcon_core.shell[0m [1;30mINFO[0m Creating environment descriptor '/home/benboardley/src/ROV/X16-Surface/ros/install/gamepad/share/gamepad/hook/cmake_prefix_path.dsv'
[2.455s] [34mcolcon.colcon_core.shell[0m [1;30mINFO[0m Creating environment hook '/home/benboardley/src/ROV/X16-Surface/ros/install/gamepad/share/gamepad/hook/cmake_prefix_path.sh'
[2.456s] [34mcolcon.colcon_core.environment[0m [1;30mLevel 1[0m checking '/home/benboardley/src/ROV/X16-Surface/ros/install/gamepad/lib'
[2.456s] [34mcolcon.colcon_core.environment[0m [1;30mLevel 1[0m checking '/home/benboardley/src/ROV/X16-Surface/ros/install/gamepad/bin'
[2.456s] [34mcolcon.colcon_core.environment[0m [1;30mLevel 1[0m checking '/home/benboardley/src/ROV/X16-Surface/ros/install/gamepad/lib/pkgconfig/gamepad.pc'
[2.457s] [34mcolcon.colcon_core.environment[0m [1;30mLevel 1[0m checking '/home/benboardley/src/ROV/X16-Surface/ros/install/gamepad/lib/python3.10/site-packages'
[2.457s] [34mcolcon.colcon_core.environment[0m [1;30mLevel 1[0m checking '/home/benboardley/src/ROV/X16-Surface/ros/install/gamepad/bin'
[2.460s] [34mcolcon.colcon_core.shell[0m [1;30mINFO[0m Creating package script '/home/benboardley/src/ROV/X16-Surface/ros/install/gamepad/share/gamepad/package.ps1'
[2.461s] [34mcolcon.colcon_core.shell[0m [1;30mINFO[0m Creating package descriptor '/home/benboardley/src/ROV/X16-Surface/ros/install/gamepad/share/gamepad/package.dsv'
[2.462s] [34mcolcon.colcon_core.shell[0m [1;30mINFO[0m Creating package script '/home/benboardley/src/ROV/X16-Surface/ros/install/gamepad/share/gamepad/package.sh'
[2.462s] [34mcolcon.colcon_core.shell[0m [1;30mINFO[0m Creating package script '/home/benboardley/src/ROV/X16-Surface/ros/install/gamepad/share/gamepad/package.bash'
[2.463s] [34mcolcon.colcon_core.shell[0m [1;30mINFO[0m Creating package script '/home/benboardley/src/ROV/X16-Surface/ros/install/gamepad/share/gamepad/package.zsh'
[2.463s] [34mcolcon.colcon_core.environment[0m [1;30mLevel 1[0m create_file_with_runtime_dependencies(/home/benboardley/src/ROV/X16-Surface/ros/install/gamepad/share/colcon-core/packages/gamepad)
[2.468s] [34mcolcon.colcon_core.event_handler.log_command[0m [1;30mDEBUG[0m [32mInvoking command in '/home/benboardley/src/ROV/X16-Surface/ros/build/shared_msgs': /home/benboardley/.local/bin/cmake --install /home/benboardley/src/ROV/X16-Surface/ros/build/shared_msgs[0m
[2.473s] [34mcolcon.colcon_core.environment[0m [1;30mLevel 1[0m create_environment_scripts_only(com_pub)
[2.476s] [34mcolcon.colcon_core.environment[0m [1;30mLevel 1[0m checking '/home/benboardley/src/ROV/X16-Surface/ros/install/com_pub' for CMake module files
[2.477s] [34mcolcon.colcon_core.environment[0m [1;30mLevel 1[0m checking '/home/benboardley/src/ROV/X16-Surface/ros/install/com_pub' for CMake config files
[2.477s] [34mcolcon.colcon_core.shell[0m [1;30mLevel 1[0m create_environment_hook('com_pub', 'cmake_prefix_path')
[2.479s] [34mcolcon.colcon_core.shell[0m [1;30mINFO[0m Creating environment hook '/home/benboardley/src/ROV/X16-Surface/ros/install/com_pub/share/com_pub/hook/cmake_prefix_path.ps1'
[2.479s] [34mcolcon.colcon_core.shell[0m [1;30mINFO[0m Creating environment descriptor '/home/benboardley/src/ROV/X16-Surface/ros/install/com_pub/share/com_pub/hook/cmake_prefix_path.dsv'
[2.480s] [34mcolcon.colcon_core.shell[0m [1;30mINFO[0m Creating environment hook '/home/benboardley/src/ROV/X16-Surface/ros/install/com_pub/share/com_pub/hook/cmake_prefix_path.sh'
[2.481s] [34mcolcon.colcon_core.environment[0m [1;30mLevel 1[0m checking '/home/benboardley/src/ROV/X16-Surface/ros/install/com_pub/lib'
[2.481s] [34mcolcon.colcon_core.environment[0m [1;30mLevel 1[0m checking '/home/benboardley/src/ROV/X16-Surface/ros/install/com_pub/bin'
[2.481s] [34mcolcon.colcon_core.environment[0m [1;30mLevel 1[0m checking '/home/benboardley/src/ROV/X16-Surface/ros/install/com_pub/lib/pkgconfig/com_pub.pc'
[2.481s] [34mcolcon.colcon_core.environment[0m [1;30mLevel 1[0m checking '/home/benboardley/src/ROV/X16-Surface/ros/install/com_pub/lib/python3.10/site-packages'
[2.481s] [34mcolcon.colcon_core.environment[0m [1;30mLevel 1[0m checking '/home/benboardley/src/ROV/X16-Surface/ros/install/com_pub/bin'
[2.483s] [34mcolcon.colcon_core.shell[0m [1;30mINFO[0m Creating package script '/home/benboardley/src/ROV/X16-Surface/ros/install/com_pub/share/com_pub/package.ps1'
[2.483s] [34mcolcon.colcon_core.shell[0m [1;30mINFO[0m Creating package descriptor '/home/benboardley/src/ROV/X16-Surface/ros/install/com_pub/share/com_pub/package.dsv'
[2.484s] [34mcolcon.colcon_core.shell[0m [1;30mINFO[0m Creating package script '/home/benboardley/src/ROV/X16-Surface/ros/install/com_pub/share/com_pub/package.sh'
[2.484s] [34mcolcon.colcon_core.shell[0m [1;30mINFO[0m Creating package script '/home/benboardley/src/ROV/X16-Surface/ros/install/com_pub/share/com_pub/package.bash'
[2.485s] [34mcolcon.colcon_core.shell[0m [1;30mINFO[0m Creating package script '/home/benboardley/src/ROV/X16-Surface/ros/install/com_pub/share/com_pub/package.zsh'
[2.485s] [34mcolcon.colcon_core.environment[0m [1;30mLevel 1[0m create_file_with_runtime_dependencies(/home/benboardley/src/ROV/X16-Surface/ros/install/com_pub/share/colcon-core/packages/com_pub)
[2.488s] [34mcolcon.colcon_core.environment[0m [1;30mLevel 1[0m create_environment_scripts_only(depth_comm)
[2.490s] [34mcolcon.colcon_core.environment[0m [1;30mLevel 1[0m checking '/home/benboardley/src/ROV/X16-Surface/ros/install/depth_comm' for CMake module files
[2.492s] [34mcolcon.colcon_core.environment[0m [1;30mLevel 1[0m checking '/home/benboardley/src/ROV/X16-Surface/ros/install/depth_comm' for CMake config files
[2.492s] [34mcolcon.colcon_core.shell[0m [1;30mLevel 1[0m create_environment_hook('depth_comm', 'cmake_prefix_path')
[2.494s] [34mcolcon.colcon_core.shell[0m [1;30mINFO[0m Creating environment hook '/home/benboardley/src/ROV/X16-Surface/ros/install/depth_comm/share/depth_comm/hook/cmake_prefix_path.ps1'
[2.495s] [34mcolcon.colcon_core.shell[0m [1;30mINFO[0m Creating environment descriptor '/home/benboardley/src/ROV/X16-Surface/ros/install/depth_comm/share/depth_comm/hook/cmake_prefix_path.dsv'
[2.495s] [34mcolcon.colcon_core.shell[0m [1;30mINFO[0m Creating environment hook '/home/benboardley/src/ROV/X16-Surface/ros/install/depth_comm/share/depth_comm/hook/cmake_prefix_path.sh'
[2.496s] [34mcolcon.colcon_core.environment[0m [1;30mLevel 1[0m checking '/home/benboardley/src/ROV/X16-Surface/ros/install/depth_comm/lib'
[2.496s] [34mcolcon.colcon_core.environment[0m [1;30mLevel 1[0m checking '/home/benboardley/src/ROV/X16-Surface/ros/install/depth_comm/bin'
[2.496s] [34mcolcon.colcon_core.environment[0m [1;30mLevel 1[0m checking '/home/benboardley/src/ROV/X16-Surface/ros/install/depth_comm/lib/pkgconfig/depth_comm.pc'
[2.496s] [34mcolcon.colcon_core.environment[0m [1;30mLevel 1[0m checking '/home/benboardley/src/ROV/X16-Surface/ros/install/depth_comm/lib/python3.10/site-packages'
[2.497s] [34mcolcon.colcon_core.environment[0m [1;30mLevel 1[0m checking '/home/benboardley/src/ROV/X16-Surface/ros/install/depth_comm/bin'
[2.499s] [34mcolcon.colcon_core.shell[0m [1;30mINFO[0m Creating package script '/home/benboardley/src/ROV/X16-Surface/ros/install/depth_comm/share/depth_comm/package.ps1'
[2.501s] [34mcolcon.colcon_core.shell[0m [1;30mINFO[0m Creating package descriptor '/home/benboardley/src/ROV/X16-Surface/ros/install/depth_comm/share/depth_comm/package.dsv'
[2.507s] [34mcolcon.colcon_core.shell[0m [1;30mINFO[0m Creating package script '/home/benboardley/src/ROV/X16-Surface/ros/install/depth_comm/share/depth_comm/package.sh'
[2.520s] [34mcolcon.colcon_core.shell[0m [1;30mINFO[0m Creating package script '/home/benboardley/src/ROV/X16-Surface/ros/install/depth_comm/share/depth_comm/package.bash'
[2.529s] [34mcolcon.colcon_core.shell[0m [1;30mINFO[0m Creating package script '/home/benboardley/src/ROV/X16-Surface/ros/install/depth_comm/share/depth_comm/package.zsh'
[2.539s] [34mcolcon.colcon_core.environment[0m [1;30mLevel 1[0m create_file_with_runtime_dependencies(/home/benboardley/src/ROV/X16-Surface/ros/install/depth_comm/share/colcon-core/packages/depth_comm)
[2.543s] [34mcolcon.colcon_core.environment[0m [1;30mLevel 1[0m create_environment_scripts_only(thrusters)
[2.545s] [34mcolcon.colcon_core.environment[0m [1;30mLevel 1[0m checking '/home/benboardley/src/ROV/X16-Surface/ros/install/thrusters' for CMake module files
[2.547s] [34mcolcon.colcon_core.environment[0m [1;30mLevel 1[0m checking '/home/benboardley/src/ROV/X16-Surface/ros/install/thrusters' for CMake config files
[2.547s] [34mcolcon.colcon_core.shell[0m [1;30mLevel 1[0m create_environment_hook('thrusters', 'cmake_prefix_path')
[2.549s] [34mcolcon.colcon_core.shell[0m [1;30mINFO[0m Creating environment hook '/home/benboardley/src/ROV/X16-Surface/ros/install/thrusters/share/thrusters/hook/cmake_prefix_path.ps1'
[2.549s] [34mcolcon.colcon_core.shell[0m [1;30mINFO[0m Creating environment descriptor '/home/benboardley/src/ROV/X16-Surface/ros/install/thrusters/share/thrusters/hook/cmake_prefix_path.dsv'
[2.549s] [34mcolcon.colcon_core.shell[0m [1;30mINFO[0m Creating environment hook '/home/benboardley/src/ROV/X16-Surface/ros/install/thrusters/share/thrusters/hook/cmake_prefix_path.sh'
[2.550s] [34mcolcon.colcon_core.environment[0m [1;30mLevel 1[0m checking '/home/benboardley/src/ROV/X16-Surface/ros/install/thrusters/lib'
[2.550s] [34mcolcon.colcon_core.environment[0m [1;30mLevel 1[0m checking '/home/benboardley/src/ROV/X16-Surface/ros/install/thrusters/bin'
[2.550s] [34mcolcon.colcon_core.environment[0m [1;30mLevel 1[0m checking '/home/benboardley/src/ROV/X16-Surface/ros/install/thrusters/lib/pkgconfig/thrusters.pc'
[2.550s] [34mcolcon.colcon_core.environment[0m [1;30mLevel 1[0m checking '/home/benboardley/src/ROV/X16-Surface/ros/install/thrusters/lib/python3.10/site-packages'
[2.551s] [34mcolcon.colcon_core.environment[0m [1;30mLevel 1[0m checking '/home/benboardley/src/ROV/X16-Surface/ros/install/thrusters/bin'
[2.552s] [34mcolcon.colcon_core.shell[0m [1;30mINFO[0m Creating package script '/home/benboardley/src/ROV/X16-Surface/ros/install/thrusters/share/thrusters/package.ps1'
[2.552s] [34mcolcon.colcon_core.shell[0m [1;30mINFO[0m Creating package descriptor '/home/benboardley/src/ROV/X16-Surface/ros/install/thrusters/share/thrusters/package.dsv'
[2.552s] [34mcolcon.colcon_core.shell[0m [1;30mINFO[0m Creating package script '/home/benboardley/src/ROV/X16-Surface/ros/install/thrusters/share/thrusters/package.sh'
[2.554s] [34mcolcon.colcon_core.shell[0m [1;30mINFO[0m Creating package script '/home/benboardley/src/ROV/X16-Surface/ros/install/thrusters/share/thrusters/package.bash'
[2.554s] [34mcolcon.colcon_core.shell[0m [1;30mINFO[0m Creating package script '/home/benboardley/src/ROV/X16-Surface/ros/install/thrusters/share/thrusters/package.zsh'
[2.554s] [34mcolcon.colcon_core.environment[0m [1;30mLevel 1[0m create_file_with_runtime_dependencies(/home/benboardley/src/ROV/X16-Surface/ros/install/thrusters/share/colcon-core/packages/thrusters)
[2.557s] [34mcolcon.colcon_core.environment[0m [1;30mLevel 1[0m create_environment_scripts_only(surface_imu)
[2.559s] [34mcolcon.colcon_core.environment[0m [1;30mLevel 1[0m checking '/home/benboardley/src/ROV/X16-Surface/ros/install/surface_imu' for CMake module files
[2.561s] [34mcolcon.colcon_core.environment[0m [1;30mLevel 1[0m checking '/home/benboardley/src/ROV/X16-Surface/ros/install/surface_imu' for CMake config files
[2.570s] [34mcolcon.colcon_core.shell[0m [1;30mLevel 1[0m create_environment_hook('surface_imu', 'cmake_prefix_path')
[2.571s] [34mcolcon.colcon_core.shell[0m [1;30mINFO[0m Creating environment hook '/home/benboardley/src/ROV/X16-Surface/ros/install/surface_imu/share/surface_imu/hook/cmake_prefix_path.ps1'
[2.573s] [34mcolcon.colcon_core.shell[0m [1;30mINFO[0m Creating environment descriptor '/home/benboardley/src/ROV/X16-Surface/ros/install/surface_imu/share/surface_imu/hook/cmake_prefix_path.dsv'
[2.575s] [34mcolcon.colcon_core.shell[0m [1;30mINFO[0m Creating environment hook '/home/benboardley/src/ROV/X16-Surface/ros/install/surface_imu/share/surface_imu/hook/cmake_prefix_path.sh'
[2.575s] [34mcolcon.colcon_core.environment[0m [1;30mLevel 1[0m checking '/home/benboardley/src/ROV/X16-Surface/ros/install/surface_imu/lib'
[2.575s] [34mcolcon.colcon_core.environment[0m [1;30mLevel 1[0m checking '/home/benboardley/src/ROV/X16-Surface/ros/install/surface_imu/bin'
[2.576s] [34mcolcon.colcon_core.environment[0m [1;30mLevel 1[0m checking '/home/benboardley/src/ROV/X16-Surface/ros/install/surface_imu/lib/pkgconfig/surface_imu.pc'
[2.576s] [34mcolcon.colcon_core.environment[0m [1;30mLevel 1[0m checking '/home/benboardley/src/ROV/X16-Surface/ros/install/surface_imu/lib/python3.10/site-packages'
[2.576s] [34mcolcon.colcon_core.environment[0m [1;30mLevel 1[0m checking '/home/benboardley/src/ROV/X16-Surface/ros/install/surface_imu/bin'
[2.577s] [34mcolcon.colcon_core.shell[0m [1;30mINFO[0m Creating package script '/home/benboardley/src/ROV/X16-Surface/ros/install/surface_imu/share/surface_imu/package.ps1'
[2.578s] [34mcolcon.colcon_core.shell[0m [1;30mINFO[0m Creating package descriptor '/home/benboardley/src/ROV/X16-Surface/ros/install/surface_imu/share/surface_imu/package.dsv'
[2.578s] [34mcolcon.colcon_core.shell[0m [1;30mINFO[0m Creating package script '/home/benboardley/src/ROV/X16-Surface/ros/install/surface_imu/share/surface_imu/package.sh'
[2.579s] [34mcolcon.colcon_core.shell[0m [1;30mINFO[0m Creating package script '/home/benboardley/src/ROV/X16-Surface/ros/install/surface_imu/share/surface_imu/package.bash'
[2.579s] [34mcolcon.colcon_core.shell[0m [1;30mINFO[0m Creating package script '/home/benboardley/src/ROV/X16-Surface/ros/install/surface_imu/share/surface_imu/package.zsh'
[2.579s] [34mcolcon.colcon_core.environment[0m [1;30mLevel 1[0m create_file_with_runtime_dependencies(/home/benboardley/src/ROV/X16-Surface/ros/install/surface_imu/share/colcon-core/packages/surface_imu)
[2.581s] [34mcolcon.colcon_core.environment[0m [1;30mLevel 1[0m create_environment_scripts_only(gamepad)
[2.583s] [34mcolcon.colcon_core.environment[0m [1;30mLevel 1[0m checking '/home/benboardley/src/ROV/X16-Surface/ros/install/gamepad' for CMake module files
[2.585s] [34mcolcon.colcon_core.environment[0m [1;30mLevel 1[0m checking '/home/benboardley/src/ROV/X16-Surface/ros/install/gamepad' for CMake config files
[2.585s] [34mcolcon.colcon_core.shell[0m [1;30mLevel 1[0m create_environment_hook('gamepad', 'cmake_prefix_path')
[2.586s] [34mcolcon.colcon_core.shell[0m [1;30mINFO[0m Creating environment hook '/home/benboardley/src/ROV/X16-Surface/ros/install/gamepad/share/gamepad/hook/cmake_prefix_path.ps1'
[2.587s] [34mcolcon.colcon_core.shell[0m [1;30mINFO[0m Creating environment descriptor '/home/benboardley/src/ROV/X16-Surface/ros/install/gamepad/share/gamepad/hook/cmake_prefix_path.dsv'
[2.587s] [34mcolcon.colcon_core.shell[0m [1;30mINFO[0m Creating environment hook '/home/benboardley/src/ROV/X16-Surface/ros/install/gamepad/share/gamepad/hook/cmake_prefix_path.sh'
[2.587s] [34mcolcon.colcon_core.environment[0m [1;30mLevel 1[0m checking '/home/benboardley/src/ROV/X16-Surface/ros/install/gamepad/lib'
[2.587s] [34mcolcon.colcon_core.environment[0m [1;30mLevel 1[0m checking '/home/benboardley/src/ROV/X16-Surface/ros/install/gamepad/bin'
[2.587s] [34mcolcon.colcon_core.environment[0m [1;30mLevel 1[0m checking '/home/benboardley/src/ROV/X16-Surface/ros/install/gamepad/lib/pkgconfig/gamepad.pc'
[2.588s] [34mcolcon.colcon_core.environment[0m [1;30mLevel 1[0m checking '/home/benboardley/src/ROV/X16-Surface/ros/install/gamepad/lib/python3.10/site-packages'
[2.588s] [34mcolcon.colcon_core.environment[0m [1;30mLevel 1[0m checking '/home/benboardley/src/ROV/X16-Surface/ros/install/gamepad/bin'
[2.590s] [34mcolcon.colcon_core.shell[0m [1;30mINFO[0m Creating package script '/home/benboardley/src/ROV/X16-Surface/ros/install/gamepad/share/gamepad/package.ps1'
[2.591s] [34mcolcon.colcon_core.shell[0m [1;30mINFO[0m Creating package descriptor '/home/benboardley/src/ROV/X16-Surface/ros/install/gamepad/share/gamepad/package.dsv'
[2.592s] [34mcolcon.colcon_core.shell[0m [1;30mINFO[0m Creating package script '/home/benboardley/src/ROV/X16-Surface/ros/install/gamepad/share/gamepad/package.sh'
[2.592s] [34mcolcon.colcon_core.shell[0m [1;30mINFO[0m Creating package script '/home/benboardley/src/ROV/X16-Surface/ros/install/gamepad/share/gamepad/package.bash'
[2.593s] [34mcolcon.colcon_core.shell[0m [1;30mINFO[0m Creating package script '/home/benboardley/src/ROV/X16-Surface/ros/install/gamepad/share/gamepad/package.zsh'
[2.594s] [34mcolcon.colcon_core.environment[0m [1;30mLevel 1[0m create_file_with_runtime_dependencies(/home/benboardley/src/ROV/X16-Surface/ros/install/gamepad/share/colcon-core/packages/gamepad)
[2.596s] [34mcolcon.colcon_core.environment[0m [1;30mLevel 1[0m create_environment_scripts_only(shared_msgs)
[2.600s] [34mcolcon.colcon_core.environment[0m [1;30mLevel 1[0m checking '/home/benboardley/src/ROV/X16-Surface/ros/install/shared_msgs' for CMake module files
[2.602s] [34mcolcon.colcon_core.event_handler.log_command[0m [1;30mDEBUG[0m [32mInvoked command in '/home/benboardley/src/ROV/X16-Surface/ros/build/shared_msgs' returned '0': /home/benboardley/.local/bin/cmake --install /home/benboardley/src/ROV/X16-Surface/ros/build/shared_msgs[0m
[2.603s] [34mcolcon.colcon_core.environment[0m [1;30mLevel 1[0m checking '/home/benboardley/src/ROV/X16-Surface/ros/install/shared_msgs' for CMake config files
[2.603s] [34mcolcon.colcon_core.shell[0m [1;30mLevel 1[0m create_environment_hook('shared_msgs', 'cmake_prefix_path')
[2.605s] [34mcolcon.colcon_core.shell[0m [1;30mINFO[0m Creating environment hook '/home/benboardley/src/ROV/X16-Surface/ros/install/shared_msgs/share/shared_msgs/hook/cmake_prefix_path.ps1'
[2.606s] [34mcolcon.colcon_core.shell[0m [1;30mINFO[0m Creating environment descriptor '/home/benboardley/src/ROV/X16-Surface/ros/install/shared_msgs/share/shared_msgs/hook/cmake_prefix_path.dsv'
[2.606s] [34mcolcon.colcon_core.shell[0m [1;30mINFO[0m Creating environment hook '/home/benboardley/src/ROV/X16-Surface/ros/install/shared_msgs/share/shared_msgs/hook/cmake_prefix_path.sh'
[2.607s] [34mcolcon.colcon_core.environment[0m [1;30mLevel 1[0m checking '/home/benboardley/src/ROV/X16-Surface/ros/install/shared_msgs/lib'
[2.607s] [34mcolcon.colcon_core.shell[0m [1;30mLevel 1[0m create_environment_hook('shared_msgs', 'ld_library_path_lib')
[2.610s] [34mcolcon.colcon_core.shell[0m [1;30mINFO[0m Creating environment hook '/home/benboardley/src/ROV/X16-Surface/ros/install/shared_msgs/share/shared_msgs/hook/ld_library_path_lib.ps1'
[2.610s] [34mcolcon.colcon_core.shell[0m [1;30mINFO[0m Creating environment descriptor '/home/benboardley/src/ROV/X16-Surface/ros/install/shared_msgs/share/shared_msgs/hook/ld_library_path_lib.dsv'
[2.611s] [34mcolcon.colcon_core.shell[0m [1;30mINFO[0m Creating environment hook '/home/benboardley/src/ROV/X16-Surface/ros/install/shared_msgs/share/shared_msgs/hook/ld_library_path_lib.sh'
[2.611s] [34mcolcon.colcon_core.environment[0m [1;30mLevel 1[0m checking '/home/benboardley/src/ROV/X16-Surface/ros/install/shared_msgs/bin'
[2.611s] [34mcolcon.colcon_core.environment[0m [1;30mLevel 1[0m checking '/home/benboardley/src/ROV/X16-Surface/ros/install/shared_msgs/lib/pkgconfig/shared_msgs.pc'
[2.612s] [34mcolcon.colcon_core.environment[0m [1;30mLevel 1[0m checking '/home/benboardley/src/ROV/X16-Surface/ros/install/shared_msgs/lib/python3.10/site-packages'
[2.612s] [34mcolcon.colcon_core.environment[0m [1;30mLevel 1[0m checking '/home/benboardley/src/ROV/X16-Surface/ros/install/shared_msgs/bin'
[2.614s] [34mcolcon.colcon_core.shell[0m [1;30mINFO[0m Creating package script '/home/benboardley/src/ROV/X16-Surface/ros/install/shared_msgs/share/shared_msgs/package.ps1'
[2.615s] [34mcolcon.colcon_core.shell[0m [1;30mINFO[0m Creating package descriptor '/home/benboardley/src/ROV/X16-Surface/ros/install/shared_msgs/share/shared_msgs/package.dsv'
[2.616s] [34mcolcon.colcon_core.shell[0m [1;30mINFO[0m Creating package script '/home/benboardley/src/ROV/X16-Surface/ros/install/shared_msgs/share/shared_msgs/package.sh'
[2.616s] [34mcolcon.colcon_core.shell[0m [1;30mINFO[0m Creating package script '/home/benboardley/src/ROV/X16-Surface/ros/install/shared_msgs/share/shared_msgs/package.bash'
[2.617s] [34mcolcon.colcon_core.shell[0m [1;30mINFO[0m Creating package script '/home/benboardley/src/ROV/X16-Surface/ros/install/shared_msgs/share/shared_msgs/package.zsh'
[2.618s] [34mcolcon.colcon_core.environment[0m [1;30mLevel 1[0m create_file_with_runtime_dependencies(/home/benboardley/src/ROV/X16-Surface/ros/install/shared_msgs/share/colcon-core/packages/shared_msgs)
[2.801s] [34mcolcon.colcon_core.environment[0m [1;30mLevel 1[0m create_environment_scripts_only(shared_msgs)
[2.803s] [34mcolcon.colcon_core.environment[0m [1;30mLevel 1[0m checking '/home/benboardley/src/ROV/X16-Surface/ros/install/shared_msgs' for CMake module files
[2.803s] [34mcolcon.colcon_core.environment[0m [1;30mLevel 1[0m checking '/home/benboardley/src/ROV/X16-Surface/ros/install/shared_msgs' for CMake config files
[2.804s] [34mcolcon.colcon_core.shell[0m [1;30mLevel 1[0m create_environment_hook('shared_msgs', 'cmake_prefix_path')
[2.805s] [34mcolcon.colcon_core.shell[0m [1;30mINFO[0m Creating environment hook '/home/benboardley/src/ROV/X16-Surface/ros/install/shared_msgs/share/shared_msgs/hook/cmake_prefix_path.ps1'
[2.805s] [34mcolcon.colcon_core.shell[0m [1;30mINFO[0m Creating environment descriptor '/home/benboardley/src/ROV/X16-Surface/ros/install/shared_msgs/share/shared_msgs/hook/cmake_prefix_path.dsv'
[2.805s] [34mcolcon.colcon_core.shell[0m [1;30mINFO[0m Creating environment hook '/home/benboardley/src/ROV/X16-Surface/ros/install/shared_msgs/share/shared_msgs/hook/cmake_prefix_path.sh'
[2.806s] [34mcolcon.colcon_core.environment[0m [1;30mLevel 1[0m checking '/home/benboardley/src/ROV/X16-Surface/ros/install/shared_msgs/lib'
[2.806s] [34mcolcon.colcon_core.shell[0m [1;30mLevel 1[0m create_environment_hook('shared_msgs', 'ld_library_path_lib')
[2.807s] [34mcolcon.colcon_core.shell[0m [1;30mINFO[0m Creating environment hook '/home/benboardley/src/ROV/X16-Surface/ros/install/shared_msgs/share/shared_msgs/hook/ld_library_path_lib.ps1'
[2.807s] [34mcolcon.colcon_core.shell[0m [1;30mINFO[0m Creating environment descriptor '/home/benboardley/src/ROV/X16-Surface/ros/install/shared_msgs/share/shared_msgs/hook/ld_library_path_lib.dsv'
[2.807s] [34mcolcon.colcon_core.shell[0m [1;30mINFO[0m Creating environment hook '/home/benboardley/src/ROV/X16-Surface/ros/install/shared_msgs/share/shared_msgs/hook/ld_library_path_lib.sh'
[2.807s] [34mcolcon.colcon_core.environment[0m [1;30mLevel 1[0m checking '/home/benboardley/src/ROV/X16-Surface/ros/install/shared_msgs/bin'
[2.807s] [34mcolcon.colcon_core.environment[0m [1;30mLevel 1[0m checking '/home/benboardley/src/ROV/X16-Surface/ros/install/shared_msgs/lib/pkgconfig/shared_msgs.pc'
[2.808s] [34mcolcon.colcon_core.environment[0m [1;30mLevel 1[0m checking '/home/benboardley/src/ROV/X16-Surface/ros/install/shared_msgs/lib/python3.10/site-packages'
[2.808s] [34mcolcon.colcon_core.environment[0m [1;30mLevel 1[0m checking '/home/benboardley/src/ROV/X16-Surface/ros/install/shared_msgs/bin'
[2.809s] [34mcolcon.colcon_core.shell[0m [1;30mINFO[0m Creating package script '/home/benboardley/src/ROV/X16-Surface/ros/install/shared_msgs/share/shared_msgs/package.ps1'
[2.809s] [34mcolcon.colcon_core.shell[0m [1;30mINFO[0m Creating package descriptor '/home/benboardley/src/ROV/X16-Surface/ros/install/shared_msgs/share/shared_msgs/package.dsv'
[2.810s] [34mcolcon.colcon_core.shell[0m [1;30mINFO[0m Creating package script '/home/benboardley/src/ROV/X16-Surface/ros/install/shared_msgs/share/shared_msgs/package.sh'
[2.810s] [34mcolcon.colcon_core.shell[0m [1;30mINFO[0m Creating package script '/home/benboardley/src/ROV/X16-Surface/ros/install/shared_msgs/share/shared_msgs/package.bash'
[2.810s] [34mcolcon.colcon_core.shell[0m [1;30mINFO[0m Creating package script '/home/benboardley/src/ROV/X16-Surface/ros/install/shared_msgs/share/shared_msgs/package.zsh'
[2.810s] [34mcolcon.colcon_core.environment[0m [1;30mLevel 1[0m create_file_with_runtime_dependencies(/home/benboardley/src/ROV/X16-Surface/ros/install/shared_msgs/share/colcon-core/packages/shared_msgs)
[2.811s] [34mcolcon.colcon_parallel_executor.executor.parallel[0m [1;30mDEBUG[0m [32mclosing loop[0m
[2.812s] [34mcolcon.colcon_parallel_executor.executor.parallel[0m [1;30mDEBUG[0m [32mloop closed[0m
[2.812s] [34mcolcon.colcon_parallel_executor.executor.parallel[0m [1;30mDEBUG[0m [32mrun_until_complete finished with '0'[0m
[2.812s] [34mcolcon.colcon_core.event_reactor[0m [1;30mDEBUG[0m [32mjoining thread[0m
[3.062s] [34mcolcon.colcon_core.plugin_system[0m [1;30mINFO[0m Skipping extension 'colcon_notification.desktop_notification.notify_send': Could not find 'notify-send'
[3.062s] [34mcolcon.colcon_core.plugin_system[0m [1;30mINFO[0m Skipping extension 'colcon_notification.desktop_notification.terminal_notifier': Not used on non-Darwin systems
[3.062s] [34mcolcon.colcon_core.plugin_system[0m [1;30mINFO[0m Skipping extension 'colcon_notification.desktop_notification.win32': Not used on non-Windows systems
[3.062s] [34mcolcon.colcon_notification.desktop_notification[0m [1;30mINFO[0m Sending desktop notification using 'notify2'
[3.120s] [34mcolcon.colcon_notification.desktop_notification.notify2[0m [1;30mDEBUG[0m [32mFailed to initialize notify2: org.freedesktop.DBus.Error.ServiceUnknown: The name org.freedesktop.Notifications was not provided by any .service files[0m
[3.120s] [34mcolcon.colcon_core.event_reactor[0m [1;30mDEBUG[0m [32mjoined thread[0m
[3.123s] [34mcolcon.colcon_core.shell[0m [1;30mINFO[0m Creating prefix script '/home/benboardley/src/ROV/X16-Surface/ros/install/local_setup.ps1'
[3.125s] [34mcolcon.colcon_core.shell[0m [1;30mINFO[0m Creating prefix util module '/home/benboardley/src/ROV/X16-Surface/ros/install/_local_setup_util_ps1.py'
[3.128s] [34mcolcon.colcon_core.shell[0m [1;30mINFO[0m Creating prefix chain script '/home/benboardley/src/ROV/X16-Surface/ros/install/setup.ps1'
[3.131s] [34mcolcon.colcon_core.shell[0m [1;30mINFO[0m Creating prefix script '/home/benboardley/src/ROV/X16-Surface/ros/install/local_setup.sh'
[3.132s] [34mcolcon.colcon_core.shell[0m [1;30mINFO[0m Creating prefix util module '/home/benboardley/src/ROV/X16-Surface/ros/install/_local_setup_util_sh.py'
[3.133s] [34mcolcon.colcon_core.shell[0m [1;30mINFO[0m Creating prefix chain script '/home/benboardley/src/ROV/X16-Surface/ros/install/setup.sh'
[3.135s] [34mcolcon.colcon_core.shell[0m [1;30mINFO[0m Creating prefix script '/home/benboardley/src/ROV/X16-Surface/ros/install/local_setup.bash'
[3.137s] [34mcolcon.colcon_core.shell[0m [1;30mINFO[0m Creating prefix chain script '/home/benboardley/src/ROV/X16-Surface/ros/install/setup.bash'
[3.139s] [34mcolcon.colcon_core.shell[0m [1;30mINFO[0m Creating prefix script '/home/benboardley/src/ROV/X16-Surface/ros/install/local_setup.zsh'
[3.140s] [34mcolcon.colcon_core.shell[0m [1;30mINFO[0m Creating prefix chain script '/home/benboardley/src/ROV/X16-Surface/ros/install/setup.zsh'
