[0.984s] DEBUG:colcon:Command line arguments: ['/usr/bin/colcon', 'build']
[0.984s] DEBUG:colcon:Parsed command line arguments: Namespace(log_base=None, log_level=None, verb_name='build', build_base='build', install_base='install', merge_install=False, symlink_install=False, test_result_base=None, continue_on_error=False, executor='parallel', parallel_workers=16, event_handlers=None, ignore_user_meta=False, metas=['./colcon.meta'], base_paths=['.'], packages_ignore=None, packages_ignore_regex=None, paths=None, packages_up_to=None, packages_up_to_regex=None, packages_above=None, packages_above_and_dependencies=None, packages_above_depth=None, packages_select_by_dep=None, packages_skip_by_dep=None, packages_skip_up_to=None, packages_select_build_failed=False, packages_skip_build_finished=False, packages_select_test_failures=False, packages_skip_test_passed=False, packages_select=None, packages_skip=None, packages_select_regex=None, packages_skip_regex=None, packages_start=None, packages_end=None, allow_overriding=[], cmake_args=None, cmake_target=None, cmake_target_skip_unavailable=False, cmake_clean_cache=False, cmake_clean_first=False, cmake_force_configure=False, ament_cmake_args=None, catkin_cmake_args=None, catkin_skip_building_tests=False, verb_parser=<colcon_defaults.argument_parser.defaults.DefaultArgumentsDecorator object at 0x7fa64fcfac50>, verb_extension=<colcon_core.verb.build.BuildVerb object at 0x7fa64ff9c460>, main=<bound method BuildVerb.main of <colcon_core.verb.build.BuildVerb object at 0x7fa64ff9c460>>)
[1.028s] Level 1:colcon.colcon_core.package_discovery:discover_packages(colcon_meta) check parameters
[1.028s] Level 1:colcon.colcon_core.package_discovery:discover_packages(recursive) check parameters
[1.028s] Level 1:colcon.colcon_core.package_discovery:discover_packages(ignore) check parameters
[1.028s] Level 1:colcon.colcon_core.package_discovery:discover_packages(path) check parameters
[1.028s] Level 1:colcon.colcon_core.package_discovery:discover_packages(colcon_meta) discover
[1.028s] Level 1:colcon.colcon_core.package_discovery:discover_packages(recursive) discover
[1.028s] INFO:colcon.colcon_core.package_discovery:Crawling recursively for packages in '/home/bboardle/src/X16-Surface'
[1.028s] Level 1:colcon.colcon_core.package_identification:_identify(.) by extensions ['ignore', 'ignore_ament_install']
[1.029s] Level 1:colcon.colcon_core.package_identification:_identify(.) by extension 'ignore'
[1.029s] Level 1:colcon.colcon_core.package_identification:_identify(.) by extension 'ignore_ament_install'
[1.029s] Level 1:colcon.colcon_core.package_identification:_identify(.) by extensions ['colcon_pkg']
[1.029s] Level 1:colcon.colcon_core.package_identification:_identify(.) by extension 'colcon_pkg'
[1.029s] Level 1:colcon.colcon_core.package_identification:_identify(.) by extensions ['colcon_meta']
[1.029s] Level 1:colcon.colcon_core.package_identification:_identify(.) by extension 'colcon_meta'
[1.029s] Level 1:colcon.colcon_core.package_identification:_identify(.) by extensions ['ros']
[1.029s] Level 1:colcon.colcon_core.package_identification:_identify(.) by extension 'ros'
[1.039s] Level 1:colcon.colcon_core.package_identification:_identify(.) by extensions ['cmake', 'python']
[1.040s] Level 1:colcon.colcon_core.package_identification:_identify(.) by extension 'cmake'
[1.040s] Level 1:colcon.colcon_core.package_identification:_identify(.) by extension 'python'
[1.040s] Level 1:colcon.colcon_core.package_identification:_identify(.) by extensions ['python_setup_py']
[1.040s] Level 1:colcon.colcon_core.package_identification:_identify(.) by extension 'python_setup_py'
[1.040s] Level 1:colcon.colcon_core.package_identification:_identify(build) by extensions ['ignore', 'ignore_ament_install']
[1.040s] Level 1:colcon.colcon_core.package_identification:_identify(build) by extension 'ignore'
[1.040s] Level 1:colcon.colcon_core.package_identification:_identify(build) ignored
[1.040s] Level 1:colcon.colcon_core.package_identification:_identify(install) by extensions ['ignore', 'ignore_ament_install']
[1.040s] Level 1:colcon.colcon_core.package_identification:_identify(install) by extension 'ignore'
[1.040s] Level 1:colcon.colcon_core.package_identification:_identify(install) ignored
[1.040s] Level 1:colcon.colcon_core.package_identification:_identify(log) by extensions ['ignore', 'ignore_ament_install']
[1.040s] Level 1:colcon.colcon_core.package_identification:_identify(log) by extension 'ignore'
[1.040s] Level 1:colcon.colcon_core.package_identification:_identify(log) ignored
[1.041s] Level 1:colcon.colcon_core.package_identification:_identify(ros) by extensions ['ignore', 'ignore_ament_install']
[1.041s] Level 1:colcon.colcon_core.package_identification:_identify(ros) by extension 'ignore'
[1.041s] Level 1:colcon.colcon_core.package_identification:_identify(ros) by extension 'ignore_ament_install'
[1.041s] Level 1:colcon.colcon_core.package_identification:_identify(ros) by extensions ['colcon_pkg']
[1.041s] Level 1:colcon.colcon_core.package_identification:_identify(ros) by extension 'colcon_pkg'
[1.041s] Level 1:colcon.colcon_core.package_identification:_identify(ros) by extensions ['colcon_meta']
[1.041s] Level 1:colcon.colcon_core.package_identification:_identify(ros) by extension 'colcon_meta'
[1.041s] Level 1:colcon.colcon_core.package_identification:_identify(ros) by extensions ['ros']
[1.041s] Level 1:colcon.colcon_core.package_identification:_identify(ros) by extension 'ros'
[1.041s] Level 1:colcon.colcon_core.package_identification:_identify(ros) by extensions ['cmake', 'python']
[1.041s] Level 1:colcon.colcon_core.package_identification:_identify(ros) by extension 'cmake'
[1.041s] Level 1:colcon.colcon_core.package_identification:_identify(ros) by extension 'python'
[1.041s] Level 1:colcon.colcon_core.package_identification:_identify(ros) by extensions ['python_setup_py']
[1.041s] Level 1:colcon.colcon_core.package_identification:_identify(ros) by extension 'python_setup_py'
[1.041s] Level 1:colcon.colcon_core.package_identification:_identify(ros/com_pub) by extensions ['ignore', 'ignore_ament_install']
[1.041s] Level 1:colcon.colcon_core.package_identification:_identify(ros/com_pub) by extension 'ignore'
[1.041s] Level 1:colcon.colcon_core.package_identification:_identify(ros/com_pub) by extension 'ignore_ament_install'
[1.041s] Level 1:colcon.colcon_core.package_identification:_identify(ros/com_pub) by extensions ['colcon_pkg']
[1.041s] Level 1:colcon.colcon_core.package_identification:_identify(ros/com_pub) by extension 'colcon_pkg'
[1.041s] Level 1:colcon.colcon_core.package_identification:_identify(ros/com_pub) by extensions ['colcon_meta']
[1.041s] Level 1:colcon.colcon_core.package_identification:_identify(ros/com_pub) by extension 'colcon_meta'
[1.042s] Level 1:colcon.colcon_core.package_identification:_identify(ros/com_pub) by extensions ['ros']
[1.042s] Level 1:colcon.colcon_core.package_identification:_identify(ros/com_pub) by extension 'ros'
[1.044s] DEBUG:colcon.colcon_core.package_identification:Package 'ros/com_pub' with type 'ros.ament_cmake' and name 'com_pub'
[1.044s] Level 1:colcon.colcon_core.package_identification:_identify(ros/depth_comm) by extensions ['ignore', 'ignore_ament_install']
[1.044s] Level 1:colcon.colcon_core.package_identification:_identify(ros/depth_comm) by extension 'ignore'
[1.044s] Level 1:colcon.colcon_core.package_identification:_identify(ros/depth_comm) by extension 'ignore_ament_install'
[1.044s] Level 1:colcon.colcon_core.package_identification:_identify(ros/depth_comm) by extensions ['colcon_pkg']
[1.044s] Level 1:colcon.colcon_core.package_identification:_identify(ros/depth_comm) by extension 'colcon_pkg'
[1.044s] Level 1:colcon.colcon_core.package_identification:_identify(ros/depth_comm) by extensions ['colcon_meta']
[1.044s] Level 1:colcon.colcon_core.package_identification:_identify(ros/depth_comm) by extension 'colcon_meta'
[1.044s] Level 1:colcon.colcon_core.package_identification:_identify(ros/depth_comm) by extensions ['ros']
[1.044s] Level 1:colcon.colcon_core.package_identification:_identify(ros/depth_comm) by extension 'ros'
[1.045s] DEBUG:colcon.colcon_core.package_identification:Package 'ros/depth_comm' with type 'ros.ament_cmake' and name 'depth_comm'
[1.045s] Level 1:colcon.colcon_core.package_identification:_identify(ros/gamepad) by extensions ['ignore', 'ignore_ament_install']
[1.045s] Level 1:colcon.colcon_core.package_identification:_identify(ros/gamepad) by extension 'ignore'
[1.045s] Level 1:colcon.colcon_core.package_identification:_identify(ros/gamepad) by extension 'ignore_ament_install'
[1.045s] Level 1:colcon.colcon_core.package_identification:_identify(ros/gamepad) by extensions ['colcon_pkg']
[1.045s] Level 1:colcon.colcon_core.package_identification:_identify(ros/gamepad) by extension 'colcon_pkg'
[1.045s] Level 1:colcon.colcon_core.package_identification:_identify(ros/gamepad) by extensions ['colcon_meta']
[1.046s] Level 1:colcon.colcon_core.package_identification:_identify(ros/gamepad) by extension 'colcon_meta'
[1.046s] Level 1:colcon.colcon_core.package_identification:_identify(ros/gamepad) by extensions ['ros']
[1.046s] Level 1:colcon.colcon_core.package_identification:_identify(ros/gamepad) by extension 'ros'
[1.046s] DEBUG:colcon.colcon_core.package_identification:Package 'ros/gamepad' with type 'ros.ament_cmake' and name 'gamepad'
[1.046s] Level 1:colcon.colcon_core.package_identification:_identify(ros/shared_msgs) by extensions ['ignore', 'ignore_ament_install']
[1.046s] Level 1:colcon.colcon_core.package_identification:_identify(ros/shared_msgs) by extension 'ignore'
[1.046s] Level 1:colcon.colcon_core.package_identification:_identify(ros/shared_msgs) by extension 'ignore_ament_install'
[1.047s] Level 1:colcon.colcon_core.package_identification:_identify(ros/shared_msgs) by extensions ['colcon_pkg']
[1.047s] Level 1:colcon.colcon_core.package_identification:_identify(ros/shared_msgs) by extension 'colcon_pkg'
[1.047s] Level 1:colcon.colcon_core.package_identification:_identify(ros/shared_msgs) by extensions ['colcon_meta']
[1.047s] Level 1:colcon.colcon_core.package_identification:_identify(ros/shared_msgs) by extension 'colcon_meta'
[1.047s] Level 1:colcon.colcon_core.package_identification:_identify(ros/shared_msgs) by extensions ['ros']
[1.047s] Level 1:colcon.colcon_core.package_identification:_identify(ros/shared_msgs) by extension 'ros'
[1.047s] DEBUG:colcon.colcon_core.package_identification:Package 'ros/shared_msgs' with type 'ros.ament_cmake' and name 'shared_msgs'
[1.047s] Level 1:colcon.colcon_core.package_identification:_identify(ros/surface_imu) by extensions ['ignore', 'ignore_ament_install']
[1.047s] Level 1:colcon.colcon_core.package_identification:_identify(ros/surface_imu) by extension 'ignore'
[1.047s] Level 1:colcon.colcon_core.package_identification:_identify(ros/surface_imu) by extension 'ignore_ament_install'
[1.047s] Level 1:colcon.colcon_core.package_identification:_identify(ros/surface_imu) by extensions ['colcon_pkg']
[1.047s] Level 1:colcon.colcon_core.package_identification:_identify(ros/surface_imu) by extension 'colcon_pkg'
[1.047s] Level 1:colcon.colcon_core.package_identification:_identify(ros/surface_imu) by extensions ['colcon_meta']
[1.047s] Level 1:colcon.colcon_core.package_identification:_identify(ros/surface_imu) by extension 'colcon_meta'
[1.047s] Level 1:colcon.colcon_core.package_identification:_identify(ros/surface_imu) by extensions ['ros']
[1.047s] Level 1:colcon.colcon_core.package_identification:_identify(ros/surface_imu) by extension 'ros'
[1.048s] DEBUG:colcon.colcon_core.package_identification:Package 'ros/surface_imu' with type 'ros.ament_cmake' and name 'surface_imu'
[1.048s] Level 1:colcon.colcon_core.package_identification:_identify(ros/thrusters) by extensions ['ignore', 'ignore_ament_install']
[1.048s] Level 1:colcon.colcon_core.package_identification:_identify(ros/thrusters) by extension 'ignore'
[1.048s] Level 1:colcon.colcon_core.package_identification:_identify(ros/thrusters) by extension 'ignore_ament_install'
[1.048s] Level 1:colcon.colcon_core.package_identification:_identify(ros/thrusters) by extensions ['colcon_pkg']
[1.048s] Level 1:colcon.colcon_core.package_identification:_identify(ros/thrusters) by extension 'colcon_pkg'
[1.048s] Level 1:colcon.colcon_core.package_identification:_identify(ros/thrusters) by extensions ['colcon_meta']
[1.048s] Level 1:colcon.colcon_core.package_identification:_identify(ros/thrusters) by extension 'colcon_meta'
[1.048s] Level 1:colcon.colcon_core.package_identification:_identify(ros/thrusters) by extensions ['ros']
[1.048s] Level 1:colcon.colcon_core.package_identification:_identify(ros/thrusters) by extension 'ros'
[1.049s] DEBUG:colcon.colcon_core.package_identification:Package 'ros/thrusters' with type 'ros.ament_cmake' and name 'thrusters'
[1.049s] Level 1:colcon.colcon_core.package_identification:_identify(ui) by extensions ['ignore', 'ignore_ament_install']
[1.049s] Level 1:colcon.colcon_core.package_identification:_identify(ui) by extension 'ignore'
[1.049s] Level 1:colcon.colcon_core.package_identification:_identify(ui) by extension 'ignore_ament_install'
[1.049s] Level 1:colcon.colcon_core.package_identification:_identify(ui) by extensions ['colcon_pkg']
[1.049s] Level 1:colcon.colcon_core.package_identification:_identify(ui) by extension 'colcon_pkg'
[1.049s] Level 1:colcon.colcon_core.package_identification:_identify(ui) by extensions ['colcon_meta']
[1.049s] Level 1:colcon.colcon_core.package_identification:_identify(ui) by extension 'colcon_meta'
[1.049s] Level 1:colcon.colcon_core.package_identification:_identify(ui) by extensions ['ros']
[1.049s] Level 1:colcon.colcon_core.package_identification:_identify(ui) by extension 'ros'
[1.050s] DEBUG:colcon.colcon_core.package_identification:Package 'ui' with type 'ros.ament_cmake' and name 'ui'
[1.050s] Level 1:colcon.colcon_core.package_discovery:discover_packages(recursive) using defaults
[1.050s] Level 1:colcon.colcon_core.package_discovery:discover_packages(ignore) discover
[1.050s] Level 1:colcon.colcon_core.package_discovery:discover_packages(ignore) using defaults
[1.050s] Level 1:colcon.colcon_core.package_discovery:discover_packages(path) discover
[1.050s] Level 1:colcon.colcon_core.package_discovery:discover_packages(path) using defaults
[1.119s] Level 1:colcon.colcon_core.package_discovery:discover_packages(prefix_path) check parameters
[1.119s] Level 1:colcon.colcon_core.package_discovery:discover_packages(prefix_path) discover
[1.140s] DEBUG:colcon.colcon_installed_package_information.package_discovery:Found 7 installed packages in /home/bboardle/src/install
[1.149s] DEBUG:colcon.colcon_installed_package_information.package_discovery:Found 270 installed packages in /opt/ros/humble
[1.150s] Level 1:colcon.colcon_core.package_discovery:discover_packages(prefix_path) using defaults
[1.234s] Level 5:colcon.colcon_core.verb:set package 'com_pub' build argument 'cmake_args' from command line to 'None'
[1.234s] Level 5:colcon.colcon_core.verb:set package 'com_pub' build argument 'cmake_target' from command line to 'None'
[1.234s] Level 5:colcon.colcon_core.verb:set package 'com_pub' build argument 'cmake_target_skip_unavailable' from command line to 'False'
[1.234s] Level 5:colcon.colcon_core.verb:set package 'com_pub' build argument 'cmake_clean_cache' from command line to 'False'
[1.234s] Level 5:colcon.colcon_core.verb:set package 'com_pub' build argument 'cmake_clean_first' from command line to 'False'
[1.234s] Level 5:colcon.colcon_core.verb:set package 'com_pub' build argument 'cmake_force_configure' from command line to 'False'
[1.234s] Level 5:colcon.colcon_core.verb:set package 'com_pub' build argument 'ament_cmake_args' from command line to 'None'
[1.234s] Level 5:colcon.colcon_core.verb:set package 'com_pub' build argument 'catkin_cmake_args' from command line to 'None'
[1.234s] Level 5:colcon.colcon_core.verb:set package 'com_pub' build argument 'catkin_skip_building_tests' from command line to 'False'
[1.234s] DEBUG:colcon.colcon_core.verb:Building package 'com_pub' with the following arguments: {'ament_cmake_args': None, 'build_base': '/home/bboardle/src/X16-Surface/build/com_pub', 'catkin_cmake_args': None, 'catkin_skip_building_tests': False, 'cmake_args': None, 'cmake_clean_cache': False, 'cmake_clean_first': False, 'cmake_force_configure': False, 'cmake_target': None, 'cmake_target_skip_unavailable': False, 'install_base': '/home/bboardle/src/X16-Surface/install/com_pub', 'merge_install': False, 'path': '/home/bboardle/src/X16-Surface/ros/com_pub', 'symlink_install': False, 'test_result_base': None}
[1.244s] Level 5:colcon.colcon_core.verb:set package 'depth_comm' build argument 'cmake_args' from command line to 'None'
[1.244s] Level 5:colcon.colcon_core.verb:set package 'depth_comm' build argument 'cmake_target' from command line to 'None'
[1.244s] Level 5:colcon.colcon_core.verb:set package 'depth_comm' build argument 'cmake_target_skip_unavailable' from command line to 'False'
[1.244s] Level 5:colcon.colcon_core.verb:set package 'depth_comm' build argument 'cmake_clean_cache' from command line to 'False'
[1.244s] Level 5:colcon.colcon_core.verb:set package 'depth_comm' build argument 'cmake_clean_first' from command line to 'False'
[1.244s] Level 5:colcon.colcon_core.verb:set package 'depth_comm' build argument 'cmake_force_configure' from command line to 'False'
[1.244s] Level 5:colcon.colcon_core.verb:set package 'depth_comm' build argument 'ament_cmake_args' from command line to 'None'
[1.244s] Level 5:colcon.colcon_core.verb:set package 'depth_comm' build argument 'catkin_cmake_args' from command line to 'None'
[1.244s] Level 5:colcon.colcon_core.verb:set package 'depth_comm' build argument 'catkin_skip_building_tests' from command line to 'False'
[1.244s] DEBUG:colcon.colcon_core.verb:Building package 'depth_comm' with the following arguments: {'ament_cmake_args': None, 'build_base': '/home/bboardle/src/X16-Surface/build/depth_comm', 'catkin_cmake_args': None, 'catkin_skip_building_tests': False, 'cmake_args': None, 'cmake_clean_cache': False, 'cmake_clean_first': False, 'cmake_force_configure': False, 'cmake_target': None, 'cmake_target_skip_unavailable': False, 'install_base': '/home/bboardle/src/X16-Surface/install/depth_comm', 'merge_install': False, 'path': '/home/bboardle/src/X16-Surface/ros/depth_comm', 'symlink_install': False, 'test_result_base': None}
[1.253s] Level 5:colcon.colcon_core.verb:set package 'gamepad' build argument 'cmake_args' from command line to 'None'
[1.253s] Level 5:colcon.colcon_core.verb:set package 'gamepad' build argument 'cmake_target' from command line to 'None'
[1.253s] Level 5:colcon.colcon_core.verb:set package 'gamepad' build argument 'cmake_target_skip_unavailable' from command line to 'False'
[1.253s] Level 5:colcon.colcon_core.verb:set package 'gamepad' build argument 'cmake_clean_cache' from command line to 'False'
[1.253s] Level 5:colcon.colcon_core.verb:set package 'gamepad' build argument 'cmake_clean_first' from command line to 'False'
[1.253s] Level 5:colcon.colcon_core.verb:set package 'gamepad' build argument 'cmake_force_configure' from command line to 'False'
[1.254s] Level 5:colcon.colcon_core.verb:set package 'gamepad' build argument 'ament_cmake_args' from command line to 'None'
[1.254s] Level 5:colcon.colcon_core.verb:set package 'gamepad' build argument 'catkin_cmake_args' from command line to 'None'
[1.254s] Level 5:colcon.colcon_core.verb:set package 'gamepad' build argument 'catkin_skip_building_tests' from command line to 'False'
[1.254s] DEBUG:colcon.colcon_core.verb:Building package 'gamepad' with the following arguments: {'ament_cmake_args': None, 'build_base': '/home/bboardle/src/X16-Surface/build/gamepad', 'catkin_cmake_args': None, 'catkin_skip_building_tests': False, 'cmake_args': None, 'cmake_clean_cache': False, 'cmake_clean_first': False, 'cmake_force_configure': False, 'cmake_target': None, 'cmake_target_skip_unavailable': False, 'install_base': '/home/bboardle/src/X16-Surface/install/gamepad', 'merge_install': False, 'path': '/home/bboardle/src/X16-Surface/ros/gamepad', 'symlink_install': False, 'test_result_base': None}
[1.263s] Level 5:colcon.colcon_core.verb:set package 'shared_msgs' build argument 'cmake_args' from command line to 'None'
[1.263s] Level 5:colcon.colcon_core.verb:set package 'shared_msgs' build argument 'cmake_target' from command line to 'None'
[1.263s] Level 5:colcon.colcon_core.verb:set package 'shared_msgs' build argument 'cmake_target_skip_unavailable' from command line to 'False'
[1.263s] Level 5:colcon.colcon_core.verb:set package 'shared_msgs' build argument 'cmake_clean_cache' from command line to 'False'
[1.263s] Level 5:colcon.colcon_core.verb:set package 'shared_msgs' build argument 'cmake_clean_first' from command line to 'False'
[1.263s] Level 5:colcon.colcon_core.verb:set package 'shared_msgs' build argument 'cmake_force_configure' from command line to 'False'
[1.263s] Level 5:colcon.colcon_core.verb:set package 'shared_msgs' build argument 'ament_cmake_args' from command line to 'None'
[1.263s] Level 5:colcon.colcon_core.verb:set package 'shared_msgs' build argument 'catkin_cmake_args' from command line to 'None'
[1.263s] Level 5:colcon.colcon_core.verb:set package 'shared_msgs' build argument 'catkin_skip_building_tests' from command line to 'False'
[1.263s] DEBUG:colcon.colcon_core.verb:Building package 'shared_msgs' with the following arguments: {'ament_cmake_args': None, 'build_base': '/home/bboardle/src/X16-Surface/build/shared_msgs', 'catkin_cmake_args': None, 'catkin_skip_building_tests': False, 'cmake_args': None, 'cmake_clean_cache': False, 'cmake_clean_first': False, 'cmake_force_configure': False, 'cmake_target': None, 'cmake_target_skip_unavailable': False, 'install_base': '/home/bboardle/src/X16-Surface/install/shared_msgs', 'merge_install': False, 'path': '/home/bboardle/src/X16-Surface/ros/shared_msgs', 'symlink_install': False, 'test_result_base': None}
[1.273s] Level 5:colcon.colcon_core.verb:set package 'surface_imu' build argument 'cmake_args' from command line to 'None'
[1.273s] Level 5:colcon.colcon_core.verb:set package 'surface_imu' build argument 'cmake_target' from command line to 'None'
[1.273s] Level 5:colcon.colcon_core.verb:set package 'surface_imu' build argument 'cmake_target_skip_unavailable' from command line to 'False'
[1.273s] Level 5:colcon.colcon_core.verb:set package 'surface_imu' build argument 'cmake_clean_cache' from command line to 'False'
[1.273s] Level 5:colcon.colcon_core.verb:set package 'surface_imu' build argument 'cmake_clean_first' from command line to 'False'
[1.273s] Level 5:colcon.colcon_core.verb:set package 'surface_imu' build argument 'cmake_force_configure' from command line to 'False'
[1.273s] Level 5:colcon.colcon_core.verb:set package 'surface_imu' build argument 'ament_cmake_args' from command line to 'None'
[1.273s] Level 5:colcon.colcon_core.verb:set package 'surface_imu' build argument 'catkin_cmake_args' from command line to 'None'
[1.273s] Level 5:colcon.colcon_core.verb:set package 'surface_imu' build argument 'catkin_skip_building_tests' from command line to 'False'
[1.273s] DEBUG:colcon.colcon_core.verb:Building package 'surface_imu' with the following arguments: {'ament_cmake_args': None, 'build_base': '/home/bboardle/src/X16-Surface/build/surface_imu', 'catkin_cmake_args': None, 'catkin_skip_building_tests': False, 'cmake_args': None, 'cmake_clean_cache': False, 'cmake_clean_first': False, 'cmake_force_configure': False, 'cmake_target': None, 'cmake_target_skip_unavailable': False, 'install_base': '/home/bboardle/src/X16-Surface/install/surface_imu', 'merge_install': False, 'path': '/home/bboardle/src/X16-Surface/ros/surface_imu', 'symlink_install': False, 'test_result_base': None}
[1.282s] Level 5:colcon.colcon_core.verb:set package 'thrusters' build argument 'cmake_args' from command line to 'None'
[1.282s] Level 5:colcon.colcon_core.verb:set package 'thrusters' build argument 'cmake_target' from command line to 'None'
[1.282s] Level 5:colcon.colcon_core.verb:set package 'thrusters' build argument 'cmake_target_skip_unavailable' from command line to 'False'
[1.282s] Level 5:colcon.colcon_core.verb:set package 'thrusters' build argument 'cmake_clean_cache' from command line to 'False'
[1.282s] Level 5:colcon.colcon_core.verb:set package 'thrusters' build argument 'cmake_clean_first' from command line to 'False'
[1.282s] Level 5:colcon.colcon_core.verb:set package 'thrusters' build argument 'cmake_force_configure' from command line to 'False'
[1.282s] Level 5:colcon.colcon_core.verb:set package 'thrusters' build argument 'ament_cmake_args' from command line to 'None'
[1.282s] Level 5:colcon.colcon_core.verb:set package 'thrusters' build argument 'catkin_cmake_args' from command line to 'None'
[1.282s] Level 5:colcon.colcon_core.verb:set package 'thrusters' build argument 'catkin_skip_building_tests' from command line to 'False'
[1.282s] DEBUG:colcon.colcon_core.verb:Building package 'thrusters' with the following arguments: {'ament_cmake_args': None, 'build_base': '/home/bboardle/src/X16-Surface/build/thrusters', 'catkin_cmake_args': None, 'catkin_skip_building_tests': False, 'cmake_args': None, 'cmake_clean_cache': False, 'cmake_clean_first': False, 'cmake_force_configure': False, 'cmake_target': None, 'cmake_target_skip_unavailable': False, 'install_base': '/home/bboardle/src/X16-Surface/install/thrusters', 'merge_install': False, 'path': '/home/bboardle/src/X16-Surface/ros/thrusters', 'symlink_install': False, 'test_result_base': None}
[1.292s] Level 5:colcon.colcon_core.verb:set package 'ui' build argument 'cmake_args' from command line to 'None'
[1.292s] Level 5:colcon.colcon_core.verb:set package 'ui' build argument 'cmake_target' from command line to 'None'
[1.292s] Level 5:colcon.colcon_core.verb:set package 'ui' build argument 'cmake_target_skip_unavailable' from command line to 'False'
[1.292s] Level 5:colcon.colcon_core.verb:set package 'ui' build argument 'cmake_clean_cache' from command line to 'False'
[1.292s] Level 5:colcon.colcon_core.verb:set package 'ui' build argument 'cmake_clean_first' from command line to 'False'
[1.292s] Level 5:colcon.colcon_core.verb:set package 'ui' build argument 'cmake_force_configure' from command line to 'False'
[1.292s] Level 5:colcon.colcon_core.verb:set package 'ui' build argument 'ament_cmake_args' from command line to 'None'
[1.292s] Level 5:colcon.colcon_core.verb:set package 'ui' build argument 'catkin_cmake_args' from command line to 'None'
[1.292s] Level 5:colcon.colcon_core.verb:set package 'ui' build argument 'catkin_skip_building_tests' from command line to 'False'
[1.292s] DEBUG:colcon.colcon_core.verb:Building package 'ui' with the following arguments: {'ament_cmake_args': None, 'build_base': '/home/bboardle/src/X16-Surface/build/ui', 'catkin_cmake_args': None, 'catkin_skip_building_tests': False, 'cmake_args': None, 'cmake_clean_cache': False, 'cmake_clean_first': False, 'cmake_force_configure': False, 'cmake_target': None, 'cmake_target_skip_unavailable': False, 'install_base': '/home/bboardle/src/X16-Surface/install/ui', 'merge_install': False, 'path': '/home/bboardle/src/X16-Surface/ui', 'symlink_install': False, 'test_result_base': None}
[1.302s] INFO:colcon.colcon_core.executor:Executing jobs using 'parallel' executor
[1.312s] DEBUG:colcon.colcon_parallel_executor.executor.parallel:run_until_complete
[1.312s] INFO:colcon.colcon_ros.task.ament_cmake.build:Building ROS package in '/home/bboardle/src/X16-Surface/ros/com_pub' with build type 'ament_cmake'
[1.312s] INFO:colcon.colcon_cmake.task.cmake.build:Building CMake package in '/home/bboardle/src/X16-Surface/ros/com_pub'
[1.324s] INFO:colcon.colcon_core.plugin_system:Skipping extension 'colcon_core.shell.bat': Not used on non-Windows systems
[1.324s] INFO:colcon.colcon_core.shell:Skip shell extension 'powershell' for command environment: Not usable outside of PowerShell
[1.324s] DEBUG:colcon.colcon_core.shell:Skip shell extension 'dsv' for command environment
[1.358s] INFO:colcon.colcon_ros.task.ament_cmake.build:Building ROS package in '/home/bboardle/src/X16-Surface/ros/depth_comm' with build type 'ament_cmake'
[1.358s] INFO:colcon.colcon_cmake.task.cmake.build:Building CMake package in '/home/bboardle/src/X16-Surface/ros/depth_comm'
[1.371s] INFO:colcon.colcon_core.shell:Skip shell extension 'powershell' for command environment: Not usable outside of PowerShell
[1.371s] DEBUG:colcon.colcon_core.shell:Skip shell extension 'dsv' for command environment
[1.408s] INFO:colcon.colcon_ros.task.ament_cmake.build:Building ROS package in '/home/bboardle/src/X16-Surface/ros/gamepad' with build type 'ament_cmake'
[1.408s] INFO:colcon.colcon_cmake.task.cmake.build:Building CMake package in '/home/bboardle/src/X16-Surface/ros/gamepad'
[1.422s] INFO:colcon.colcon_core.shell:Skip shell extension 'powershell' for command environment: Not usable outside of PowerShell
[1.422s] DEBUG:colcon.colcon_core.shell:Skip shell extension 'dsv' for command environment
[1.467s] INFO:colcon.colcon_ros.task.ament_cmake.build:Building ROS package in '/home/bboardle/src/X16-Surface/ros/shared_msgs' with build type 'ament_cmake'
[1.468s] INFO:colcon.colcon_cmake.task.cmake.build:Building CMake package in '/home/bboardle/src/X16-Surface/ros/shared_msgs'
[1.482s] INFO:colcon.colcon_core.shell:Skip shell extension 'powershell' for command environment: Not usable outside of PowerShell
[1.482s] DEBUG:colcon.colcon_core.shell:Skip shell extension 'dsv' for command environment
[1.522s] INFO:colcon.colcon_ros.task.ament_cmake.build:Building ROS package in '/home/bboardle/src/X16-Surface/ros/surface_imu' with build type 'ament_cmake'
[1.522s] INFO:colcon.colcon_cmake.task.cmake.build:Building CMake package in '/home/bboardle/src/X16-Surface/ros/surface_imu'
[1.537s] INFO:colcon.colcon_core.shell:Skip shell extension 'powershell' for command environment: Not usable outside of PowerShell
[1.537s] DEBUG:colcon.colcon_core.shell:Skip shell extension 'dsv' for command environment
[1.574s] INFO:colcon.colcon_ros.task.ament_cmake.build:Building ROS package in '/home/bboardle/src/X16-Surface/ros/thrusters' with build type 'ament_cmake'
[1.575s] INFO:colcon.colcon_cmake.task.cmake.build:Building CMake package in '/home/bboardle/src/X16-Surface/ros/thrusters'
[1.587s] INFO:colcon.colcon_core.shell:Skip shell extension 'powershell' for command environment: Not usable outside of PowerShell
[1.587s] DEBUG:colcon.colcon_core.shell:Skip shell extension 'dsv' for command environment
[1.630s] INFO:colcon.colcon_ros.task.ament_cmake.build:Building ROS package in '/home/bboardle/src/X16-Surface/ui' with build type 'ament_cmake'
[1.631s] INFO:colcon.colcon_cmake.task.cmake.build:Building CMake package in '/home/bboardle/src/X16-Surface/ui'
[1.646s] INFO:colcon.colcon_core.shell:Skip shell extension 'powershell' for command environment: Not usable outside of PowerShell
[1.646s] DEBUG:colcon.colcon_core.shell:Skip shell extension 'dsv' for command environment
[1.693s] DEBUG:colcon.colcon_core.event_handler.log_command:Invoking command in '/home/bboardle/src/X16-Surface/build/com_pub': CMAKE_PREFIX_PATH=${CMAKE_PREFIX_PATH}:/opt/ros/humble /usr/bin/cmake /home/bboardle/src/X16-Surface/ros/com_pub -DCMAKE_INSTALL_PREFIX=/home/bboardle/src/X16-Surface/install/com_pub
[1.697s] DEBUG:colcon.colcon_core.event_handler.log_command:Invoking command in '/home/bboardle/src/X16-Surface/build/depth_comm': CMAKE_PREFIX_PATH=${CMAKE_PREFIX_PATH}:/opt/ros/humble /usr/bin/cmake /home/bboardle/src/X16-Surface/ros/depth_comm -DCMAKE_INSTALL_PREFIX=/home/bboardle/src/X16-Surface/install/depth_comm
[1.699s] DEBUG:colcon.colcon_core.event_handler.log_command:Invoking command in '/home/bboardle/src/X16-Surface/build/gamepad': CMAKE_PREFIX_PATH=${CMAKE_PREFIX_PATH}:/opt/ros/humble /usr/bin/cmake /home/bboardle/src/X16-Surface/ros/gamepad -DCMAKE_INSTALL_PREFIX=/home/bboardle/src/X16-Surface/install/gamepad
[1.706s] DEBUG:colcon.colcon_core.event_handler.log_command:Invoking command in '/home/bboardle/src/X16-Surface/build/shared_msgs': CMAKE_PREFIX_PATH=${CMAKE_PREFIX_PATH}:/opt/ros/humble /usr/bin/cmake /home/bboardle/src/X16-Surface/ros/shared_msgs -DCMAKE_INSTALL_PREFIX=/home/bboardle/src/X16-Surface/install/shared_msgs
[1.714s] DEBUG:colcon.colcon_core.event_handler.log_command:Invoking command in '/home/bboardle/src/X16-Surface/build/surface_imu': CMAKE_PREFIX_PATH=${CMAKE_PREFIX_PATH}:/opt/ros/humble /usr/bin/cmake /home/bboardle/src/X16-Surface/ros/surface_imu -DCMAKE_INSTALL_PREFIX=/home/bboardle/src/X16-Surface/install/surface_imu
[1.717s] DEBUG:colcon.colcon_core.event_handler.log_command:Invoking command in '/home/bboardle/src/X16-Surface/build/thrusters': CMAKE_PREFIX_PATH=${CMAKE_PREFIX_PATH}:/opt/ros/humble /usr/bin/cmake /home/bboardle/src/X16-Surface/ros/thrusters -DCMAKE_INSTALL_PREFIX=/home/bboardle/src/X16-Surface/install/thrusters
[1.718s] DEBUG:colcon.colcon_core.event_handler.log_command:Invoking command in '/home/bboardle/src/X16-Surface/build/ui': CMAKE_PREFIX_PATH=${CMAKE_PREFIX_PATH}:/opt/ros/humble /usr/bin/cmake /home/bboardle/src/X16-Surface/ui -DCMAKE_INSTALL_PREFIX=/home/bboardle/src/X16-Surface/install/ui
[3.241s] DEBUG:colcon.colcon_core.event_handler.log_command:Invoked command in '/home/bboardle/src/X16-Surface/build/depth_comm' returned '0': CMAKE_PREFIX_PATH=${CMAKE_PREFIX_PATH}:/opt/ros/humble /usr/bin/cmake /home/bboardle/src/X16-Surface/ros/depth_comm -DCMAKE_INSTALL_PREFIX=/home/bboardle/src/X16-Surface/install/depth_comm
[3.244s] DEBUG:colcon.colcon_core.event_handler.log_command:Invoking command in '/home/bboardle/src/X16-Surface/build/depth_comm': CMAKE_PREFIX_PATH=${CMAKE_PREFIX_PATH}:/opt/ros/humble /usr/bin/cmake --build /home/bboardle/src/X16-Surface/build/depth_comm -- -j16 -l16
[3.245s] DEBUG:colcon.colcon_core.event_handler.log_command:Invoked command in '/home/bboardle/src/X16-Surface/build/thrusters' returned '0': CMAKE_PREFIX_PATH=${CMAKE_PREFIX_PATH}:/opt/ros/humble /usr/bin/cmake /home/bboardle/src/X16-Surface/ros/thrusters -DCMAKE_INSTALL_PREFIX=/home/bboardle/src/X16-Surface/install/thrusters
[3.247s] DEBUG:colcon.colcon_core.event_handler.log_command:Invoking command in '/home/bboardle/src/X16-Surface/build/thrusters': CMAKE_PREFIX_PATH=${CMAKE_PREFIX_PATH}:/opt/ros/humble /usr/bin/cmake --build /home/bboardle/src/X16-Surface/build/thrusters -- -j16 -l16
[3.275s] DEBUG:colcon.colcon_core.event_handler.log_command:Invoked command in '/home/bboardle/src/X16-Surface/build/surface_imu' returned '0': CMAKE_PREFIX_PATH=${CMAKE_PREFIX_PATH}:/opt/ros/humble /usr/bin/cmake /home/bboardle/src/X16-Surface/ros/surface_imu -DCMAKE_INSTALL_PREFIX=/home/bboardle/src/X16-Surface/install/surface_imu
[3.277s] DEBUG:colcon.colcon_core.event_handler.log_command:Invoking command in '/home/bboardle/src/X16-Surface/build/surface_imu': CMAKE_PREFIX_PATH=${CMAKE_PREFIX_PATH}:/opt/ros/humble /usr/bin/cmake --build /home/bboardle/src/X16-Surface/build/surface_imu -- -j16 -l16
[3.376s] DEBUG:colcon.colcon_core.event_handler.log_command:Invoked command in '/home/bboardle/src/X16-Surface/build/ui' returned '0': CMAKE_PREFIX_PATH=${CMAKE_PREFIX_PATH}:/opt/ros/humble /usr/bin/cmake /home/bboardle/src/X16-Surface/ui -DCMAKE_INSTALL_PREFIX=/home/bboardle/src/X16-Surface/install/ui
[3.377s] DEBUG:colcon.colcon_core.event_handler.log_command:Invoking command in '/home/bboardle/src/X16-Surface/build/ui': CMAKE_PREFIX_PATH=${CMAKE_PREFIX_PATH}:/opt/ros/humble /usr/bin/cmake --build /home/bboardle/src/X16-Surface/build/ui -- -j16 -l16
[3.420s] DEBUG:colcon.colcon_core.event_handler.log_command:Invoked command in '/home/bboardle/src/X16-Surface/build/com_pub' returned '0': CMAKE_PREFIX_PATH=${CMAKE_PREFIX_PATH}:/opt/ros/humble /usr/bin/cmake /home/bboardle/src/X16-Surface/ros/com_pub -DCMAKE_INSTALL_PREFIX=/home/bboardle/src/X16-Surface/install/com_pub
[3.421s] DEBUG:colcon.colcon_core.event_handler.log_command:Invoking command in '/home/bboardle/src/X16-Surface/build/com_pub': CMAKE_PREFIX_PATH=${CMAKE_PREFIX_PATH}:/opt/ros/humble /usr/bin/cmake --build /home/bboardle/src/X16-Surface/build/com_pub -- -j16 -l16
[3.423s] DEBUG:colcon.colcon_core.event_handler.log_command:Invoked command in '/home/bboardle/src/X16-Surface/build/gamepad' returned '0': CMAKE_PREFIX_PATH=${CMAKE_PREFIX_PATH}:/opt/ros/humble /usr/bin/cmake /home/bboardle/src/X16-Surface/ros/gamepad -DCMAKE_INSTALL_PREFIX=/home/bboardle/src/X16-Surface/install/gamepad
[3.425s] DEBUG:colcon.colcon_core.event_handler.log_command:Invoking command in '/home/bboardle/src/X16-Surface/build/gamepad': CMAKE_PREFIX_PATH=${CMAKE_PREFIX_PATH}:/opt/ros/humble /usr/bin/cmake --build /home/bboardle/src/X16-Surface/build/gamepad -- -j16 -l16
[3.571s] DEBUG:colcon.colcon_core.event_handler.log_command:Invoked command in '/home/bboardle/src/X16-Surface/build/depth_comm' returned '0': CMAKE_PREFIX_PATH=${CMAKE_PREFIX_PATH}:/opt/ros/humble /usr/bin/cmake --build /home/bboardle/src/X16-Surface/build/depth_comm -- -j16 -l16
[3.598s] DEBUG:colcon.colcon_core.event_handler.log_command:Invoking command in '/home/bboardle/src/X16-Surface/build/depth_comm': CMAKE_PREFIX_PATH=${CMAKE_PREFIX_PATH}:/opt/ros/humble /usr/bin/cmake --install /home/bboardle/src/X16-Surface/build/depth_comm
[3.601s] DEBUG:colcon.colcon_core.event_handler.log_command:Invoked command in '/home/bboardle/src/X16-Surface/build/thrusters' returned '0': CMAKE_PREFIX_PATH=${CMAKE_PREFIX_PATH}:/opt/ros/humble /usr/bin/cmake --build /home/bboardle/src/X16-Surface/build/thrusters -- -j16 -l16
[3.608s] DEBUG:colcon.colcon_core.event_handler.log_command:Invoked command in '/home/bboardle/src/X16-Surface/build/surface_imu' returned '0': CMAKE_PREFIX_PATH=${CMAKE_PREFIX_PATH}:/opt/ros/humble /usr/bin/cmake --build /home/bboardle/src/X16-Surface/build/surface_imu -- -j16 -l16
[3.620s] DEBUG:colcon.colcon_core.event_handler.log_command:Invoking command in '/home/bboardle/src/X16-Surface/build/thrusters': CMAKE_PREFIX_PATH=${CMAKE_PREFIX_PATH}:/opt/ros/humble /usr/bin/cmake --install /home/bboardle/src/X16-Surface/build/thrusters
[3.628s] DEBUG:colcon.colcon_core.event_handler.log_command:Invoking command in '/home/bboardle/src/X16-Surface/build/surface_imu': CMAKE_PREFIX_PATH=${CMAKE_PREFIX_PATH}:/opt/ros/humble /usr/bin/cmake --install /home/bboardle/src/X16-Surface/build/surface_imu
[3.655s] Level 1:colcon.colcon_core.environment:create_environment_scripts_only(depth_comm)
[3.656s] DEBUG:colcon.colcon_core.event_handler.log_command:Invoked command in '/home/bboardle/src/X16-Surface/build/depth_comm' returned '0': CMAKE_PREFIX_PATH=${CMAKE_PREFIX_PATH}:/opt/ros/humble /usr/bin/cmake --install /home/bboardle/src/X16-Surface/build/depth_comm
[3.686s] Level 1:colcon.colcon_core.environment:checking '/home/bboardle/src/X16-Surface/install/depth_comm' for CMake module files
[3.687s] Level 1:colcon.colcon_core.environment:checking '/home/bboardle/src/X16-Surface/install/depth_comm' for CMake config files
[3.687s] Level 1:colcon.colcon_core.shell:create_environment_hook('depth_comm', 'cmake_prefix_path')
[3.698s] INFO:colcon.colcon_core.shell:Creating environment hook '/home/bboardle/src/X16-Surface/install/depth_comm/share/depth_comm/hook/cmake_prefix_path.ps1'
[3.699s] INFO:colcon.colcon_core.shell:Creating environment descriptor '/home/bboardle/src/X16-Surface/install/depth_comm/share/depth_comm/hook/cmake_prefix_path.dsv'
[3.700s] INFO:colcon.colcon_core.shell:Creating environment hook '/home/bboardle/src/X16-Surface/install/depth_comm/share/depth_comm/hook/cmake_prefix_path.sh'
[3.700s] Level 1:colcon.colcon_core.environment:checking '/home/bboardle/src/X16-Surface/install/depth_comm/lib'
[3.701s] Level 1:colcon.colcon_core.environment:checking '/home/bboardle/src/X16-Surface/install/depth_comm/bin'
[3.701s] Level 1:colcon.colcon_core.environment:checking '/home/bboardle/src/X16-Surface/install/depth_comm/lib/pkgconfig/depth_comm.pc'
[3.701s] Level 1:colcon.colcon_core.environment:checking '/home/bboardle/src/X16-Surface/install/depth_comm/lib/python3.10/site-packages'
[3.701s] Level 1:colcon.colcon_core.environment:checking '/home/bboardle/src/X16-Surface/install/depth_comm/bin'
[3.718s] INFO:colcon.colcon_core.shell:Creating package script '/home/bboardle/src/X16-Surface/install/depth_comm/share/depth_comm/package.ps1'
[3.719s] INFO:colcon.colcon_core.shell:Creating package descriptor '/home/bboardle/src/X16-Surface/install/depth_comm/share/depth_comm/package.dsv'
[3.720s] INFO:colcon.colcon_core.shell:Creating package script '/home/bboardle/src/X16-Surface/install/depth_comm/share/depth_comm/package.sh'
[3.721s] INFO:colcon.colcon_core.shell:Creating package script '/home/bboardle/src/X16-Surface/install/depth_comm/share/depth_comm/package.bash'
[3.721s] INFO:colcon.colcon_core.shell:Creating package script '/home/bboardle/src/X16-Surface/install/depth_comm/share/depth_comm/package.zsh'
[3.722s] Level 1:colcon.colcon_core.environment:create_file_with_runtime_dependencies(/home/bboardle/src/X16-Surface/install/depth_comm/share/colcon-core/packages/depth_comm)
[3.725s] Level 1:colcon.colcon_core.environment:create_environment_scripts_only(thrusters)
[3.726s] DEBUG:colcon.colcon_core.event_handler.log_command:Invoked command in '/home/bboardle/src/X16-Surface/build/thrusters' returned '0': CMAKE_PREFIX_PATH=${CMAKE_PREFIX_PATH}:/opt/ros/humble /usr/bin/cmake --install /home/bboardle/src/X16-Surface/build/thrusters
[3.739s] Level 1:colcon.colcon_core.environment:checking '/home/bboardle/src/X16-Surface/install/thrusters' for CMake module files
[3.739s] Level 1:colcon.colcon_core.environment:checking '/home/bboardle/src/X16-Surface/install/thrusters' for CMake config files
[3.740s] Level 1:colcon.colcon_core.shell:create_environment_hook('thrusters', 'cmake_prefix_path')
[3.752s] INFO:colcon.colcon_core.shell:Creating environment hook '/home/bboardle/src/X16-Surface/install/thrusters/share/thrusters/hook/cmake_prefix_path.ps1'
[3.752s] INFO:colcon.colcon_core.shell:Creating environment descriptor '/home/bboardle/src/X16-Surface/install/thrusters/share/thrusters/hook/cmake_prefix_path.dsv'
[3.753s] INFO:colcon.colcon_core.shell:Creating environment hook '/home/bboardle/src/X16-Surface/install/thrusters/share/thrusters/hook/cmake_prefix_path.sh'
[3.753s] Level 1:colcon.colcon_core.environment:checking '/home/bboardle/src/X16-Surface/install/thrusters/lib'
[3.753s] Level 1:colcon.colcon_core.environment:checking '/home/bboardle/src/X16-Surface/install/thrusters/bin'
[3.753s] Level 1:colcon.colcon_core.environment:checking '/home/bboardle/src/X16-Surface/install/thrusters/lib/pkgconfig/thrusters.pc'
[3.753s] Level 1:colcon.colcon_core.environment:checking '/home/bboardle/src/X16-Surface/install/thrusters/lib/python3.10/site-packages'
[3.754s] Level 1:colcon.colcon_core.environment:checking '/home/bboardle/src/X16-Surface/install/thrusters/bin'
[3.766s] INFO:colcon.colcon_core.shell:Creating package script '/home/bboardle/src/X16-Surface/install/thrusters/share/thrusters/package.ps1'
[3.766s] INFO:colcon.colcon_core.shell:Creating package descriptor '/home/bboardle/src/X16-Surface/install/thrusters/share/thrusters/package.dsv'
[3.767s] INFO:colcon.colcon_core.shell:Creating package script '/home/bboardle/src/X16-Surface/install/thrusters/share/thrusters/package.sh'
[3.767s] INFO:colcon.colcon_core.shell:Creating package script '/home/bboardle/src/X16-Surface/install/thrusters/share/thrusters/package.bash'
[3.767s] INFO:colcon.colcon_core.shell:Creating package script '/home/bboardle/src/X16-Surface/install/thrusters/share/thrusters/package.zsh'
[3.767s] Level 1:colcon.colcon_core.environment:create_file_with_runtime_dependencies(/home/bboardle/src/X16-Surface/install/thrusters/share/colcon-core/packages/thrusters)
[3.769s] Level 1:colcon.colcon_core.environment:create_environment_scripts_only(surface_imu)
[3.770s] DEBUG:colcon.colcon_core.event_handler.log_command:Invoked command in '/home/bboardle/src/X16-Surface/build/surface_imu' returned '0': CMAKE_PREFIX_PATH=${CMAKE_PREFIX_PATH}:/opt/ros/humble /usr/bin/cmake --install /home/bboardle/src/X16-Surface/build/surface_imu
[3.781s] Level 1:colcon.colcon_core.environment:checking '/home/bboardle/src/X16-Surface/install/surface_imu' for CMake module files
[3.782s] Level 1:colcon.colcon_core.environment:checking '/home/bboardle/src/X16-Surface/install/surface_imu' for CMake config files
[3.782s] Level 1:colcon.colcon_core.shell:create_environment_hook('surface_imu', 'cmake_prefix_path')
[3.793s] INFO:colcon.colcon_core.shell:Creating environment hook '/home/bboardle/src/X16-Surface/install/surface_imu/share/surface_imu/hook/cmake_prefix_path.ps1'
[3.794s] INFO:colcon.colcon_core.shell:Creating environment descriptor '/home/bboardle/src/X16-Surface/install/surface_imu/share/surface_imu/hook/cmake_prefix_path.dsv'
[3.794s] INFO:colcon.colcon_core.shell:Creating environment hook '/home/bboardle/src/X16-Surface/install/surface_imu/share/surface_imu/hook/cmake_prefix_path.sh'
[3.794s] Level 1:colcon.colcon_core.environment:checking '/home/bboardle/src/X16-Surface/install/surface_imu/lib'
[3.794s] Level 1:colcon.colcon_core.environment:checking '/home/bboardle/src/X16-Surface/install/surface_imu/bin'
[3.794s] Level 1:colcon.colcon_core.environment:checking '/home/bboardle/src/X16-Surface/install/surface_imu/lib/pkgconfig/surface_imu.pc'
[3.795s] Level 1:colcon.colcon_core.environment:checking '/home/bboardle/src/X16-Surface/install/surface_imu/lib/python3.10/site-packages'
[3.795s] Level 1:colcon.colcon_core.environment:checking '/home/bboardle/src/X16-Surface/install/surface_imu/bin'
[3.806s] INFO:colcon.colcon_core.shell:Creating package script '/home/bboardle/src/X16-Surface/install/surface_imu/share/surface_imu/package.ps1'
[3.806s] INFO:colcon.colcon_core.shell:Creating package descriptor '/home/bboardle/src/X16-Surface/install/surface_imu/share/surface_imu/package.dsv'
[3.806s] INFO:colcon.colcon_core.shell:Creating package script '/home/bboardle/src/X16-Surface/install/surface_imu/share/surface_imu/package.sh'
[3.807s] INFO:colcon.colcon_core.shell:Creating package script '/home/bboardle/src/X16-Surface/install/surface_imu/share/surface_imu/package.bash'
[3.807s] INFO:colcon.colcon_core.shell:Creating package script '/home/bboardle/src/X16-Surface/install/surface_imu/share/surface_imu/package.zsh'
[3.807s] Level 1:colcon.colcon_core.environment:create_file_with_runtime_dependencies(/home/bboardle/src/X16-Surface/install/surface_imu/share/colcon-core/packages/surface_imu)
[3.809s] DEBUG:colcon.colcon_core.event_handler.log_command:Invoked command in '/home/bboardle/src/X16-Surface/build/ui' returned '0': CMAKE_PREFIX_PATH=${CMAKE_PREFIX_PATH}:/opt/ros/humble /usr/bin/cmake --build /home/bboardle/src/X16-Surface/build/ui -- -j16 -l16
[3.831s] Level 1:colcon.colcon_core.environment:create_environment_scripts_only(depth_comm)
[3.843s] Level 1:colcon.colcon_core.environment:checking '/home/bboardle/src/X16-Surface/install/depth_comm' for CMake module files
[3.844s] Level 1:colcon.colcon_core.environment:checking '/home/bboardle/src/X16-Surface/install/depth_comm' for CMake config files
[3.844s] Level 1:colcon.colcon_core.shell:create_environment_hook('depth_comm', 'cmake_prefix_path')
[3.857s] INFO:colcon.colcon_core.shell:Creating environment hook '/home/bboardle/src/X16-Surface/install/depth_comm/share/depth_comm/hook/cmake_prefix_path.ps1'
[3.857s] INFO:colcon.colcon_core.shell:Creating environment descriptor '/home/bboardle/src/X16-Surface/install/depth_comm/share/depth_comm/hook/cmake_prefix_path.dsv'
[3.857s] INFO:colcon.colcon_core.shell:Creating environment hook '/home/bboardle/src/X16-Surface/install/depth_comm/share/depth_comm/hook/cmake_prefix_path.sh'
[3.858s] Level 1:colcon.colcon_core.environment:checking '/home/bboardle/src/X16-Surface/install/depth_comm/lib'
[3.858s] Level 1:colcon.colcon_core.environment:checking '/home/bboardle/src/X16-Surface/install/depth_comm/bin'
[3.858s] Level 1:colcon.colcon_core.environment:checking '/home/bboardle/src/X16-Surface/install/depth_comm/lib/pkgconfig/depth_comm.pc'
[3.858s] Level 1:colcon.colcon_core.environment:checking '/home/bboardle/src/X16-Surface/install/depth_comm/lib/python3.10/site-packages'
[3.858s] Level 1:colcon.colcon_core.environment:checking '/home/bboardle/src/X16-Surface/install/depth_comm/bin'
[3.875s] INFO:colcon.colcon_core.shell:Creating package script '/home/bboardle/src/X16-Surface/install/depth_comm/share/depth_comm/package.ps1'
[3.876s] INFO:colcon.colcon_core.shell:Creating package descriptor '/home/bboardle/src/X16-Surface/install/depth_comm/share/depth_comm/package.dsv'
[3.876s] INFO:colcon.colcon_core.shell:Creating package script '/home/bboardle/src/X16-Surface/install/depth_comm/share/depth_comm/package.sh'
[3.877s] INFO:colcon.colcon_core.shell:Creating package script '/home/bboardle/src/X16-Surface/install/depth_comm/share/depth_comm/package.bash'
[3.877s] INFO:colcon.colcon_core.shell:Creating package script '/home/bboardle/src/X16-Surface/install/depth_comm/share/depth_comm/package.zsh'
[3.878s] Level 1:colcon.colcon_core.environment:create_file_with_runtime_dependencies(/home/bboardle/src/X16-Surface/install/depth_comm/share/colcon-core/packages/depth_comm)
[3.893s] Level 1:colcon.colcon_core.environment:create_environment_scripts_only(thrusters)
[3.905s] Level 1:colcon.colcon_core.environment:checking '/home/bboardle/src/X16-Surface/install/thrusters' for CMake module files
[3.905s] Level 1:colcon.colcon_core.environment:checking '/home/bboardle/src/X16-Surface/install/thrusters' for CMake config files
[3.905s] Level 1:colcon.colcon_core.shell:create_environment_hook('thrusters', 'cmake_prefix_path')
[3.920s] INFO:colcon.colcon_core.shell:Creating environment hook '/home/bboardle/src/X16-Surface/install/thrusters/share/thrusters/hook/cmake_prefix_path.ps1'
[3.920s] INFO:colcon.colcon_core.shell:Creating environment descriptor '/home/bboardle/src/X16-Surface/install/thrusters/share/thrusters/hook/cmake_prefix_path.dsv'
[3.920s] INFO:colcon.colcon_core.shell:Creating environment hook '/home/bboardle/src/X16-Surface/install/thrusters/share/thrusters/hook/cmake_prefix_path.sh'
[3.921s] Level 1:colcon.colcon_core.environment:checking '/home/bboardle/src/X16-Surface/install/thrusters/lib'
[3.921s] Level 1:colcon.colcon_core.environment:checking '/home/bboardle/src/X16-Surface/install/thrusters/bin'
[3.921s] Level 1:colcon.colcon_core.environment:checking '/home/bboardle/src/X16-Surface/install/thrusters/lib/pkgconfig/thrusters.pc'
[3.921s] Level 1:colcon.colcon_core.environment:checking '/home/bboardle/src/X16-Surface/install/thrusters/lib/python3.10/site-packages'
[3.921s] Level 1:colcon.colcon_core.environment:checking '/home/bboardle/src/X16-Surface/install/thrusters/bin'
[3.934s] INFO:colcon.colcon_core.shell:Creating package script '/home/bboardle/src/X16-Surface/install/thrusters/share/thrusters/package.ps1'
[3.934s] INFO:colcon.colcon_core.shell:Creating package descriptor '/home/bboardle/src/X16-Surface/install/thrusters/share/thrusters/package.dsv'
[3.934s] INFO:colcon.colcon_core.shell:Creating package script '/home/bboardle/src/X16-Surface/install/thrusters/share/thrusters/package.sh'
[3.935s] INFO:colcon.colcon_core.shell:Creating package script '/home/bboardle/src/X16-Surface/install/thrusters/share/thrusters/package.bash'
[3.935s] INFO:colcon.colcon_core.shell:Creating package script '/home/bboardle/src/X16-Surface/install/thrusters/share/thrusters/package.zsh'
[3.935s] Level 1:colcon.colcon_core.environment:create_file_with_runtime_dependencies(/home/bboardle/src/X16-Surface/install/thrusters/share/colcon-core/packages/thrusters)
[3.938s] DEBUG:colcon.colcon_core.event_handler.log_command:Invoked command in '/home/bboardle/src/X16-Surface/build/gamepad' returned '0': CMAKE_PREFIX_PATH=${CMAKE_PREFIX_PATH}:/opt/ros/humble /usr/bin/cmake --build /home/bboardle/src/X16-Surface/build/gamepad -- -j16 -l16
[3.938s] DEBUG:colcon.colcon_core.event_handler.log_command:Invoked command in '/home/bboardle/src/X16-Surface/build/com_pub' returned '0': CMAKE_PREFIX_PATH=${CMAKE_PREFIX_PATH}:/opt/ros/humble /usr/bin/cmake --build /home/bboardle/src/X16-Surface/build/com_pub -- -j16 -l16
[3.941s] DEBUG:colcon.colcon_core.event_handler.log_command:Invoking command in '/home/bboardle/src/X16-Surface/build/ui': CMAKE_PREFIX_PATH=${CMAKE_PREFIX_PATH}:/opt/ros/humble /usr/bin/cmake --install /home/bboardle/src/X16-Surface/build/ui
[3.962s] Level 1:colcon.colcon_core.environment:create_environment_scripts_only(surface_imu)
[3.980s] Level 1:colcon.colcon_core.environment:checking '/home/bboardle/src/X16-Surface/install/surface_imu' for CMake module files
[3.981s] Level 1:colcon.colcon_core.environment:checking '/home/bboardle/src/X16-Surface/install/surface_imu' for CMake config files
[3.981s] Level 1:colcon.colcon_core.shell:create_environment_hook('surface_imu', 'cmake_prefix_path')
[3.992s] INFO:colcon.colcon_core.shell:Creating environment hook '/home/bboardle/src/X16-Surface/install/surface_imu/share/surface_imu/hook/cmake_prefix_path.ps1'
[3.993s] INFO:colcon.colcon_core.shell:Creating environment descriptor '/home/bboardle/src/X16-Surface/install/surface_imu/share/surface_imu/hook/cmake_prefix_path.dsv'
[3.993s] INFO:colcon.colcon_core.shell:Creating environment hook '/home/bboardle/src/X16-Surface/install/surface_imu/share/surface_imu/hook/cmake_prefix_path.sh'
[3.994s] Level 1:colcon.colcon_core.environment:checking '/home/bboardle/src/X16-Surface/install/surface_imu/lib'
[3.994s] Level 1:colcon.colcon_core.environment:checking '/home/bboardle/src/X16-Surface/install/surface_imu/bin'
[3.994s] Level 1:colcon.colcon_core.environment:checking '/home/bboardle/src/X16-Surface/install/surface_imu/lib/pkgconfig/surface_imu.pc'
[3.994s] Level 1:colcon.colcon_core.environment:checking '/home/bboardle/src/X16-Surface/install/surface_imu/lib/python3.10/site-packages'
[3.994s] Level 1:colcon.colcon_core.environment:checking '/home/bboardle/src/X16-Surface/install/surface_imu/bin'
[4.006s] INFO:colcon.colcon_core.shell:Creating package script '/home/bboardle/src/X16-Surface/install/surface_imu/share/surface_imu/package.ps1'
[4.007s] INFO:colcon.colcon_core.shell:Creating package descriptor '/home/bboardle/src/X16-Surface/install/surface_imu/share/surface_imu/package.dsv'
[4.007s] INFO:colcon.colcon_core.shell:Creating package script '/home/bboardle/src/X16-Surface/install/surface_imu/share/surface_imu/package.sh'
[4.007s] INFO:colcon.colcon_core.shell:Creating package script '/home/bboardle/src/X16-Surface/install/surface_imu/share/surface_imu/package.bash'
[4.008s] INFO:colcon.colcon_core.shell:Creating package script '/home/bboardle/src/X16-Surface/install/surface_imu/share/surface_imu/package.zsh'
[4.008s] Level 1:colcon.colcon_core.environment:create_file_with_runtime_dependencies(/home/bboardle/src/X16-Surface/install/surface_imu/share/colcon-core/packages/surface_imu)
[4.012s] DEBUG:colcon.colcon_core.event_handler.log_command:Invoking command in '/home/bboardle/src/X16-Surface/build/com_pub': CMAKE_PREFIX_PATH=${CMAKE_PREFIX_PATH}:/opt/ros/humble /usr/bin/cmake --install /home/bboardle/src/X16-Surface/build/com_pub
[4.018s] Level 1:colcon.colcon_core.environment:create_environment_scripts_only(ui)
[4.021s] DEBUG:colcon.colcon_core.event_handler.log_command:Invoking command in '/home/bboardle/src/X16-Surface/build/gamepad': CMAKE_PREFIX_PATH=${CMAKE_PREFIX_PATH}:/opt/ros/humble /usr/bin/cmake --install /home/bboardle/src/X16-Surface/build/gamepad
[4.022s] DEBUG:colcon.colcon_core.event_handler.log_command:Invoked command in '/home/bboardle/src/X16-Surface/build/ui' returned '0': CMAKE_PREFIX_PATH=${CMAKE_PREFIX_PATH}:/opt/ros/humble /usr/bin/cmake --install /home/bboardle/src/X16-Surface/build/ui
[4.045s] Level 1:colcon.colcon_core.environment:checking '/home/bboardle/src/X16-Surface/install/ui' for CMake module files
[4.046s] Level 1:colcon.colcon_core.environment:checking '/home/bboardle/src/X16-Surface/install/ui' for CMake config files
[4.046s] Level 1:colcon.colcon_core.shell:create_environment_hook('ui', 'cmake_prefix_path')
[4.059s] INFO:colcon.colcon_core.shell:Creating environment hook '/home/bboardle/src/X16-Surface/install/ui/share/ui/hook/cmake_prefix_path.ps1'
[4.060s] INFO:colcon.colcon_core.shell:Creating environment descriptor '/home/bboardle/src/X16-Surface/install/ui/share/ui/hook/cmake_prefix_path.dsv'
[4.061s] INFO:colcon.colcon_core.shell:Creating environment hook '/home/bboardle/src/X16-Surface/install/ui/share/ui/hook/cmake_prefix_path.sh'
[4.061s] Level 1:colcon.colcon_core.environment:checking '/home/bboardle/src/X16-Surface/install/ui/lib'
[4.061s] Level 1:colcon.colcon_core.environment:checking '/home/bboardle/src/X16-Surface/install/ui/bin'
[4.061s] Level 1:colcon.colcon_core.environment:checking '/home/bboardle/src/X16-Surface/install/ui/lib/pkgconfig/ui.pc'
[4.062s] Level 1:colcon.colcon_core.environment:checking '/home/bboardle/src/X16-Surface/install/ui/lib/python3.10/site-packages'
[4.062s] Level 1:colcon.colcon_core.environment:checking '/home/bboardle/src/X16-Surface/install/ui/bin'
[4.080s] INFO:colcon.colcon_core.shell:Creating package script '/home/bboardle/src/X16-Surface/install/ui/share/ui/package.ps1'
[4.080s] INFO:colcon.colcon_core.shell:Creating package descriptor '/home/bboardle/src/X16-Surface/install/ui/share/ui/package.dsv'
[4.081s] INFO:colcon.colcon_core.shell:Creating package script '/home/bboardle/src/X16-Surface/install/ui/share/ui/package.sh'
[4.081s] INFO:colcon.colcon_core.shell:Creating package script '/home/bboardle/src/X16-Surface/install/ui/share/ui/package.bash'
[4.081s] INFO:colcon.colcon_core.shell:Creating package script '/home/bboardle/src/X16-Surface/install/ui/share/ui/package.zsh'
[4.081s] Level 1:colcon.colcon_core.environment:create_file_with_runtime_dependencies(/home/bboardle/src/X16-Surface/install/ui/share/colcon-core/packages/ui)
[4.084s] Level 1:colcon.colcon_core.environment:create_environment_scripts_only(gamepad)
[4.085s] DEBUG:colcon.colcon_core.event_handler.log_command:Invoked command in '/home/bboardle/src/X16-Surface/build/gamepad' returned '0': CMAKE_PREFIX_PATH=${CMAKE_PREFIX_PATH}:/opt/ros/humble /usr/bin/cmake --install /home/bboardle/src/X16-Surface/build/gamepad
[4.096s] Level 1:colcon.colcon_core.environment:checking '/home/bboardle/src/X16-Surface/install/gamepad' for CMake module files
[4.097s] Level 1:colcon.colcon_core.environment:checking '/home/bboardle/src/X16-Surface/install/gamepad' for CMake config files
[4.097s] Level 1:colcon.colcon_core.shell:create_environment_hook('gamepad', 'cmake_prefix_path')
[4.107s] INFO:colcon.colcon_core.shell:Creating environment hook '/home/bboardle/src/X16-Surface/install/gamepad/share/gamepad/hook/cmake_prefix_path.ps1'
[4.108s] INFO:colcon.colcon_core.shell:Creating environment descriptor '/home/bboardle/src/X16-Surface/install/gamepad/share/gamepad/hook/cmake_prefix_path.dsv'
[4.108s] INFO:colcon.colcon_core.shell:Creating environment hook '/home/bboardle/src/X16-Surface/install/gamepad/share/gamepad/hook/cmake_prefix_path.sh'
[4.108s] Level 1:colcon.colcon_core.environment:checking '/home/bboardle/src/X16-Surface/install/gamepad/lib'
[4.108s] Level 1:colcon.colcon_core.environment:checking '/home/bboardle/src/X16-Surface/install/gamepad/bin'
[4.108s] Level 1:colcon.colcon_core.environment:checking '/home/bboardle/src/X16-Surface/install/gamepad/lib/pkgconfig/gamepad.pc'
[4.108s] Level 1:colcon.colcon_core.environment:checking '/home/bboardle/src/X16-Surface/install/gamepad/lib/python3.10/site-packages'
[4.109s] Level 1:colcon.colcon_core.environment:checking '/home/bboardle/src/X16-Surface/install/gamepad/bin'
[4.119s] INFO:colcon.colcon_core.shell:Creating package script '/home/bboardle/src/X16-Surface/install/gamepad/share/gamepad/package.ps1'
[4.119s] INFO:colcon.colcon_core.shell:Creating package descriptor '/home/bboardle/src/X16-Surface/install/gamepad/share/gamepad/package.dsv'
[4.119s] INFO:colcon.colcon_core.shell:Creating package script '/home/bboardle/src/X16-Surface/install/gamepad/share/gamepad/package.sh'
[4.120s] INFO:colcon.colcon_core.shell:Creating package script '/home/bboardle/src/X16-Surface/install/gamepad/share/gamepad/package.bash'
[4.120s] INFO:colcon.colcon_core.shell:Creating package script '/home/bboardle/src/X16-Surface/install/gamepad/share/gamepad/package.zsh'
[4.120s] Level 1:colcon.colcon_core.environment:create_file_with_runtime_dependencies(/home/bboardle/src/X16-Surface/install/gamepad/share/colcon-core/packages/gamepad)
[4.121s] Level 1:colcon.colcon_core.environment:create_environment_scripts_only(com_pub)
[4.122s] DEBUG:colcon.colcon_core.event_handler.log_command:Invoked command in '/home/bboardle/src/X16-Surface/build/com_pub' returned '0': CMAKE_PREFIX_PATH=${CMAKE_PREFIX_PATH}:/opt/ros/humble /usr/bin/cmake --install /home/bboardle/src/X16-Surface/build/com_pub
[4.133s] Level 1:colcon.colcon_core.environment:checking '/home/bboardle/src/X16-Surface/install/com_pub' for CMake module files
[4.134s] Level 1:colcon.colcon_core.environment:checking '/home/bboardle/src/X16-Surface/install/com_pub' for CMake config files
[4.134s] Level 1:colcon.colcon_core.shell:create_environment_hook('com_pub', 'cmake_prefix_path')
[4.146s] INFO:colcon.colcon_core.shell:Creating environment hook '/home/bboardle/src/X16-Surface/install/com_pub/share/com_pub/hook/cmake_prefix_path.ps1'
[4.146s] INFO:colcon.colcon_core.shell:Creating environment descriptor '/home/bboardle/src/X16-Surface/install/com_pub/share/com_pub/hook/cmake_prefix_path.dsv'
[4.147s] INFO:colcon.colcon_core.shell:Creating environment hook '/home/bboardle/src/X16-Surface/install/com_pub/share/com_pub/hook/cmake_prefix_path.sh'
[4.147s] Level 1:colcon.colcon_core.environment:checking '/home/bboardle/src/X16-Surface/install/com_pub/lib'
[4.148s] Level 1:colcon.colcon_core.environment:checking '/home/bboardle/src/X16-Surface/install/com_pub/bin'
[4.148s] Level 1:colcon.colcon_core.environment:checking '/home/bboardle/src/X16-Surface/install/com_pub/lib/pkgconfig/com_pub.pc'
[4.148s] Level 1:colcon.colcon_core.environment:checking '/home/bboardle/src/X16-Surface/install/com_pub/lib/python3.10/site-packages'
[4.148s] Level 1:colcon.colcon_core.environment:checking '/home/bboardle/src/X16-Surface/install/com_pub/bin'
[4.163s] INFO:colcon.colcon_core.shell:Creating package script '/home/bboardle/src/X16-Surface/install/com_pub/share/com_pub/package.ps1'
[4.164s] INFO:colcon.colcon_core.shell:Creating package descriptor '/home/bboardle/src/X16-Surface/install/com_pub/share/com_pub/package.dsv'
[4.164s] INFO:colcon.colcon_core.shell:Creating package script '/home/bboardle/src/X16-Surface/install/com_pub/share/com_pub/package.sh'
[4.164s] INFO:colcon.colcon_core.shell:Creating package script '/home/bboardle/src/X16-Surface/install/com_pub/share/com_pub/package.bash'
[4.165s] INFO:colcon.colcon_core.shell:Creating package script '/home/bboardle/src/X16-Surface/install/com_pub/share/com_pub/package.zsh'
[4.165s] Level 1:colcon.colcon_core.environment:create_file_with_runtime_dependencies(/home/bboardle/src/X16-Surface/install/com_pub/share/colcon-core/packages/com_pub)
[4.179s] Level 1:colcon.colcon_core.environment:create_environment_scripts_only(ui)
[4.190s] Level 1:colcon.colcon_core.environment:checking '/home/bboardle/src/X16-Surface/install/ui' for CMake module files
[4.191s] Level 1:colcon.colcon_core.environment:checking '/home/bboardle/src/X16-Surface/install/ui' for CMake config files
[4.191s] Level 1:colcon.colcon_core.shell:create_environment_hook('ui', 'cmake_prefix_path')
[4.206s] INFO:colcon.colcon_core.shell:Creating environment hook '/home/bboardle/src/X16-Surface/install/ui/share/ui/hook/cmake_prefix_path.ps1'
[4.206s] INFO:colcon.colcon_core.shell:Creating environment descriptor '/home/bboardle/src/X16-Surface/install/ui/share/ui/hook/cmake_prefix_path.dsv'
[4.207s] INFO:colcon.colcon_core.shell:Creating environment hook '/home/bboardle/src/X16-Surface/install/ui/share/ui/hook/cmake_prefix_path.sh'
[4.207s] Level 1:colcon.colcon_core.environment:checking '/home/bboardle/src/X16-Surface/install/ui/lib'
[4.207s] Level 1:colcon.colcon_core.environment:checking '/home/bboardle/src/X16-Surface/install/ui/bin'
[4.207s] Level 1:colcon.colcon_core.environment:checking '/home/bboardle/src/X16-Surface/install/ui/lib/pkgconfig/ui.pc'
[4.207s] Level 1:colcon.colcon_core.environment:checking '/home/bboardle/src/X16-Surface/install/ui/lib/python3.10/site-packages'
[4.208s] Level 1:colcon.colcon_core.environment:checking '/home/bboardle/src/X16-Surface/install/ui/bin'
[4.219s] INFO:colcon.colcon_core.shell:Creating package script '/home/bboardle/src/X16-Surface/install/ui/share/ui/package.ps1'
[4.219s] INFO:colcon.colcon_core.shell:Creating package descriptor '/home/bboardle/src/X16-Surface/install/ui/share/ui/package.dsv'
[4.220s] INFO:colcon.colcon_core.shell:Creating package script '/home/bboardle/src/X16-Surface/install/ui/share/ui/package.sh'
[4.220s] INFO:colcon.colcon_core.shell:Creating package script '/home/bboardle/src/X16-Surface/install/ui/share/ui/package.bash'
[4.220s] INFO:colcon.colcon_core.shell:Creating package script '/home/bboardle/src/X16-Surface/install/ui/share/ui/package.zsh'
[4.220s] Level 1:colcon.colcon_core.environment:create_file_with_runtime_dependencies(/home/bboardle/src/X16-Surface/install/ui/share/colcon-core/packages/ui)
[4.237s] Level 1:colcon.colcon_core.environment:create_environment_scripts_only(gamepad)
[4.248s] Level 1:colcon.colcon_core.environment:checking '/home/bboardle/src/X16-Surface/install/gamepad' for CMake module files
[4.248s] Level 1:colcon.colcon_core.environment:checking '/home/bboardle/src/X16-Surface/install/gamepad' for CMake config files
[4.248s] Level 1:colcon.colcon_core.shell:create_environment_hook('gamepad', 'cmake_prefix_path')
[4.259s] INFO:colcon.colcon_core.shell:Creating environment hook '/home/bboardle/src/X16-Surface/install/gamepad/share/gamepad/hook/cmake_prefix_path.ps1'
[4.259s] INFO:colcon.colcon_core.shell:Creating environment descriptor '/home/bboardle/src/X16-Surface/install/gamepad/share/gamepad/hook/cmake_prefix_path.dsv'
[4.260s] INFO:colcon.colcon_core.shell:Creating environment hook '/home/bboardle/src/X16-Surface/install/gamepad/share/gamepad/hook/cmake_prefix_path.sh'
[4.260s] Level 1:colcon.colcon_core.environment:checking '/home/bboardle/src/X16-Surface/install/gamepad/lib'
[4.260s] Level 1:colcon.colcon_core.environment:checking '/home/bboardle/src/X16-Surface/install/gamepad/bin'
[4.260s] Level 1:colcon.colcon_core.environment:checking '/home/bboardle/src/X16-Surface/install/gamepad/lib/pkgconfig/gamepad.pc'
[4.261s] Level 1:colcon.colcon_core.environment:checking '/home/bboardle/src/X16-Surface/install/gamepad/lib/python3.10/site-packages'
[4.261s] Level 1:colcon.colcon_core.environment:checking '/home/bboardle/src/X16-Surface/install/gamepad/bin'
[4.275s] INFO:colcon.colcon_core.shell:Creating package script '/home/bboardle/src/X16-Surface/install/gamepad/share/gamepad/package.ps1'
[4.276s] INFO:colcon.colcon_core.shell:Creating package descriptor '/home/bboardle/src/X16-Surface/install/gamepad/share/gamepad/package.dsv'
[4.276s] INFO:colcon.colcon_core.shell:Creating package script '/home/bboardle/src/X16-Surface/install/gamepad/share/gamepad/package.sh'
[4.276s] INFO:colcon.colcon_core.shell:Creating package script '/home/bboardle/src/X16-Surface/install/gamepad/share/gamepad/package.bash'
[4.276s] INFO:colcon.colcon_core.shell:Creating package script '/home/bboardle/src/X16-Surface/install/gamepad/share/gamepad/package.zsh'
[4.277s] Level 1:colcon.colcon_core.environment:create_file_with_runtime_dependencies(/home/bboardle/src/X16-Surface/install/gamepad/share/colcon-core/packages/gamepad)
[4.292s] Level 1:colcon.colcon_core.environment:create_environment_scripts_only(com_pub)
[4.304s] Level 1:colcon.colcon_core.environment:checking '/home/bboardle/src/X16-Surface/install/com_pub' for CMake module files
[4.305s] Level 1:colcon.colcon_core.environment:checking '/home/bboardle/src/X16-Surface/install/com_pub' for CMake config files
[4.305s] Level 1:colcon.colcon_core.shell:create_environment_hook('com_pub', 'cmake_prefix_path')
[4.317s] INFO:colcon.colcon_core.shell:Creating environment hook '/home/bboardle/src/X16-Surface/install/com_pub/share/com_pub/hook/cmake_prefix_path.ps1'
[4.318s] INFO:colcon.colcon_core.shell:Creating environment descriptor '/home/bboardle/src/X16-Surface/install/com_pub/share/com_pub/hook/cmake_prefix_path.dsv'
[4.318s] INFO:colcon.colcon_core.shell:Creating environment hook '/home/bboardle/src/X16-Surface/install/com_pub/share/com_pub/hook/cmake_prefix_path.sh'
[4.319s] Level 1:colcon.colcon_core.environment:checking '/home/bboardle/src/X16-Surface/install/com_pub/lib'
[4.319s] Level 1:colcon.colcon_core.environment:checking '/home/bboardle/src/X16-Surface/install/com_pub/bin'
[4.319s] Level 1:colcon.colcon_core.environment:checking '/home/bboardle/src/X16-Surface/install/com_pub/lib/pkgconfig/com_pub.pc'
[4.319s] Level 1:colcon.colcon_core.environment:checking '/home/bboardle/src/X16-Surface/install/com_pub/lib/python3.10/site-packages'
[4.319s] Level 1:colcon.colcon_core.environment:checking '/home/bboardle/src/X16-Surface/install/com_pub/bin'
[4.354s] INFO:colcon.colcon_core.shell:Creating package script '/home/bboardle/src/X16-Surface/install/com_pub/share/com_pub/package.ps1'
[4.355s] INFO:colcon.colcon_core.shell:Creating package descriptor '/home/bboardle/src/X16-Surface/install/com_pub/share/com_pub/package.dsv'
[4.356s] INFO:colcon.colcon_core.shell:Creating package script '/home/bboardle/src/X16-Surface/install/com_pub/share/com_pub/package.sh'
[4.356s] INFO:colcon.colcon_core.shell:Creating package script '/home/bboardle/src/X16-Surface/install/com_pub/share/com_pub/package.bash'
[4.359s] INFO:colcon.colcon_core.shell:Creating package script '/home/bboardle/src/X16-Surface/install/com_pub/share/com_pub/package.zsh'
[4.361s] Level 1:colcon.colcon_core.environment:create_file_with_runtime_dependencies(/home/bboardle/src/X16-Surface/install/com_pub/share/colcon-core/packages/com_pub)
[4.948s] DEBUG:colcon.colcon_core.event_handler.log_command:Invoked command in '/home/bboardle/src/X16-Surface/build/shared_msgs' returned '0': CMAKE_PREFIX_PATH=${CMAKE_PREFIX_PATH}:/opt/ros/humble /usr/bin/cmake /home/bboardle/src/X16-Surface/ros/shared_msgs -DCMAKE_INSTALL_PREFIX=/home/bboardle/src/X16-Surface/install/shared_msgs
[4.950s] DEBUG:colcon.colcon_core.event_handler.log_command:Invoking command in '/home/bboardle/src/X16-Surface/build/shared_msgs': CMAKE_PREFIX_PATH=${CMAKE_PREFIX_PATH}:/opt/ros/humble /usr/bin/cmake --build /home/bboardle/src/X16-Surface/build/shared_msgs -- -j16 -l16
[8.916s] DEBUG:colcon.colcon_core.event_handler.log_command:Invoked command in '/home/bboardle/src/X16-Surface/build/shared_msgs' returned '0': CMAKE_PREFIX_PATH=${CMAKE_PREFIX_PATH}:/opt/ros/humble /usr/bin/cmake --build /home/bboardle/src/X16-Surface/build/shared_msgs -- -j16 -l16
[9.049s] DEBUG:colcon.colcon_core.event_handler.log_command:Invoking command in '/home/bboardle/src/X16-Surface/build/shared_msgs': CMAKE_PREFIX_PATH=${CMAKE_PREFIX_PATH}:/opt/ros/humble /usr/bin/cmake --install /home/bboardle/src/X16-Surface/build/shared_msgs
[9.136s] Level 1:colcon.colcon_core.environment:create_environment_scripts_only(shared_msgs)
[9.136s] DEBUG:colcon.colcon_core.event_handler.log_command:Invoked command in '/home/bboardle/src/X16-Surface/build/shared_msgs' returned '0': CMAKE_PREFIX_PATH=${CMAKE_PREFIX_PATH}:/opt/ros/humble /usr/bin/cmake --install /home/bboardle/src/X16-Surface/build/shared_msgs
[9.147s] Level 1:colcon.colcon_core.environment:checking '/home/bboardle/src/X16-Surface/install/shared_msgs' for CMake module files
[9.147s] Level 1:colcon.colcon_core.environment:checking '/home/bboardle/src/X16-Surface/install/shared_msgs' for CMake config files
[9.148s] Level 1:colcon.colcon_core.shell:create_environment_hook('shared_msgs', 'cmake_prefix_path')
[9.158s] INFO:colcon.colcon_core.shell:Creating environment hook '/home/bboardle/src/X16-Surface/install/shared_msgs/share/shared_msgs/hook/cmake_prefix_path.ps1'
[9.158s] INFO:colcon.colcon_core.shell:Creating environment descriptor '/home/bboardle/src/X16-Surface/install/shared_msgs/share/shared_msgs/hook/cmake_prefix_path.dsv'
[9.158s] INFO:colcon.colcon_core.shell:Creating environment hook '/home/bboardle/src/X16-Surface/install/shared_msgs/share/shared_msgs/hook/cmake_prefix_path.sh'
[9.159s] Level 1:colcon.colcon_core.environment:checking '/home/bboardle/src/X16-Surface/install/shared_msgs/lib'
[9.159s] Level 1:colcon.colcon_core.shell:create_environment_hook('shared_msgs', 'ld_library_path_lib')
[9.168s] INFO:colcon.colcon_core.shell:Creating environment hook '/home/bboardle/src/X16-Surface/install/shared_msgs/share/shared_msgs/hook/ld_library_path_lib.ps1'
[9.168s] INFO:colcon.colcon_core.shell:Creating environment descriptor '/home/bboardle/src/X16-Surface/install/shared_msgs/share/shared_msgs/hook/ld_library_path_lib.dsv'
[9.169s] INFO:colcon.colcon_core.shell:Creating environment hook '/home/bboardle/src/X16-Surface/install/shared_msgs/share/shared_msgs/hook/ld_library_path_lib.sh'
[9.169s] Level 1:colcon.colcon_core.environment:checking '/home/bboardle/src/X16-Surface/install/shared_msgs/bin'
[9.169s] Level 1:colcon.colcon_core.environment:checking '/home/bboardle/src/X16-Surface/install/shared_msgs/lib/pkgconfig/shared_msgs.pc'
[9.169s] Level 1:colcon.colcon_core.environment:checking '/home/bboardle/src/X16-Surface/install/shared_msgs/lib/python3.10/site-packages'
[9.169s] Level 1:colcon.colcon_core.environment:checking '/home/bboardle/src/X16-Surface/install/shared_msgs/bin'
[9.179s] INFO:colcon.colcon_core.shell:Creating package script '/home/bboardle/src/X16-Surface/install/shared_msgs/share/shared_msgs/package.ps1'
[9.180s] INFO:colcon.colcon_core.shell:Creating package descriptor '/home/bboardle/src/X16-Surface/install/shared_msgs/share/shared_msgs/package.dsv'
[9.180s] INFO:colcon.colcon_core.shell:Creating package script '/home/bboardle/src/X16-Surface/install/shared_msgs/share/shared_msgs/package.sh'
[9.180s] INFO:colcon.colcon_core.shell:Creating package script '/home/bboardle/src/X16-Surface/install/shared_msgs/share/shared_msgs/package.bash'
[9.181s] INFO:colcon.colcon_core.shell:Creating package script '/home/bboardle/src/X16-Surface/install/shared_msgs/share/shared_msgs/package.zsh'
[9.181s] Level 1:colcon.colcon_core.environment:create_file_with_runtime_dependencies(/home/bboardle/src/X16-Surface/install/shared_msgs/share/colcon-core/packages/shared_msgs)
[9.342s] Level 1:colcon.colcon_core.environment:create_environment_scripts_only(shared_msgs)
[9.351s] Level 1:colcon.colcon_core.environment:checking '/home/bboardle/src/X16-Surface/install/shared_msgs' for CMake module files
[9.352s] Level 1:colcon.colcon_core.environment:checking '/home/bboardle/src/X16-Surface/install/shared_msgs' for CMake config files
[9.352s] Level 1:colcon.colcon_core.shell:create_environment_hook('shared_msgs', 'cmake_prefix_path')
[9.362s] INFO:colcon.colcon_core.shell:Creating environment hook '/home/bboardle/src/X16-Surface/install/shared_msgs/share/shared_msgs/hook/cmake_prefix_path.ps1'
[9.362s] INFO:colcon.colcon_core.shell:Creating environment descriptor '/home/bboardle/src/X16-Surface/install/shared_msgs/share/shared_msgs/hook/cmake_prefix_path.dsv'
[9.363s] INFO:colcon.colcon_core.shell:Creating environment hook '/home/bboardle/src/X16-Surface/install/shared_msgs/share/shared_msgs/hook/cmake_prefix_path.sh'
[9.363s] Level 1:colcon.colcon_core.environment:checking '/home/bboardle/src/X16-Surface/install/shared_msgs/lib'
[9.363s] Level 1:colcon.colcon_core.shell:create_environment_hook('shared_msgs', 'ld_library_path_lib')
[9.373s] INFO:colcon.colcon_core.shell:Creating environment hook '/home/bboardle/src/X16-Surface/install/shared_msgs/share/shared_msgs/hook/ld_library_path_lib.ps1'
[9.373s] INFO:colcon.colcon_core.shell:Creating environment descriptor '/home/bboardle/src/X16-Surface/install/shared_msgs/share/shared_msgs/hook/ld_library_path_lib.dsv'
[9.373s] INFO:colcon.colcon_core.shell:Creating environment hook '/home/bboardle/src/X16-Surface/install/shared_msgs/share/shared_msgs/hook/ld_library_path_lib.sh'
[9.374s] Level 1:colcon.colcon_core.environment:checking '/home/bboardle/src/X16-Surface/install/shared_msgs/bin'
[9.374s] Level 1:colcon.colcon_core.environment:checking '/home/bboardle/src/X16-Surface/install/shared_msgs/lib/pkgconfig/shared_msgs.pc'
[9.374s] Level 1:colcon.colcon_core.environment:checking '/home/bboardle/src/X16-Surface/install/shared_msgs/lib/python3.10/site-packages'
[9.374s] Level 1:colcon.colcon_core.environment:checking '/home/bboardle/src/X16-Surface/install/shared_msgs/bin'
[9.385s] INFO:colcon.colcon_core.shell:Creating package script '/home/bboardle/src/X16-Surface/install/shared_msgs/share/shared_msgs/package.ps1'
[9.385s] INFO:colcon.colcon_core.shell:Creating package descriptor '/home/bboardle/src/X16-Surface/install/shared_msgs/share/shared_msgs/package.dsv'
[9.386s] INFO:colcon.colcon_core.shell:Creating package script '/home/bboardle/src/X16-Surface/install/shared_msgs/share/shared_msgs/package.sh'
[9.386s] INFO:colcon.colcon_core.shell:Creating package script '/home/bboardle/src/X16-Surface/install/shared_msgs/share/shared_msgs/package.bash'
[9.386s] INFO:colcon.colcon_core.shell:Creating package script '/home/bboardle/src/X16-Surface/install/shared_msgs/share/shared_msgs/package.zsh'
[9.386s] Level 1:colcon.colcon_core.environment:create_file_with_runtime_dependencies(/home/bboardle/src/X16-Surface/install/shared_msgs/share/colcon-core/packages/shared_msgs)
[9.387s] DEBUG:colcon.colcon_parallel_executor.executor.parallel:closing loop
[9.387s] DEBUG:colcon.colcon_parallel_executor.executor.parallel:loop closed
[9.387s] DEBUG:colcon.colcon_parallel_executor.executor.parallel:run_until_complete finished with '0'
[9.387s] DEBUG:colcon.colcon_core.event_reactor:joining thread
[9.423s] INFO:colcon.colcon_core.plugin_system:Skipping extension 'colcon_notification.desktop_notification.notify_send': Could not find 'notify-send'
[9.423s] INFO:colcon.colcon_core.plugin_system:Skipping extension 'colcon_notification.desktop_notification.terminal_notifier': Not used on non-Darwin systems
[9.423s] INFO:colcon.colcon_core.plugin_system:Skipping extension 'colcon_notification.desktop_notification.win32': Not used on non-Windows systems
[9.423s] INFO:colcon.colcon_notification.desktop_notification:Sending desktop notification using 'notify2'
[9.424s] DEBUG:colcon.colcon_notification.desktop_notification.notify2:Failed to initialize notify2: org.freedesktop.DBus.Error.FileNotFound: Failed to connect to socket /run/user/1000/bus: No such file or directory
[9.424s] DEBUG:colcon.colcon_core.event_reactor:joined thread
[9.434s] INFO:colcon.colcon_core.shell:Creating prefix script '/home/bboardle/src/X16-Surface/install/local_setup.ps1'
[9.436s] INFO:colcon.colcon_core.shell:Creating prefix util module '/home/bboardle/src/X16-Surface/install/_local_setup_util_ps1.py'
[9.437s] INFO:colcon.colcon_core.shell:Creating prefix chain script '/home/bboardle/src/X16-Surface/install/setup.ps1'
[9.461s] INFO:colcon.colcon_core.shell:Creating prefix script '/home/bboardle/src/X16-Surface/install/local_setup.sh'
[9.462s] INFO:colcon.colcon_core.shell:Creating prefix util module '/home/bboardle/src/X16-Surface/install/_local_setup_util_sh.py'
[9.462s] INFO:colcon.colcon_core.shell:Creating prefix chain script '/home/bboardle/src/X16-Surface/install/setup.sh'
[9.472s] INFO:colcon.colcon_core.shell:Creating prefix script '/home/bboardle/src/X16-Surface/install/local_setup.bash'
[9.473s] INFO:colcon.colcon_core.shell:Creating prefix chain script '/home/bboardle/src/X16-Surface/install/setup.bash'
[9.483s] INFO:colcon.colcon_core.shell:Creating prefix script '/home/bboardle/src/X16-Surface/install/local_setup.zsh'
[9.484s] INFO:colcon.colcon_core.shell:Creating prefix chain script '/home/bboardle/src/X16-Surface/install/setup.zsh'
