Built target ament_cmake_python_copy_depth_comm
running egg_info
writing depth_comm.egg-info/PKG-INFO
writing dependency_links to depth_comm.egg-info/dependency_links.txt
writing top-level names to depth_comm.egg-info/top_level.txt
reading manifest file 'depth_comm.egg-info/SOURCES.txt'
writing manifest file 'depth_comm.egg-info/SOURCES.txt'
Built target ament_cmake_python_build_depth_comm_egg
-- Install configuration: ""
-- Up-to-date: /home/benboardley/src/ROV/X16-Surface/ros/install/depth_comm/share/depth_comm/environment/pythonpath.sh
-- Up-to-date: /home/benboardley/src/ROV/X16-Surface/ros/install/depth_comm/share/depth_comm/environment/pythonpath.dsv
-- Up-to-date: /home/benboardley/src/ROV/X16-Surface/ros/install/depth_comm/local/lib/python3.10/dist-packages/depth_comm-0.0.0-py3.10.egg-info
-- Installing: /home/benboardley/src/ROV/X16-Surface/ros/install/depth_comm/local/lib/python3.10/dist-packages/depth_comm-0.0.0-py3.10.egg-info/dependency_links.txt
-- Installing: /home/benboardley/src/ROV/X16-Surface/ros/install/depth_comm/local/lib/python3.10/dist-packages/depth_comm-0.0.0-py3.10.egg-info/PKG-INFO
-- Installing: /home/benboardley/src/ROV/X16-Surface/ros/install/depth_comm/local/lib/python3.10/dist-packages/depth_comm-0.0.0-py3.10.egg-info/top_level.txt
-- Installing: /home/benboardley/src/ROV/X16-Surface/ros/install/depth_comm/local/lib/python3.10/dist-packages/depth_comm-0.0.0-py3.10.egg-info/SOURCES.txt
-- Up-to-date: /home/benboardley/src/ROV/X16-Surface/ros/install/depth_comm/local/lib/python3.10/dist-packages/depth_comm
-- Up-to-date: /home/benboardley/src/ROV/X16-Surface/ros/install/depth_comm/local/lib/python3.10/dist-packages/depth_comm/__init__.py
Listing '/home/benboardley/src/ROV/X16-Surface/ros/install/depth_comm/local/lib/python3.10/dist-packages/depth_comm'...
-- Up-to-date: /home/benboardley/src/ROV/X16-Surface/ros/install/depth_comm/lib/depth_comm/depth.py
-- Up-to-date: /home/benboardley/src/ROV/X16-Surface/ros/install/depth_comm/share/ament_index/resource_index/package_run_dependencies/depth_comm
-- Up-to-date: /home/benboardley/src/ROV/X16-Surface/ros/install/depth_comm/share/ament_index/resource_index/parent_prefix_path/depth_comm
-- Up-to-date: /home/benboardley/src/ROV/X16-Surface/ros/install/depth_comm/share/depth_comm/environment/ament_prefix_path.sh
-- Up-to-date: /home/benboardley/src/ROV/X16-Surface/ros/install/depth_comm/share/depth_comm/environment/ament_prefix_path.dsv
-- Up-to-date: /home/benboardley/src/ROV/X16-Surface/ros/install/depth_comm/share/depth_comm/environment/path.sh
-- Up-to-date: /home/benboardley/src/ROV/X16-Surface/ros/install/depth_comm/share/depth_comm/environment/path.dsv
-- Up-to-date: /home/benboardley/src/ROV/X16-Surface/ros/install/depth_comm/share/depth_comm/local_setup.bash
-- Up-to-date: /home/benboardley/src/ROV/X16-Surface/ros/install/depth_comm/share/depth_comm/local_setup.sh
-- Up-to-date: /home/benboardley/src/ROV/X16-Surface/ros/install/depth_comm/share/depth_comm/local_setup.zsh
-- Up-to-date: /home/benboardley/src/ROV/X16-Surface/ros/install/depth_comm/share/depth_comm/local_setup.dsv
-- Up-to-date: /home/benboardley/src/ROV/X16-Surface/ros/install/depth_comm/share/depth_comm/package.dsv
-- Up-to-date: /home/benboardley/src/ROV/X16-Surface/ros/install/depth_comm/share/ament_index/resource_index/packages/depth_comm
-- Up-to-date: /home/benboardley/src/ROV/X16-Surface/ros/install/depth_comm/share/depth_comm/cmake/depth_commConfig.cmake
-- Up-to-date: /home/benboardley/src/ROV/X16-Surface/ros/install/depth_comm/share/depth_comm/cmake/depth_commConfig-version.cmake
-- Up-to-date: /home/benboardley/src/ROV/X16-Surface/ros/install/depth_comm/share/depth_comm/package.xml
