[0.042s] Invoking command in '/home/benboardley/src/ROV/X16-Surface/ros/build/depth_comm': /home/benboardley/.local/bin/cmake --build /home/benboardley/src/ROV/X16-Surface/ros/build/depth_comm -- -j8 -l8
[0.234s] Built target ament_cmake_python_copy_depth_comm
[0.531s] running egg_info
[0.549s] writing depth_comm.egg-info/PKG-INFO
[0.550s] writing dependency_links to depth_comm.egg-info/dependency_links.txt
[0.550s] writing top-level names to depth_comm.egg-info/top_level.txt
[0.599s] reading manifest file 'depth_comm.egg-info/SOURCES.txt'
[0.601s] writing manifest file 'depth_comm.egg-info/SOURCES.txt'
[0.640s] Built target ament_cmake_python_build_depth_comm_egg
[0.653s] Invoked command in '/home/benboardley/src/ROV/X16-Surface/ros/build/depth_comm' returned '0': /home/benboardley/.local/bin/cmake --build /home/benboardley/src/ROV/X16-Surface/ros/build/depth_comm -- -j8 -l8
[0.737s] Invoking command in '/home/benboardley/src/ROV/X16-Surface/ros/build/depth_comm': /home/benboardley/.local/bin/cmake --install /home/benboardley/src/ROV/X16-Surface/ros/build/depth_comm
[0.781s] -- Install configuration: ""
[0.784s] -- Up-to-date: /home/benboardley/src/ROV/X16-Surface/ros/install/depth_comm/share/depth_comm/environment/pythonpath.sh
[0.784s] -- Up-to-date: /home/benboardley/src/ROV/X16-Surface/ros/install/depth_comm/share/depth_comm/environment/pythonpath.dsv
[0.784s] -- Up-to-date: /home/benboardley/src/ROV/X16-Surface/ros/install/depth_comm/local/lib/python3.10/dist-packages/depth_comm-0.0.0-py3.10.egg-info
[0.784s] -- Installing: /home/benboardley/src/ROV/X16-Surface/ros/install/depth_comm/local/lib/python3.10/dist-packages/depth_comm-0.0.0-py3.10.egg-info/dependency_links.txt
[0.784s] -- Installing: /home/benboardley/src/ROV/X16-Surface/ros/install/depth_comm/local/lib/python3.10/dist-packages/depth_comm-0.0.0-py3.10.egg-info/PKG-INFO
[0.784s] -- Installing: /home/benboardley/src/ROV/X16-Surface/ros/install/depth_comm/local/lib/python3.10/dist-packages/depth_comm-0.0.0-py3.10.egg-info/top_level.txt
[0.784s] -- Installing: /home/benboardley/src/ROV/X16-Surface/ros/install/depth_comm/local/lib/python3.10/dist-packages/depth_comm-0.0.0-py3.10.egg-info/SOURCES.txt
[0.785s] -- Up-to-date: /home/benboardley/src/ROV/X16-Surface/ros/install/depth_comm/local/lib/python3.10/dist-packages/depth_comm
[0.785s] -- Up-to-date: /home/benboardley/src/ROV/X16-Surface/ros/install/depth_comm/local/lib/python3.10/dist-packages/depth_comm/__init__.py
[0.828s] Listing '/home/benboardley/src/ROV/X16-Surface/ros/install/depth_comm/local/lib/python3.10/dist-packages/depth_comm'...
[0.840s] -- Up-to-date: /home/benboardley/src/ROV/X16-Surface/ros/install/depth_comm/lib/depth_comm/depth.py
[0.840s] -- Up-to-date: /home/benboardley/src/ROV/X16-Surface/ros/install/depth_comm/share/ament_index/resource_index/package_run_dependencies/depth_comm
[0.840s] -- Up-to-date: /home/benboardley/src/ROV/X16-Surface/ros/install/depth_comm/share/ament_index/resource_index/parent_prefix_path/depth_comm
[0.840s] -- Up-to-date: /home/benboardley/src/ROV/X16-Surface/ros/install/depth_comm/share/depth_comm/environment/ament_prefix_path.sh
[0.840s] -- Up-to-date: /home/benboardley/src/ROV/X16-Surface/ros/install/depth_comm/share/depth_comm/environment/ament_prefix_path.dsv
[0.840s] -- Up-to-date: /home/benboardley/src/ROV/X16-Surface/ros/install/depth_comm/share/depth_comm/environment/path.sh
[0.840s] -- Up-to-date: /home/benboardley/src/ROV/X16-Surface/ros/install/depth_comm/share/depth_comm/environment/path.dsv
[0.840s] -- Up-to-date: /home/benboardley/src/ROV/X16-Surface/ros/install/depth_comm/share/depth_comm/local_setup.bash
[0.841s] -- Up-to-date: /home/benboardley/src/ROV/X16-Surface/ros/install/depth_comm/share/depth_comm/local_setup.sh
[0.841s] -- Up-to-date: /home/benboardley/src/ROV/X16-Surface/ros/install/depth_comm/share/depth_comm/local_setup.zsh
[0.841s] -- Up-to-date: /home/benboardley/src/ROV/X16-Surface/ros/install/depth_comm/share/depth_comm/local_setup.dsv
[0.841s] -- Up-to-date: /home/benboardley/src/ROV/X16-Surface/ros/install/depth_comm/share/depth_comm/package.dsv
[0.842s] -- Up-to-date: /home/benboardley/src/ROV/X16-Surface/ros/install/depth_comm/share/ament_index/resource_index/packages/depth_comm
[0.842s] -- Up-to-date: /home/benboardley/src/ROV/X16-Surface/ros/install/depth_comm/share/depth_comm/cmake/depth_commConfig.cmake
[0.843s] -- Up-to-date: /home/benboardley/src/ROV/X16-Surface/ros/install/depth_comm/share/depth_comm/cmake/depth_commConfig-version.cmake
[0.843s] -- Up-to-date: /home/benboardley/src/ROV/X16-Surface/ros/install/depth_comm/share/depth_comm/package.xml
[0.886s] Invoked command in '/home/benboardley/src/ROV/X16-Surface/ros/build/depth_comm' returned '0': /home/benboardley/.local/bin/cmake --install /home/benboardley/src/ROV/X16-Surface/ros/build/depth_comm
