[0.079s] Invoking command in '/home/benboardley/src/ROV/X16-Surface/build/surface_imu': CMAKE_PREFIX_PATH=${CMAKE_PREFIX_PATH}:/opt/ros/humble WSLENV=ELECTRON_RUN_AS_NODE/w:WT_SESSION:WT_PROFILE_ID: /home/benboardley/.local/bin/cmake /home/benboardley/src/ROV/X16-Surface/ros/surface_imu -DCMAKE_INSTALL_PREFIX=/home/benboardley/src/ROV/X16-Surface/install/surface_imu
[0.480s] -- The C compiler identification is GNU 11.4.0
[3.078s] -- The CXX compiler identification is GNU 11.4.0
[5.726s] -- Detecting C compiler ABI info
[6.366s] -- Detecting C compiler ABI info - done
[6.391s] -- Check for working C compiler: /usr/bin/cc - skipped
[6.392s] -- Detecting C compile features
[6.393s] -- Detecting C compile features - done
[6.643s] -- Detecting CXX compiler ABI info
[7.314s] -- Detecting CXX compiler ABI info - done
[7.350s] -- Check for working CXX compiler: /usr/bin/c++ - skipped
[7.351s] -- Detecting CXX compile features
[7.359s] -- Detecting CXX compile features - done
[7.359s] -- Found ament_cmake: 1.3.5 (/opt/ros/humble/share/ament_cmake/cmake)
[13.242s] -- Found Python3: /usr/bin/python3.10 (found version "3.10.12") found components: Interpreter 
[13.860s] -- Found rclpy: 3.3.9 (/opt/ros/humble/share/rclpy/cmake)
[14.083s] -- Found ament_lint_auto: 0.12.7 (/opt/ros/humble/share/ament_lint_auto/cmake)
[14.276s] -- Added test 'flake8' to check Python code syntax and style conventions
[14.278s] -- Added test 'lint_cmake' to check CMake code style
[14.280s] -- Added test 'pep257' to check Python code against some of the docstring style conventions in PEP 257
[14.283s] -- Added test 'xmllint' to check XML markup files
[14.287s] -- Configuring done (14.2s)
[14.302s] -- Generating done (0.0s)
[14.304s] -- Build files have been written to: /home/benboardley/src/ROV/X16-Surface/build/surface_imu
[14.330s] Invoked command in '/home/benboardley/src/ROV/X16-Surface/build/surface_imu' returned '0': CMAKE_PREFIX_PATH=${CMAKE_PREFIX_PATH}:/opt/ros/humble WSLENV=ELECTRON_RUN_AS_NODE/w:WT_SESSION:WT_PROFILE_ID: /home/benboardley/.local/bin/cmake /home/benboardley/src/ROV/X16-Surface/ros/surface_imu -DCMAKE_INSTALL_PREFIX=/home/benboardley/src/ROV/X16-Surface/install/surface_imu
[14.336s] Invoking command in '/home/benboardley/src/ROV/X16-Surface/build/surface_imu': CMAKE_PREFIX_PATH=${CMAKE_PREFIX_PATH}:/opt/ros/humble WSLENV=ELECTRON_RUN_AS_NODE/w:WT_SESSION:WT_PROFILE_ID: /home/benboardley/.local/bin/cmake --build /home/benboardley/src/ROV/X16-Surface/build/surface_imu -- -j8 -l8
[14.868s] Built target ament_cmake_python_copy_surface_imu
[15.108s] running egg_info
[15.110s] creating surface_imu.egg-info
[15.149s] writing surface_imu.egg-info/PKG-INFO
[15.149s] writing dependency_links to surface_imu.egg-info/dependency_links.txt
[15.149s] writing top-level names to surface_imu.egg-info/top_level.txt
[15.150s] writing manifest file 'surface_imu.egg-info/SOURCES.txt'
[15.275s] reading manifest file 'surface_imu.egg-info/SOURCES.txt'
[15.277s] writing manifest file 'surface_imu.egg-info/SOURCES.txt'
[15.340s] Built target ament_cmake_python_build_surface_imu_egg
[15.366s] Invoked command in '/home/benboardley/src/ROV/X16-Surface/build/surface_imu' returned '0': CMAKE_PREFIX_PATH=${CMAKE_PREFIX_PATH}:/opt/ros/humble WSLENV=ELECTRON_RUN_AS_NODE/w:WT_SESSION:WT_PROFILE_ID: /home/benboardley/.local/bin/cmake --build /home/benboardley/src/ROV/X16-Surface/build/surface_imu -- -j8 -l8
[15.562s] Invoking command in '/home/benboardley/src/ROV/X16-Surface/build/surface_imu': CMAKE_PREFIX_PATH=${CMAKE_PREFIX_PATH}:/opt/ros/humble WSLENV=ELECTRON_RUN_AS_NODE/w:WT_SESSION:WT_PROFILE_ID: /home/benboardley/.local/bin/cmake --install /home/benboardley/src/ROV/X16-Surface/build/surface_imu
[15.705s] -- Install configuration: ""
[15.706s] -- Installing: /home/benboardley/src/ROV/X16-Surface/install/surface_imu/share/surface_imu/environment/pythonpath.sh
[15.706s] -- Installing: /home/benboardley/src/ROV/X16-Surface/install/surface_imu/share/surface_imu/environment/pythonpath.dsv
[15.706s] -- Installing: /home/benboardley/src/ROV/X16-Surface/install/surface_imu/local/lib/python3.10/dist-packages/surface_imu-0.0.0-py3.10.egg-info
[15.707s] -- Installing: /home/benboardley/src/ROV/X16-Surface/install/surface_imu/local/lib/python3.10/dist-packages/surface_imu-0.0.0-py3.10.egg-info/dependency_links.txt
[15.707s] -- Installing: /home/benboardley/src/ROV/X16-Surface/install/surface_imu/local/lib/python3.10/dist-packages/surface_imu-0.0.0-py3.10.egg-info/PKG-INFO
[15.707s] -- Installing: /home/benboardley/src/ROV/X16-Surface/install/surface_imu/local/lib/python3.10/dist-packages/surface_imu-0.0.0-py3.10.egg-info/top_level.txt
[15.707s] -- Installing: /home/benboardley/src/ROV/X16-Surface/install/surface_imu/local/lib/python3.10/dist-packages/surface_imu-0.0.0-py3.10.egg-info/SOURCES.txt
[15.708s] -- Installing: /home/benboardley/src/ROV/X16-Surface/install/surface_imu/local/lib/python3.10/dist-packages/surface_imu
[15.708s] -- Installing: /home/benboardley/src/ROV/X16-Surface/install/surface_imu/local/lib/python3.10/dist-packages/surface_imu/__init__.py
[15.722s] Listing '/home/benboardley/src/ROV/X16-Surface/install/surface_imu/local/lib/python3.10/dist-packages/surface_imu'...
[15.722s] Compiling '/home/benboardley/src/ROV/X16-Surface/install/surface_imu/local/lib/python3.10/dist-packages/surface_imu/__init__.py'...
[15.732s] -- Installing: /home/benboardley/src/ROV/X16-Surface/install/surface_imu/lib/surface_imu/surface_imu.py
[15.733s] -- Installing: /home/benboardley/src/ROV/X16-Surface/install/surface_imu/share/ament_index/resource_index/package_run_dependencies/surface_imu
[15.733s] -- Installing: /home/benboardley/src/ROV/X16-Surface/install/surface_imu/share/ament_index/resource_index/parent_prefix_path/surface_imu
[15.734s] -- Installing: /home/benboardley/src/ROV/X16-Surface/install/surface_imu/share/surface_imu/environment/ament_prefix_path.sh
[15.734s] -- Installing: /home/benboardley/src/ROV/X16-Surface/install/surface_imu/share/surface_imu/environment/ament_prefix_path.dsv
[15.736s] -- Installing: /home/benboardley/src/ROV/X16-Surface/install/surface_imu/share/surface_imu/environment/path.sh
[15.736s] -- Installing: /home/benboardley/src/ROV/X16-Surface/install/surface_imu/share/surface_imu/environment/path.dsv
[15.736s] -- Installing: /home/benboardley/src/ROV/X16-Surface/install/surface_imu/share/surface_imu/local_setup.bash
[15.736s] -- Installing: /home/benboardley/src/ROV/X16-Surface/install/surface_imu/share/surface_imu/local_setup.sh
[15.736s] -- Installing: /home/benboardley/src/ROV/X16-Surface/install/surface_imu/share/surface_imu/local_setup.zsh
[15.736s] -- Installing: /home/benboardley/src/ROV/X16-Surface/install/surface_imu/share/surface_imu/local_setup.dsv
[15.736s] -- Installing: /home/benboardley/src/ROV/X16-Surface/install/surface_imu/share/surface_imu/package.dsv
[15.737s] -- Installing: /home/benboardley/src/ROV/X16-Surface/install/surface_imu/share/ament_index/resource_index/packages/surface_imu
[15.737s] -- Installing: /home/benboardley/src/ROV/X16-Surface/install/surface_imu/share/surface_imu/cmake/surface_imuConfig.cmake
[15.737s] -- Installing: /home/benboardley/src/ROV/X16-Surface/install/surface_imu/share/surface_imu/cmake/surface_imuConfig-version.cmake
[15.737s] -- Installing: /home/benboardley/src/ROV/X16-Surface/install/surface_imu/share/surface_imu/package.xml
[15.752s] Invoked command in '/home/benboardley/src/ROV/X16-Surface/build/surface_imu' returned '0': CMAKE_PREFIX_PATH=${CMAKE_PREFIX_PATH}:/opt/ros/humble WSLENV=ELECTRON_RUN_AS_NODE/w:WT_SESSION:WT_PROFILE_ID: /home/benboardley/.local/bin/cmake --install /home/benboardley/src/ROV/X16-Surface/build/surface_imu
