-- The C compiler identification is GNU 11.4.0
-- The CXX compiler identification is GNU 11.4.0
-- Detecting C compiler ABI info
-- Detecting C compiler ABI info - done
-- Check for working C compiler: /usr/bin/cc - skipped
-- Detecting C compile features
-- Detecting C compile features - done
-- Detecting CXX compiler ABI info
-- Detecting CXX compiler ABI info - done
-- Check for working CXX compiler: /usr/bin/c++ - skipped
-- Detecting CXX compile features
-- Detecting CXX compile features - done
-- Found ament_cmake: 1.3.5 (/opt/ros/humble/share/ament_cmake/cmake)
-- Found Python3: /usr/bin/python3.10 (found version "3.10.12") found components: Interpreter 
-- Found rclpy: 3.3.9 (/opt/ros/humble/share/rclpy/cmake)
-- Found builtin_interfaces: 1.2.1 (/opt/ros/humble/share/builtin_interfaces/cmake)
-- Found rosidl_generator_c: 3.1.5 (/opt/ros/humble/share/rosidl_generator_c/cmake)
-- Found rosidl_adapter: 3.1.5 (/opt/ros/humble/share/rosidl_adapter/cmake)
-- Found rosidl_generator_cpp: 3.1.5 (/opt/ros/humble/share/rosidl_generator_cpp/cmake)
-- Using all available rosidl_typesupport_c: rosidl_typesupport_fastrtps_c;rosidl_typesupport_introspection_c
-- Using all available rosidl_typesupport_cpp: rosidl_typesupport_fastrtps_cpp;rosidl_typesupport_introspection_cpp
-- Found rosidl_default_generators: 1.2.0 (/opt/ros/humble/share/rosidl_default_generators/cmake)
-- Found ament_lint_auto: 0.12.7 (/opt/ros/humble/share/ament_lint_auto/cmake)
-- Added test 'flake8' to check Python code syntax and style conventions
-- Added test 'lint_cmake' to check CMake code style
-- Added test 'pep257' to check Python code against some of the docstring style conventions in PEP 257
-- Added test 'xmllint' to check XML markup files
-- Configuring done (17.2s)
-- Generating done (0.0s)
-- Build files have been written to: /home/benboardley/src/ROV/X16-Surface/build/gamepad
Built target ament_cmake_python_copy_gamepad
running egg_info
creating gamepad.egg-info
writing gamepad.egg-info/PKG-INFO
writing dependency_links to gamepad.egg-info/dependency_links.txt
writing top-level names to gamepad.egg-info/top_level.txt
writing manifest file 'gamepad.egg-info/SOURCES.txt'
reading manifest file 'gamepad.egg-info/SOURCES.txt'
writing manifest file 'gamepad.egg-info/SOURCES.txt'
Built target ament_cmake_python_build_gamepad_egg
-- Install configuration: ""
-- Installing: /home/benboardley/src/ROV/X16-Surface/install/gamepad/share/gamepad/environment/pythonpath.sh
-- Installing: /home/benboardley/src/ROV/X16-Surface/install/gamepad/share/gamepad/environment/pythonpath.dsv
-- Installing: /home/benboardley/src/ROV/X16-Surface/install/gamepad/local/lib/python3.10/dist-packages/gamepad-0.0.0-py3.10.egg-info
-- Installing: /home/benboardley/src/ROV/X16-Surface/install/gamepad/local/lib/python3.10/dist-packages/gamepad-0.0.0-py3.10.egg-info/dependency_links.txt
-- Installing: /home/benboardley/src/ROV/X16-Surface/install/gamepad/local/lib/python3.10/dist-packages/gamepad-0.0.0-py3.10.egg-info/PKG-INFO
-- Installing: /home/benboardley/src/ROV/X16-Surface/install/gamepad/local/lib/python3.10/dist-packages/gamepad-0.0.0-py3.10.egg-info/top_level.txt
-- Installing: /home/benboardley/src/ROV/X16-Surface/install/gamepad/local/lib/python3.10/dist-packages/gamepad-0.0.0-py3.10.egg-info/SOURCES.txt
-- Installing: /home/benboardley/src/ROV/X16-Surface/install/gamepad/local/lib/python3.10/dist-packages/gamepad
-- Installing: /home/benboardley/src/ROV/X16-Surface/install/gamepad/local/lib/python3.10/dist-packages/gamepad/__init__.py
Listing '/home/benboardley/src/ROV/X16-Surface/install/gamepad/local/lib/python3.10/dist-packages/gamepad'...
Compiling '/home/benboardley/src/ROV/X16-Surface/install/gamepad/local/lib/python3.10/dist-packages/gamepad/__init__.py'...
-- Installing: /home/benboardley/src/ROV/X16-Surface/install/gamepad/lib/gamepad/config.py
-- Installing: /home/benboardley/src/ROV/X16-Surface/install/gamepad/lib/gamepad/inputs.py
-- Installing: /home/benboardley/src/ROV/X16-Surface/install/gamepad/lib/gamepad/sender.py
-- Installing: /home/benboardley/src/ROV/X16-Surface/install/gamepad/share/ament_index/resource_index/package_run_dependencies/gamepad
-- Installing: /home/benboardley/src/ROV/X16-Surface/install/gamepad/share/ament_index/resource_index/parent_prefix_path/gamepad
-- Installing: /home/benboardley/src/ROV/X16-Surface/install/gamepad/share/gamepad/environment/ament_prefix_path.sh
-- Installing: /home/benboardley/src/ROV/X16-Surface/install/gamepad/share/gamepad/environment/ament_prefix_path.dsv
-- Installing: /home/benboardley/src/ROV/X16-Surface/install/gamepad/share/gamepad/environment/path.sh
-- Installing: /home/benboardley/src/ROV/X16-Surface/install/gamepad/share/gamepad/environment/path.dsv
-- Installing: /home/benboardley/src/ROV/X16-Surface/install/gamepad/share/gamepad/local_setup.bash
-- Installing: /home/benboardley/src/ROV/X16-Surface/install/gamepad/share/gamepad/local_setup.sh
-- Installing: /home/benboardley/src/ROV/X16-Surface/install/gamepad/share/gamepad/local_setup.zsh
-- Installing: /home/benboardley/src/ROV/X16-Surface/install/gamepad/share/gamepad/local_setup.dsv
-- Installing: /home/benboardley/src/ROV/X16-Surface/install/gamepad/share/gamepad/package.dsv
-- Installing: /home/benboardley/src/ROV/X16-Surface/install/gamepad/share/ament_index/resource_index/packages/gamepad
-- Installing: /home/benboardley/src/ROV/X16-Surface/install/gamepad/share/gamepad/cmake/gamepadConfig.cmake
-- Installing: /home/benboardley/src/ROV/X16-Surface/install/gamepad/share/gamepad/cmake/gamepadConfig-version.cmake
-- Installing: /home/benboardley/src/ROV/X16-Surface/install/gamepad/share/gamepad/package.xml
