Built target ament_cmake_python_copy_gamepad
running egg_info
writing gamepad.egg-info/PKG-INFO
writing dependency_links to gamepad.egg-info/dependency_links.txt
writing top-level names to gamepad.egg-info/top_level.txt
reading manifest file 'gamepad.egg-info/SOURCES.txt'
writing manifest file 'gamepad.egg-info/SOURCES.txt'
Built target ament_cmake_python_build_gamepad_egg
-- Install configuration: ""
-- Up-to-date: /home/benboardley/src/ROV/X16-Surface/ros/install/gamepad/share/gamepad/environment/pythonpath.sh
-- Up-to-date: /home/benboardley/src/ROV/X16-Surface/ros/install/gamepad/share/gamepad/environment/pythonpath.dsv
-- Up-to-date: /home/benboardley/src/ROV/X16-Surface/ros/install/gamepad/local/lib/python3.10/dist-packages/gamepad-0.0.0-py3.10.egg-info
-- Installing: /home/benboardley/src/ROV/X16-Surface/ros/install/gamepad/local/lib/python3.10/dist-packages/gamepad-0.0.0-py3.10.egg-info/dependency_links.txt
-- Installing: /home/benboardley/src/ROV/X16-Surface/ros/install/gamepad/local/lib/python3.10/dist-packages/gamepad-0.0.0-py3.10.egg-info/PKG-INFO
-- Installing: /home/benboardley/src/ROV/X16-Surface/ros/install/gamepad/local/lib/python3.10/dist-packages/gamepad-0.0.0-py3.10.egg-info/top_level.txt
-- Installing: /home/benboardley/src/ROV/X16-Surface/ros/install/gamepad/local/lib/python3.10/dist-packages/gamepad-0.0.0-py3.10.egg-info/SOURCES.txt
-- Up-to-date: /home/benboardley/src/ROV/X16-Surface/ros/install/gamepad/local/lib/python3.10/dist-packages/gamepad
-- Up-to-date: /home/benboardley/src/ROV/X16-Surface/ros/install/gamepad/local/lib/python3.10/dist-packages/gamepad/__init__.py
Listing '/home/benboardley/src/ROV/X16-Surface/ros/install/gamepad/local/lib/python3.10/dist-packages/gamepad'...
-- Up-to-date: /home/benboardley/src/ROV/X16-Surface/ros/install/gamepad/lib/gamepad/config.py
-- Up-to-date: /home/benboardley/src/ROV/X16-Surface/ros/install/gamepad/lib/gamepad/inputs.py
-- Up-to-date: /home/benboardley/src/ROV/X16-Surface/ros/install/gamepad/lib/gamepad/sender.py
-- Up-to-date: /home/benboardley/src/ROV/X16-Surface/ros/install/gamepad/share/ament_index/resource_index/package_run_dependencies/gamepad
-- Up-to-date: /home/benboardley/src/ROV/X16-Surface/ros/install/gamepad/share/ament_index/resource_index/parent_prefix_path/gamepad
-- Up-to-date: /home/benboardley/src/ROV/X16-Surface/ros/install/gamepad/share/gamepad/environment/ament_prefix_path.sh
-- Up-to-date: /home/benboardley/src/ROV/X16-Surface/ros/install/gamepad/share/gamepad/environment/ament_prefix_path.dsv
-- Up-to-date: /home/benboardley/src/ROV/X16-Surface/ros/install/gamepad/share/gamepad/environment/path.sh
-- Up-to-date: /home/benboardley/src/ROV/X16-Surface/ros/install/gamepad/share/gamepad/environment/path.dsv
-- Up-to-date: /home/benboardley/src/ROV/X16-Surface/ros/install/gamepad/share/gamepad/local_setup.bash
-- Up-to-date: /home/benboardley/src/ROV/X16-Surface/ros/install/gamepad/share/gamepad/local_setup.sh
-- Up-to-date: /home/benboardley/src/ROV/X16-Surface/ros/install/gamepad/share/gamepad/local_setup.zsh
-- Up-to-date: /home/benboardley/src/ROV/X16-Surface/ros/install/gamepad/share/gamepad/local_setup.dsv
-- Up-to-date: /home/benboardley/src/ROV/X16-Surface/ros/install/gamepad/share/gamepad/package.dsv
-- Up-to-date: /home/benboardley/src/ROV/X16-Surface/ros/install/gamepad/share/ament_index/resource_index/packages/gamepad
-- Up-to-date: /home/benboardley/src/ROV/X16-Surface/ros/install/gamepad/share/gamepad/cmake/gamepadConfig.cmake
-- Up-to-date: /home/benboardley/src/ROV/X16-Surface/ros/install/gamepad/share/gamepad/cmake/gamepadConfig-version.cmake
-- Up-to-date: /home/benboardley/src/ROV/X16-Surface/ros/install/gamepad/share/gamepad/package.xml
