[0.042s] Invoking command in '/home/benboardley/src/ROV/X16-Surface/ros/build/gamepad': /home/benboardley/.local/bin/cmake --build /home/benboardley/src/ROV/X16-Surface/ros/build/gamepad -- -j8 -l8
[0.247s] Built target ament_cmake_python_copy_gamepad
[0.565s] running egg_info
[0.584s] writing gamepad.egg-info/PKG-INFO
[0.584s] writing dependency_links to gamepad.egg-info/dependency_links.txt
[0.584s] writing top-level names to gamepad.egg-info/top_level.txt
[0.628s] reading manifest file 'gamepad.egg-info/SOURCES.txt'
[0.629s] writing manifest file 'gamepad.egg-info/SOURCES.txt'
[0.662s] Built target ament_cmake_python_build_gamepad_egg
[0.673s] Invoked command in '/home/benboardley/src/ROV/X16-Surface/ros/build/gamepad' returned '0': /home/benboardley/.local/bin/cmake --build /home/benboardley/src/ROV/X16-Surface/ros/build/gamepad -- -j8 -l8
[0.739s] Invoking command in '/home/benboardley/src/ROV/X16-Surface/ros/build/gamepad': /home/benboardley/.local/bin/cmake --install /home/benboardley/src/ROV/X16-Surface/ros/build/gamepad
[0.781s] -- Install configuration: ""
[0.781s] -- Up-to-date: /home/benboardley/src/ROV/X16-Surface/ros/install/gamepad/share/gamepad/environment/pythonpath.sh
[0.782s] -- Up-to-date: /home/benboardley/src/ROV/X16-Surface/ros/install/gamepad/share/gamepad/environment/pythonpath.dsv
[0.782s] -- Up-to-date: /home/benboardley/src/ROV/X16-Surface/ros/install/gamepad/local/lib/python3.10/dist-packages/gamepad-0.0.0-py3.10.egg-info
[0.782s] -- Installing: /home/benboardley/src/ROV/X16-Surface/ros/install/gamepad/local/lib/python3.10/dist-packages/gamepad-0.0.0-py3.10.egg-info/dependency_links.txt
[0.782s] -- Installing: /home/benboardley/src/ROV/X16-Surface/ros/install/gamepad/local/lib/python3.10/dist-packages/gamepad-0.0.0-py3.10.egg-info/PKG-INFO
[0.782s] -- Installing: /home/benboardley/src/ROV/X16-Surface/ros/install/gamepad/local/lib/python3.10/dist-packages/gamepad-0.0.0-py3.10.egg-info/top_level.txt
[0.782s] -- Installing: /home/benboardley/src/ROV/X16-Surface/ros/install/gamepad/local/lib/python3.10/dist-packages/gamepad-0.0.0-py3.10.egg-info/SOURCES.txt
[0.783s] -- Up-to-date: /home/benboardley/src/ROV/X16-Surface/ros/install/gamepad/local/lib/python3.10/dist-packages/gamepad
[0.783s] -- Up-to-date: /home/benboardley/src/ROV/X16-Surface/ros/install/gamepad/local/lib/python3.10/dist-packages/gamepad/__init__.py
[0.827s] Listing '/home/benboardley/src/ROV/X16-Surface/ros/install/gamepad/local/lib/python3.10/dist-packages/gamepad'...
[0.844s] -- Up-to-date: /home/benboardley/src/ROV/X16-Surface/ros/install/gamepad/lib/gamepad/config.py
[0.844s] -- Up-to-date: /home/benboardley/src/ROV/X16-Surface/ros/install/gamepad/lib/gamepad/inputs.py
[0.844s] -- Up-to-date: /home/benboardley/src/ROV/X16-Surface/ros/install/gamepad/lib/gamepad/sender.py
[0.844s] -- Up-to-date: /home/benboardley/src/ROV/X16-Surface/ros/install/gamepad/share/ament_index/resource_index/package_run_dependencies/gamepad
[0.844s] -- Up-to-date: /home/benboardley/src/ROV/X16-Surface/ros/install/gamepad/share/ament_index/resource_index/parent_prefix_path/gamepad
[0.845s] -- Up-to-date: /home/benboardley/src/ROV/X16-Surface/ros/install/gamepad/share/gamepad/environment/ament_prefix_path.sh
[0.845s] -- Up-to-date: /home/benboardley/src/ROV/X16-Surface/ros/install/gamepad/share/gamepad/environment/ament_prefix_path.dsv
[0.845s] -- Up-to-date: /home/benboardley/src/ROV/X16-Surface/ros/install/gamepad/share/gamepad/environment/path.sh
[0.845s] -- Up-to-date: /home/benboardley/src/ROV/X16-Surface/ros/install/gamepad/share/gamepad/environment/path.dsv
[0.845s] -- Up-to-date: /home/benboardley/src/ROV/X16-Surface/ros/install/gamepad/share/gamepad/local_setup.bash
[0.846s] -- Up-to-date: /home/benboardley/src/ROV/X16-Surface/ros/install/gamepad/share/gamepad/local_setup.sh
[0.847s] -- Up-to-date: /home/benboardley/src/ROV/X16-Surface/ros/install/gamepad/share/gamepad/local_setup.zsh
[0.847s] -- Up-to-date: /home/benboardley/src/ROV/X16-Surface/ros/install/gamepad/share/gamepad/local_setup.dsv
[0.847s] -- Up-to-date: /home/benboardley/src/ROV/X16-Surface/ros/install/gamepad/share/gamepad/package.dsv
[0.847s] -- Up-to-date: /home/benboardley/src/ROV/X16-Surface/ros/install/gamepad/share/ament_index/resource_index/packages/gamepad
[0.848s] -- Up-to-date: /home/benboardley/src/ROV/X16-Surface/ros/install/gamepad/share/gamepad/cmake/gamepadConfig.cmake
[0.848s] -- Up-to-date: /home/benboardley/src/ROV/X16-Surface/ros/install/gamepad/share/gamepad/cmake/gamepadConfig-version.cmake
[0.848s] -- Up-to-date: /home/benboardley/src/ROV/X16-Surface/ros/install/gamepad/share/gamepad/package.xml
[0.938s] Invoked command in '/home/benboardley/src/ROV/X16-Surface/ros/build/gamepad' returned '0': /home/benboardley/.local/bin/cmake --install /home/benboardley/src/ROV/X16-Surface/ros/build/gamepad
