[0.057s] Invoking command in '/home/benboardley/src/ROV/X16-Surface/ros/build/com_pub': /home/benboardley/.local/bin/cmake --build /home/benboardley/src/ROV/X16-Surface/ros/build/com_pub -- -j8 -l8
[0.275s] Built target ament_cmake_python_copy_com_pub
[0.557s] running egg_info
[0.575s] writing com_pub.egg-info/PKG-INFO
[0.575s] writing dependency_links to com_pub.egg-info/dependency_links.txt
[0.575s] writing top-level names to com_pub.egg-info/top_level.txt
[0.621s] reading manifest file 'com_pub.egg-info/SOURCES.txt'
[0.622s] writing manifest file 'com_pub.egg-info/SOURCES.txt'
[0.654s] Built target ament_cmake_python_build_com_pub_egg
[0.667s] Invoked command in '/home/benboardley/src/ROV/X16-Surface/ros/build/com_pub' returned '0': /home/benboardley/.local/bin/cmake --build /home/benboardley/src/ROV/X16-Surface/ros/build/com_pub -- -j8 -l8
[0.757s] Invoking command in '/home/benboardley/src/ROV/X16-Surface/ros/build/com_pub': /home/benboardley/.local/bin/cmake --install /home/benboardley/src/ROV/X16-Surface/ros/build/com_pub
[0.802s] -- Install configuration: ""
[0.805s] -- Up-to-date: /home/benboardley/src/ROV/X16-Surface/ros/install/com_pub/share/com_pub/environment/pythonpath.sh
[0.805s] -- Up-to-date: /home/benboardley/src/ROV/X16-Surface/ros/install/com_pub/share/com_pub/environment/pythonpath.dsv
[0.806s] -- Up-to-date: /home/benboardley/src/ROV/X16-Surface/ros/install/com_pub/local/lib/python3.10/dist-packages/com_pub-0.0.0-py3.10.egg-info
[0.806s] -- Installing: /home/benboardley/src/ROV/X16-Surface/ros/install/com_pub/local/lib/python3.10/dist-packages/com_pub-0.0.0-py3.10.egg-info/dependency_links.txt
[0.806s] -- Installing: /home/benboardley/src/ROV/X16-Surface/ros/install/com_pub/local/lib/python3.10/dist-packages/com_pub-0.0.0-py3.10.egg-info/PKG-INFO
[0.806s] -- Installing: /home/benboardley/src/ROV/X16-Surface/ros/install/com_pub/local/lib/python3.10/dist-packages/com_pub-0.0.0-py3.10.egg-info/top_level.txt
[0.808s] -- Installing: /home/benboardley/src/ROV/X16-Surface/ros/install/com_pub/local/lib/python3.10/dist-packages/com_pub-0.0.0-py3.10.egg-info/SOURCES.txt
[0.808s] -- Up-to-date: /home/benboardley/src/ROV/X16-Surface/ros/install/com_pub/local/lib/python3.10/dist-packages/com_pub
[0.808s] -- Up-to-date: /home/benboardley/src/ROV/X16-Surface/ros/install/com_pub/local/lib/python3.10/dist-packages/com_pub/__init__.py
[0.849s] Listing '/home/benboardley/src/ROV/X16-Surface/ros/install/com_pub/local/lib/python3.10/dist-packages/com_pub'...
[0.860s] -- Up-to-date: /home/benboardley/src/ROV/X16-Surface/ros/install/com_pub/lib/com_pub/sender.py
[0.860s] -- Up-to-date: /home/benboardley/src/ROV/X16-Surface/ros/install/com_pub/share/ament_index/resource_index/package_run_dependencies/com_pub
[0.860s] -- Up-to-date: /home/benboardley/src/ROV/X16-Surface/ros/install/com_pub/share/ament_index/resource_index/parent_prefix_path/com_pub
[0.860s] -- Up-to-date: /home/benboardley/src/ROV/X16-Surface/ros/install/com_pub/share/com_pub/environment/ament_prefix_path.sh
[0.860s] -- Up-to-date: /home/benboardley/src/ROV/X16-Surface/ros/install/com_pub/share/com_pub/environment/ament_prefix_path.dsv
[0.861s] -- Up-to-date: /home/benboardley/src/ROV/X16-Surface/ros/install/com_pub/share/com_pub/environment/path.sh
[0.861s] -- Up-to-date: /home/benboardley/src/ROV/X16-Surface/ros/install/com_pub/share/com_pub/environment/path.dsv
[0.861s] -- Up-to-date: /home/benboardley/src/ROV/X16-Surface/ros/install/com_pub/share/com_pub/local_setup.bash
[0.861s] -- Up-to-date: /home/benboardley/src/ROV/X16-Surface/ros/install/com_pub/share/com_pub/local_setup.sh
[0.861s] -- Up-to-date: /home/benboardley/src/ROV/X16-Surface/ros/install/com_pub/share/com_pub/local_setup.zsh
[0.861s] -- Up-to-date: /home/benboardley/src/ROV/X16-Surface/ros/install/com_pub/share/com_pub/local_setup.dsv
[0.861s] -- Up-to-date: /home/benboardley/src/ROV/X16-Surface/ros/install/com_pub/share/com_pub/package.dsv
[0.861s] -- Up-to-date: /home/benboardley/src/ROV/X16-Surface/ros/install/com_pub/share/ament_index/resource_index/packages/com_pub
[0.861s] -- Up-to-date: /home/benboardley/src/ROV/X16-Surface/ros/install/com_pub/share/com_pub/cmake/com_pubConfig.cmake
[0.861s] -- Up-to-date: /home/benboardley/src/ROV/X16-Surface/ros/install/com_pub/share/com_pub/cmake/com_pubConfig-version.cmake
[0.862s] -- Up-to-date: /home/benboardley/src/ROV/X16-Surface/ros/install/com_pub/share/com_pub/package.xml
[0.876s] Invoked command in '/home/benboardley/src/ROV/X16-Surface/ros/build/com_pub' returned '0': /home/benboardley/.local/bin/cmake --install /home/benboardley/src/ROV/X16-Surface/ros/build/com_pub
