[0.726s] [34mcolcon[0m [1;30mDEBUG[0m [32mCommand line arguments: ['/usr/bin/colcon', 'build'][0m
[0.726s] [34mcolcon[0m [1;30mDEBUG[0m [32mParsed command line arguments: Namespace(log_base=None, log_level=None, verb_name='build', build_base='build', install_base='install', merge_install=False, symlink_install=False, test_result_base=None, continue_on_error=False, executor='parallel', parallel_workers=8, event_handlers=None, ignore_user_meta=False, metas=['./colcon.meta'], base_paths=['.'], packages_ignore=None, packages_ignore_regex=None, paths=None, packages_up_to=None, packages_up_to_regex=None, packages_above=None, packages_above_and_dependencies=None, packages_above_depth=None, packages_select_by_dep=None, packages_skip_by_dep=None, packages_skip_up_to=None, packages_select_build_failed=False, packages_skip_build_finished=False, packages_select_test_failures=False, packages_skip_test_passed=False, packages_select=None, packages_skip=None, packages_select_regex=None, packages_skip_regex=None, packages_start=None, packages_end=None, allow_overriding=[], cmake_args=None, cmake_target=None, cmake_target_skip_unavailable=False, cmake_clean_cache=False, cmake_clean_first=False, cmake_force_configure=False, ament_cmake_args=None, catkin_cmake_args=None, catkin_skip_building_tests=False, verb_parser=<colcon_defaults.argument_parser.defaults.DefaultArgumentsDecorator object at 0x7f69a0e1fb20>, verb_extension=<colcon_core.verb.build.BuildVerb object at 0x7f69a0f614e0>, main=<bound method BuildVerb.main of <colcon_core.verb.build.BuildVerb object at 0x7f69a0f614e0>>)[0m
[0.790s] [34mcolcon.colcon_core.package_discovery[0m [1;30mLevel 1[0m discover_packages(colcon_meta) check parameters
[0.790s] [34mcolcon.colcon_core.package_discovery[0m [1;30mLevel 1[0m discover_packages(recursive) check parameters
[0.790s] [34mcolcon.colcon_core.package_discovery[0m [1;30mLevel 1[0m discover_packages(ignore) check parameters
[0.790s] [34mcolcon.colcon_core.package_discovery[0m [1;30mLevel 1[0m discover_packages(path) check parameters
[0.790s] [34mcolcon.colcon_core.package_discovery[0m [1;30mLevel 1[0m discover_packages(colcon_meta) discover
[0.790s] [34mcolcon.colcon_core.package_discovery[0m [1;30mLevel 1[0m discover_packages(recursive) discover
[0.790s] [34mcolcon.colcon_core.package_discovery[0m [1;30mINFO[0m Crawling recursively for packages in '/home/benboardley/src/ROV/X16-Surface/ros'
[0.790s] [34mcolcon.colcon_core.package_identification[0m [1;30mLevel 1[0m _identify(.) by extensions ['ignore', 'ignore_ament_install']
[0.790s] [34mcolcon.colcon_core.package_identification[0m [1;30mLevel 1[0m _identify(.) by extension 'ignore'
[0.790s] [34mcolcon.colcon_core.package_identification[0m [1;30mLevel 1[0m _identify(.) by extension 'ignore_ament_install'
[0.790s] [34mcolcon.colcon_core.package_identification[0m [1;30mLevel 1[0m _identify(.) by extensions ['colcon_pkg']
[0.791s] [34mcolcon.colcon_core.package_identification[0m [1;30mLevel 1[0m _identify(.) by extension 'colcon_pkg'
[0.791s] [34mcolcon.colcon_core.package_identification[0m [1;30mLevel 1[0m _identify(.) by extensions ['colcon_meta']
[0.791s] [34mcolcon.colcon_core.package_identification[0m [1;30mLevel 1[0m _identify(.) by extension 'colcon_meta'
[0.791s] [34mcolcon.colcon_core.package_identification[0m [1;30mLevel 1[0m _identify(.) by extensions ['ros']
[0.791s] [34mcolcon.colcon_core.package_identification[0m [1;30mLevel 1[0m _identify(.) by extension 'ros'
[0.806s] [34mcolcon.colcon_core.package_identification[0m [1;30mLevel 1[0m _identify(.) by extensions ['cmake', 'python']
[0.806s] [34mcolcon.colcon_core.package_identification[0m [1;30mLevel 1[0m _identify(.) by extension 'cmake'
[0.806s] [34mcolcon.colcon_core.package_identification[0m [1;30mLevel 1[0m _identify(.) by extension 'python'
[0.806s] [34mcolcon.colcon_core.package_identification[0m [1;30mLevel 1[0m _identify(.) by extensions ['python_setup_py']
[0.806s] [34mcolcon.colcon_core.package_identification[0m [1;30mLevel 1[0m _identify(.) by extension 'python_setup_py'
[0.806s] [34mcolcon.colcon_core.package_identification[0m [1;30mLevel 1[0m _identify(build) by extensions ['ignore', 'ignore_ament_install']
[0.807s] [34mcolcon.colcon_core.package_identification[0m [1;30mLevel 1[0m _identify(build) by extension 'ignore'
[0.807s] [34mcolcon.colcon_core.package_identification[0m [1;30mLevel 1[0m _identify(build) ignored
[0.807s] [34mcolcon.colcon_core.package_identification[0m [1;30mLevel 1[0m _identify(com_pub) by extensions ['ignore', 'ignore_ament_install']
[0.807s] [34mcolcon.colcon_core.package_identification[0m [1;30mLevel 1[0m _identify(com_pub) by extension 'ignore'
[0.807s] [34mcolcon.colcon_core.package_identification[0m [1;30mLevel 1[0m _identify(com_pub) by extension 'ignore_ament_install'
[0.807s] [34mcolcon.colcon_core.package_identification[0m [1;30mLevel 1[0m _identify(com_pub) by extensions ['colcon_pkg']
[0.807s] [34mcolcon.colcon_core.package_identification[0m [1;30mLevel 1[0m _identify(com_pub) by extension 'colcon_pkg'
[0.807s] [34mcolcon.colcon_core.package_identification[0m [1;30mLevel 1[0m _identify(com_pub) by extensions ['colcon_meta']
[0.807s] [34mcolcon.colcon_core.package_identification[0m [1;30mLevel 1[0m _identify(com_pub) by extension 'colcon_meta'
[0.807s] [34mcolcon.colcon_core.package_identification[0m [1;30mLevel 1[0m _identify(com_pub) by extensions ['ros']
[0.807s] [34mcolcon.colcon_core.package_identification[0m [1;30mLevel 1[0m _identify(com_pub) by extension 'ros'
[0.812s] [34mcolcon.colcon_core.package_identification[0m [1;30mDEBUG[0m [32mPackage 'com_pub' with type 'ros.ament_cmake' and name 'com_pub'[0m
[0.813s] [34mcolcon.colcon_core.package_identification[0m [1;30mLevel 1[0m _identify(depth_comm) by extensions ['ignore', 'ignore_ament_install']
[0.813s] [34mcolcon.colcon_core.package_identification[0m [1;30mLevel 1[0m _identify(depth_comm) by extension 'ignore'
[0.813s] [34mcolcon.colcon_core.package_identification[0m [1;30mLevel 1[0m _identify(depth_comm) by extension 'ignore_ament_install'
[0.813s] [34mcolcon.colcon_core.package_identification[0m [1;30mLevel 1[0m _identify(depth_comm) by extensions ['colcon_pkg']
[0.813s] [34mcolcon.colcon_core.package_identification[0m [1;30mLevel 1[0m _identify(depth_comm) by extension 'colcon_pkg'
[0.813s] [34mcolcon.colcon_core.package_identification[0m [1;30mLevel 1[0m _identify(depth_comm) by extensions ['colcon_meta']
[0.813s] [34mcolcon.colcon_core.package_identification[0m [1;30mLevel 1[0m _identify(depth_comm) by extension 'colcon_meta'
[0.813s] [34mcolcon.colcon_core.package_identification[0m [1;30mLevel 1[0m _identify(depth_comm) by extensions ['ros']
[0.813s] [34mcolcon.colcon_core.package_identification[0m [1;30mLevel 1[0m _identify(depth_comm) by extension 'ros'
[0.814s] [34mcolcon.colcon_core.package_identification[0m [1;30mDEBUG[0m [32mPackage 'depth_comm' with type 'ros.ament_cmake' and name 'depth_comm'[0m
[0.814s] [34mcolcon.colcon_core.package_identification[0m [1;30mLevel 1[0m _identify(gamepad) by extensions ['ignore', 'ignore_ament_install']
[0.814s] [34mcolcon.colcon_core.package_identification[0m [1;30mLevel 1[0m _identify(gamepad) by extension 'ignore'
[0.814s] [34mcolcon.colcon_core.package_identification[0m [1;30mLevel 1[0m _identify(gamepad) by extension 'ignore_ament_install'
[0.814s] [34mcolcon.colcon_core.package_identification[0m [1;30mLevel 1[0m _identify(gamepad) by extensions ['colcon_pkg']
[0.814s] [34mcolcon.colcon_core.package_identification[0m [1;30mLevel 1[0m _identify(gamepad) by extension 'colcon_pkg'
[0.814s] [34mcolcon.colcon_core.package_identification[0m [1;30mLevel 1[0m _identify(gamepad) by extensions ['colcon_meta']
[0.814s] [34mcolcon.colcon_core.package_identification[0m [1;30mLevel 1[0m _identify(gamepad) by extension 'colcon_meta'
[0.814s] [34mcolcon.colcon_core.package_identification[0m [1;30mLevel 1[0m _identify(gamepad) by extensions ['ros']
[0.814s] [34mcolcon.colcon_core.package_identification[0m [1;30mLevel 1[0m _identify(gamepad) by extension 'ros'
[0.816s] [34mcolcon.colcon_core.package_identification[0m [1;30mDEBUG[0m [32mPackage 'gamepad' with type 'ros.ament_cmake' and name 'gamepad'[0m
[0.816s] [34mcolcon.colcon_core.package_identification[0m [1;30mLevel 1[0m _identify(install) by extensions ['ignore', 'ignore_ament_install']
[0.816s] [34mcolcon.colcon_core.package_identification[0m [1;30mLevel 1[0m _identify(install) by extension 'ignore'
[0.816s] [34mcolcon.colcon_core.package_identification[0m [1;30mLevel 1[0m _identify(install) ignored
[0.816s] [34mcolcon.colcon_core.package_identification[0m [1;30mLevel 1[0m _identify(log) by extensions ['ignore', 'ignore_ament_install']
[0.816s] [34mcolcon.colcon_core.package_identification[0m [1;30mLevel 1[0m _identify(log) by extension 'ignore'
[0.816s] [34mcolcon.colcon_core.package_identification[0m [1;30mLevel 1[0m _identify(log) ignored
[0.816s] [34mcolcon.colcon_core.package_identification[0m [1;30mLevel 1[0m _identify(shared_msgs) by extensions ['ignore', 'ignore_ament_install']
[0.816s] [34mcolcon.colcon_core.package_identification[0m [1;30mLevel 1[0m _identify(shared_msgs) by extension 'ignore'
[0.816s] [34mcolcon.colcon_core.package_identification[0m [1;30mLevel 1[0m _identify(shared_msgs) by extension 'ignore_ament_install'
[0.817s] [34mcolcon.colcon_core.package_identification[0m [1;30mLevel 1[0m _identify(shared_msgs) by extensions ['colcon_pkg']
[0.817s] [34mcolcon.colcon_core.package_identification[0m [1;30mLevel 1[0m _identify(shared_msgs) by extension 'colcon_pkg'
[0.817s] [34mcolcon.colcon_core.package_identification[0m [1;30mLevel 1[0m _identify(shared_msgs) by extensions ['colcon_meta']
[0.817s] [34mcolcon.colcon_core.package_identification[0m [1;30mLevel 1[0m _identify(shared_msgs) by extension 'colcon_meta'
[0.817s] [34mcolcon.colcon_core.package_identification[0m [1;30mLevel 1[0m _identify(shared_msgs) by extensions ['ros']
[0.817s] [34mcolcon.colcon_core.package_identification[0m [1;30mLevel 1[0m _identify(shared_msgs) by extension 'ros'
[0.817s] [34mcolcon.colcon_core.package_identification[0m [1;30mDEBUG[0m [32mPackage 'shared_msgs' with type 'ros.ament_cmake' and name 'shared_msgs'[0m
[0.818s] [34mcolcon.colcon_core.package_identification[0m [1;30mLevel 1[0m _identify(surface_imu) by extensions ['ignore', 'ignore_ament_install']
[0.818s] [34mcolcon.colcon_core.package_identification[0m [1;30mLevel 1[0m _identify(surface_imu) by extension 'ignore'
[0.818s] [34mcolcon.colcon_core.package_identification[0m [1;30mLevel 1[0m _identify(surface_imu) by extension 'ignore_ament_install'
[0.818s] [34mcolcon.colcon_core.package_identification[0m [1;30mLevel 1[0m _identify(surface_imu) by extensions ['colcon_pkg']
[0.818s] [34mcolcon.colcon_core.package_identification[0m [1;30mLevel 1[0m _identify(surface_imu) by extension 'colcon_pkg'
[0.818s] [34mcolcon.colcon_core.package_identification[0m [1;30mLevel 1[0m _identify(surface_imu) by extensions ['colcon_meta']
[0.818s] [34mcolcon.colcon_core.package_identification[0m [1;30mLevel 1[0m _identify(surface_imu) by extension 'colcon_meta'
[0.818s] [34mcolcon.colcon_core.package_identification[0m [1;30mLevel 1[0m _identify(surface_imu) by extensions ['ros']
[0.818s] [34mcolcon.colcon_core.package_identification[0m [1;30mLevel 1[0m _identify(surface_imu) by extension 'ros'
[0.818s] [34mcolcon.colcon_core.package_identification[0m [1;30mDEBUG[0m [32mPackage 'surface_imu' with type 'ros.ament_cmake' and name 'surface_imu'[0m
[0.819s] [34mcolcon.colcon_core.package_identification[0m [1;30mLevel 1[0m _identify(thrusters) by extensions ['ignore', 'ignore_ament_install']
[0.819s] [34mcolcon.colcon_core.package_identification[0m [1;30mLevel 1[0m _identify(thrusters) by extension 'ignore'
[0.819s] [34mcolcon.colcon_core.package_identification[0m [1;30mLevel 1[0m _identify(thrusters) by extension 'ignore_ament_install'
[0.819s] [34mcolcon.colcon_core.package_identification[0m [1;30mLevel 1[0m _identify(thrusters) by extensions ['colcon_pkg']
[0.819s] [34mcolcon.colcon_core.package_identification[0m [1;30mLevel 1[0m _identify(thrusters) by extension 'colcon_pkg'
[0.819s] [34mcolcon.colcon_core.package_identification[0m [1;30mLevel 1[0m _identify(thrusters) by extensions ['colcon_meta']
[0.819s] [34mcolcon.colcon_core.package_identification[0m [1;30mLevel 1[0m _identify(thrusters) by extension 'colcon_meta'
[0.819s] [34mcolcon.colcon_core.package_identification[0m [1;30mLevel 1[0m _identify(thrusters) by extensions ['ros']
[0.819s] [34mcolcon.colcon_core.package_identification[0m [1;30mLevel 1[0m _identify(thrusters) by extension 'ros'
[0.819s] [34mcolcon.colcon_core.package_identification[0m [1;30mDEBUG[0m [32mPackage 'thrusters' with type 'ros.ament_cmake' and name 'thrusters'[0m
[0.819s] [34mcolcon.colcon_core.package_discovery[0m [1;30mLevel 1[0m discover_packages(recursive) using defaults
[0.820s] [34mcolcon.colcon_core.package_discovery[0m [1;30mLevel 1[0m discover_packages(ignore) discover
[0.820s] [34mcolcon.colcon_core.package_discovery[0m [1;30mLevel 1[0m discover_packages(ignore) using defaults
[0.820s] [34mcolcon.colcon_core.package_discovery[0m [1;30mLevel 1[0m discover_packages(path) discover
[0.820s] [34mcolcon.colcon_core.package_discovery[0m [1;30mLevel 1[0m discover_packages(path) using defaults
[0.851s] [34mcolcon.colcon_core.package_discovery[0m [1;30mLevel 1[0m discover_packages(prefix_path) check parameters
[0.851s] [34mcolcon.colcon_core.package_discovery[0m [1;30mLevel 1[0m discover_packages(prefix_path) discover
[0.856s] [34mcolcon.colcon_installed_package_information.package_discovery[0m [1;30mDEBUG[0m [32mFound 270 installed packages in /opt/ros/humble[0m
[0.857s] [34mcolcon.colcon_core.package_discovery[0m [1;30mLevel 1[0m discover_packages(prefix_path) using defaults
[0.909s] [34mcolcon.colcon_core.verb[0m [1;30mLevel 5[0m set package 'com_pub' build argument 'cmake_args' from command line to 'None'
[0.909s] [34mcolcon.colcon_core.verb[0m [1;30mLevel 5[0m set package 'com_pub' build argument 'cmake_target' from command line to 'None'
[0.909s] [34mcolcon.colcon_core.verb[0m [1;30mLevel 5[0m set package 'com_pub' build argument 'cmake_target_skip_unavailable' from command line to 'False'
[0.909s] [34mcolcon.colcon_core.verb[0m [1;30mLevel 5[0m set package 'com_pub' build argument 'cmake_clean_cache' from command line to 'False'
[0.909s] [34mcolcon.colcon_core.verb[0m [1;30mLevel 5[0m set package 'com_pub' build argument 'cmake_clean_first' from command line to 'False'
[0.909s] [34mcolcon.colcon_core.verb[0m [1;30mLevel 5[0m set package 'com_pub' build argument 'cmake_force_configure' from command line to 'False'
[0.909s] [34mcolcon.colcon_core.verb[0m [1;30mLevel 5[0m set package 'com_pub' build argument 'ament_cmake_args' from command line to 'None'
[0.909s] [34mcolcon.colcon_core.verb[0m [1;30mLevel 5[0m set package 'com_pub' build argument 'catkin_cmake_args' from command line to 'None'
[0.909s] [34mcolcon.colcon_core.verb[0m [1;30mLevel 5[0m set package 'com_pub' build argument 'catkin_skip_building_tests' from command line to 'False'
[0.909s] [34mcolcon.colcon_core.verb[0m [1;30mDEBUG[0m [32mBuilding package 'com_pub' with the following arguments: {'ament_cmake_args': None, 'build_base': '/home/benboardley/src/ROV/X16-Surface/ros/build/com_pub', 'catkin_cmake_args': None, 'catkin_skip_building_tests': False, 'cmake_args': None, 'cmake_clean_cache': False, 'cmake_clean_first': False, 'cmake_force_configure': False, 'cmake_target': None, 'cmake_target_skip_unavailable': False, 'install_base': '/home/benboardley/src/ROV/X16-Surface/ros/install/com_pub', 'merge_install': False, 'path': '/home/benboardley/src/ROV/X16-Surface/ros/com_pub', 'symlink_install': False, 'test_result_base': None}[0m
[0.910s] [34mcolcon.colcon_core.verb[0m [1;30mLevel 5[0m set package 'depth_comm' build argument 'cmake_args' from command line to 'None'
[0.910s] [34mcolcon.colcon_core.verb[0m [1;30mLevel 5[0m set package 'depth_comm' build argument 'cmake_target' from command line to 'None'
[0.910s] [34mcolcon.colcon_core.verb[0m [1;30mLevel 5[0m set package 'depth_comm' build argument 'cmake_target_skip_unavailable' from command line to 'False'
[0.910s] [34mcolcon.colcon_core.verb[0m [1;30mLevel 5[0m set package 'depth_comm' build argument 'cmake_clean_cache' from command line to 'False'
[0.910s] [34mcolcon.colcon_core.verb[0m [1;30mLevel 5[0m set package 'depth_comm' build argument 'cmake_clean_first' from command line to 'False'
[0.910s] [34mcolcon.colcon_core.verb[0m [1;30mLevel 5[0m set package 'depth_comm' build argument 'cmake_force_configure' from command line to 'False'
[0.910s] [34mcolcon.colcon_core.verb[0m [1;30mLevel 5[0m set package 'depth_comm' build argument 'ament_cmake_args' from command line to 'None'
[0.910s] [34mcolcon.colcon_core.verb[0m [1;30mLevel 5[0m set package 'depth_comm' build argument 'catkin_cmake_args' from command line to 'None'
[0.910s] [34mcolcon.colcon_core.verb[0m [1;30mLevel 5[0m set package 'depth_comm' build argument 'catkin_skip_building_tests' from command line to 'False'
[0.910s] [34mcolcon.colcon_core.verb[0m [1;30mDEBUG[0m [32mBuilding package 'depth_comm' with the following arguments: {'ament_cmake_args': None, 'build_base': '/home/benboardley/src/ROV/X16-Surface/ros/build/depth_comm', 'catkin_cmake_args': None, 'catkin_skip_building_tests': False, 'cmake_args': None, 'cmake_clean_cache': False, 'cmake_clean_first': False, 'cmake_force_configure': False, 'cmake_target': None, 'cmake_target_skip_unavailable': False, 'install_base': '/home/benboardley/src/ROV/X16-Surface/ros/install/depth_comm', 'merge_install': False, 'path': '/home/benboardley/src/ROV/X16-Surface/ros/depth_comm', 'symlink_install': False, 'test_result_base': None}[0m
[0.911s] [34mcolcon.colcon_core.verb[0m [1;30mLevel 5[0m set package 'gamepad' build argument 'cmake_args' from command line to 'None'
[0.911s] [34mcolcon.colcon_core.verb[0m [1;30mLevel 5[0m set package 'gamepad' build argument 'cmake_target' from command line to 'None'
[0.911s] [34mcolcon.colcon_core.verb[0m [1;30mLevel 5[0m set package 'gamepad' build argument 'cmake_target_skip_unavailable' from command line to 'False'
[0.911s] [34mcolcon.colcon_core.verb[0m [1;30mLevel 5[0m set package 'gamepad' build argument 'cmake_clean_cache' from command line to 'False'
[0.911s] [34mcolcon.colcon_core.verb[0m [1;30mLevel 5[0m set package 'gamepad' build argument 'cmake_clean_first' from command line to 'False'
[0.911s] [34mcolcon.colcon_core.verb[0m [1;30mLevel 5[0m set package 'gamepad' build argument 'cmake_force_configure' from command line to 'False'
[0.911s] [34mcolcon.colcon_core.verb[0m [1;30mLevel 5[0m set package 'gamepad' build argument 'ament_cmake_args' from command line to 'None'
[0.911s] [34mcolcon.colcon_core.verb[0m [1;30mLevel 5[0m set package 'gamepad' build argument 'catkin_cmake_args' from command line to 'None'
[0.911s] [34mcolcon.colcon_core.verb[0m [1;30mLevel 5[0m set package 'gamepad' build argument 'catkin_skip_building_tests' from command line to 'False'
[0.911s] [34mcolcon.colcon_core.verb[0m [1;30mDEBUG[0m [32mBuilding package 'gamepad' with the following arguments: {'ament_cmake_args': None, 'build_base': '/home/benboardley/src/ROV/X16-Surface/ros/build/gamepad', 'catkin_cmake_args': None, 'catkin_skip_building_tests': False, 'cmake_args': None, 'cmake_clean_cache': False, 'cmake_clean_first': False, 'cmake_force_configure': False, 'cmake_target': None, 'cmake_target_skip_unavailable': False, 'install_base': '/home/benboardley/src/ROV/X16-Surface/ros/install/gamepad', 'merge_install': False, 'path': '/home/benboardley/src/ROV/X16-Surface/ros/gamepad', 'symlink_install': False, 'test_result_base': None}[0m
[0.912s] [34mcolcon.colcon_core.verb[0m [1;30mLevel 5[0m set package 'shared_msgs' build argument 'cmake_args' from command line to 'None'
[0.912s] [34mcolcon.colcon_core.verb[0m [1;30mLevel 5[0m set package 'shared_msgs' build argument 'cmake_target' from command line to 'None'
[0.912s] [34mcolcon.colcon_core.verb[0m [1;30mLevel 5[0m set package 'shared_msgs' build argument 'cmake_target_skip_unavailable' from command line to 'False'
[0.912s] [34mcolcon.colcon_core.verb[0m [1;30mLevel 5[0m set package 'shared_msgs' build argument 'cmake_clean_cache' from command line to 'False'
[0.912s] [34mcolcon.colcon_core.verb[0m [1;30mLevel 5[0m set package 'shared_msgs' build argument 'cmake_clean_first' from command line to 'False'
[0.912s] [34mcolcon.colcon_core.verb[0m [1;30mLevel 5[0m set package 'shared_msgs' build argument 'cmake_force_configure' from command line to 'False'
[0.912s] [34mcolcon.colcon_core.verb[0m [1;30mLevel 5[0m set package 'shared_msgs' build argument 'ament_cmake_args' from command line to 'None'
[0.912s] [34mcolcon.colcon_core.verb[0m [1;30mLevel 5[0m set package 'shared_msgs' build argument 'catkin_cmake_args' from command line to 'None'
[0.912s] [34mcolcon.colcon_core.verb[0m [1;30mLevel 5[0m set package 'shared_msgs' build argument 'catkin_skip_building_tests' from command line to 'False'
[0.912s] [34mcolcon.colcon_core.verb[0m [1;30mDEBUG[0m [32mBuilding package 'shared_msgs' with the following arguments: {'ament_cmake_args': None, 'build_base': '/home/benboardley/src/ROV/X16-Surface/ros/build/shared_msgs', 'catkin_cmake_args': None, 'catkin_skip_building_tests': False, 'cmake_args': None, 'cmake_clean_cache': False, 'cmake_clean_first': False, 'cmake_force_configure': False, 'cmake_target': None, 'cmake_target_skip_unavailable': False, 'install_base': '/home/benboardley/src/ROV/X16-Surface/ros/install/shared_msgs', 'merge_install': False, 'path': '/home/benboardley/src/ROV/X16-Surface/ros/shared_msgs', 'symlink_install': False, 'test_result_base': None}[0m
[0.913s] [34mcolcon.colcon_core.verb[0m [1;30mLevel 5[0m set package 'surface_imu' build argument 'cmake_args' from command line to 'None'
[0.913s] [34mcolcon.colcon_core.verb[0m [1;30mLevel 5[0m set package 'surface_imu' build argument 'cmake_target' from command line to 'None'
[0.913s] [34mcolcon.colcon_core.verb[0m [1;30mLevel 5[0m set package 'surface_imu' build argument 'cmake_target_skip_unavailable' from command line to 'False'
[0.913s] [34mcolcon.colcon_core.verb[0m [1;30mLevel 5[0m set package 'surface_imu' build argument 'cmake_clean_cache' from command line to 'False'
[0.913s] [34mcolcon.colcon_core.verb[0m [1;30mLevel 5[0m set package 'surface_imu' build argument 'cmake_clean_first' from command line to 'False'
[0.913s] [34mcolcon.colcon_core.verb[0m [1;30mLevel 5[0m set package 'surface_imu' build argument 'cmake_force_configure' from command line to 'False'
[0.913s] [34mcolcon.colcon_core.verb[0m [1;30mLevel 5[0m set package 'surface_imu' build argument 'ament_cmake_args' from command line to 'None'
[0.913s] [34mcolcon.colcon_core.verb[0m [1;30mLevel 5[0m set package 'surface_imu' build argument 'catkin_cmake_args' from command line to 'None'
[0.913s] [34mcolcon.colcon_core.verb[0m [1;30mLevel 5[0m set package 'surface_imu' build argument 'catkin_skip_building_tests' from command line to 'False'
[0.913s] [34mcolcon.colcon_core.verb[0m [1;30mDEBUG[0m [32mBuilding package 'surface_imu' with the following arguments: {'ament_cmake_args': None, 'build_base': '/home/benboardley/src/ROV/X16-Surface/ros/build/surface_imu', 'catkin_cmake_args': None, 'catkin_skip_building_tests': False, 'cmake_args': None, 'cmake_clean_cache': False, 'cmake_clean_first': False, 'cmake_force_configure': False, 'cmake_target': None, 'cmake_target_skip_unavailable': False, 'install_base': '/home/benboardley/src/ROV/X16-Surface/ros/install/surface_imu', 'merge_install': False, 'path': '/home/benboardley/src/ROV/X16-Surface/ros/surface_imu', 'symlink_install': False, 'test_result_base': None}[0m
[0.914s] [34mcolcon.colcon_core.verb[0m [1;30mLevel 5[0m set package 'thrusters' build argument 'cmake_args' from command line to 'None'
[0.914s] [34mcolcon.colcon_core.verb[0m [1;30mLevel 5[0m set package 'thrusters' build argument 'cmake_target' from command line to 'None'
[0.914s] [34mcolcon.colcon_core.verb[0m [1;30mLevel 5[0m set package 'thrusters' build argument 'cmake_target_skip_unavailable' from command line to 'False'
[0.914s] [34mcolcon.colcon_core.verb[0m [1;30mLevel 5[0m set package 'thrusters' build argument 'cmake_clean_cache' from command line to 'False'
[0.914s] [34mcolcon.colcon_core.verb[0m [1;30mLevel 5[0m set package 'thrusters' build argument 'cmake_clean_first' from command line to 'False'
[0.914s] [34mcolcon.colcon_core.verb[0m [1;30mLevel 5[0m set package 'thrusters' build argument 'cmake_force_configure' from command line to 'False'
[0.914s] [34mcolcon.colcon_core.verb[0m [1;30mLevel 5[0m set package 'thrusters' build argument 'ament_cmake_args' from command line to 'None'
[0.914s] [34mcolcon.colcon_core.verb[0m [1;30mLevel 5[0m set package 'thrusters' build argument 'catkin_cmake_args' from command line to 'None'
[0.914s] [34mcolcon.colcon_core.verb[0m [1;30mLevel 5[0m set package 'thrusters' build argument 'catkin_skip_building_tests' from command line to 'False'
[0.914s] [34mcolcon.colcon_core.verb[0m [1;30mDEBUG[0m [32mBuilding package 'thrusters' with the following arguments: {'ament_cmake_args': None, 'build_base': '/home/benboardley/src/ROV/X16-Surface/ros/build/thrusters', 'catkin_cmake_args': None, 'catkin_skip_building_tests': False, 'cmake_args': None, 'cmake_clean_cache': False, 'cmake_clean_first': False, 'cmake_force_configure': False, 'cmake_target': None, 'cmake_target_skip_unavailable': False, 'install_base': '/home/benboardley/src/ROV/X16-Surface/ros/install/thrusters', 'merge_install': False, 'path': '/home/benboardley/src/ROV/X16-Surface/ros/thrusters', 'symlink_install': False, 'test_result_base': None}[0m
[0.914s] [34mcolcon.colcon_core.executor[0m [1;30mINFO[0m Executing jobs using 'parallel' executor
[0.917s] [34mcolcon.colcon_parallel_executor.executor.parallel[0m [1;30mDEBUG[0m [32mrun_until_complete[0m
[0.918s] [34mcolcon.colcon_ros.task.ament_cmake.build[0m [1;30mINFO[0m Building ROS package in '/home/benboardley/src/ROV/X16-Surface/ros/com_pub' with build type 'ament_cmake'
[0.918s] [34mcolcon.colcon_cmake.task.cmake.build[0m [1;30mINFO[0m Building CMake package in '/home/benboardley/src/ROV/X16-Surface/ros/com_pub'
[0.924s] [34mcolcon.colcon_core.plugin_system[0m [1;30mINFO[0m Skipping extension 'colcon_core.shell.bat': Not used on non-Windows systems
[0.924s] [34mcolcon.colcon_core.shell[0m [1;30mINFO[0m Skip shell extension 'powershell' for command environment: Not usable outside of PowerShell
[0.924s] [34mcolcon.colcon_core.shell[0m [1;30mDEBUG[0m [32mSkip shell extension 'dsv' for command environment[0m
[0.930s] [34mcolcon.colcon_ros.task.ament_cmake.build[0m [1;30mINFO[0m Building ROS package in '/home/benboardley/src/ROV/X16-Surface/ros/depth_comm' with build type 'ament_cmake'
[0.931s] [34mcolcon.colcon_cmake.task.cmake.build[0m [1;30mINFO[0m Building CMake package in '/home/benboardley/src/ROV/X16-Surface/ros/depth_comm'
[0.933s] [34mcolcon.colcon_core.shell[0m [1;30mINFO[0m Skip shell extension 'powershell' for command environment: Not usable outside of PowerShell
[0.933s] [34mcolcon.colcon_core.shell[0m [1;30mDEBUG[0m [32mSkip shell extension 'dsv' for command environment[0m
[0.937s] [34mcolcon.colcon_ros.task.ament_cmake.build[0m [1;30mINFO[0m Building ROS package in '/home/benboardley/src/ROV/X16-Surface/ros/gamepad' with build type 'ament_cmake'
[0.937s] [34mcolcon.colcon_cmake.task.cmake.build[0m [1;30mINFO[0m Building CMake package in '/home/benboardley/src/ROV/X16-Surface/ros/gamepad'
[0.939s] [34mcolcon.colcon_core.shell[0m [1;30mINFO[0m Skip shell extension 'powershell' for command environment: Not usable outside of PowerShell
[0.940s] [34mcolcon.colcon_core.shell[0m [1;30mDEBUG[0m [32mSkip shell extension 'dsv' for command environment[0m
[0.946s] [34mcolcon.colcon_ros.task.ament_cmake.build[0m [1;30mINFO[0m Building ROS package in '/home/benboardley/src/ROV/X16-Surface/ros/shared_msgs' with build type 'ament_cmake'
[0.946s] [34mcolcon.colcon_cmake.task.cmake.build[0m [1;30mINFO[0m Building CMake package in '/home/benboardley/src/ROV/X16-Surface/ros/shared_msgs'
[0.948s] [34mcolcon.colcon_core.shell[0m [1;30mINFO[0m Skip shell extension 'powershell' for command environment: Not usable outside of PowerShell
[0.948s] [34mcolcon.colcon_core.shell[0m [1;30mDEBUG[0m [32mSkip shell extension 'dsv' for command environment[0m
[0.955s] [34mcolcon.colcon_ros.task.ament_cmake.build[0m [1;30mINFO[0m Building ROS package in '/home/benboardley/src/ROV/X16-Surface/ros/surface_imu' with build type 'ament_cmake'
[0.956s] [34mcolcon.colcon_cmake.task.cmake.build[0m [1;30mINFO[0m Building CMake package in '/home/benboardley/src/ROV/X16-Surface/ros/surface_imu'
[0.958s] [34mcolcon.colcon_core.shell[0m [1;30mINFO[0m Skip shell extension 'powershell' for command environment: Not usable outside of PowerShell
[0.958s] [34mcolcon.colcon_core.shell[0m [1;30mDEBUG[0m [32mSkip shell extension 'dsv' for command environment[0m
[0.963s] [34mcolcon.colcon_ros.task.ament_cmake.build[0m [1;30mINFO[0m Building ROS package in '/home/benboardley/src/ROV/X16-Surface/ros/thrusters' with build type 'ament_cmake'
[0.964s] [34mcolcon.colcon_cmake.task.cmake.build[0m [1;30mINFO[0m Building CMake package in '/home/benboardley/src/ROV/X16-Surface/ros/thrusters'
[0.965s] [34mcolcon.colcon_core.shell[0m [1;30mINFO[0m Skip shell extension 'powershell' for command environment: Not usable outside of PowerShell
[0.965s] [34mcolcon.colcon_core.shell[0m [1;30mDEBUG[0m [32mSkip shell extension 'dsv' for command environment[0m
[0.977s] [34mcolcon.colcon_core.event_handler.log_command[0m [1;30mDEBUG[0m [32mInvoking command in '/home/benboardley/src/ROV/X16-Surface/ros/build/com_pub': CMAKE_PREFIX_PATH=/opt/ros/humble WSLENV=ELECTRON_RUN_AS_NODE/w: /home/benboardley/.local/bin/cmake /home/benboardley/src/ROV/X16-Surface/ros/com_pub -DCMAKE_INSTALL_PREFIX=/home/benboardley/src/ROV/X16-Surface/ros/install/com_pub[0m
[0.987s] [34mcolcon.colcon_core.event_handler.log_command[0m [1;30mDEBUG[0m [32mInvoking command in '/home/benboardley/src/ROV/X16-Surface/ros/build/depth_comm': CMAKE_PREFIX_PATH=/opt/ros/humble WSLENV=ELECTRON_RUN_AS_NODE/w: /home/benboardley/.local/bin/cmake /home/benboardley/src/ROV/X16-Surface/ros/depth_comm -DCMAKE_INSTALL_PREFIX=/home/benboardley/src/ROV/X16-Surface/ros/install/depth_comm[0m
[0.999s] [34mcolcon.colcon_core.event_handler.log_command[0m [1;30mDEBUG[0m [32mInvoking command in '/home/benboardley/src/ROV/X16-Surface/ros/build/gamepad': CMAKE_PREFIX_PATH=/opt/ros/humble WSLENV=ELECTRON_RUN_AS_NODE/w: /home/benboardley/.local/bin/cmake /home/benboardley/src/ROV/X16-Surface/ros/gamepad -DCMAKE_INSTALL_PREFIX=/home/benboardley/src/ROV/X16-Surface/ros/install/gamepad[0m
[1.006s] [34mcolcon.colcon_core.event_handler.log_command[0m [1;30mDEBUG[0m [32mInvoking command in '/home/benboardley/src/ROV/X16-Surface/ros/build/shared_msgs': CMAKE_PREFIX_PATH=/opt/ros/humble WSLENV=ELECTRON_RUN_AS_NODE/w: /home/benboardley/.local/bin/cmake /home/benboardley/src/ROV/X16-Surface/ros/shared_msgs -DCMAKE_INSTALL_PREFIX=/home/benboardley/src/ROV/X16-Surface/ros/install/shared_msgs[0m
[1.010s] [34mcolcon.colcon_core.event_handler.log_command[0m [1;30mDEBUG[0m [32mInvoking command in '/home/benboardley/src/ROV/X16-Surface/ros/build/surface_imu': CMAKE_PREFIX_PATH=/opt/ros/humble WSLENV=ELECTRON_RUN_AS_NODE/w: /home/benboardley/.local/bin/cmake /home/benboardley/src/ROV/X16-Surface/ros/surface_imu -DCMAKE_INSTALL_PREFIX=/home/benboardley/src/ROV/X16-Surface/ros/install/surface_imu[0m
[1.012s] [34mcolcon.colcon_core.event_handler.log_command[0m [1;30mDEBUG[0m [32mInvoking command in '/home/benboardley/src/ROV/X16-Surface/ros/build/thrusters': CMAKE_PREFIX_PATH=/opt/ros/humble WSLENV=ELECTRON_RUN_AS_NODE/w: /home/benboardley/.local/bin/cmake /home/benboardley/src/ROV/X16-Surface/ros/thrusters -DCMAKE_INSTALL_PREFIX=/home/benboardley/src/ROV/X16-Surface/ros/install/thrusters[0m
[10.318s] [34mcolcon.colcon_core.event_handler.log_command[0m [1;30mDEBUG[0m [32mInvoked command in '/home/benboardley/src/ROV/X16-Surface/ros/build/depth_comm' returned '0': CMAKE_PREFIX_PATH=/opt/ros/humble WSLENV=ELECTRON_RUN_AS_NODE/w: /home/benboardley/.local/bin/cmake /home/benboardley/src/ROV/X16-Surface/ros/depth_comm -DCMAKE_INSTALL_PREFIX=/home/benboardley/src/ROV/X16-Surface/ros/install/depth_comm[0m
[10.321s] [34mcolcon.colcon_core.event_handler.log_command[0m [1;30mDEBUG[0m [32mInvoking command in '/home/benboardley/src/ROV/X16-Surface/ros/build/depth_comm': CMAKE_PREFIX_PATH=/opt/ros/humble WSLENV=ELECTRON_RUN_AS_NODE/w: /home/benboardley/.local/bin/cmake --build /home/benboardley/src/ROV/X16-Surface/ros/build/depth_comm -- -j8 -l8[0m
[10.722s] [34mcolcon.colcon_core.event_handler.log_command[0m [1;30mDEBUG[0m [32mInvoked command in '/home/benboardley/src/ROV/X16-Surface/ros/build/thrusters' returned '0': CMAKE_PREFIX_PATH=/opt/ros/humble WSLENV=ELECTRON_RUN_AS_NODE/w: /home/benboardley/.local/bin/cmake /home/benboardley/src/ROV/X16-Surface/ros/thrusters -DCMAKE_INSTALL_PREFIX=/home/benboardley/src/ROV/X16-Surface/ros/install/thrusters[0m
[10.725s] [34mcolcon.colcon_core.event_handler.log_command[0m [1;30mDEBUG[0m [32mInvoking command in '/home/benboardley/src/ROV/X16-Surface/ros/build/thrusters': CMAKE_PREFIX_PATH=/opt/ros/humble WSLENV=ELECTRON_RUN_AS_NODE/w: /home/benboardley/.local/bin/cmake --build /home/benboardley/src/ROV/X16-Surface/ros/build/thrusters -- -j8 -l8[0m
[10.828s] [34mcolcon.colcon_core.event_handler.log_command[0m [1;30mDEBUG[0m [32mInvoked command in '/home/benboardley/src/ROV/X16-Surface/ros/build/depth_comm' returned '0': CMAKE_PREFIX_PATH=/opt/ros/humble WSLENV=ELECTRON_RUN_AS_NODE/w: /home/benboardley/.local/bin/cmake --build /home/benboardley/src/ROV/X16-Surface/ros/build/depth_comm -- -j8 -l8[0m
[10.975s] [34mcolcon.colcon_core.event_handler.log_command[0m [1;30mDEBUG[0m [32mInvoking command in '/home/benboardley/src/ROV/X16-Surface/ros/build/depth_comm': CMAKE_PREFIX_PATH=/opt/ros/humble WSLENV=ELECTRON_RUN_AS_NODE/w: /home/benboardley/.local/bin/cmake --install /home/benboardley/src/ROV/X16-Surface/ros/build/depth_comm[0m
[11.089s] [34mcolcon.colcon_core.environment[0m [1;30mLevel 1[0m create_environment_scripts_only(depth_comm)
[11.090s] [34mcolcon.colcon_core.event_handler.log_command[0m [1;30mDEBUG[0m [32mInvoked command in '/home/benboardley/src/ROV/X16-Surface/ros/build/depth_comm' returned '0': CMAKE_PREFIX_PATH=/opt/ros/humble WSLENV=ELECTRON_RUN_AS_NODE/w: /home/benboardley/.local/bin/cmake --install /home/benboardley/src/ROV/X16-Surface/ros/build/depth_comm[0m
[11.102s] [34mcolcon.colcon_core.environment[0m [1;30mLevel 1[0m checking '/home/benboardley/src/ROV/X16-Surface/ros/install/depth_comm' for CMake module files
[11.103s] [34mcolcon.colcon_core.environment[0m [1;30mLevel 1[0m checking '/home/benboardley/src/ROV/X16-Surface/ros/install/depth_comm' for CMake config files
[11.103s] [34mcolcon.colcon_core.shell[0m [1;30mLevel 1[0m create_environment_hook('depth_comm', 'cmake_prefix_path')
[11.105s] [34mcolcon.colcon_core.shell[0m [1;30mINFO[0m Creating environment hook '/home/benboardley/src/ROV/X16-Surface/ros/install/depth_comm/share/depth_comm/hook/cmake_prefix_path.ps1'
[11.106s] [34mcolcon.colcon_core.shell[0m [1;30mINFO[0m Creating environment descriptor '/home/benboardley/src/ROV/X16-Surface/ros/install/depth_comm/share/depth_comm/hook/cmake_prefix_path.dsv'
[11.106s] [34mcolcon.colcon_core.shell[0m [1;30mINFO[0m Creating environment hook '/home/benboardley/src/ROV/X16-Surface/ros/install/depth_comm/share/depth_comm/hook/cmake_prefix_path.sh'
[11.108s] [34mcolcon.colcon_core.environment[0m [1;30mLevel 1[0m checking '/home/benboardley/src/ROV/X16-Surface/ros/install/depth_comm/lib'
[11.108s] [34mcolcon.colcon_core.environment[0m [1;30mLevel 1[0m checking '/home/benboardley/src/ROV/X16-Surface/ros/install/depth_comm/bin'
[11.108s] [34mcolcon.colcon_core.environment[0m [1;30mLevel 1[0m checking '/home/benboardley/src/ROV/X16-Surface/ros/install/depth_comm/lib/pkgconfig/depth_comm.pc'
[11.108s] [34mcolcon.colcon_core.environment[0m [1;30mLevel 1[0m checking '/home/benboardley/src/ROV/X16-Surface/ros/install/depth_comm/lib/python3.10/site-packages'
[11.109s] [34mcolcon.colcon_core.environment[0m [1;30mLevel 1[0m checking '/home/benboardley/src/ROV/X16-Surface/ros/install/depth_comm/bin'
[11.111s] [34mcolcon.colcon_core.shell[0m [1;30mINFO[0m Creating package script '/home/benboardley/src/ROV/X16-Surface/ros/install/depth_comm/share/depth_comm/package.ps1'
[11.112s] [34mcolcon.colcon_core.shell[0m [1;30mINFO[0m Creating package descriptor '/home/benboardley/src/ROV/X16-Surface/ros/install/depth_comm/share/depth_comm/package.dsv'
[11.113s] [34mcolcon.colcon_core.shell[0m [1;30mINFO[0m Creating package script '/home/benboardley/src/ROV/X16-Surface/ros/install/depth_comm/share/depth_comm/package.sh'
[11.115s] [34mcolcon.colcon_core.shell[0m [1;30mINFO[0m Creating package script '/home/benboardley/src/ROV/X16-Surface/ros/install/depth_comm/share/depth_comm/package.bash'
[11.116s] [34mcolcon.colcon_core.shell[0m [1;30mINFO[0m Creating package script '/home/benboardley/src/ROV/X16-Surface/ros/install/depth_comm/share/depth_comm/package.zsh'
[11.116s] [34mcolcon.colcon_core.environment[0m [1;30mLevel 1[0m create_file_with_runtime_dependencies(/home/benboardley/src/ROV/X16-Surface/ros/install/depth_comm/share/colcon-core/packages/depth_comm)
[11.174s] [34mcolcon.colcon_core.environment[0m [1;30mLevel 1[0m create_environment_scripts_only(depth_comm)
[11.177s] [34mcolcon.colcon_core.environment[0m [1;30mLevel 1[0m checking '/home/benboardley/src/ROV/X16-Surface/ros/install/depth_comm' for CMake module files
[11.177s] [34mcolcon.colcon_core.environment[0m [1;30mLevel 1[0m checking '/home/benboardley/src/ROV/X16-Surface/ros/install/depth_comm' for CMake config files
[11.177s] [34mcolcon.colcon_core.shell[0m [1;30mLevel 1[0m create_environment_hook('depth_comm', 'cmake_prefix_path')
[11.179s] [34mcolcon.colcon_core.shell[0m [1;30mINFO[0m Creating environment hook '/home/benboardley/src/ROV/X16-Surface/ros/install/depth_comm/share/depth_comm/hook/cmake_prefix_path.ps1'
[11.180s] [34mcolcon.colcon_core.shell[0m [1;30mINFO[0m Creating environment descriptor '/home/benboardley/src/ROV/X16-Surface/ros/install/depth_comm/share/depth_comm/hook/cmake_prefix_path.dsv'
[11.181s] [34mcolcon.colcon_core.shell[0m [1;30mINFO[0m Creating environment hook '/home/benboardley/src/ROV/X16-Surface/ros/install/depth_comm/share/depth_comm/hook/cmake_prefix_path.sh'
[11.181s] [34mcolcon.colcon_core.environment[0m [1;30mLevel 1[0m checking '/home/benboardley/src/ROV/X16-Surface/ros/install/depth_comm/lib'
[11.182s] [34mcolcon.colcon_core.environment[0m [1;30mLevel 1[0m checking '/home/benboardley/src/ROV/X16-Surface/ros/install/depth_comm/bin'
[11.182s] [34mcolcon.colcon_core.environment[0m [1;30mLevel 1[0m checking '/home/benboardley/src/ROV/X16-Surface/ros/install/depth_comm/lib/pkgconfig/depth_comm.pc'
[11.182s] [34mcolcon.colcon_core.environment[0m [1;30mLevel 1[0m checking '/home/benboardley/src/ROV/X16-Surface/ros/install/depth_comm/lib/python3.10/site-packages'
[11.182s] [34mcolcon.colcon_core.environment[0m [1;30mLevel 1[0m checking '/home/benboardley/src/ROV/X16-Surface/ros/install/depth_comm/bin'
[11.185s] [34mcolcon.colcon_core.shell[0m [1;30mINFO[0m Creating package script '/home/benboardley/src/ROV/X16-Surface/ros/install/depth_comm/share/depth_comm/package.ps1'
[11.187s] [34mcolcon.colcon_core.shell[0m [1;30mINFO[0m Creating package descriptor '/home/benboardley/src/ROV/X16-Surface/ros/install/depth_comm/share/depth_comm/package.dsv'
[11.188s] [34mcolcon.colcon_core.shell[0m [1;30mINFO[0m Creating package script '/home/benboardley/src/ROV/X16-Surface/ros/install/depth_comm/share/depth_comm/package.sh'
[11.188s] [34mcolcon.colcon_core.shell[0m [1;30mINFO[0m Creating package script '/home/benboardley/src/ROV/X16-Surface/ros/install/depth_comm/share/depth_comm/package.bash'
[11.189s] [34mcolcon.colcon_core.shell[0m [1;30mINFO[0m Creating package script '/home/benboardley/src/ROV/X16-Surface/ros/install/depth_comm/share/depth_comm/package.zsh'
[11.189s] [34mcolcon.colcon_core.environment[0m [1;30mLevel 1[0m create_file_with_runtime_dependencies(/home/benboardley/src/ROV/X16-Surface/ros/install/depth_comm/share/colcon-core/packages/depth_comm)
[11.274s] [34mcolcon.colcon_core.event_handler.log_command[0m [1;30mDEBUG[0m [32mInvoked command in '/home/benboardley/src/ROV/X16-Surface/ros/build/thrusters' returned '0': CMAKE_PREFIX_PATH=/opt/ros/humble WSLENV=ELECTRON_RUN_AS_NODE/w: /home/benboardley/.local/bin/cmake --build /home/benboardley/src/ROV/X16-Surface/ros/build/thrusters -- -j8 -l8[0m
[11.334s] [34mcolcon.colcon_core.event_handler.log_command[0m [1;30mDEBUG[0m [32mInvoking command in '/home/benboardley/src/ROV/X16-Surface/ros/build/thrusters': CMAKE_PREFIX_PATH=/opt/ros/humble WSLENV=ELECTRON_RUN_AS_NODE/w: /home/benboardley/.local/bin/cmake --install /home/benboardley/src/ROV/X16-Surface/ros/build/thrusters[0m
[11.428s] [34mcolcon.colcon_core.environment[0m [1;30mLevel 1[0m create_environment_scripts_only(thrusters)
[11.434s] [34mcolcon.colcon_core.event_handler.log_command[0m [1;30mDEBUG[0m [32mInvoked command in '/home/benboardley/src/ROV/X16-Surface/ros/build/thrusters' returned '0': CMAKE_PREFIX_PATH=/opt/ros/humble WSLENV=ELECTRON_RUN_AS_NODE/w: /home/benboardley/.local/bin/cmake --install /home/benboardley/src/ROV/X16-Surface/ros/build/thrusters[0m
[11.434s] [34mcolcon.colcon_core.environment[0m [1;30mLevel 1[0m checking '/home/benboardley/src/ROV/X16-Surface/ros/install/thrusters' for CMake module files
[11.435s] [34mcolcon.colcon_core.environment[0m [1;30mLevel 1[0m checking '/home/benboardley/src/ROV/X16-Surface/ros/install/thrusters' for CMake config files
[11.435s] [34mcolcon.colcon_core.shell[0m [1;30mLevel 1[0m create_environment_hook('thrusters', 'cmake_prefix_path')
[11.437s] [34mcolcon.colcon_core.shell[0m [1;30mINFO[0m Creating environment hook '/home/benboardley/src/ROV/X16-Surface/ros/install/thrusters/share/thrusters/hook/cmake_prefix_path.ps1'
[11.438s] [34mcolcon.colcon_core.shell[0m [1;30mINFO[0m Creating environment descriptor '/home/benboardley/src/ROV/X16-Surface/ros/install/thrusters/share/thrusters/hook/cmake_prefix_path.dsv'
[11.439s] [34mcolcon.colcon_core.shell[0m [1;30mINFO[0m Creating environment hook '/home/benboardley/src/ROV/X16-Surface/ros/install/thrusters/share/thrusters/hook/cmake_prefix_path.sh'
[11.440s] [34mcolcon.colcon_core.environment[0m [1;30mLevel 1[0m checking '/home/benboardley/src/ROV/X16-Surface/ros/install/thrusters/lib'
[11.440s] [34mcolcon.colcon_core.environment[0m [1;30mLevel 1[0m checking '/home/benboardley/src/ROV/X16-Surface/ros/install/thrusters/bin'
[11.440s] [34mcolcon.colcon_core.environment[0m [1;30mLevel 1[0m checking '/home/benboardley/src/ROV/X16-Surface/ros/install/thrusters/lib/pkgconfig/thrusters.pc'
[11.441s] [34mcolcon.colcon_core.environment[0m [1;30mLevel 1[0m checking '/home/benboardley/src/ROV/X16-Surface/ros/install/thrusters/lib/python3.10/site-packages'
[11.441s] [34mcolcon.colcon_core.environment[0m [1;30mLevel 1[0m checking '/home/benboardley/src/ROV/X16-Surface/ros/install/thrusters/bin'
[11.444s] [34mcolcon.colcon_core.shell[0m [1;30mINFO[0m Creating package script '/home/benboardley/src/ROV/X16-Surface/ros/install/thrusters/share/thrusters/package.ps1'
[11.445s] [34mcolcon.colcon_core.shell[0m [1;30mINFO[0m Creating package descriptor '/home/benboardley/src/ROV/X16-Surface/ros/install/thrusters/share/thrusters/package.dsv'
[11.446s] [34mcolcon.colcon_core.shell[0m [1;30mINFO[0m Creating package script '/home/benboardley/src/ROV/X16-Surface/ros/install/thrusters/share/thrusters/package.sh'
[11.446s] [34mcolcon.colcon_core.shell[0m [1;30mINFO[0m Creating package script '/home/benboardley/src/ROV/X16-Surface/ros/install/thrusters/share/thrusters/package.bash'
[11.447s] [34mcolcon.colcon_core.shell[0m [1;30mINFO[0m Creating package script '/home/benboardley/src/ROV/X16-Surface/ros/install/thrusters/share/thrusters/package.zsh'
[11.447s] [34mcolcon.colcon_core.environment[0m [1;30mLevel 1[0m create_file_with_runtime_dependencies(/home/benboardley/src/ROV/X16-Surface/ros/install/thrusters/share/colcon-core/packages/thrusters)
[11.505s] [34mcolcon.colcon_core.environment[0m [1;30mLevel 1[0m create_environment_scripts_only(thrusters)
[11.507s] [34mcolcon.colcon_core.environment[0m [1;30mLevel 1[0m checking '/home/benboardley/src/ROV/X16-Surface/ros/install/thrusters' for CMake module files
[11.508s] [34mcolcon.colcon_core.environment[0m [1;30mLevel 1[0m checking '/home/benboardley/src/ROV/X16-Surface/ros/install/thrusters' for CMake config files
[11.508s] [34mcolcon.colcon_core.shell[0m [1;30mLevel 1[0m create_environment_hook('thrusters', 'cmake_prefix_path')
[11.510s] [34mcolcon.colcon_core.shell[0m [1;30mINFO[0m Creating environment hook '/home/benboardley/src/ROV/X16-Surface/ros/install/thrusters/share/thrusters/hook/cmake_prefix_path.ps1'
[11.510s] [34mcolcon.colcon_core.shell[0m [1;30mINFO[0m Creating environment descriptor '/home/benboardley/src/ROV/X16-Surface/ros/install/thrusters/share/thrusters/hook/cmake_prefix_path.dsv'
[11.511s] [34mcolcon.colcon_core.shell[0m [1;30mINFO[0m Creating environment hook '/home/benboardley/src/ROV/X16-Surface/ros/install/thrusters/share/thrusters/hook/cmake_prefix_path.sh'
[11.511s] [34mcolcon.colcon_core.environment[0m [1;30mLevel 1[0m checking '/home/benboardley/src/ROV/X16-Surface/ros/install/thrusters/lib'
[11.512s] [34mcolcon.colcon_core.environment[0m [1;30mLevel 1[0m checking '/home/benboardley/src/ROV/X16-Surface/ros/install/thrusters/bin'
[11.512s] [34mcolcon.colcon_core.environment[0m [1;30mLevel 1[0m checking '/home/benboardley/src/ROV/X16-Surface/ros/install/thrusters/lib/pkgconfig/thrusters.pc'
[11.512s] [34mcolcon.colcon_core.environment[0m [1;30mLevel 1[0m checking '/home/benboardley/src/ROV/X16-Surface/ros/install/thrusters/lib/python3.10/site-packages'
[11.512s] [34mcolcon.colcon_core.environment[0m [1;30mLevel 1[0m checking '/home/benboardley/src/ROV/X16-Surface/ros/install/thrusters/bin'
[11.514s] [34mcolcon.colcon_core.shell[0m [1;30mINFO[0m Creating package script '/home/benboardley/src/ROV/X16-Surface/ros/install/thrusters/share/thrusters/package.ps1'
[11.515s] [34mcolcon.colcon_core.shell[0m [1;30mINFO[0m Creating package descriptor '/home/benboardley/src/ROV/X16-Surface/ros/install/thrusters/share/thrusters/package.dsv'
[11.515s] [34mcolcon.colcon_core.shell[0m [1;30mINFO[0m Creating package script '/home/benboardley/src/ROV/X16-Surface/ros/install/thrusters/share/thrusters/package.sh'
[11.516s] [34mcolcon.colcon_core.shell[0m [1;30mINFO[0m Creating package script '/home/benboardley/src/ROV/X16-Surface/ros/install/thrusters/share/thrusters/package.bash'
[11.516s] [34mcolcon.colcon_core.shell[0m [1;30mINFO[0m Creating package script '/home/benboardley/src/ROV/X16-Surface/ros/install/thrusters/share/thrusters/package.zsh'
[11.517s] [34mcolcon.colcon_core.environment[0m [1;30mLevel 1[0m create_file_with_runtime_dependencies(/home/benboardley/src/ROV/X16-Surface/ros/install/thrusters/share/colcon-core/packages/thrusters)
[11.607s] [34mcolcon.colcon_core.event_handler.log_command[0m [1;30mDEBUG[0m [32mInvoked command in '/home/benboardley/src/ROV/X16-Surface/ros/build/surface_imu' returned '0': CMAKE_PREFIX_PATH=/opt/ros/humble WSLENV=ELECTRON_RUN_AS_NODE/w: /home/benboardley/.local/bin/cmake /home/benboardley/src/ROV/X16-Surface/ros/surface_imu -DCMAKE_INSTALL_PREFIX=/home/benboardley/src/ROV/X16-Surface/ros/install/surface_imu[0m
[11.610s] [34mcolcon.colcon_core.event_handler.log_command[0m [1;30mDEBUG[0m [32mInvoking command in '/home/benboardley/src/ROV/X16-Surface/ros/build/surface_imu': CMAKE_PREFIX_PATH=/opt/ros/humble WSLENV=ELECTRON_RUN_AS_NODE/w: /home/benboardley/.local/bin/cmake --build /home/benboardley/src/ROV/X16-Surface/ros/build/surface_imu -- -j8 -l8[0m
[12.038s] [34mcolcon.colcon_core.event_handler.log_command[0m [1;30mDEBUG[0m [32mInvoked command in '/home/benboardley/src/ROV/X16-Surface/ros/build/surface_imu' returned '0': CMAKE_PREFIX_PATH=/opt/ros/humble WSLENV=ELECTRON_RUN_AS_NODE/w: /home/benboardley/.local/bin/cmake --build /home/benboardley/src/ROV/X16-Surface/ros/build/surface_imu -- -j8 -l8[0m
[12.083s] [34mcolcon.colcon_core.event_handler.log_command[0m [1;30mDEBUG[0m [32mInvoking command in '/home/benboardley/src/ROV/X16-Surface/ros/build/surface_imu': CMAKE_PREFIX_PATH=/opt/ros/humble WSLENV=ELECTRON_RUN_AS_NODE/w: /home/benboardley/.local/bin/cmake --install /home/benboardley/src/ROV/X16-Surface/ros/build/surface_imu[0m
[12.165s] [34mcolcon.colcon_core.environment[0m [1;30mLevel 1[0m create_environment_scripts_only(surface_imu)
[12.166s] [34mcolcon.colcon_core.event_handler.log_command[0m [1;30mDEBUG[0m [32mInvoked command in '/home/benboardley/src/ROV/X16-Surface/ros/build/surface_imu' returned '0': CMAKE_PREFIX_PATH=/opt/ros/humble WSLENV=ELECTRON_RUN_AS_NODE/w: /home/benboardley/.local/bin/cmake --install /home/benboardley/src/ROV/X16-Surface/ros/build/surface_imu[0m
[12.168s] [34mcolcon.colcon_core.environment[0m [1;30mLevel 1[0m checking '/home/benboardley/src/ROV/X16-Surface/ros/install/surface_imu' for CMake module files
[12.168s] [34mcolcon.colcon_core.environment[0m [1;30mLevel 1[0m checking '/home/benboardley/src/ROV/X16-Surface/ros/install/surface_imu' for CMake config files
[12.169s] [34mcolcon.colcon_core.shell[0m [1;30mLevel 1[0m create_environment_hook('surface_imu', 'cmake_prefix_path')
[12.170s] [34mcolcon.colcon_core.shell[0m [1;30mINFO[0m Creating environment hook '/home/benboardley/src/ROV/X16-Surface/ros/install/surface_imu/share/surface_imu/hook/cmake_prefix_path.ps1'
[12.170s] [34mcolcon.colcon_core.shell[0m [1;30mINFO[0m Creating environment descriptor '/home/benboardley/src/ROV/X16-Surface/ros/install/surface_imu/share/surface_imu/hook/cmake_prefix_path.dsv'
[12.171s] [34mcolcon.colcon_core.shell[0m [1;30mINFO[0m Creating environment hook '/home/benboardley/src/ROV/X16-Surface/ros/install/surface_imu/share/surface_imu/hook/cmake_prefix_path.sh'
[12.171s] [34mcolcon.colcon_core.environment[0m [1;30mLevel 1[0m checking '/home/benboardley/src/ROV/X16-Surface/ros/install/surface_imu/lib'
[12.171s] [34mcolcon.colcon_core.environment[0m [1;30mLevel 1[0m checking '/home/benboardley/src/ROV/X16-Surface/ros/install/surface_imu/bin'
[12.171s] [34mcolcon.colcon_core.environment[0m [1;30mLevel 1[0m checking '/home/benboardley/src/ROV/X16-Surface/ros/install/surface_imu/lib/pkgconfig/surface_imu.pc'
[12.172s] [34mcolcon.colcon_core.environment[0m [1;30mLevel 1[0m checking '/home/benboardley/src/ROV/X16-Surface/ros/install/surface_imu/lib/python3.10/site-packages'
[12.172s] [34mcolcon.colcon_core.environment[0m [1;30mLevel 1[0m checking '/home/benboardley/src/ROV/X16-Surface/ros/install/surface_imu/bin'
[12.173s] [34mcolcon.colcon_core.shell[0m [1;30mINFO[0m Creating package script '/home/benboardley/src/ROV/X16-Surface/ros/install/surface_imu/share/surface_imu/package.ps1'
[12.173s] [34mcolcon.colcon_core.shell[0m [1;30mINFO[0m Creating package descriptor '/home/benboardley/src/ROV/X16-Surface/ros/install/surface_imu/share/surface_imu/package.dsv'
[12.174s] [34mcolcon.colcon_core.shell[0m [1;30mINFO[0m Creating package script '/home/benboardley/src/ROV/X16-Surface/ros/install/surface_imu/share/surface_imu/package.sh'
[12.174s] [34mcolcon.colcon_core.shell[0m [1;30mINFO[0m Creating package script '/home/benboardley/src/ROV/X16-Surface/ros/install/surface_imu/share/surface_imu/package.bash'
[12.174s] [34mcolcon.colcon_core.shell[0m [1;30mINFO[0m Creating package script '/home/benboardley/src/ROV/X16-Surface/ros/install/surface_imu/share/surface_imu/package.zsh'
[12.175s] [34mcolcon.colcon_core.environment[0m [1;30mLevel 1[0m create_file_with_runtime_dependencies(/home/benboardley/src/ROV/X16-Surface/ros/install/surface_imu/share/colcon-core/packages/surface_imu)
[12.224s] [34mcolcon.colcon_core.environment[0m [1;30mLevel 1[0m create_environment_scripts_only(surface_imu)
[12.227s] [34mcolcon.colcon_core.environment[0m [1;30mLevel 1[0m checking '/home/benboardley/src/ROV/X16-Surface/ros/install/surface_imu' for CMake module files
[12.229s] [34mcolcon.colcon_core.environment[0m [1;30mLevel 1[0m checking '/home/benboardley/src/ROV/X16-Surface/ros/install/surface_imu' for CMake config files
[12.229s] [34mcolcon.colcon_core.shell[0m [1;30mLevel 1[0m create_environment_hook('surface_imu', 'cmake_prefix_path')
[12.230s] [34mcolcon.colcon_core.shell[0m [1;30mINFO[0m Creating environment hook '/home/benboardley/src/ROV/X16-Surface/ros/install/surface_imu/share/surface_imu/hook/cmake_prefix_path.ps1'
[12.231s] [34mcolcon.colcon_core.shell[0m [1;30mINFO[0m Creating environment descriptor '/home/benboardley/src/ROV/X16-Surface/ros/install/surface_imu/share/surface_imu/hook/cmake_prefix_path.dsv'
[12.231s] [34mcolcon.colcon_core.shell[0m [1;30mINFO[0m Creating environment hook '/home/benboardley/src/ROV/X16-Surface/ros/install/surface_imu/share/surface_imu/hook/cmake_prefix_path.sh'
[12.232s] [34mcolcon.colcon_core.environment[0m [1;30mLevel 1[0m checking '/home/benboardley/src/ROV/X16-Surface/ros/install/surface_imu/lib'
[12.232s] [34mcolcon.colcon_core.environment[0m [1;30mLevel 1[0m checking '/home/benboardley/src/ROV/X16-Surface/ros/install/surface_imu/bin'
[12.232s] [34mcolcon.colcon_core.environment[0m [1;30mLevel 1[0m checking '/home/benboardley/src/ROV/X16-Surface/ros/install/surface_imu/lib/pkgconfig/surface_imu.pc'
[12.232s] [34mcolcon.colcon_core.environment[0m [1;30mLevel 1[0m checking '/home/benboardley/src/ROV/X16-Surface/ros/install/surface_imu/lib/python3.10/site-packages'
[12.232s] [34mcolcon.colcon_core.environment[0m [1;30mLevel 1[0m checking '/home/benboardley/src/ROV/X16-Surface/ros/install/surface_imu/bin'
[12.234s] [34mcolcon.colcon_core.shell[0m [1;30mINFO[0m Creating package script '/home/benboardley/src/ROV/X16-Surface/ros/install/surface_imu/share/surface_imu/package.ps1'
[12.235s] [34mcolcon.colcon_core.shell[0m [1;30mINFO[0m Creating package descriptor '/home/benboardley/src/ROV/X16-Surface/ros/install/surface_imu/share/surface_imu/package.dsv'
[12.235s] [34mcolcon.colcon_core.shell[0m [1;30mINFO[0m Creating package script '/home/benboardley/src/ROV/X16-Surface/ros/install/surface_imu/share/surface_imu/package.sh'
[12.236s] [34mcolcon.colcon_core.shell[0m [1;30mINFO[0m Creating package script '/home/benboardley/src/ROV/X16-Surface/ros/install/surface_imu/share/surface_imu/package.bash'
[12.236s] [34mcolcon.colcon_core.shell[0m [1;30mINFO[0m Creating package script '/home/benboardley/src/ROV/X16-Surface/ros/install/surface_imu/share/surface_imu/package.zsh'
[12.237s] [34mcolcon.colcon_core.environment[0m [1;30mLevel 1[0m create_file_with_runtime_dependencies(/home/benboardley/src/ROV/X16-Surface/ros/install/surface_imu/share/colcon-core/packages/surface_imu)
[12.974s] [34mcolcon.colcon_core.event_handler.log_command[0m [1;30mDEBUG[0m [32mInvoked command in '/home/benboardley/src/ROV/X16-Surface/ros/build/com_pub' returned '0': CMAKE_PREFIX_PATH=/opt/ros/humble WSLENV=ELECTRON_RUN_AS_NODE/w: /home/benboardley/.local/bin/cmake /home/benboardley/src/ROV/X16-Surface/ros/com_pub -DCMAKE_INSTALL_PREFIX=/home/benboardley/src/ROV/X16-Surface/ros/install/com_pub[0m
[12.975s] [34mcolcon.colcon_core.event_handler.log_command[0m [1;30mDEBUG[0m [32mInvoking command in '/home/benboardley/src/ROV/X16-Surface/ros/build/com_pub': CMAKE_PREFIX_PATH=/opt/ros/humble WSLENV=ELECTRON_RUN_AS_NODE/w: /home/benboardley/.local/bin/cmake --build /home/benboardley/src/ROV/X16-Surface/ros/build/com_pub -- -j8 -l8[0m
[13.108s] [34mcolcon.colcon_core.event_handler.log_command[0m [1;30mDEBUG[0m [32mInvoked command in '/home/benboardley/src/ROV/X16-Surface/ros/build/gamepad' returned '0': CMAKE_PREFIX_PATH=/opt/ros/humble WSLENV=ELECTRON_RUN_AS_NODE/w: /home/benboardley/.local/bin/cmake /home/benboardley/src/ROV/X16-Surface/ros/gamepad -DCMAKE_INSTALL_PREFIX=/home/benboardley/src/ROV/X16-Surface/ros/install/gamepad[0m
[13.111s] [34mcolcon.colcon_core.event_handler.log_command[0m [1;30mDEBUG[0m [32mInvoking command in '/home/benboardley/src/ROV/X16-Surface/ros/build/gamepad': CMAKE_PREFIX_PATH=/opt/ros/humble WSLENV=ELECTRON_RUN_AS_NODE/w: /home/benboardley/.local/bin/cmake --build /home/benboardley/src/ROV/X16-Surface/ros/build/gamepad -- -j8 -l8[0m
[13.384s] [34mcolcon.colcon_core.event_handler.log_command[0m [1;30mDEBUG[0m [32mInvoked command in '/home/benboardley/src/ROV/X16-Surface/ros/build/com_pub' returned '0': CMAKE_PREFIX_PATH=/opt/ros/humble WSLENV=ELECTRON_RUN_AS_NODE/w: /home/benboardley/.local/bin/cmake --build /home/benboardley/src/ROV/X16-Surface/ros/build/com_pub -- -j8 -l8[0m
[13.440s] [34mcolcon.colcon_core.event_handler.log_command[0m [1;30mDEBUG[0m [32mInvoking command in '/home/benboardley/src/ROV/X16-Surface/ros/build/com_pub': CMAKE_PREFIX_PATH=/opt/ros/humble WSLENV=ELECTRON_RUN_AS_NODE/w: /home/benboardley/.local/bin/cmake --install /home/benboardley/src/ROV/X16-Surface/ros/build/com_pub[0m
[13.528s] [34mcolcon.colcon_core.environment[0m [1;30mLevel 1[0m create_environment_scripts_only(com_pub)
[13.529s] [34mcolcon.colcon_core.event_handler.log_command[0m [1;30mDEBUG[0m [32mInvoked command in '/home/benboardley/src/ROV/X16-Surface/ros/build/com_pub' returned '0': CMAKE_PREFIX_PATH=/opt/ros/humble WSLENV=ELECTRON_RUN_AS_NODE/w: /home/benboardley/.local/bin/cmake --install /home/benboardley/src/ROV/X16-Surface/ros/build/com_pub[0m
[13.532s] [34mcolcon.colcon_core.environment[0m [1;30mLevel 1[0m checking '/home/benboardley/src/ROV/X16-Surface/ros/install/com_pub' for CMake module files
[13.533s] [34mcolcon.colcon_core.environment[0m [1;30mLevel 1[0m checking '/home/benboardley/src/ROV/X16-Surface/ros/install/com_pub' for CMake config files
[13.533s] [34mcolcon.colcon_core.shell[0m [1;30mLevel 1[0m create_environment_hook('com_pub', 'cmake_prefix_path')
[13.535s] [34mcolcon.colcon_core.shell[0m [1;30mINFO[0m Creating environment hook '/home/benboardley/src/ROV/X16-Surface/ros/install/com_pub/share/com_pub/hook/cmake_prefix_path.ps1'
[13.536s] [34mcolcon.colcon_core.shell[0m [1;30mINFO[0m Creating environment descriptor '/home/benboardley/src/ROV/X16-Surface/ros/install/com_pub/share/com_pub/hook/cmake_prefix_path.dsv'
[13.537s] [34mcolcon.colcon_core.shell[0m [1;30mINFO[0m Creating environment hook '/home/benboardley/src/ROV/X16-Surface/ros/install/com_pub/share/com_pub/hook/cmake_prefix_path.sh'
[13.537s] [34mcolcon.colcon_core.environment[0m [1;30mLevel 1[0m checking '/home/benboardley/src/ROV/X16-Surface/ros/install/com_pub/lib'
[13.537s] [34mcolcon.colcon_core.environment[0m [1;30mLevel 1[0m checking '/home/benboardley/src/ROV/X16-Surface/ros/install/com_pub/bin'
[13.537s] [34mcolcon.colcon_core.environment[0m [1;30mLevel 1[0m checking '/home/benboardley/src/ROV/X16-Surface/ros/install/com_pub/lib/pkgconfig/com_pub.pc'
[13.538s] [34mcolcon.colcon_core.environment[0m [1;30mLevel 1[0m checking '/home/benboardley/src/ROV/X16-Surface/ros/install/com_pub/lib/python3.10/site-packages'
[13.538s] [34mcolcon.colcon_core.environment[0m [1;30mLevel 1[0m checking '/home/benboardley/src/ROV/X16-Surface/ros/install/com_pub/bin'
[13.540s] [34mcolcon.colcon_core.shell[0m [1;30mINFO[0m Creating package script '/home/benboardley/src/ROV/X16-Surface/ros/install/com_pub/share/com_pub/package.ps1'
[13.541s] [34mcolcon.colcon_core.shell[0m [1;30mINFO[0m Creating package descriptor '/home/benboardley/src/ROV/X16-Surface/ros/install/com_pub/share/com_pub/package.dsv'
[13.541s] [34mcolcon.colcon_core.shell[0m [1;30mINFO[0m Creating package script '/home/benboardley/src/ROV/X16-Surface/ros/install/com_pub/share/com_pub/package.sh'
[13.542s] [34mcolcon.colcon_core.shell[0m [1;30mINFO[0m Creating package script '/home/benboardley/src/ROV/X16-Surface/ros/install/com_pub/share/com_pub/package.bash'
[13.542s] [34mcolcon.colcon_core.shell[0m [1;30mINFO[0m Creating package script '/home/benboardley/src/ROV/X16-Surface/ros/install/com_pub/share/com_pub/package.zsh'
[13.542s] [34mcolcon.colcon_core.environment[0m [1;30mLevel 1[0m create_file_with_runtime_dependencies(/home/benboardley/src/ROV/X16-Surface/ros/install/com_pub/share/colcon-core/packages/com_pub)
[13.553s] [34mcolcon.colcon_core.event_handler.log_command[0m [1;30mDEBUG[0m [32mInvoked command in '/home/benboardley/src/ROV/X16-Surface/ros/build/gamepad' returned '0': CMAKE_PREFIX_PATH=/opt/ros/humble WSLENV=ELECTRON_RUN_AS_NODE/w: /home/benboardley/.local/bin/cmake --build /home/benboardley/src/ROV/X16-Surface/ros/build/gamepad -- -j8 -l8[0m
[13.584s] [34mcolcon.colcon_core.environment[0m [1;30mLevel 1[0m create_environment_scripts_only(com_pub)
[13.586s] [34mcolcon.colcon_core.environment[0m [1;30mLevel 1[0m checking '/home/benboardley/src/ROV/X16-Surface/ros/install/com_pub' for CMake module files
[13.586s] [34mcolcon.colcon_core.environment[0m [1;30mLevel 1[0m checking '/home/benboardley/src/ROV/X16-Surface/ros/install/com_pub' for CMake config files
[13.586s] [34mcolcon.colcon_core.shell[0m [1;30mLevel 1[0m create_environment_hook('com_pub', 'cmake_prefix_path')
[13.588s] [34mcolcon.colcon_core.shell[0m [1;30mINFO[0m Creating environment hook '/home/benboardley/src/ROV/X16-Surface/ros/install/com_pub/share/com_pub/hook/cmake_prefix_path.ps1'
[13.589s] [34mcolcon.colcon_core.shell[0m [1;30mINFO[0m Creating environment descriptor '/home/benboardley/src/ROV/X16-Surface/ros/install/com_pub/share/com_pub/hook/cmake_prefix_path.dsv'
[13.590s] [34mcolcon.colcon_core.shell[0m [1;30mINFO[0m Creating environment hook '/home/benboardley/src/ROV/X16-Surface/ros/install/com_pub/share/com_pub/hook/cmake_prefix_path.sh'
[13.590s] [34mcolcon.colcon_core.environment[0m [1;30mLevel 1[0m checking '/home/benboardley/src/ROV/X16-Surface/ros/install/com_pub/lib'
[13.590s] [34mcolcon.colcon_core.environment[0m [1;30mLevel 1[0m checking '/home/benboardley/src/ROV/X16-Surface/ros/install/com_pub/bin'
[13.590s] [34mcolcon.colcon_core.environment[0m [1;30mLevel 1[0m checking '/home/benboardley/src/ROV/X16-Surface/ros/install/com_pub/lib/pkgconfig/com_pub.pc'
[13.591s] [34mcolcon.colcon_core.environment[0m [1;30mLevel 1[0m checking '/home/benboardley/src/ROV/X16-Surface/ros/install/com_pub/lib/python3.10/site-packages'
[13.591s] [34mcolcon.colcon_core.environment[0m [1;30mLevel 1[0m checking '/home/benboardley/src/ROV/X16-Surface/ros/install/com_pub/bin'
[13.592s] [34mcolcon.colcon_core.shell[0m [1;30mINFO[0m Creating package script '/home/benboardley/src/ROV/X16-Surface/ros/install/com_pub/share/com_pub/package.ps1'
[13.592s] [34mcolcon.colcon_core.shell[0m [1;30mINFO[0m Creating package descriptor '/home/benboardley/src/ROV/X16-Surface/ros/install/com_pub/share/com_pub/package.dsv'
[13.593s] [34mcolcon.colcon_core.shell[0m [1;30mINFO[0m Creating package script '/home/benboardley/src/ROV/X16-Surface/ros/install/com_pub/share/com_pub/package.sh'
[13.593s] [34mcolcon.colcon_core.shell[0m [1;30mINFO[0m Creating package script '/home/benboardley/src/ROV/X16-Surface/ros/install/com_pub/share/com_pub/package.bash'
[13.594s] [34mcolcon.colcon_core.shell[0m [1;30mINFO[0m Creating package script '/home/benboardley/src/ROV/X16-Surface/ros/install/com_pub/share/com_pub/package.zsh'
[13.594s] [34mcolcon.colcon_core.environment[0m [1;30mLevel 1[0m create_file_with_runtime_dependencies(/home/benboardley/src/ROV/X16-Surface/ros/install/com_pub/share/colcon-core/packages/com_pub)
[13.603s] [34mcolcon.colcon_core.event_handler.log_command[0m [1;30mDEBUG[0m [32mInvoking command in '/home/benboardley/src/ROV/X16-Surface/ros/build/gamepad': CMAKE_PREFIX_PATH=/opt/ros/humble WSLENV=ELECTRON_RUN_AS_NODE/w: /home/benboardley/.local/bin/cmake --install /home/benboardley/src/ROV/X16-Surface/ros/build/gamepad[0m
[13.686s] [34mcolcon.colcon_core.environment[0m [1;30mLevel 1[0m create_environment_scripts_only(gamepad)
[13.689s] [34mcolcon.colcon_core.environment[0m [1;30mLevel 1[0m checking '/home/benboardley/src/ROV/X16-Surface/ros/install/gamepad' for CMake module files
[13.689s] [34mcolcon.colcon_core.event_handler.log_command[0m [1;30mDEBUG[0m [32mInvoked command in '/home/benboardley/src/ROV/X16-Surface/ros/build/gamepad' returned '0': CMAKE_PREFIX_PATH=/opt/ros/humble WSLENV=ELECTRON_RUN_AS_NODE/w: /home/benboardley/.local/bin/cmake --install /home/benboardley/src/ROV/X16-Surface/ros/build/gamepad[0m
[13.690s] [34mcolcon.colcon_core.environment[0m [1;30mLevel 1[0m checking '/home/benboardley/src/ROV/X16-Surface/ros/install/gamepad' for CMake config files
[13.690s] [34mcolcon.colcon_core.shell[0m [1;30mLevel 1[0m create_environment_hook('gamepad', 'cmake_prefix_path')
[13.691s] [34mcolcon.colcon_core.shell[0m [1;30mINFO[0m Creating environment hook '/home/benboardley/src/ROV/X16-Surface/ros/install/gamepad/share/gamepad/hook/cmake_prefix_path.ps1'
[13.691s] [34mcolcon.colcon_core.shell[0m [1;30mINFO[0m Creating environment descriptor '/home/benboardley/src/ROV/X16-Surface/ros/install/gamepad/share/gamepad/hook/cmake_prefix_path.dsv'
[13.692s] [34mcolcon.colcon_core.shell[0m [1;30mINFO[0m Creating environment hook '/home/benboardley/src/ROV/X16-Surface/ros/install/gamepad/share/gamepad/hook/cmake_prefix_path.sh'
[13.692s] [34mcolcon.colcon_core.environment[0m [1;30mLevel 1[0m checking '/home/benboardley/src/ROV/X16-Surface/ros/install/gamepad/lib'
[13.692s] [34mcolcon.colcon_core.environment[0m [1;30mLevel 1[0m checking '/home/benboardley/src/ROV/X16-Surface/ros/install/gamepad/bin'
[13.692s] [34mcolcon.colcon_core.environment[0m [1;30mLevel 1[0m checking '/home/benboardley/src/ROV/X16-Surface/ros/install/gamepad/lib/pkgconfig/gamepad.pc'
[13.692s] [34mcolcon.colcon_core.environment[0m [1;30mLevel 1[0m checking '/home/benboardley/src/ROV/X16-Surface/ros/install/gamepad/lib/python3.10/site-packages'
[13.692s] [34mcolcon.colcon_core.environment[0m [1;30mLevel 1[0m checking '/home/benboardley/src/ROV/X16-Surface/ros/install/gamepad/bin'
[13.693s] [34mcolcon.colcon_core.shell[0m [1;30mINFO[0m Creating package script '/home/benboardley/src/ROV/X16-Surface/ros/install/gamepad/share/gamepad/package.ps1'
[13.694s] [34mcolcon.colcon_core.shell[0m [1;30mINFO[0m Creating package descriptor '/home/benboardley/src/ROV/X16-Surface/ros/install/gamepad/share/gamepad/package.dsv'
[13.694s] [34mcolcon.colcon_core.shell[0m [1;30mINFO[0m Creating package script '/home/benboardley/src/ROV/X16-Surface/ros/install/gamepad/share/gamepad/package.sh'
[13.694s] [34mcolcon.colcon_core.shell[0m [1;30mINFO[0m Creating package script '/home/benboardley/src/ROV/X16-Surface/ros/install/gamepad/share/gamepad/package.bash'
[13.695s] [34mcolcon.colcon_core.shell[0m [1;30mINFO[0m Creating package script '/home/benboardley/src/ROV/X16-Surface/ros/install/gamepad/share/gamepad/package.zsh'
[13.695s] [34mcolcon.colcon_core.environment[0m [1;30mLevel 1[0m create_file_with_runtime_dependencies(/home/benboardley/src/ROV/X16-Surface/ros/install/gamepad/share/colcon-core/packages/gamepad)
[13.743s] [34mcolcon.colcon_core.environment[0m [1;30mLevel 1[0m create_environment_scripts_only(gamepad)
[13.745s] [34mcolcon.colcon_core.environment[0m [1;30mLevel 1[0m checking '/home/benboardley/src/ROV/X16-Surface/ros/install/gamepad' for CMake module files
[13.745s] [34mcolcon.colcon_core.environment[0m [1;30mLevel 1[0m checking '/home/benboardley/src/ROV/X16-Surface/ros/install/gamepad' for CMake config files
[13.745s] [34mcolcon.colcon_core.shell[0m [1;30mLevel 1[0m create_environment_hook('gamepad', 'cmake_prefix_path')
[13.746s] [34mcolcon.colcon_core.shell[0m [1;30mINFO[0m Creating environment hook '/home/benboardley/src/ROV/X16-Surface/ros/install/gamepad/share/gamepad/hook/cmake_prefix_path.ps1'
[13.747s] [34mcolcon.colcon_core.shell[0m [1;30mINFO[0m Creating environment descriptor '/home/benboardley/src/ROV/X16-Surface/ros/install/gamepad/share/gamepad/hook/cmake_prefix_path.dsv'
[13.747s] [34mcolcon.colcon_core.shell[0m [1;30mINFO[0m Creating environment hook '/home/benboardley/src/ROV/X16-Surface/ros/install/gamepad/share/gamepad/hook/cmake_prefix_path.sh'
[13.747s] [34mcolcon.colcon_core.environment[0m [1;30mLevel 1[0m checking '/home/benboardley/src/ROV/X16-Surface/ros/install/gamepad/lib'
[13.747s] [34mcolcon.colcon_core.environment[0m [1;30mLevel 1[0m checking '/home/benboardley/src/ROV/X16-Surface/ros/install/gamepad/bin'
[13.748s] [34mcolcon.colcon_core.environment[0m [1;30mLevel 1[0m checking '/home/benboardley/src/ROV/X16-Surface/ros/install/gamepad/lib/pkgconfig/gamepad.pc'
[13.748s] [34mcolcon.colcon_core.environment[0m [1;30mLevel 1[0m checking '/home/benboardley/src/ROV/X16-Surface/ros/install/gamepad/lib/python3.10/site-packages'
[13.748s] [34mcolcon.colcon_core.environment[0m [1;30mLevel 1[0m checking '/home/benboardley/src/ROV/X16-Surface/ros/install/gamepad/bin'
[13.750s] [34mcolcon.colcon_core.shell[0m [1;30mINFO[0m Creating package script '/home/benboardley/src/ROV/X16-Surface/ros/install/gamepad/share/gamepad/package.ps1'
[13.750s] [34mcolcon.colcon_core.shell[0m [1;30mINFO[0m Creating package descriptor '/home/benboardley/src/ROV/X16-Surface/ros/install/gamepad/share/gamepad/package.dsv'
[13.750s] [34mcolcon.colcon_core.shell[0m [1;30mINFO[0m Creating package script '/home/benboardley/src/ROV/X16-Surface/ros/install/gamepad/share/gamepad/package.sh'
[13.751s] [34mcolcon.colcon_core.shell[0m [1;30mINFO[0m Creating package script '/home/benboardley/src/ROV/X16-Surface/ros/install/gamepad/share/gamepad/package.bash'
[13.751s] [34mcolcon.colcon_core.shell[0m [1;30mINFO[0m Creating package script '/home/benboardley/src/ROV/X16-Surface/ros/install/gamepad/share/gamepad/package.zsh'
[13.751s] [34mcolcon.colcon_core.environment[0m [1;30mLevel 1[0m create_file_with_runtime_dependencies(/home/benboardley/src/ROV/X16-Surface/ros/install/gamepad/share/colcon-core/packages/gamepad)
[16.398s] [34mcolcon.colcon_core.event_handler.log_command[0m [1;30mDEBUG[0m [32mInvoked command in '/home/benboardley/src/ROV/X16-Surface/ros/build/shared_msgs' returned '0': CMAKE_PREFIX_PATH=/opt/ros/humble WSLENV=ELECTRON_RUN_AS_NODE/w: /home/benboardley/.local/bin/cmake /home/benboardley/src/ROV/X16-Surface/ros/shared_msgs -DCMAKE_INSTALL_PREFIX=/home/benboardley/src/ROV/X16-Surface/ros/install/shared_msgs[0m
[16.399s] [34mcolcon.colcon_core.event_handler.log_command[0m [1;30mDEBUG[0m [32mInvoking command in '/home/benboardley/src/ROV/X16-Surface/ros/build/shared_msgs': CMAKE_PREFIX_PATH=/opt/ros/humble WSLENV=ELECTRON_RUN_AS_NODE/w: /home/benboardley/.local/bin/cmake --build /home/benboardley/src/ROV/X16-Surface/ros/build/shared_msgs -- -j8 -l8[0m
[24.333s] [34mcolcon.colcon_core.event_handler.log_command[0m [1;30mDEBUG[0m [32mInvoked command in '/home/benboardley/src/ROV/X16-Surface/ros/build/shared_msgs' returned '0': CMAKE_PREFIX_PATH=/opt/ros/humble WSLENV=ELECTRON_RUN_AS_NODE/w: /home/benboardley/.local/bin/cmake --build /home/benboardley/src/ROV/X16-Surface/ros/build/shared_msgs -- -j8 -l8[0m
[24.521s] [34mcolcon.colcon_core.event_handler.log_command[0m [1;30mDEBUG[0m [32mInvoking command in '/home/benboardley/src/ROV/X16-Surface/ros/build/shared_msgs': CMAKE_PREFIX_PATH=/opt/ros/humble WSLENV=ELECTRON_RUN_AS_NODE/w: /home/benboardley/.local/bin/cmake --install /home/benboardley/src/ROV/X16-Surface/ros/build/shared_msgs[0m
[24.656s] [34mcolcon.colcon_core.environment[0m [1;30mLevel 1[0m create_environment_scripts_only(shared_msgs)
[24.659s] [34mcolcon.colcon_core.environment[0m [1;30mLevel 1[0m checking '/home/benboardley/src/ROV/X16-Surface/ros/install/shared_msgs' for CMake module files
[24.661s] [34mcolcon.colcon_core.event_handler.log_command[0m [1;30mDEBUG[0m [32mInvoked command in '/home/benboardley/src/ROV/X16-Surface/ros/build/shared_msgs' returned '0': CMAKE_PREFIX_PATH=/opt/ros/humble WSLENV=ELECTRON_RUN_AS_NODE/w: /home/benboardley/.local/bin/cmake --install /home/benboardley/src/ROV/X16-Surface/ros/build/shared_msgs[0m
[24.662s] [34mcolcon.colcon_core.environment[0m [1;30mLevel 1[0m checking '/home/benboardley/src/ROV/X16-Surface/ros/install/shared_msgs' for CMake config files
[24.662s] [34mcolcon.colcon_core.shell[0m [1;30mLevel 1[0m create_environment_hook('shared_msgs', 'cmake_prefix_path')
[24.664s] [34mcolcon.colcon_core.shell[0m [1;30mINFO[0m Creating environment hook '/home/benboardley/src/ROV/X16-Surface/ros/install/shared_msgs/share/shared_msgs/hook/cmake_prefix_path.ps1'
[24.665s] [34mcolcon.colcon_core.shell[0m [1;30mINFO[0m Creating environment descriptor '/home/benboardley/src/ROV/X16-Surface/ros/install/shared_msgs/share/shared_msgs/hook/cmake_prefix_path.dsv'
[24.665s] [34mcolcon.colcon_core.shell[0m [1;30mINFO[0m Creating environment hook '/home/benboardley/src/ROV/X16-Surface/ros/install/shared_msgs/share/shared_msgs/hook/cmake_prefix_path.sh'
[24.666s] [34mcolcon.colcon_core.environment[0m [1;30mLevel 1[0m checking '/home/benboardley/src/ROV/X16-Surface/ros/install/shared_msgs/lib'
[24.666s] [34mcolcon.colcon_core.shell[0m [1;30mLevel 1[0m create_environment_hook('shared_msgs', 'ld_library_path_lib')
[24.667s] [34mcolcon.colcon_core.shell[0m [1;30mINFO[0m Creating environment hook '/home/benboardley/src/ROV/X16-Surface/ros/install/shared_msgs/share/shared_msgs/hook/ld_library_path_lib.ps1'
[24.668s] [34mcolcon.colcon_core.shell[0m [1;30mINFO[0m Creating environment descriptor '/home/benboardley/src/ROV/X16-Surface/ros/install/shared_msgs/share/shared_msgs/hook/ld_library_path_lib.dsv'
[24.668s] [34mcolcon.colcon_core.shell[0m [1;30mINFO[0m Creating environment hook '/home/benboardley/src/ROV/X16-Surface/ros/install/shared_msgs/share/shared_msgs/hook/ld_library_path_lib.sh'
[24.668s] [34mcolcon.colcon_core.environment[0m [1;30mLevel 1[0m checking '/home/benboardley/src/ROV/X16-Surface/ros/install/shared_msgs/bin'
[24.668s] [34mcolcon.colcon_core.environment[0m [1;30mLevel 1[0m checking '/home/benboardley/src/ROV/X16-Surface/ros/install/shared_msgs/lib/pkgconfig/shared_msgs.pc'
[24.669s] [34mcolcon.colcon_core.environment[0m [1;30mLevel 1[0m checking '/home/benboardley/src/ROV/X16-Surface/ros/install/shared_msgs/lib/python3.10/site-packages'
[24.669s] [34mcolcon.colcon_core.environment[0m [1;30mLevel 1[0m checking '/home/benboardley/src/ROV/X16-Surface/ros/install/shared_msgs/bin'
[24.670s] [34mcolcon.colcon_core.shell[0m [1;30mINFO[0m Creating package script '/home/benboardley/src/ROV/X16-Surface/ros/install/shared_msgs/share/shared_msgs/package.ps1'
[24.671s] [34mcolcon.colcon_core.shell[0m [1;30mINFO[0m Creating package descriptor '/home/benboardley/src/ROV/X16-Surface/ros/install/shared_msgs/share/shared_msgs/package.dsv'
[24.671s] [34mcolcon.colcon_core.shell[0m [1;30mINFO[0m Creating package script '/home/benboardley/src/ROV/X16-Surface/ros/install/shared_msgs/share/shared_msgs/package.sh'
[24.671s] [34mcolcon.colcon_core.shell[0m [1;30mINFO[0m Creating package script '/home/benboardley/src/ROV/X16-Surface/ros/install/shared_msgs/share/shared_msgs/package.bash'
[24.672s] [34mcolcon.colcon_core.shell[0m [1;30mINFO[0m Creating package script '/home/benboardley/src/ROV/X16-Surface/ros/install/shared_msgs/share/shared_msgs/package.zsh'
[24.672s] [34mcolcon.colcon_core.environment[0m [1;30mLevel 1[0m create_file_with_runtime_dependencies(/home/benboardley/src/ROV/X16-Surface/ros/install/shared_msgs/share/colcon-core/packages/shared_msgs)
[24.870s] [34mcolcon.colcon_core.environment[0m [1;30mLevel 1[0m create_environment_scripts_only(shared_msgs)
[24.872s] [34mcolcon.colcon_core.environment[0m [1;30mLevel 1[0m checking '/home/benboardley/src/ROV/X16-Surface/ros/install/shared_msgs' for CMake module files
[24.875s] [34mcolcon.colcon_core.environment[0m [1;30mLevel 1[0m checking '/home/benboardley/src/ROV/X16-Surface/ros/install/shared_msgs' for CMake config files
[24.876s] [34mcolcon.colcon_core.shell[0m [1;30mLevel 1[0m create_environment_hook('shared_msgs', 'cmake_prefix_path')
[24.878s] [34mcolcon.colcon_core.shell[0m [1;30mINFO[0m Creating environment hook '/home/benboardley/src/ROV/X16-Surface/ros/install/shared_msgs/share/shared_msgs/hook/cmake_prefix_path.ps1'
[24.878s] [34mcolcon.colcon_core.shell[0m [1;30mINFO[0m Creating environment descriptor '/home/benboardley/src/ROV/X16-Surface/ros/install/shared_msgs/share/shared_msgs/hook/cmake_prefix_path.dsv'
[24.878s] [34mcolcon.colcon_core.shell[0m [1;30mINFO[0m Creating environment hook '/home/benboardley/src/ROV/X16-Surface/ros/install/shared_msgs/share/shared_msgs/hook/cmake_prefix_path.sh'
[24.879s] [34mcolcon.colcon_core.environment[0m [1;30mLevel 1[0m checking '/home/benboardley/src/ROV/X16-Surface/ros/install/shared_msgs/lib'
[24.879s] [34mcolcon.colcon_core.shell[0m [1;30mLevel 1[0m create_environment_hook('shared_msgs', 'ld_library_path_lib')
[24.880s] [34mcolcon.colcon_core.shell[0m [1;30mINFO[0m Creating environment hook '/home/benboardley/src/ROV/X16-Surface/ros/install/shared_msgs/share/shared_msgs/hook/ld_library_path_lib.ps1'
[24.880s] [34mcolcon.colcon_core.shell[0m [1;30mINFO[0m Creating environment descriptor '/home/benboardley/src/ROV/X16-Surface/ros/install/shared_msgs/share/shared_msgs/hook/ld_library_path_lib.dsv'
[24.880s] [34mcolcon.colcon_core.shell[0m [1;30mINFO[0m Creating environment hook '/home/benboardley/src/ROV/X16-Surface/ros/install/shared_msgs/share/shared_msgs/hook/ld_library_path_lib.sh'
[24.881s] [34mcolcon.colcon_core.environment[0m [1;30mLevel 1[0m checking '/home/benboardley/src/ROV/X16-Surface/ros/install/shared_msgs/bin'
[24.881s] [34mcolcon.colcon_core.environment[0m [1;30mLevel 1[0m checking '/home/benboardley/src/ROV/X16-Surface/ros/install/shared_msgs/lib/pkgconfig/shared_msgs.pc'
[24.881s] [34mcolcon.colcon_core.environment[0m [1;30mLevel 1[0m checking '/home/benboardley/src/ROV/X16-Surface/ros/install/shared_msgs/lib/python3.10/site-packages'
[24.881s] [34mcolcon.colcon_core.environment[0m [1;30mLevel 1[0m checking '/home/benboardley/src/ROV/X16-Surface/ros/install/shared_msgs/bin'
[24.882s] [34mcolcon.colcon_core.shell[0m [1;30mINFO[0m Creating package script '/home/benboardley/src/ROV/X16-Surface/ros/install/shared_msgs/share/shared_msgs/package.ps1'
[24.883s] [34mcolcon.colcon_core.shell[0m [1;30mINFO[0m Creating package descriptor '/home/benboardley/src/ROV/X16-Surface/ros/install/shared_msgs/share/shared_msgs/package.dsv'
[24.883s] [34mcolcon.colcon_core.shell[0m [1;30mINFO[0m Creating package script '/home/benboardley/src/ROV/X16-Surface/ros/install/shared_msgs/share/shared_msgs/package.sh'
[24.883s] [34mcolcon.colcon_core.shell[0m [1;30mINFO[0m Creating package script '/home/benboardley/src/ROV/X16-Surface/ros/install/shared_msgs/share/shared_msgs/package.bash'
[24.884s] [34mcolcon.colcon_core.shell[0m [1;30mINFO[0m Creating package script '/home/benboardley/src/ROV/X16-Surface/ros/install/shared_msgs/share/shared_msgs/package.zsh'
[24.884s] [34mcolcon.colcon_core.environment[0m [1;30mLevel 1[0m create_file_with_runtime_dependencies(/home/benboardley/src/ROV/X16-Surface/ros/install/shared_msgs/share/colcon-core/packages/shared_msgs)
[24.884s] [34mcolcon.colcon_parallel_executor.executor.parallel[0m [1;30mDEBUG[0m [32mclosing loop[0m
[24.884s] [34mcolcon.colcon_parallel_executor.executor.parallel[0m [1;30mDEBUG[0m [32mloop closed[0m
[24.885s] [34mcolcon.colcon_parallel_executor.executor.parallel[0m [1;30mDEBUG[0m [32mrun_until_complete finished with '0'[0m
[24.885s] [34mcolcon.colcon_core.event_reactor[0m [1;30mDEBUG[0m [32mjoining thread[0m
[25.065s] [34mcolcon.colcon_core.plugin_system[0m [1;30mINFO[0m Skipping extension 'colcon_notification.desktop_notification.notify_send': Could not find 'notify-send'
[25.066s] [34mcolcon.colcon_core.plugin_system[0m [1;30mINFO[0m Skipping extension 'colcon_notification.desktop_notification.terminal_notifier': Not used on non-Darwin systems
[25.066s] [34mcolcon.colcon_core.plugin_system[0m [1;30mINFO[0m Skipping extension 'colcon_notification.desktop_notification.win32': Not used on non-Windows systems
[25.066s] [34mcolcon.colcon_notification.desktop_notification[0m [1;30mINFO[0m Sending desktop notification using 'notify2'
[25.080s] [34mcolcon.colcon_notification.desktop_notification.notify2[0m [1;30mDEBUG[0m [32mFailed to initialize notify2: org.freedesktop.DBus.Error.ServiceUnknown: The name org.freedesktop.Notifications was not provided by any .service files[0m
[25.080s] [34mcolcon.colcon_core.event_reactor[0m [1;30mDEBUG[0m [32mjoined thread[0m
[25.083s] [34mcolcon.colcon_core.shell[0m [1;30mINFO[0m Creating prefix script '/home/benboardley/src/ROV/X16-Surface/ros/install/local_setup.ps1'
[25.085s] [34mcolcon.colcon_core.shell[0m [1;30mINFO[0m Creating prefix util module '/home/benboardley/src/ROV/X16-Surface/ros/install/_local_setup_util_ps1.py'
[25.087s] [34mcolcon.colcon_core.shell[0m [1;30mINFO[0m Creating prefix chain script '/home/benboardley/src/ROV/X16-Surface/ros/install/setup.ps1'
[25.089s] [34mcolcon.colcon_core.shell[0m [1;30mINFO[0m Creating prefix script '/home/benboardley/src/ROV/X16-Surface/ros/install/local_setup.sh'
[25.090s] [34mcolcon.colcon_core.shell[0m [1;30mINFO[0m Creating prefix util module '/home/benboardley/src/ROV/X16-Surface/ros/install/_local_setup_util_sh.py'
[25.091s] [34mcolcon.colcon_core.shell[0m [1;30mINFO[0m Creating prefix chain script '/home/benboardley/src/ROV/X16-Surface/ros/install/setup.sh'
[25.093s] [34mcolcon.colcon_core.shell[0m [1;30mINFO[0m Creating prefix script '/home/benboardley/src/ROV/X16-Surface/ros/install/local_setup.bash'
[25.094s] [34mcolcon.colcon_core.shell[0m [1;30mINFO[0m Creating prefix chain script '/home/benboardley/src/ROV/X16-Surface/ros/install/setup.bash'
[25.095s] [34mcolcon.colcon_core.shell[0m [1;30mINFO[0m Creating prefix script '/home/benboardley/src/ROV/X16-Surface/ros/install/local_setup.zsh'
[25.096s] [34mcolcon.colcon_core.shell[0m [1;30mINFO[0m Creating prefix chain script '/home/benboardley/src/ROV/X16-Surface/ros/install/setup.zsh'
