[0.076s] Invoking command in '/home/benboardley/src/ROV/X16-Surface/build/ui': CMAKE_PREFIX_PATH=${CMAKE_PREFIX_PATH}:/opt/ros/humble WSLENV=ELECTRON_RUN_AS_NODE/w:WT_SESSION:WT_PROFILE_ID: /home/benboardley/.local/bin/cmake /home/benboardley/src/ROV/X16-Surface/ui -DCMAKE_INSTALL_PREFIX=/home/benboardley/src/ROV/X16-Surface/install/ui
[14.312s] -- The C compiler identification is GNU 11.4.0
[14.313s] -- The CXX compiler identification is GNU 11.4.0
[14.313s] -- Detecting C compiler ABI info
[14.313s] -- Detecting C compiler ABI info - done
[14.313s] -- Check for working C compiler: /usr/bin/cc - skipped
[14.314s] -- Detecting C compile features
[14.314s] -- Detecting C compile features - done
[14.314s] -- Detecting CXX compiler ABI info
[14.314s] -- Detecting CXX compiler ABI info - done
[14.315s] -- Check for working CXX compiler: /usr/bin/c++ - skipped
[14.315s] -- Detecting CXX compile features
[14.315s] -- Detecting CXX compile features - done
[14.316s] -- Found ament_cmake: 1.3.5 (/opt/ros/humble/share/ament_cmake/cmake)
[16.018s] -- Found Python3: /usr/bin/python3.10 (found version "3.10.12") found components: Interpreter 
[16.198s] -- Found rclpy: 3.3.9 (/opt/ros/humble/share/rclpy/cmake)
[16.365s] -- Found ament_lint_auto: 0.12.7 (/opt/ros/humble/share/ament_lint_auto/cmake)
[16.589s] -- Added test 'flake8' to check Python code syntax and style conventions
[16.591s] -- Added test 'lint_cmake' to check CMake code style
[16.593s] -- Added test 'pep257' to check Python code against some of the docstring style conventions in PEP 257
[16.596s] -- Added test 'xmllint' to check XML markup files
[16.602s] -- Configuring done (16.5s)
[16.615s] -- Generating done (0.0s)
[16.618s] -- Build files have been written to: /home/benboardley/src/ROV/X16-Surface/build/ui
[16.641s] Invoked command in '/home/benboardley/src/ROV/X16-Surface/build/ui' returned '0': CMAKE_PREFIX_PATH=${CMAKE_PREFIX_PATH}:/opt/ros/humble WSLENV=ELECTRON_RUN_AS_NODE/w:WT_SESSION:WT_PROFILE_ID: /home/benboardley/.local/bin/cmake /home/benboardley/src/ROV/X16-Surface/ui -DCMAKE_INSTALL_PREFIX=/home/benboardley/src/ROV/X16-Surface/install/ui
[16.644s] Invoking command in '/home/benboardley/src/ROV/X16-Surface/build/ui': CMAKE_PREFIX_PATH=${CMAKE_PREFIX_PATH}:/opt/ros/humble WSLENV=ELECTRON_RUN_AS_NODE/w:WT_SESSION:WT_PROFILE_ID: /home/benboardley/.local/bin/cmake --build /home/benboardley/src/ROV/X16-Surface/build/ui -- -j8 -l8
[16.740s] Built target ament_cmake_python_copy_ui
[17.111s] running egg_info
[17.113s] creating ui.egg-info
[17.145s] writing ui.egg-info/PKG-INFO
[17.146s] writing dependency_links to ui.egg-info/dependency_links.txt
[17.146s] writing top-level names to ui.egg-info/top_level.txt
[17.146s] writing manifest file 'ui.egg-info/SOURCES.txt'
[17.224s] reading manifest file 'ui.egg-info/SOURCES.txt'
[17.225s] writing manifest file 'ui.egg-info/SOURCES.txt'
[17.266s] Built target ament_cmake_python_build_ui_egg
[17.277s] Invoked command in '/home/benboardley/src/ROV/X16-Surface/build/ui' returned '0': CMAKE_PREFIX_PATH=${CMAKE_PREFIX_PATH}:/opt/ros/humble WSLENV=ELECTRON_RUN_AS_NODE/w:WT_SESSION:WT_PROFILE_ID: /home/benboardley/.local/bin/cmake --build /home/benboardley/src/ROV/X16-Surface/build/ui -- -j8 -l8
[17.351s] Invoking command in '/home/benboardley/src/ROV/X16-Surface/build/ui': CMAKE_PREFIX_PATH=${CMAKE_PREFIX_PATH}:/opt/ros/humble WSLENV=ELECTRON_RUN_AS_NODE/w:WT_SESSION:WT_PROFILE_ID: /home/benboardley/.local/bin/cmake --install /home/benboardley/src/ROV/X16-Surface/build/ui
[17.388s] -- Install configuration: ""
[17.388s] -- Installing: /home/benboardley/src/ROV/X16-Surface/install/ui/share/ui/environment/pythonpath.sh
[17.390s] -- Installing: /home/benboardley/src/ROV/X16-Surface/install/ui/share/ui/environment/pythonpath.dsv
[17.390s] -- Installing: /home/benboardley/src/ROV/X16-Surface/install/ui/local/lib/python3.10/dist-packages/ui-0.0.0-py3.10.egg-info
[17.390s] -- Installing: /home/benboardley/src/ROV/X16-Surface/install/ui/local/lib/python3.10/dist-packages/ui-0.0.0-py3.10.egg-info/dependency_links.txt
[17.391s] -- Installing: /home/benboardley/src/ROV/X16-Surface/install/ui/local/lib/python3.10/dist-packages/ui-0.0.0-py3.10.egg-info/PKG-INFO
[17.391s] -- Installing: /home/benboardley/src/ROV/X16-Surface/install/ui/local/lib/python3.10/dist-packages/ui-0.0.0-py3.10.egg-info/top_level.txt
[17.391s] -- Installing: /home/benboardley/src/ROV/X16-Surface/install/ui/local/lib/python3.10/dist-packages/ui-0.0.0-py3.10.egg-info/SOURCES.txt
[17.392s] -- Installing: /home/benboardley/src/ROV/X16-Surface/install/ui/local/lib/python3.10/dist-packages/ui
[17.392s] -- Installing: /home/benboardley/src/ROV/X16-Surface/install/ui/local/lib/python3.10/dist-packages/ui/__init__.py
[17.449s] Listing '/home/benboardley/src/ROV/X16-Surface/install/ui/local/lib/python3.10/dist-packages/ui'...
[17.450s] Compiling '/home/benboardley/src/ROV/X16-Surface/install/ui/local/lib/python3.10/dist-packages/ui/__init__.py'...
[17.455s] -- Installing: /home/benboardley/src/ROV/X16-Surface/install/ui/lib/ui/runner.py
[17.455s] -- Installing: /home/benboardley/src/ROV/X16-Surface/install/ui/lib/ui/streams.py
[17.456s] -- Installing: /home/benboardley/src/ROV/X16-Surface/install/ui/lib/ui/ssh_startup.py
[17.456s] -- Installing: /home/benboardley/src/ROV/X16-Surface/install/ui/lib/ui/controls.py
[17.456s] -- Installing: /home/benboardley/src/ROV/X16-Surface/install/ui/lib/ui/main.py
[17.456s] -- Installing: /home/benboardley/src/ROV/X16-Surface/install/ui/lib/ui/readouts.py
[17.456s] -- Installing: /home/benboardley/src/ROV/X16-Surface/install/ui/lib/ui/ThrustersSurface.py
[17.456s] -- Installing: /home/benboardley/src/ROV/X16-Surface/install/ui/lib/ui/DepthSurface.py
[17.457s] -- Installing: /home/benboardley/src/ROV/X16-Surface/install/ui/share/ament_index/resource_index/package_run_dependencies/ui
[17.457s] -- Installing: /home/benboardley/src/ROV/X16-Surface/install/ui/share/ament_index/resource_index/parent_prefix_path/ui
[17.458s] -- Installing: /home/benboardley/src/ROV/X16-Surface/install/ui/share/ui/environment/ament_prefix_path.sh
[17.458s] -- Installing: /home/benboardley/src/ROV/X16-Surface/install/ui/share/ui/environment/ament_prefix_path.dsv
[17.458s] -- Installing: /home/benboardley/src/ROV/X16-Surface/install/ui/share/ui/environment/path.sh
[17.458s] -- Installing: /home/benboardley/src/ROV/X16-Surface/install/ui/share/ui/environment/path.dsv
[17.459s] -- Installing: /home/benboardley/src/ROV/X16-Surface/install/ui/share/ui/local_setup.bash
[17.459s] -- Installing: /home/benboardley/src/ROV/X16-Surface/install/ui/share/ui/local_setup.sh
[17.459s] -- Installing: /home/benboardley/src/ROV/X16-Surface/install/ui/share/ui/local_setup.zsh
[17.459s] -- Installing: /home/benboardley/src/ROV/X16-Surface/install/ui/share/ui/local_setup.dsv
[17.460s] -- Installing: /home/benboardley/src/ROV/X16-Surface/install/ui/share/ui/package.dsv
[17.460s] -- Installing: /home/benboardley/src/ROV/X16-Surface/install/ui/share/ament_index/resource_index/packages/ui
[17.461s] -- Installing: /home/benboardley/src/ROV/X16-Surface/install/ui/share/ui/cmake/uiConfig.cmake
[17.461s] -- Installing: /home/benboardley/src/ROV/X16-Surface/install/ui/share/ui/cmake/uiConfig-version.cmake
[17.462s] -- Installing: /home/benboardley/src/ROV/X16-Surface/install/ui/share/ui/package.xml
[17.474s] Invoked command in '/home/benboardley/src/ROV/X16-Surface/build/ui' returned '0': CMAKE_PREFIX_PATH=${CMAKE_PREFIX_PATH}:/opt/ros/humble WSLENV=ELECTRON_RUN_AS_NODE/w:WT_SESSION:WT_PROFILE_ID: /home/benboardley/.local/bin/cmake --install /home/benboardley/src/ROV/X16-Surface/build/ui
