[0.338s] Invoking command in '/home/bboardle/src/X16-Surface/build/depth_comm': CMAKE_PREFIX_PATH=${CMAKE_PREFIX_PATH}:/opt/ros/humble /usr/bin/cmake /home/bboardle/src/X16-Surface/ros/depth_comm -DCMAKE_INSTALL_PREFIX=/home/bboardle/src/X16-Surface/install/depth_comm
[0.508s] -- The C compiler identification is GNU 11.4.0
[0.774s] -- The CXX compiler identification is GNU 11.4.0
[0.993s] -- Detecting C compiler ABI info
[1.129s] -- Detecting C compiler ABI info - done
[1.138s] -- Check for working C compiler: /usr/bin/cc - skipped
[1.139s] -- Detecting C compile features
[1.139s] -- Detecting C compile features - done
[1.145s] -- Detecting CXX compiler ABI info
[1.278s] -- Detecting CXX compiler ABI info - done
[1.295s] -- Check for working CXX compiler: /usr/bin/c++ - skipped
[1.296s] -- Detecting CXX compile features
[1.296s] -- Detecting CXX compile features - done
[1.300s] -- Found ament_cmake: 1.3.6 (/opt/ros/humble/share/ament_cmake/cmake)
[1.558s] -- Found Python3: /usr/bin/python3.10 (found version "3.10.12") found components: Interpreter 
[1.669s] -- Found rclpy: 3.3.11 (/opt/ros/humble/share/rclpy/cmake)
[1.766s] -- Found ament_lint_auto: 0.12.9 (/opt/ros/humble/share/ament_lint_auto/cmake)
[1.864s] -- Added test 'flake8' to check Python code syntax and style conventions
[1.865s] -- Added test 'lint_cmake' to check CMake code style
[1.866s] -- Added test 'pep257' to check Python code against some of the docstring style conventions in PEP 257
[1.867s] -- Added test 'xmllint' to check XML markup files
[1.869s] -- Configuring done
[1.874s] -- Generating done
[1.875s] -- Build files have been written to: /home/bboardle/src/X16-Surface/build/depth_comm
[1.882s] Invoked command in '/home/bboardle/src/X16-Surface/build/depth_comm' returned '0': CMAKE_PREFIX_PATH=${CMAKE_PREFIX_PATH}:/opt/ros/humble /usr/bin/cmake /home/bboardle/src/X16-Surface/ros/depth_comm -DCMAKE_INSTALL_PREFIX=/home/bboardle/src/X16-Surface/install/depth_comm
[1.885s] Invoking command in '/home/bboardle/src/X16-Surface/build/depth_comm': CMAKE_PREFIX_PATH=${CMAKE_PREFIX_PATH}:/opt/ros/humble /usr/bin/cmake --build /home/bboardle/src/X16-Surface/build/depth_comm -- -j16 -l16
[1.931s] Built target ament_cmake_python_copy_depth_comm
[2.165s] running egg_info
[2.165s] creating depth_comm.egg-info
[2.165s] writing depth_comm.egg-info/PKG-INFO
[2.166s] writing dependency_links to depth_comm.egg-info/dependency_links.txt
[2.166s] writing top-level names to depth_comm.egg-info/top_level.txt
[2.166s] writing manifest file 'depth_comm.egg-info/SOURCES.txt'
[2.168s] reading manifest file 'depth_comm.egg-info/SOURCES.txt'
[2.168s] writing manifest file 'depth_comm.egg-info/SOURCES.txt'
[2.200s] Built target ament_cmake_python_build_depth_comm_egg
[2.212s] Invoked command in '/home/bboardle/src/X16-Surface/build/depth_comm' returned '0': CMAKE_PREFIX_PATH=${CMAKE_PREFIX_PATH}:/opt/ros/humble /usr/bin/cmake --build /home/bboardle/src/X16-Surface/build/depth_comm -- -j16 -l16
[2.239s] Invoking command in '/home/bboardle/src/X16-Surface/build/depth_comm': CMAKE_PREFIX_PATH=${CMAKE_PREFIX_PATH}:/opt/ros/humble /usr/bin/cmake --install /home/bboardle/src/X16-Surface/build/depth_comm
[2.246s] -- Install configuration: ""
[2.246s] -- Installing: /home/bboardle/src/X16-Surface/install/depth_comm/share/depth_comm/environment/pythonpath.sh
[2.246s] -- Installing: /home/bboardle/src/X16-Surface/install/depth_comm/share/depth_comm/environment/pythonpath.dsv
[2.246s] -- Installing: /home/bboardle/src/X16-Surface/install/depth_comm/local/lib/python3.10/dist-packages/depth_comm-0.0.0-py3.10.egg-info
[2.247s] -- Installing: /home/bboardle/src/X16-Surface/install/depth_comm/local/lib/python3.10/dist-packages/depth_comm-0.0.0-py3.10.egg-info/top_level.txt
[2.247s] -- Installing: /home/bboardle/src/X16-Surface/install/depth_comm/local/lib/python3.10/dist-packages/depth_comm-0.0.0-py3.10.egg-info/dependency_links.txt
[2.248s] -- Installing: /home/bboardle/src/X16-Surface/install/depth_comm/local/lib/python3.10/dist-packages/depth_comm-0.0.0-py3.10.egg-info/SOURCES.txt
[2.248s] -- Installing: /home/bboardle/src/X16-Surface/install/depth_comm/local/lib/python3.10/dist-packages/depth_comm-0.0.0-py3.10.egg-info/PKG-INFO
[2.248s] -- Installing: /home/bboardle/src/X16-Surface/install/depth_comm/local/lib/python3.10/dist-packages/depth_comm
[2.248s] -- Installing: /home/bboardle/src/X16-Surface/install/depth_comm/local/lib/python3.10/dist-packages/depth_comm/__init__.py
[2.284s] Listing '/home/bboardle/src/X16-Surface/install/depth_comm/local/lib/python3.10/dist-packages/depth_comm'...
[2.285s] Compiling '/home/bboardle/src/X16-Surface/install/depth_comm/local/lib/python3.10/dist-packages/depth_comm/__init__.py'...
[2.291s] -- Installing: /home/bboardle/src/X16-Surface/install/depth_comm/lib/depth_comm/depth.py
[2.291s] -- Installing: /home/bboardle/src/X16-Surface/install/depth_comm/share/ament_index/resource_index/package_run_dependencies/depth_comm
[2.291s] -- Installing: /home/bboardle/src/X16-Surface/install/depth_comm/share/ament_index/resource_index/parent_prefix_path/depth_comm
[2.292s] -- Installing: /home/bboardle/src/X16-Surface/install/depth_comm/share/depth_comm/environment/ament_prefix_path.sh
[2.292s] -- Installing: /home/bboardle/src/X16-Surface/install/depth_comm/share/depth_comm/environment/ament_prefix_path.dsv
[2.292s] -- Installing: /home/bboardle/src/X16-Surface/install/depth_comm/share/depth_comm/environment/path.sh
[2.292s] -- Installing: /home/bboardle/src/X16-Surface/install/depth_comm/share/depth_comm/environment/path.dsv
[2.292s] -- Installing: /home/bboardle/src/X16-Surface/install/depth_comm/share/depth_comm/local_setup.bash
[2.293s] -- Installing: /home/bboardle/src/X16-Surface/install/depth_comm/share/depth_comm/local_setup.sh
[2.293s] -- Installing: /home/bboardle/src/X16-Surface/install/depth_comm/share/depth_comm/local_setup.zsh
[2.293s] -- Installing: /home/bboardle/src/X16-Surface/install/depth_comm/share/depth_comm/local_setup.dsv
[2.293s] -- Installing: /home/bboardle/src/X16-Surface/install/depth_comm/share/depth_comm/package.dsv
[2.293s] -- Installing: /home/bboardle/src/X16-Surface/install/depth_comm/share/ament_index/resource_index/packages/depth_comm
[2.294s] -- Installing: /home/bboardle/src/X16-Surface/install/depth_comm/share/depth_comm/cmake/depth_commConfig.cmake
[2.294s] -- Installing: /home/bboardle/src/X16-Surface/install/depth_comm/share/depth_comm/cmake/depth_commConfig-version.cmake
[2.294s] -- Installing: /home/bboardle/src/X16-Surface/install/depth_comm/share/depth_comm/package.xml
[2.296s] Invoked command in '/home/bboardle/src/X16-Surface/build/depth_comm' returned '0': CMAKE_PREFIX_PATH=${CMAKE_PREFIX_PATH}:/opt/ros/humble /usr/bin/cmake --install /home/bboardle/src/X16-Surface/build/depth_comm
