-- The C compiler identification is GNU 11.4.0
-- The CXX compiler identification is GNU 11.4.0
-- Detecting C compiler ABI info
-- Detecting C compiler ABI info - done
-- Check for working C compiler: /usr/bin/cc - skipped
-- Detecting C compile features
-- Detecting C compile features - done
-- Detecting CXX compiler ABI info
-- Detecting CXX compiler ABI info - done
-- Check for working CXX compiler: /usr/bin/c++ - skipped
-- Detecting CXX compile features
-- Detecting CXX compile features - done
-- Found ament_cmake: 1.3.5 (/opt/ros/humble/share/ament_cmake/cmake)
-- Found Python3: /usr/bin/python3.10 (found version "3.10.12") found components: Interpreter 
-- Found rclpy: 3.3.9 (/opt/ros/humble/share/rclpy/cmake)
-- Found ament_lint_auto: 0.12.7 (/opt/ros/humble/share/ament_lint_auto/cmake)
-- Added test 'flake8' to check Python code syntax and style conventions
-- Added test 'lint_cmake' to check CMake code style
-- Added test 'pep257' to check Python code against some of the docstring style conventions in PEP 257
-- Added test 'xmllint' to check XML markup files
-- Configuring done (14.7s)
-- Generating done (0.0s)
-- Build files have been written to: /home/benboardley/src/ROV/X16-Surface/build/depth_comm
Built target ament_cmake_python_copy_depth_comm
running egg_info
creating depth_comm.egg-info
writing depth_comm.egg-info/PKG-INFO
writing dependency_links to depth_comm.egg-info/dependency_links.txt
writing top-level names to depth_comm.egg-info/top_level.txt
writing manifest file 'depth_comm.egg-info/SOURCES.txt'
reading manifest file 'depth_comm.egg-info/SOURCES.txt'
writing manifest file 'depth_comm.egg-info/SOURCES.txt'
Built target ament_cmake_python_build_depth_comm_egg
-- Install configuration: ""
-- Installing: /home/benboardley/src/ROV/X16-Surface/install/depth_comm/share/depth_comm/environment/pythonpath.sh
-- Installing: /home/benboardley/src/ROV/X16-Surface/install/depth_comm/share/depth_comm/environment/pythonpath.dsv
-- Installing: /home/benboardley/src/ROV/X16-Surface/install/depth_comm/local/lib/python3.10/dist-packages/depth_comm-0.0.0-py3.10.egg-info
-- Installing: /home/benboardley/src/ROV/X16-Surface/install/depth_comm/local/lib/python3.10/dist-packages/depth_comm-0.0.0-py3.10.egg-info/dependency_links.txt
-- Installing: /home/benboardley/src/ROV/X16-Surface/install/depth_comm/local/lib/python3.10/dist-packages/depth_comm-0.0.0-py3.10.egg-info/PKG-INFO
-- Installing: /home/benboardley/src/ROV/X16-Surface/install/depth_comm/local/lib/python3.10/dist-packages/depth_comm-0.0.0-py3.10.egg-info/top_level.txt
-- Installing: /home/benboardley/src/ROV/X16-Surface/install/depth_comm/local/lib/python3.10/dist-packages/depth_comm-0.0.0-py3.10.egg-info/SOURCES.txt
-- Installing: /home/benboardley/src/ROV/X16-Surface/install/depth_comm/local/lib/python3.10/dist-packages/depth_comm
-- Installing: /home/benboardley/src/ROV/X16-Surface/install/depth_comm/local/lib/python3.10/dist-packages/depth_comm/__init__.py
Listing '/home/benboardley/src/ROV/X16-Surface/install/depth_comm/local/lib/python3.10/dist-packages/depth_comm'...
Compiling '/home/benboardley/src/ROV/X16-Surface/install/depth_comm/local/lib/python3.10/dist-packages/depth_comm/__init__.py'...
-- Installing: /home/benboardley/src/ROV/X16-Surface/install/depth_comm/lib/depth_comm/depth.py
-- Installing: /home/benboardley/src/ROV/X16-Surface/install/depth_comm/share/ament_index/resource_index/package_run_dependencies/depth_comm
-- Installing: /home/benboardley/src/ROV/X16-Surface/install/depth_comm/share/ament_index/resource_index/parent_prefix_path/depth_comm
-- Installing: /home/benboardley/src/ROV/X16-Surface/install/depth_comm/share/depth_comm/environment/ament_prefix_path.sh
-- Installing: /home/benboardley/src/ROV/X16-Surface/install/depth_comm/share/depth_comm/environment/ament_prefix_path.dsv
-- Installing: /home/benboardley/src/ROV/X16-Surface/install/depth_comm/share/depth_comm/environment/path.sh
-- Installing: /home/benboardley/src/ROV/X16-Surface/install/depth_comm/share/depth_comm/environment/path.dsv
-- Installing: /home/benboardley/src/ROV/X16-Surface/install/depth_comm/share/depth_comm/local_setup.bash
-- Installing: /home/benboardley/src/ROV/X16-Surface/install/depth_comm/share/depth_comm/local_setup.sh
-- Installing: /home/benboardley/src/ROV/X16-Surface/install/depth_comm/share/depth_comm/local_setup.zsh
-- Installing: /home/benboardley/src/ROV/X16-Surface/install/depth_comm/share/depth_comm/local_setup.dsv
-- Installing: /home/benboardley/src/ROV/X16-Surface/install/depth_comm/share/depth_comm/package.dsv
-- Installing: /home/benboardley/src/ROV/X16-Surface/install/depth_comm/share/ament_index/resource_index/packages/depth_comm
-- Installing: /home/benboardley/src/ROV/X16-Surface/install/depth_comm/share/depth_comm/cmake/depth_commConfig.cmake
-- Installing: /home/benboardley/src/ROV/X16-Surface/install/depth_comm/share/depth_comm/cmake/depth_commConfig-version.cmake
-- Installing: /home/benboardley/src/ROV/X16-Surface/install/depth_comm/share/depth_comm/package.xml
