[0.080s] Invoking command in '/home/benboardley/src/ROV/X16-Surface/build/depth_comm': CMAKE_PREFIX_PATH=${CMAKE_PREFIX_PATH}:/opt/ros/humble WSLENV=ELECTRON_RUN_AS_NODE/w:WT_SESSION:WT_PROFILE_ID: /home/benboardley/.local/bin/cmake /home/benboardley/src/ROV/X16-Surface/ros/depth_comm -DCMAKE_INSTALL_PREFIX=/home/benboardley/src/ROV/X16-Surface/install/depth_comm
[0.448s] -- The C compiler identification is GNU 11.4.0
[2.844s] -- The CXX compiler identification is GNU 11.4.0
[5.556s] -- Detecting C compiler ABI info
[6.276s] -- Detecting C compiler ABI info - done
[6.298s] -- Check for working C compiler: /usr/bin/cc - skipped
[6.298s] -- Detecting C compile features
[6.299s] -- Detecting C compile features - done
[6.551s] -- Detecting CXX compiler ABI info
[7.275s] -- Detecting CXX compiler ABI info - done
[7.305s] -- Check for working CXX compiler: /usr/bin/c++ - skipped
[7.305s] -- Detecting CXX compile features
[7.307s] -- Detecting CXX compile features - done
[7.314s] -- Found ament_cmake: 1.3.5 (/opt/ros/humble/share/ament_cmake/cmake)
[14.116s] -- Found Python3: /usr/bin/python3.10 (found version "3.10.12") found components: Interpreter 
[14.332s] -- Found rclpy: 3.3.9 (/opt/ros/humble/share/rclpy/cmake)
[14.552s] -- Found ament_lint_auto: 0.12.7 (/opt/ros/humble/share/ament_lint_auto/cmake)
[14.843s] -- Added test 'flake8' to check Python code syntax and style conventions
[14.852s] -- Added test 'lint_cmake' to check CMake code style
[14.853s] -- Added test 'pep257' to check Python code against some of the docstring style conventions in PEP 257
[14.853s] -- Added test 'xmllint' to check XML markup files
[14.864s] -- Configuring done (14.7s)
[14.881s] -- Generating done (0.0s)
[14.881s] -- Build files have been written to: /home/benboardley/src/ROV/X16-Surface/build/depth_comm
[14.903s] Invoked command in '/home/benboardley/src/ROV/X16-Surface/build/depth_comm' returned '0': CMAKE_PREFIX_PATH=${CMAKE_PREFIX_PATH}:/opt/ros/humble WSLENV=ELECTRON_RUN_AS_NODE/w:WT_SESSION:WT_PROFILE_ID: /home/benboardley/.local/bin/cmake /home/benboardley/src/ROV/X16-Surface/ros/depth_comm -DCMAKE_INSTALL_PREFIX=/home/benboardley/src/ROV/X16-Surface/install/depth_comm
[14.907s] Invoking command in '/home/benboardley/src/ROV/X16-Surface/build/depth_comm': CMAKE_PREFIX_PATH=${CMAKE_PREFIX_PATH}:/opt/ros/humble WSLENV=ELECTRON_RUN_AS_NODE/w:WT_SESSION:WT_PROFILE_ID: /home/benboardley/.local/bin/cmake --build /home/benboardley/src/ROV/X16-Surface/build/depth_comm -- -j8 -l8
[15.396s] Built target ament_cmake_python_copy_depth_comm
[15.514s] running egg_info
[15.516s] creating depth_comm.egg-info
[15.556s] writing depth_comm.egg-info/PKG-INFO
[15.556s] writing dependency_links to depth_comm.egg-info/dependency_links.txt
[15.558s] writing top-level names to depth_comm.egg-info/top_level.txt
[15.558s] writing manifest file 'depth_comm.egg-info/SOURCES.txt'
[15.671s] reading manifest file 'depth_comm.egg-info/SOURCES.txt'
[15.674s] writing manifest file 'depth_comm.egg-info/SOURCES.txt'
[15.720s] Built target ament_cmake_python_build_depth_comm_egg
[15.742s] Invoked command in '/home/benboardley/src/ROV/X16-Surface/build/depth_comm' returned '0': CMAKE_PREFIX_PATH=${CMAKE_PREFIX_PATH}:/opt/ros/humble WSLENV=ELECTRON_RUN_AS_NODE/w:WT_SESSION:WT_PROFILE_ID: /home/benboardley/.local/bin/cmake --build /home/benboardley/src/ROV/X16-Surface/build/depth_comm -- -j8 -l8
[15.843s] Invoking command in '/home/benboardley/src/ROV/X16-Surface/build/depth_comm': CMAKE_PREFIX_PATH=${CMAKE_PREFIX_PATH}:/opt/ros/humble WSLENV=ELECTRON_RUN_AS_NODE/w:WT_SESSION:WT_PROFILE_ID: /home/benboardley/.local/bin/cmake --install /home/benboardley/src/ROV/X16-Surface/build/depth_comm
[15.910s] -- Install configuration: ""
[15.912s] -- Installing: /home/benboardley/src/ROV/X16-Surface/install/depth_comm/share/depth_comm/environment/pythonpath.sh
[15.914s] -- Installing: /home/benboardley/src/ROV/X16-Surface/install/depth_comm/share/depth_comm/environment/pythonpath.dsv
[15.915s] -- Installing: /home/benboardley/src/ROV/X16-Surface/install/depth_comm/local/lib/python3.10/dist-packages/depth_comm-0.0.0-py3.10.egg-info
[15.918s] -- Installing: /home/benboardley/src/ROV/X16-Surface/install/depth_comm/local/lib/python3.10/dist-packages/depth_comm-0.0.0-py3.10.egg-info/dependency_links.txt
[15.920s] -- Installing: /home/benboardley/src/ROV/X16-Surface/install/depth_comm/local/lib/python3.10/dist-packages/depth_comm-0.0.0-py3.10.egg-info/PKG-INFO
[15.924s] -- Installing: /home/benboardley/src/ROV/X16-Surface/install/depth_comm/local/lib/python3.10/dist-packages/depth_comm-0.0.0-py3.10.egg-info/top_level.txt
[15.927s] -- Installing: /home/benboardley/src/ROV/X16-Surface/install/depth_comm/local/lib/python3.10/dist-packages/depth_comm-0.0.0-py3.10.egg-info/SOURCES.txt
[15.929s] -- Installing: /home/benboardley/src/ROV/X16-Surface/install/depth_comm/local/lib/python3.10/dist-packages/depth_comm
[15.930s] -- Installing: /home/benboardley/src/ROV/X16-Surface/install/depth_comm/local/lib/python3.10/dist-packages/depth_comm/__init__.py
[16.012s] Listing '/home/benboardley/src/ROV/X16-Surface/install/depth_comm/local/lib/python3.10/dist-packages/depth_comm'...
[16.012s] Compiling '/home/benboardley/src/ROV/X16-Surface/install/depth_comm/local/lib/python3.10/dist-packages/depth_comm/__init__.py'...
[16.023s] -- Installing: /home/benboardley/src/ROV/X16-Surface/install/depth_comm/lib/depth_comm/depth.py
[16.023s] -- Installing: /home/benboardley/src/ROV/X16-Surface/install/depth_comm/share/ament_index/resource_index/package_run_dependencies/depth_comm
[16.024s] -- Installing: /home/benboardley/src/ROV/X16-Surface/install/depth_comm/share/ament_index/resource_index/parent_prefix_path/depth_comm
[16.025s] -- Installing: /home/benboardley/src/ROV/X16-Surface/install/depth_comm/share/depth_comm/environment/ament_prefix_path.sh
[16.025s] -- Installing: /home/benboardley/src/ROV/X16-Surface/install/depth_comm/share/depth_comm/environment/ament_prefix_path.dsv
[16.038s] -- Installing: /home/benboardley/src/ROV/X16-Surface/install/depth_comm/share/depth_comm/environment/path.sh
[16.039s] -- Installing: /home/benboardley/src/ROV/X16-Surface/install/depth_comm/share/depth_comm/environment/path.dsv
[16.040s] -- Installing: /home/benboardley/src/ROV/X16-Surface/install/depth_comm/share/depth_comm/local_setup.bash
[16.041s] -- Installing: /home/benboardley/src/ROV/X16-Surface/install/depth_comm/share/depth_comm/local_setup.sh
[16.041s] -- Installing: /home/benboardley/src/ROV/X16-Surface/install/depth_comm/share/depth_comm/local_setup.zsh
[16.042s] -- Installing: /home/benboardley/src/ROV/X16-Surface/install/depth_comm/share/depth_comm/local_setup.dsv
[16.043s] -- Installing: /home/benboardley/src/ROV/X16-Surface/install/depth_comm/share/depth_comm/package.dsv
[16.043s] -- Installing: /home/benboardley/src/ROV/X16-Surface/install/depth_comm/share/ament_index/resource_index/packages/depth_comm
[16.046s] -- Installing: /home/benboardley/src/ROV/X16-Surface/install/depth_comm/share/depth_comm/cmake/depth_commConfig.cmake
[16.046s] -- Installing: /home/benboardley/src/ROV/X16-Surface/install/depth_comm/share/depth_comm/cmake/depth_commConfig-version.cmake
[16.047s] -- Installing: /home/benboardley/src/ROV/X16-Surface/install/depth_comm/share/depth_comm/package.xml
[16.048s] Invoked command in '/home/benboardley/src/ROV/X16-Surface/build/depth_comm' returned '0': CMAKE_PREFIX_PATH=${CMAKE_PREFIX_PATH}:/opt/ros/humble WSLENV=ELECTRON_RUN_AS_NODE/w:WT_SESSION:WT_PROFILE_ID: /home/benboardley/.local/bin/cmake --install /home/benboardley/src/ROV/X16-Surface/build/depth_comm
