[0.056s] Invoking command in '/home/benboardley/src/ROV/X16-Surface/ros/build/depth_comm': CMAKE_PREFIX_PATH=/opt/ros/humble WSLENV=ELECTRON_RUN_AS_NODE/w: /home/benboardley/.local/bin/cmake /home/benboardley/src/ROV/X16-Surface/ros/depth_comm -DCMAKE_INSTALL_PREFIX=/home/benboardley/src/ROV/X16-Surface/ros/install/depth_comm
[0.581s] -- The C compiler identification is GNU 11.4.0
[2.142s] -- The CXX compiler identification is GNU 11.4.0
[4.008s] -- Detecting C compiler ABI info
[4.425s] -- Detecting C compiler ABI info - done
[4.444s] -- Check for working C compiler: /usr/bin/cc - skipped
[4.444s] -- Detecting C compile features
[4.444s] -- Detecting C compile features - done
[4.666s] -- Detecting CXX compiler ABI info
[5.141s] -- Detecting CXX compiler ABI info - done
[5.161s] -- Check for working CXX compiler: /usr/bin/c++ - skipped
[5.161s] -- Detecting CXX compile features
[5.162s] -- Detecting CXX compile features - done
[5.165s] -- Found ament_cmake: 1.3.5 (/opt/ros/humble/share/ament_cmake/cmake)
[9.012s] -- Found Python3: /usr/bin/python3.10 (found version "3.10.12") found components: Interpreter 
[9.124s] -- Found rclpy: 3.3.9 (/opt/ros/humble/share/rclpy/cmake)
[9.241s] -- Found ament_lint_auto: 0.12.7 (/opt/ros/humble/share/ament_lint_auto/cmake)
[9.352s] -- Added test 'flake8' to check Python code syntax and style conventions
[9.354s] -- Added test 'lint_cmake' to check CMake code style
[9.355s] -- Added test 'pep257' to check Python code against some of the docstring style conventions in PEP 257
[9.357s] -- Added test 'xmllint' to check XML markup files
[9.360s] -- Configuring done (9.2s)
[9.371s] -- Generating done (0.0s)
[9.374s] -- Build files have been written to: /home/benboardley/src/ROV/X16-Surface/ros/build/depth_comm
[9.387s] Invoked command in '/home/benboardley/src/ROV/X16-Surface/ros/build/depth_comm' returned '0': CMAKE_PREFIX_PATH=/opt/ros/humble WSLENV=ELECTRON_RUN_AS_NODE/w: /home/benboardley/.local/bin/cmake /home/benboardley/src/ROV/X16-Surface/ros/depth_comm -DCMAKE_INSTALL_PREFIX=/home/benboardley/src/ROV/X16-Surface/ros/install/depth_comm
[9.390s] Invoking command in '/home/benboardley/src/ROV/X16-Surface/ros/build/depth_comm': CMAKE_PREFIX_PATH=/opt/ros/humble WSLENV=ELECTRON_RUN_AS_NODE/w: /home/benboardley/.local/bin/cmake --build /home/benboardley/src/ROV/X16-Surface/ros/build/depth_comm -- -j8 -l8
[9.448s] Built target ament_cmake_python_copy_depth_comm
[9.739s] running egg_info
[9.741s] creating depth_comm.egg-info
[9.770s] writing depth_comm.egg-info/PKG-INFO
[9.770s] writing dependency_links to depth_comm.egg-info/dependency_links.txt
[9.771s] writing top-level names to depth_comm.egg-info/top_level.txt
[9.771s] writing manifest file 'depth_comm.egg-info/SOURCES.txt'
[9.841s] reading manifest file 'depth_comm.egg-info/SOURCES.txt'
[9.842s] writing manifest file 'depth_comm.egg-info/SOURCES.txt'
[9.880s] Built target ament_cmake_python_build_depth_comm_egg
[9.897s] Invoked command in '/home/benboardley/src/ROV/X16-Surface/ros/build/depth_comm' returned '0': CMAKE_PREFIX_PATH=/opt/ros/humble WSLENV=ELECTRON_RUN_AS_NODE/w: /home/benboardley/.local/bin/cmake --build /home/benboardley/src/ROV/X16-Surface/ros/build/depth_comm -- -j8 -l8
[10.044s] Invoking command in '/home/benboardley/src/ROV/X16-Surface/ros/build/depth_comm': CMAKE_PREFIX_PATH=/opt/ros/humble WSLENV=ELECTRON_RUN_AS_NODE/w: /home/benboardley/.local/bin/cmake --install /home/benboardley/src/ROV/X16-Surface/ros/build/depth_comm
[10.087s] -- Install configuration: ""
[10.088s] -- Installing: /home/benboardley/src/ROV/X16-Surface/ros/install/depth_comm/share/depth_comm/environment/pythonpath.sh
[10.089s] -- Installing: /home/benboardley/src/ROV/X16-Surface/ros/install/depth_comm/share/depth_comm/environment/pythonpath.dsv
[10.089s] -- Installing: /home/benboardley/src/ROV/X16-Surface/ros/install/depth_comm/local/lib/python3.10/dist-packages/depth_comm-0.0.0-py3.10.egg-info
[10.090s] -- Installing: /home/benboardley/src/ROV/X16-Surface/ros/install/depth_comm/local/lib/python3.10/dist-packages/depth_comm-0.0.0-py3.10.egg-info/dependency_links.txt
[10.091s] -- Installing: /home/benboardley/src/ROV/X16-Surface/ros/install/depth_comm/local/lib/python3.10/dist-packages/depth_comm-0.0.0-py3.10.egg-info/PKG-INFO
[10.091s] -- Installing: /home/benboardley/src/ROV/X16-Surface/ros/install/depth_comm/local/lib/python3.10/dist-packages/depth_comm-0.0.0-py3.10.egg-info/top_level.txt
[10.091s] -- Installing: /home/benboardley/src/ROV/X16-Surface/ros/install/depth_comm/local/lib/python3.10/dist-packages/depth_comm-0.0.0-py3.10.egg-info/SOURCES.txt
[10.091s] -- Installing: /home/benboardley/src/ROV/X16-Surface/ros/install/depth_comm/local/lib/python3.10/dist-packages/depth_comm
[10.092s] -- Installing: /home/benboardley/src/ROV/X16-Surface/ros/install/depth_comm/local/lib/python3.10/dist-packages/depth_comm/__init__.py
[10.137s] Listing '/home/benboardley/src/ROV/X16-Surface/ros/install/depth_comm/local/lib/python3.10/dist-packages/depth_comm'...
[10.137s] Compiling '/home/benboardley/src/ROV/X16-Surface/ros/install/depth_comm/local/lib/python3.10/dist-packages/depth_comm/__init__.py'...
[10.145s] -- Installing: /home/benboardley/src/ROV/X16-Surface/ros/install/depth_comm/lib/depth_comm/depth.py
[10.146s] -- Installing: /home/benboardley/src/ROV/X16-Surface/ros/install/depth_comm/share/ament_index/resource_index/package_run_dependencies/depth_comm
[10.146s] -- Installing: /home/benboardley/src/ROV/X16-Surface/ros/install/depth_comm/share/ament_index/resource_index/parent_prefix_path/depth_comm
[10.147s] -- Installing: /home/benboardley/src/ROV/X16-Surface/ros/install/depth_comm/share/depth_comm/environment/ament_prefix_path.sh
[10.147s] -- Installing: /home/benboardley/src/ROV/X16-Surface/ros/install/depth_comm/share/depth_comm/environment/ament_prefix_path.dsv
[10.147s] -- Installing: /home/benboardley/src/ROV/X16-Surface/ros/install/depth_comm/share/depth_comm/environment/path.sh
[10.148s] -- Installing: /home/benboardley/src/ROV/X16-Surface/ros/install/depth_comm/share/depth_comm/environment/path.dsv
[10.148s] -- Installing: /home/benboardley/src/ROV/X16-Surface/ros/install/depth_comm/share/depth_comm/local_setup.bash
[10.148s] -- Installing: /home/benboardley/src/ROV/X16-Surface/ros/install/depth_comm/share/depth_comm/local_setup.sh
[10.149s] -- Installing: /home/benboardley/src/ROV/X16-Surface/ros/install/depth_comm/share/depth_comm/local_setup.zsh
[10.149s] -- Installing: /home/benboardley/src/ROV/X16-Surface/ros/install/depth_comm/share/depth_comm/local_setup.dsv
[10.149s] -- Installing: /home/benboardley/src/ROV/X16-Surface/ros/install/depth_comm/share/depth_comm/package.dsv
[10.150s] -- Installing: /home/benboardley/src/ROV/X16-Surface/ros/install/depth_comm/share/ament_index/resource_index/packages/depth_comm
[10.150s] -- Installing: /home/benboardley/src/ROV/X16-Surface/ros/install/depth_comm/share/depth_comm/cmake/depth_commConfig.cmake
[10.151s] -- Installing: /home/benboardley/src/ROV/X16-Surface/ros/install/depth_comm/share/depth_comm/cmake/depth_commConfig-version.cmake
[10.151s] -- Installing: /home/benboardley/src/ROV/X16-Surface/ros/install/depth_comm/share/depth_comm/package.xml
[10.159s] Invoked command in '/home/benboardley/src/ROV/X16-Surface/ros/build/depth_comm' returned '0': CMAKE_PREFIX_PATH=/opt/ros/humble WSLENV=ELECTRON_RUN_AS_NODE/w: /home/benboardley/.local/bin/cmake --install /home/benboardley/src/ROV/X16-Surface/ros/build/depth_comm
