-- The C compiler identification is GNU 11.4.0
-- The CXX compiler identification is GNU 11.4.0
-- Detecting C compiler ABI info
-- Detecting C compiler ABI info - done
-- Check for working C compiler: /usr/bin/cc - skipped
-- Detecting C compile features
-- Detecting C compile features - done
-- Detecting CXX compiler ABI info
-- Detecting CXX compiler ABI info - done
-- Check for working CXX compiler: /usr/bin/c++ - skipped
-- Detecting CXX compile features
-- Detecting CXX compile features - done
-- Found ament_cmake: 1.3.5 (/opt/ros/humble/share/ament_cmake/cmake)
-- Found Python3: /usr/bin/python3.10 (found version "3.10.12") found components: Interpreter 
-- Found builtin_interfaces: 1.2.1 (/opt/ros/humble/share/builtin_interfaces/cmake)
-- Found rosidl_generator_c: 3.1.5 (/opt/ros/humble/share/rosidl_generator_c/cmake)
-- Found rosidl_adapter: 3.1.5 (/opt/ros/humble/share/rosidl_adapter/cmake)
-- Found rosidl_generator_cpp: 3.1.5 (/opt/ros/humble/share/rosidl_generator_cpp/cmake)
-- Using all available rosidl_typesupport_c: rosidl_typesupport_fastrtps_c;rosidl_typesupport_introspection_c
-- Using all available rosidl_typesupport_cpp: rosidl_typesupport_fastrtps_cpp;rosidl_typesupport_introspection_cpp
-- Found rosidl_default_generators: 1.2.0 (/opt/ros/humble/share/rosidl_default_generators/cmake)
-- Found sensor_msgs: 4.2.3 (/opt/ros/humble/share/sensor_msgs/cmake)
-- Found ament_cmake_ros: 0.10.0 (/opt/ros/humble/share/ament_cmake_ros/cmake)
-- Using all available rosidl_typesupport_c: rosidl_typesupport_fastrtps_c;rosidl_typesupport_introspection_c
-- Using all available rosidl_typesupport_cpp: rosidl_typesupport_fastrtps_cpp;rosidl_typesupport_introspection_cpp
-- Found PythonInterp: /usr/bin/python3 (found suitable version "3.10.12", minimum required is "3.6") 
-- Found python_cmake_module: 0.10.0 (/opt/ros/humble/share/python_cmake_module/cmake)
-- Found PythonLibs: /usr/lib/x86_64-linux-gnu/libpython3.10.so (found suitable version "3.10.12", minimum required is "3.5") 
-- Using PYTHON_EXECUTABLE: /usr/bin/python3
-- Using PYTHON_INCLUDE_DIRS: /usr/include/python3.10
-- Using PYTHON_LIBRARIES: /usr/lib/x86_64-linux-gnu/libpython3.10.so
-- Found PythonExtra: .so  
-- Found ament_lint_auto: 0.12.7 (/opt/ros/humble/share/ament_lint_auto/cmake)
-- Added test 'lint_cmake' to check CMake code style
-- Added test 'xmllint' to check XML markup files
-- Configuring done (15.2s)
-- Generating done (0.1s)
-- Build files have been written to: /home/benboardley/src/ROV/X16-Surface/ros/build/shared_msgs
[  1%] [34m[1mGenerating C code for ROS interfaces[0m
[  2%] [34m[1mGenerating C++ code for ROS interfaces[0m
[  2%] Built target ament_cmake_python_copy_shared_msgs
running egg_info
creating shared_msgs.egg-info
writing shared_msgs.egg-info/PKG-INFO
writing dependency_links to shared_msgs.egg-info/dependency_links.txt
writing top-level names to shared_msgs.egg-info/top_level.txt
writing manifest file 'shared_msgs.egg-info/SOURCES.txt'
reading manifest file 'shared_msgs.egg-info/SOURCES.txt'
writing manifest file 'shared_msgs.egg-info/SOURCES.txt'
[  2%] Built target ament_cmake_python_build_shared_msgs_egg
[  2%] Built target shared_msgs__cpp
[  3%] [34m[1mGenerating C++ type support dispatch for ROS interfaces[0m
[  4%] [34m[1mGenerating C++ introspection for ROS interfaces[0m
[  5%] [34m[1mGenerating C++ type support for eProsima Fast-RTPS[0m
[  6%] [32mBuilding C object CMakeFiles/shared_msgs__rosidl_generator_c.dir/rosidl_generator_c/shared_msgs/msg/detail/can_msg__functions.c.o[0m
[  7%] [32mBuilding C object CMakeFiles/shared_msgs__rosidl_generator_c.dir/rosidl_generator_c/shared_msgs/msg/detail/com_msg__functions.c.o[0m
[  8%] [32mBuilding C object CMakeFiles/shared_msgs__rosidl_generator_c.dir/rosidl_generator_c/shared_msgs/msg/detail/final_thrust_msg__functions.c.o[0m
[  9%] [32mBuilding C object CMakeFiles/shared_msgs__rosidl_generator_c.dir/rosidl_generator_c/shared_msgs/msg/detail/imu_msg__functions.c.o[0m
[ 10%] [32mBuilding C object CMakeFiles/shared_msgs__rosidl_generator_c.dir/rosidl_generator_c/shared_msgs/msg/detail/rov_velocity_command__functions.c.o[0m
[ 11%] [32mBuilding C object CMakeFiles/shared_msgs__rosidl_generator_c.dir/rosidl_generator_c/shared_msgs/msg/detail/temp_msg__functions.c.o[0m
[ 12%] [32mBuilding C object CMakeFiles/shared_msgs__rosidl_generator_c.dir/rosidl_generator_c/shared_msgs/msg/detail/thrust_command_msg__functions.c.o[0m
[ 13%] [32mBuilding C object CMakeFiles/shared_msgs__rosidl_generator_c.dir/rosidl_generator_c/shared_msgs/msg/detail/tools_command_msg__functions.c.o[0m
[ 14%] [32mBuilding C object CMakeFiles/shared_msgs__rosidl_generator_c.dir/rosidl_generator_c/shared_msgs/msg/detail/thrust_status_msg__functions.c.o[0m
[ 15%] [32m[1mLinking C shared library libshared_msgs__rosidl_generator_c.so[0m
[ 15%] Built target shared_msgs__rosidl_generator_c
[ 16%] [34m[1mGenerating C type support for eProsima Fast-RTPS[0m
[ 17%] [34m[1mGenerating C type support dispatch for ROS interfaces[0m
[ 18%] [34m[1mGenerating C introspection for ROS interfaces[0m
[ 20%] [32mBuilding CXX object CMakeFiles/shared_msgs__rosidl_typesupport_cpp.dir/rosidl_typesupport_cpp/shared_msgs/msg/com_msg__type_support.cpp.o[0m
[ 21%] [32mBuilding CXX object CMakeFiles/shared_msgs__rosidl_typesupport_cpp.dir/rosidl_typesupport_cpp/shared_msgs/msg/final_thrust_msg__type_support.cpp.o[0m
[ 22%] [32mBuilding CXX object CMakeFiles/shared_msgs__rosidl_typesupport_cpp.dir/rosidl_typesupport_cpp/shared_msgs/msg/can_msg__type_support.cpp.o[0m
[ 23%] [32mBuilding CXX object CMakeFiles/shared_msgs__rosidl_typesupport_introspection_cpp.dir/rosidl_typesupport_introspection_cpp/shared_msgs/msg/detail/can_msg__type_support.cpp.o[0m
[ 24%] [32mBuilding CXX object CMakeFiles/shared_msgs__rosidl_typesupport_fastrtps_cpp.dir/rosidl_typesupport_fastrtps_cpp/shared_msgs/msg/detail/dds_fastrtps/can_msg__type_support.cpp.o[0m
[ 25%] [32mBuilding CXX object CMakeFiles/shared_msgs__rosidl_typesupport_fastrtps_cpp.dir/rosidl_typesupport_fastrtps_cpp/shared_msgs/msg/detail/dds_fastrtps/com_msg__type_support.cpp.o[0m
[ 26%] [32mBuilding CXX object CMakeFiles/shared_msgs__rosidl_typesupport_cpp.dir/rosidl_typesupport_cpp/shared_msgs/msg/imu_msg__type_support.cpp.o[0m
[ 27%] [32mBuilding CXX object CMakeFiles/shared_msgs__rosidl_typesupport_cpp.dir/rosidl_typesupport_cpp/shared_msgs/msg/rov_velocity_command__type_support.cpp.o[0m
[ 28%] [32mBuilding CXX object CMakeFiles/shared_msgs__rosidl_typesupport_c.dir/rosidl_typesupport_c/shared_msgs/msg/can_msg__type_support.cpp.o[0m
[ 29%] [32mBuilding CXX object CMakeFiles/shared_msgs__rosidl_typesupport_c.dir/rosidl_typesupport_c/shared_msgs/msg/com_msg__type_support.cpp.o[0m
[ 30%] [32mBuilding CXX object CMakeFiles/shared_msgs__rosidl_typesupport_c.dir/rosidl_typesupport_c/shared_msgs/msg/final_thrust_msg__type_support.cpp.o[0m
[ 31%] [32mBuilding CXX object CMakeFiles/shared_msgs__rosidl_typesupport_c.dir/rosidl_typesupport_c/shared_msgs/msg/imu_msg__type_support.cpp.o[0m
[ 32%] [32mBuilding CXX object CMakeFiles/shared_msgs__rosidl_typesupport_c.dir/rosidl_typesupport_c/shared_msgs/msg/rov_velocity_command__type_support.cpp.o[0m
[ 33%] [32mBuilding CXX object CMakeFiles/shared_msgs__rosidl_typesupport_c.dir/rosidl_typesupport_c/shared_msgs/msg/temp_msg__type_support.cpp.o[0m
[ 34%] [32mBuilding CXX object CMakeFiles/shared_msgs__rosidl_typesupport_c.dir/rosidl_typesupport_c/shared_msgs/msg/thrust_command_msg__type_support.cpp.o[0m
[ 35%] [32mBuilding CXX object CMakeFiles/shared_msgs__rosidl_typesupport_introspection_cpp.dir/rosidl_typesupport_introspection_cpp/shared_msgs/msg/detail/com_msg__type_support.cpp.o[0m
[ 36%] [32mBuilding CXX object CMakeFiles/shared_msgs__rosidl_typesupport_c.dir/rosidl_typesupport_c/shared_msgs/msg/thrust_status_msg__type_support.cpp.o[0m
[ 37%] [32mBuilding CXX object CMakeFiles/shared_msgs__rosidl_typesupport_c.dir/rosidl_typesupport_c/shared_msgs/msg/tools_command_msg__type_support.cpp.o[0m
[ 38%] [32mBuilding CXX object CMakeFiles/shared_msgs__rosidl_typesupport_fastrtps_cpp.dir/rosidl_typesupport_fastrtps_cpp/shared_msgs/msg/detail/dds_fastrtps/final_thrust_msg__type_support.cpp.o[0m
[ 40%] [32mBuilding C object CMakeFiles/shared_msgs__rosidl_typesupport_introspection_c.dir/rosidl_typesupport_introspection_c/shared_msgs/msg/detail/can_msg__type_support.c.o[0m
[ 41%] [32mBuilding CXX object CMakeFiles/shared_msgs__rosidl_typesupport_fastrtps_c.dir/rosidl_typesupport_fastrtps_c/shared_msgs/msg/detail/can_msg__type_support_c.cpp.o[0m
[ 42%] [32mBuilding C object CMakeFiles/shared_msgs__rosidl_typesupport_introspection_c.dir/rosidl_typesupport_introspection_c/shared_msgs/msg/detail/com_msg__type_support.c.o[0m
[ 43%] [32m[1mLinking CXX shared library libshared_msgs__rosidl_typesupport_c.so[0m
[ 44%] [32mBuilding C object CMakeFiles/shared_msgs__rosidl_typesupport_introspection_c.dir/rosidl_typesupport_introspection_c/shared_msgs/msg/detail/final_thrust_msg__type_support.c.o[0m
[ 45%] [32mBuilding CXX object CMakeFiles/shared_msgs__rosidl_typesupport_cpp.dir/rosidl_typesupport_cpp/shared_msgs/msg/temp_msg__type_support.cpp.o[0m
[ 46%] [32mBuilding C object CMakeFiles/shared_msgs__rosidl_typesupport_introspection_c.dir/rosidl_typesupport_introspection_c/shared_msgs/msg/detail/imu_msg__type_support.c.o[0m
[ 47%] [32mBuilding C object CMakeFiles/shared_msgs__rosidl_typesupport_introspection_c.dir/rosidl_typesupport_introspection_c/shared_msgs/msg/detail/rov_velocity_command__type_support.c.o[0m
[ 48%] [32mBuilding C object CMakeFiles/shared_msgs__rosidl_typesupport_introspection_c.dir/rosidl_typesupport_introspection_c/shared_msgs/msg/detail/temp_msg__type_support.c.o[0m
[ 49%] [32mBuilding C object CMakeFiles/shared_msgs__rosidl_typesupport_introspection_c.dir/rosidl_typesupport_introspection_c/shared_msgs/msg/detail/thrust_command_msg__type_support.c.o[0m
[ 50%] [32mBuilding C object CMakeFiles/shared_msgs__rosidl_typesupport_introspection_c.dir/rosidl_typesupport_introspection_c/shared_msgs/msg/detail/thrust_status_msg__type_support.c.o[0m
[ 51%] [32mBuilding C object CMakeFiles/shared_msgs__rosidl_typesupport_introspection_c.dir/rosidl_typesupport_introspection_c/shared_msgs/msg/detail/tools_command_msg__type_support.c.o[0m
[ 52%] [32mBuilding CXX object CMakeFiles/shared_msgs__rosidl_typesupport_fastrtps_cpp.dir/rosidl_typesupport_fastrtps_cpp/shared_msgs/msg/detail/dds_fastrtps/imu_msg__type_support.cpp.o[0m
[ 53%] [32m[1mLinking C shared library libshared_msgs__rosidl_typesupport_introspection_c.so[0m
[ 53%] Built target shared_msgs__rosidl_typesupport_c
[ 54%] [32mBuilding CXX object CMakeFiles/shared_msgs__rosidl_typesupport_cpp.dir/rosidl_typesupport_cpp/shared_msgs/msg/thrust_command_msg__type_support.cpp.o[0m
[ 55%] [32mBuilding CXX object CMakeFiles/shared_msgs__rosidl_typesupport_fastrtps_cpp.dir/rosidl_typesupport_fastrtps_cpp/shared_msgs/msg/detail/dds_fastrtps/rov_velocity_command__type_support.cpp.o[0m
[ 55%] Built target shared_msgs__rosidl_typesupport_introspection_c
[ 56%] [32mBuilding CXX object CMakeFiles/shared_msgs__rosidl_typesupport_fastrtps_cpp.dir/rosidl_typesupport_fastrtps_cpp/shared_msgs/msg/detail/dds_fastrtps/temp_msg__type_support.cpp.o[0m
[ 57%] [32mBuilding CXX object CMakeFiles/shared_msgs__rosidl_typesupport_cpp.dir/rosidl_typesupport_cpp/shared_msgs/msg/thrust_status_msg__type_support.cpp.o[0m
[ 58%] [32mBuilding CXX object CMakeFiles/shared_msgs__rosidl_typesupport_introspection_cpp.dir/rosidl_typesupport_introspection_cpp/shared_msgs/msg/detail/final_thrust_msg__type_support.cpp.o[0m
[ 60%] [32mBuilding CXX object CMakeFiles/shared_msgs__rosidl_typesupport_fastrtps_c.dir/rosidl_typesupport_fastrtps_c/shared_msgs/msg/detail/com_msg__type_support_c.cpp.o[0m
[ 61%] [32mBuilding CXX object CMakeFiles/shared_msgs__rosidl_typesupport_fastrtps_cpp.dir/rosidl_typesupport_fastrtps_cpp/shared_msgs/msg/detail/dds_fastrtps/thrust_command_msg__type_support.cpp.o[0m
[ 62%] [32mBuilding CXX object CMakeFiles/shared_msgs__rosidl_typesupport_cpp.dir/rosidl_typesupport_cpp/shared_msgs/msg/tools_command_msg__type_support.cpp.o[0m
[ 63%] [32mBuilding CXX object CMakeFiles/shared_msgs__rosidl_typesupport_fastrtps_cpp.dir/rosidl_typesupport_fastrtps_cpp/shared_msgs/msg/detail/dds_fastrtps/thrust_status_msg__type_support.cpp.o[0m
[ 64%] [32mBuilding CXX object CMakeFiles/shared_msgs__rosidl_typesupport_fastrtps_cpp.dir/rosidl_typesupport_fastrtps_cpp/shared_msgs/msg/detail/dds_fastrtps/tools_command_msg__type_support.cpp.o[0m
[ 65%] [32mBuilding CXX object CMakeFiles/shared_msgs__rosidl_typesupport_fastrtps_c.dir/rosidl_typesupport_fastrtps_c/shared_msgs/msg/detail/final_thrust_msg__type_support_c.cpp.o[0m
[ 66%] [32mBuilding CXX object CMakeFiles/shared_msgs__rosidl_typesupport_fastrtps_c.dir/rosidl_typesupport_fastrtps_c/shared_msgs/msg/detail/imu_msg__type_support_c.cpp.o[0m
[ 67%] [32mBuilding CXX object CMakeFiles/shared_msgs__rosidl_typesupport_introspection_cpp.dir/rosidl_typesupport_introspection_cpp/shared_msgs/msg/detail/imu_msg__type_support.cpp.o[0m
[ 68%] [32mBuilding CXX object CMakeFiles/shared_msgs__rosidl_typesupport_fastrtps_c.dir/rosidl_typesupport_fastrtps_c/shared_msgs/msg/detail/rov_velocity_command__type_support_c.cpp.o[0m
[ 69%] [32m[1mLinking CXX shared library libshared_msgs__rosidl_typesupport_cpp.so[0m
[ 70%] [32mBuilding CXX object CMakeFiles/shared_msgs__rosidl_typesupport_fastrtps_c.dir/rosidl_typesupport_fastrtps_c/shared_msgs/msg/detail/temp_msg__type_support_c.cpp.o[0m
[ 70%] Built target shared_msgs__rosidl_typesupport_cpp
[ 71%] [32mBuilding CXX object CMakeFiles/shared_msgs__rosidl_typesupport_fastrtps_c.dir/rosidl_typesupport_fastrtps_c/shared_msgs/msg/detail/thrust_command_msg__type_support_c.cpp.o[0m
[ 72%] [32mBuilding CXX object CMakeFiles/shared_msgs__rosidl_typesupport_fastrtps_c.dir/rosidl_typesupport_fastrtps_c/shared_msgs/msg/detail/thrust_status_msg__type_support_c.cpp.o[0m
[ 73%] [32mBuilding CXX object CMakeFiles/shared_msgs__rosidl_typesupport_fastrtps_c.dir/rosidl_typesupport_fastrtps_c/shared_msgs/msg/detail/tools_command_msg__type_support_c.cpp.o[0m
[ 74%] [32m[1mLinking CXX shared library libshared_msgs__rosidl_typesupport_fastrtps_cpp.so[0m
[ 75%] [32mBuilding CXX object CMakeFiles/shared_msgs__rosidl_typesupport_introspection_cpp.dir/rosidl_typesupport_introspection_cpp/shared_msgs/msg/detail/rov_velocity_command__type_support.cpp.o[0m
[ 76%] [32mBuilding CXX object CMakeFiles/shared_msgs__rosidl_typesupport_introspection_cpp.dir/rosidl_typesupport_introspection_cpp/shared_msgs/msg/detail/temp_msg__type_support.cpp.o[0m
[ 77%] [32mBuilding CXX object CMakeFiles/shared_msgs__rosidl_typesupport_introspection_cpp.dir/rosidl_typesupport_introspection_cpp/shared_msgs/msg/detail/thrust_command_msg__type_support.cpp.o[0m
[ 78%] [32mBuilding CXX object CMakeFiles/shared_msgs__rosidl_typesupport_introspection_cpp.dir/rosidl_typesupport_introspection_cpp/shared_msgs/msg/detail/thrust_status_msg__type_support.cpp.o[0m
[ 78%] Built target shared_msgs__rosidl_typesupport_fastrtps_cpp
[ 80%] [32mBuilding CXX object CMakeFiles/shared_msgs__rosidl_typesupport_introspection_cpp.dir/rosidl_typesupport_introspection_cpp/shared_msgs/msg/detail/tools_command_msg__type_support.cpp.o[0m
[ 81%] [32m[1mLinking CXX shared library libshared_msgs__rosidl_typesupport_fastrtps_c.so[0m
[ 81%] Built target shared_msgs__rosidl_typesupport_fastrtps_c
[ 82%] [32m[1mLinking CXX shared library libshared_msgs__rosidl_typesupport_introspection_cpp.so[0m
[ 82%] Built target shared_msgs__rosidl_typesupport_introspection_cpp
[ 82%] Built target shared_msgs
[ 83%] [34m[1mGenerating Python code for ROS interfaces[0m
[ 83%] Built target shared_msgs__py
[ 85%] [32mBuilding C object CMakeFiles/shared_msgs__rosidl_generator_py.dir/rosidl_generator_py/shared_msgs/msg/_can_msg_s.c.o[0m
[ 86%] [32mBuilding C object CMakeFiles/shared_msgs__rosidl_generator_py.dir/rosidl_generator_py/shared_msgs/msg/_final_thrust_msg_s.c.o[0m
[ 87%] [32mBuilding C object CMakeFiles/shared_msgs__rosidl_generator_py.dir/rosidl_generator_py/shared_msgs/msg/_thrust_command_msg_s.c.o[0m
[ 89%] [32mBuilding C object CMakeFiles/shared_msgs__rosidl_generator_py.dir/rosidl_generator_py/shared_msgs/msg/_temp_msg_s.c.o[0m
[ 91%] [32mBuilding C object CMakeFiles/shared_msgs__rosidl_generator_py.dir/rosidl_generator_py/shared_msgs/msg/_imu_msg_s.c.o[0m
[ 91%] [32mBuilding C object CMakeFiles/shared_msgs__rosidl_generator_py.dir/rosidl_generator_py/shared_msgs/msg/_rov_velocity_command_s.c.o[0m
[ 91%] [32mBuilding C object CMakeFiles/shared_msgs__rosidl_generator_py.dir/rosidl_generator_py/shared_msgs/msg/_thrust_status_msg_s.c.o[0m
[ 91%] [32mBuilding C object CMakeFiles/shared_msgs__rosidl_generator_py.dir/rosidl_generator_py/shared_msgs/msg/_com_msg_s.c.o[0m
[ 92%] [32mBuilding C object CMakeFiles/shared_msgs__rosidl_generator_py.dir/rosidl_generator_py/shared_msgs/msg/_tools_command_msg_s.c.o[0m
[ 93%] [32m[1mLinking C shared library rosidl_generator_py/shared_msgs/libshared_msgs__rosidl_generator_py.so[0m
[ 93%] Built target shared_msgs__rosidl_generator_py
[ 94%] [32mBuilding C object CMakeFiles/shared_msgs__rosidl_typesupport_c__pyext.dir/rosidl_generator_py/shared_msgs/_shared_msgs_s.ep.rosidl_typesupport_c.c.o[0m
[ 95%] [32mBuilding C object CMakeFiles/shared_msgs__rosidl_typesupport_fastrtps_c__pyext.dir/rosidl_generator_py/shared_msgs/_shared_msgs_s.ep.rosidl_typesupport_fastrtps_c.c.o[0m
[ 96%] [32mBuilding C object CMakeFiles/shared_msgs__rosidl_typesupport_introspection_c__pyext.dir/rosidl_generator_py/shared_msgs/_shared_msgs_s.ep.rosidl_typesupport_introspection_c.c.o[0m
[ 97%] [32m[1mLinking C shared library rosidl_generator_py/shared_msgs/shared_msgs_s__rosidl_typesupport_introspection_c.cpython-310-x86_64-linux-gnu.so[0m
[ 98%] [32m[1mLinking C shared library rosidl_generator_py/shared_msgs/shared_msgs_s__rosidl_typesupport_c.cpython-310-x86_64-linux-gnu.so[0m
[100%] [32m[1mLinking C shared library rosidl_generator_py/shared_msgs/shared_msgs_s__rosidl_typesupport_fastrtps_c.cpython-310-x86_64-linux-gnu.so[0m
[100%] Built target shared_msgs__rosidl_typesupport_c__pyext
[100%] Built target shared_msgs__rosidl_typesupport_introspection_c__pyext
[100%] Built target shared_msgs__rosidl_typesupport_fastrtps_c__pyext
-- Install configuration: ""
-- Installing: /home/benboardley/src/ROV/X16-Surface/ros/install/shared_msgs/share/ament_index/resource_index/rosidl_interfaces/shared_msgs
-- Installing: /home/benboardley/src/ROV/X16-Surface/ros/install/shared_msgs/include/shared_msgs/shared_msgs
-- Installing: /home/benboardley/src/ROV/X16-Surface/ros/install/shared_msgs/include/shared_msgs/shared_msgs/msg
-- Installing: /home/benboardley/src/ROV/X16-Surface/ros/install/shared_msgs/include/shared_msgs/shared_msgs/msg/final_thrust_msg.h
-- Installing: /home/benboardley/src/ROV/X16-Surface/ros/install/shared_msgs/include/shared_msgs/shared_msgs/msg/can_msg.h
-- Installing: /home/benboardley/src/ROV/X16-Surface/ros/install/shared_msgs/include/shared_msgs/shared_msgs/msg/rov_velocity_command.h
-- Installing: /home/benboardley/src/ROV/X16-Surface/ros/install/shared_msgs/include/shared_msgs/shared_msgs/msg/imu_msg.h
-- Installing: /home/benboardley/src/ROV/X16-Surface/ros/install/shared_msgs/include/shared_msgs/shared_msgs/msg/tools_command_msg.h
-- Installing: /home/benboardley/src/ROV/X16-Surface/ros/install/shared_msgs/include/shared_msgs/shared_msgs/msg/detail
-- Installing: /home/benboardley/src/ROV/X16-Surface/ros/install/shared_msgs/include/shared_msgs/shared_msgs/msg/detail/tools_command_msg__functions.h
-- Installing: /home/benboardley/src/ROV/X16-Surface/ros/install/shared_msgs/include/shared_msgs/shared_msgs/msg/detail/thrust_command_msg__functions.h
-- Installing: /home/benboardley/src/ROV/X16-Surface/ros/install/shared_msgs/include/shared_msgs/shared_msgs/msg/detail/imu_msg__functions.c
-- Installing: /home/benboardley/src/ROV/X16-Surface/ros/install/shared_msgs/include/shared_msgs/shared_msgs/msg/detail/thrust_status_msg__type_support.h
-- Installing: /home/benboardley/src/ROV/X16-Surface/ros/install/shared_msgs/include/shared_msgs/shared_msgs/msg/detail/rov_velocity_command__struct.h
-- Installing: /home/benboardley/src/ROV/X16-Surface/ros/install/shared_msgs/include/shared_msgs/shared_msgs/msg/detail/com_msg__struct.h
-- Installing: /home/benboardley/src/ROV/X16-Surface/ros/install/shared_msgs/include/shared_msgs/shared_msgs/msg/detail/com_msg__functions.c
-- Installing: /home/benboardley/src/ROV/X16-Surface/ros/install/shared_msgs/include/shared_msgs/shared_msgs/msg/detail/thrust_status_msg__struct.h
-- Installing: /home/benboardley/src/ROV/X16-Surface/ros/install/shared_msgs/include/shared_msgs/shared_msgs/msg/detail/tools_command_msg__struct.h
-- Installing: /home/benboardley/src/ROV/X16-Surface/ros/install/shared_msgs/include/shared_msgs/shared_msgs/msg/detail/final_thrust_msg__struct.h
-- Installing: /home/benboardley/src/ROV/X16-Surface/ros/install/shared_msgs/include/shared_msgs/shared_msgs/msg/detail/rov_velocity_command__functions.h
-- Installing: /home/benboardley/src/ROV/X16-Surface/ros/install/shared_msgs/include/shared_msgs/shared_msgs/msg/detail/final_thrust_msg__type_support.h
-- Installing: /home/benboardley/src/ROV/X16-Surface/ros/install/shared_msgs/include/shared_msgs/shared_msgs/msg/detail/thrust_command_msg__type_support.h
-- Installing: /home/benboardley/src/ROV/X16-Surface/ros/install/shared_msgs/include/shared_msgs/shared_msgs/msg/detail/final_thrust_msg__functions.h
-- Installing: /home/benboardley/src/ROV/X16-Surface/ros/install/shared_msgs/include/shared_msgs/shared_msgs/msg/detail/temp_msg__functions.c
-- Installing: /home/benboardley/src/ROV/X16-Surface/ros/install/shared_msgs/include/shared_msgs/shared_msgs/msg/detail/rov_velocity_command__type_support.h
-- Installing: /home/benboardley/src/ROV/X16-Surface/ros/install/shared_msgs/include/shared_msgs/shared_msgs/msg/detail/can_msg__functions.c
-- Installing: /home/benboardley/src/ROV/X16-Surface/ros/install/shared_msgs/include/shared_msgs/shared_msgs/msg/detail/temp_msg__type_support.h
-- Installing: /home/benboardley/src/ROV/X16-Surface/ros/install/shared_msgs/include/shared_msgs/shared_msgs/msg/detail/can_msg__functions.h
-- Installing: /home/benboardley/src/ROV/X16-Surface/ros/install/shared_msgs/include/shared_msgs/shared_msgs/msg/detail/temp_msg__struct.h
-- Installing: /home/benboardley/src/ROV/X16-Surface/ros/install/shared_msgs/include/shared_msgs/shared_msgs/msg/detail/tools_command_msg__functions.c
-- Installing: /home/benboardley/src/ROV/X16-Surface/ros/install/shared_msgs/include/shared_msgs/shared_msgs/msg/detail/tools_command_msg__type_support.h
-- Installing: /home/benboardley/src/ROV/X16-Surface/ros/install/shared_msgs/include/shared_msgs/shared_msgs/msg/detail/thrust_command_msg__functions.c
-- Installing: /home/benboardley/src/ROV/X16-Surface/ros/install/shared_msgs/include/shared_msgs/shared_msgs/msg/detail/imu_msg__functions.h
-- Installing: /home/benboardley/src/ROV/X16-Surface/ros/install/shared_msgs/include/shared_msgs/shared_msgs/msg/detail/final_thrust_msg__functions.c
-- Installing: /home/benboardley/src/ROV/X16-Surface/ros/install/shared_msgs/include/shared_msgs/shared_msgs/msg/detail/rov_velocity_command__functions.c
-- Installing: /home/benboardley/src/ROV/X16-Surface/ros/install/shared_msgs/include/shared_msgs/shared_msgs/msg/detail/can_msg__type_support.h
-- Installing: /home/benboardley/src/ROV/X16-Surface/ros/install/shared_msgs/include/shared_msgs/shared_msgs/msg/detail/thrust_status_msg__functions.h
-- Installing: /home/benboardley/src/ROV/X16-Surface/ros/install/shared_msgs/include/shared_msgs/shared_msgs/msg/detail/can_msg__struct.h
-- Installing: /home/benboardley/src/ROV/X16-Surface/ros/install/shared_msgs/include/shared_msgs/shared_msgs/msg/detail/imu_msg__struct.h
-- Installing: /home/benboardley/src/ROV/X16-Surface/ros/install/shared_msgs/include/shared_msgs/shared_msgs/msg/detail/imu_msg__type_support.h
-- Installing: /home/benboardley/src/ROV/X16-Surface/ros/install/shared_msgs/include/shared_msgs/shared_msgs/msg/detail/com_msg__type_support.h
-- Installing: /home/benboardley/src/ROV/X16-Surface/ros/install/shared_msgs/include/shared_msgs/shared_msgs/msg/detail/thrust_status_msg__functions.c
-- Installing: /home/benboardley/src/ROV/X16-Surface/ros/install/shared_msgs/include/shared_msgs/shared_msgs/msg/detail/temp_msg__functions.h
-- Installing: /home/benboardley/src/ROV/X16-Surface/ros/install/shared_msgs/include/shared_msgs/shared_msgs/msg/detail/com_msg__functions.h
-- Installing: /home/benboardley/src/ROV/X16-Surface/ros/install/shared_msgs/include/shared_msgs/shared_msgs/msg/detail/thrust_command_msg__struct.h
-- Installing: /home/benboardley/src/ROV/X16-Surface/ros/install/shared_msgs/include/shared_msgs/shared_msgs/msg/thrust_command_msg.h
-- Installing: /home/benboardley/src/ROV/X16-Surface/ros/install/shared_msgs/include/shared_msgs/shared_msgs/msg/thrust_status_msg.h
-- Installing: /home/benboardley/src/ROV/X16-Surface/ros/install/shared_msgs/include/shared_msgs/shared_msgs/msg/com_msg.h
-- Installing: /home/benboardley/src/ROV/X16-Surface/ros/install/shared_msgs/include/shared_msgs/shared_msgs/msg/temp_msg.h
-- Installing: /home/benboardley/src/ROV/X16-Surface/ros/install/shared_msgs/include/shared_msgs/shared_msgs/msg/rosidl_generator_c__visibility_control.h
-- Installing: /home/benboardley/src/ROV/X16-Surface/ros/install/shared_msgs/share/shared_msgs/environment/library_path.sh
-- Installing: /home/benboardley/src/ROV/X16-Surface/ros/install/shared_msgs/share/shared_msgs/environment/library_path.dsv
-- Installing: /home/benboardley/src/ROV/X16-Surface/ros/install/shared_msgs/lib/libshared_msgs__rosidl_generator_c.so
-- Set runtime path of "/home/benboardley/src/ROV/X16-Surface/ros/install/shared_msgs/lib/libshared_msgs__rosidl_generator_c.so" to ""
-- Up-to-date: /home/benboardley/src/ROV/X16-Surface/ros/install/shared_msgs/include/shared_msgs/shared_msgs
-- Up-to-date: /home/benboardley/src/ROV/X16-Surface/ros/install/shared_msgs/include/shared_msgs/shared_msgs/msg
-- Installing: /home/benboardley/src/ROV/X16-Surface/ros/install/shared_msgs/include/shared_msgs/shared_msgs/msg/rosidl_typesupport_fastrtps_c__visibility_control.h
-- Up-to-date: /home/benboardley/src/ROV/X16-Surface/ros/install/shared_msgs/include/shared_msgs/shared_msgs/msg/detail
-- Installing: /home/benboardley/src/ROV/X16-Surface/ros/install/shared_msgs/include/shared_msgs/shared_msgs/msg/detail/final_thrust_msg__rosidl_typesupport_fastrtps_c.h
-- Installing: /home/benboardley/src/ROV/X16-Surface/ros/install/shared_msgs/include/shared_msgs/shared_msgs/msg/detail/imu_msg__rosidl_typesupport_fastrtps_c.h
-- Installing: /home/benboardley/src/ROV/X16-Surface/ros/install/shared_msgs/include/shared_msgs/shared_msgs/msg/detail/com_msg__rosidl_typesupport_fastrtps_c.h
-- Installing: /home/benboardley/src/ROV/X16-Surface/ros/install/shared_msgs/include/shared_msgs/shared_msgs/msg/detail/rov_velocity_command__rosidl_typesupport_fastrtps_c.h
-- Installing: /home/benboardley/src/ROV/X16-Surface/ros/install/shared_msgs/include/shared_msgs/shared_msgs/msg/detail/thrust_command_msg__rosidl_typesupport_fastrtps_c.h
-- Installing: /home/benboardley/src/ROV/X16-Surface/ros/install/shared_msgs/include/shared_msgs/shared_msgs/msg/detail/tools_command_msg__rosidl_typesupport_fastrtps_c.h
-- Installing: /home/benboardley/src/ROV/X16-Surface/ros/install/shared_msgs/include/shared_msgs/shared_msgs/msg/detail/can_msg__rosidl_typesupport_fastrtps_c.h
-- Installing: /home/benboardley/src/ROV/X16-Surface/ros/install/shared_msgs/include/shared_msgs/shared_msgs/msg/detail/thrust_status_msg__rosidl_typesupport_fastrtps_c.h
-- Installing: /home/benboardley/src/ROV/X16-Surface/ros/install/shared_msgs/include/shared_msgs/shared_msgs/msg/detail/temp_msg__rosidl_typesupport_fastrtps_c.h
-- Installing: /home/benboardley/src/ROV/X16-Surface/ros/install/shared_msgs/lib/libshared_msgs__rosidl_typesupport_fastrtps_c.so
-- Set runtime path of "/home/benboardley/src/ROV/X16-Surface/ros/install/shared_msgs/lib/libshared_msgs__rosidl_typesupport_fastrtps_c.so" to ""
-- Up-to-date: /home/benboardley/src/ROV/X16-Surface/ros/install/shared_msgs/include/shared_msgs/shared_msgs
-- Up-to-date: /home/benboardley/src/ROV/X16-Surface/ros/install/shared_msgs/include/shared_msgs/shared_msgs/msg
-- Installing: /home/benboardley/src/ROV/X16-Surface/ros/install/shared_msgs/include/shared_msgs/shared_msgs/msg/thrust_status_msg.hpp
-- Installing: /home/benboardley/src/ROV/X16-Surface/ros/install/shared_msgs/include/shared_msgs/shared_msgs/msg/final_thrust_msg.hpp
-- Installing: /home/benboardley/src/ROV/X16-Surface/ros/install/shared_msgs/include/shared_msgs/shared_msgs/msg/temp_msg.hpp
-- Installing: /home/benboardley/src/ROV/X16-Surface/ros/install/shared_msgs/include/shared_msgs/shared_msgs/msg/thrust_command_msg.hpp
-- Installing: /home/benboardley/src/ROV/X16-Surface/ros/install/shared_msgs/include/shared_msgs/shared_msgs/msg/can_msg.hpp
-- Installing: /home/benboardley/src/ROV/X16-Surface/ros/install/shared_msgs/include/shared_msgs/shared_msgs/msg/rov_velocity_command.hpp
-- Up-to-date: /home/benboardley/src/ROV/X16-Surface/ros/install/shared_msgs/include/shared_msgs/shared_msgs/msg/detail
-- Installing: /home/benboardley/src/ROV/X16-Surface/ros/install/shared_msgs/include/shared_msgs/shared_msgs/msg/detail/final_thrust_msg__traits.hpp
-- Installing: /home/benboardley/src/ROV/X16-Surface/ros/install/shared_msgs/include/shared_msgs/shared_msgs/msg/detail/thrust_status_msg__traits.hpp
-- Installing: /home/benboardley/src/ROV/X16-Surface/ros/install/shared_msgs/include/shared_msgs/shared_msgs/msg/detail/final_thrust_msg__struct.hpp
-- Installing: /home/benboardley/src/ROV/X16-Surface/ros/install/shared_msgs/include/shared_msgs/shared_msgs/msg/detail/can_msg__builder.hpp
-- Installing: /home/benboardley/src/ROV/X16-Surface/ros/install/shared_msgs/include/shared_msgs/shared_msgs/msg/detail/tools_command_msg__traits.hpp
-- Installing: /home/benboardley/src/ROV/X16-Surface/ros/install/shared_msgs/include/shared_msgs/shared_msgs/msg/detail/com_msg__builder.hpp
-- Installing: /home/benboardley/src/ROV/X16-Surface/ros/install/shared_msgs/include/shared_msgs/shared_msgs/msg/detail/rov_velocity_command__struct.hpp
-- Installing: /home/benboardley/src/ROV/X16-Surface/ros/install/shared_msgs/include/shared_msgs/shared_msgs/msg/detail/thrust_command_msg__traits.hpp
-- Installing: /home/benboardley/src/ROV/X16-Surface/ros/install/shared_msgs/include/shared_msgs/shared_msgs/msg/detail/com_msg__struct.hpp
-- Installing: /home/benboardley/src/ROV/X16-Surface/ros/install/shared_msgs/include/shared_msgs/shared_msgs/msg/detail/can_msg__traits.hpp
-- Installing: /home/benboardley/src/ROV/X16-Surface/ros/install/shared_msgs/include/shared_msgs/shared_msgs/msg/detail/rov_velocity_command__traits.hpp
-- Installing: /home/benboardley/src/ROV/X16-Surface/ros/install/shared_msgs/include/shared_msgs/shared_msgs/msg/detail/tools_command_msg__builder.hpp
-- Installing: /home/benboardley/src/ROV/X16-Surface/ros/install/shared_msgs/include/shared_msgs/shared_msgs/msg/detail/final_thrust_msg__builder.hpp
-- Installing: /home/benboardley/src/ROV/X16-Surface/ros/install/shared_msgs/include/shared_msgs/shared_msgs/msg/detail/thrust_status_msg__struct.hpp
-- Installing: /home/benboardley/src/ROV/X16-Surface/ros/install/shared_msgs/include/shared_msgs/shared_msgs/msg/detail/thrust_command_msg__struct.hpp
-- Installing: /home/benboardley/src/ROV/X16-Surface/ros/install/shared_msgs/include/shared_msgs/shared_msgs/msg/detail/temp_msg__builder.hpp
-- Installing: /home/benboardley/src/ROV/X16-Surface/ros/install/shared_msgs/include/shared_msgs/shared_msgs/msg/detail/imu_msg__struct.hpp
-- Installing: /home/benboardley/src/ROV/X16-Surface/ros/install/shared_msgs/include/shared_msgs/shared_msgs/msg/detail/temp_msg__traits.hpp
-- Installing: /home/benboardley/src/ROV/X16-Surface/ros/install/shared_msgs/include/shared_msgs/shared_msgs/msg/detail/temp_msg__struct.hpp
-- Installing: /home/benboardley/src/ROV/X16-Surface/ros/install/shared_msgs/include/shared_msgs/shared_msgs/msg/detail/thrust_command_msg__builder.hpp
-- Installing: /home/benboardley/src/ROV/X16-Surface/ros/install/shared_msgs/include/shared_msgs/shared_msgs/msg/detail/rov_velocity_command__builder.hpp
-- Installing: /home/benboardley/src/ROV/X16-Surface/ros/install/shared_msgs/include/shared_msgs/shared_msgs/msg/detail/can_msg__struct.hpp
-- Installing: /home/benboardley/src/ROV/X16-Surface/ros/install/shared_msgs/include/shared_msgs/shared_msgs/msg/detail/com_msg__traits.hpp
-- Installing: /home/benboardley/src/ROV/X16-Surface/ros/install/shared_msgs/include/shared_msgs/shared_msgs/msg/detail/tools_command_msg__struct.hpp
-- Installing: /home/benboardley/src/ROV/X16-Surface/ros/install/shared_msgs/include/shared_msgs/shared_msgs/msg/detail/imu_msg__builder.hpp
-- Installing: /home/benboardley/src/ROV/X16-Surface/ros/install/shared_msgs/include/shared_msgs/shared_msgs/msg/detail/imu_msg__traits.hpp
-- Installing: /home/benboardley/src/ROV/X16-Surface/ros/install/shared_msgs/include/shared_msgs/shared_msgs/msg/detail/thrust_status_msg__builder.hpp
-- Installing: /home/benboardley/src/ROV/X16-Surface/ros/install/shared_msgs/include/shared_msgs/shared_msgs/msg/imu_msg.hpp
-- Installing: /home/benboardley/src/ROV/X16-Surface/ros/install/shared_msgs/include/shared_msgs/shared_msgs/msg/com_msg.hpp
-- Installing: /home/benboardley/src/ROV/X16-Surface/ros/install/shared_msgs/include/shared_msgs/shared_msgs/msg/tools_command_msg.hpp
-- Up-to-date: /home/benboardley/src/ROV/X16-Surface/ros/install/shared_msgs/include/shared_msgs/shared_msgs
-- Up-to-date: /home/benboardley/src/ROV/X16-Surface/ros/install/shared_msgs/include/shared_msgs/shared_msgs/msg
-- Installing: /home/benboardley/src/ROV/X16-Surface/ros/install/shared_msgs/include/shared_msgs/shared_msgs/msg/rosidl_typesupport_fastrtps_cpp__visibility_control.h
-- Up-to-date: /home/benboardley/src/ROV/X16-Surface/ros/install/shared_msgs/include/shared_msgs/shared_msgs/msg/detail
-- Installing: /home/benboardley/src/ROV/X16-Surface/ros/install/shared_msgs/include/shared_msgs/shared_msgs/msg/detail/can_msg__rosidl_typesupport_fastrtps_cpp.hpp
-- Installing: /home/benboardley/src/ROV/X16-Surface/ros/install/shared_msgs/include/shared_msgs/shared_msgs/msg/detail/thrust_command_msg__rosidl_typesupport_fastrtps_cpp.hpp
-- Installing: /home/benboardley/src/ROV/X16-Surface/ros/install/shared_msgs/include/shared_msgs/shared_msgs/msg/detail/dds_fastrtps
-- Installing: /home/benboardley/src/ROV/X16-Surface/ros/install/shared_msgs/include/shared_msgs/shared_msgs/msg/detail/final_thrust_msg__rosidl_typesupport_fastrtps_cpp.hpp
-- Installing: /home/benboardley/src/ROV/X16-Surface/ros/install/shared_msgs/include/shared_msgs/shared_msgs/msg/detail/thrust_status_msg__rosidl_typesupport_fastrtps_cpp.hpp
-- Installing: /home/benboardley/src/ROV/X16-Surface/ros/install/shared_msgs/include/shared_msgs/shared_msgs/msg/detail/temp_msg__rosidl_typesupport_fastrtps_cpp.hpp
-- Installing: /home/benboardley/src/ROV/X16-Surface/ros/install/shared_msgs/include/shared_msgs/shared_msgs/msg/detail/tools_command_msg__rosidl_typesupport_fastrtps_cpp.hpp
-- Installing: /home/benboardley/src/ROV/X16-Surface/ros/install/shared_msgs/include/shared_msgs/shared_msgs/msg/detail/rov_velocity_command__rosidl_typesupport_fastrtps_cpp.hpp
-- Installing: /home/benboardley/src/ROV/X16-Surface/ros/install/shared_msgs/include/shared_msgs/shared_msgs/msg/detail/imu_msg__rosidl_typesupport_fastrtps_cpp.hpp
-- Installing: /home/benboardley/src/ROV/X16-Surface/ros/install/shared_msgs/include/shared_msgs/shared_msgs/msg/detail/com_msg__rosidl_typesupport_fastrtps_cpp.hpp
-- Installing: /home/benboardley/src/ROV/X16-Surface/ros/install/shared_msgs/lib/libshared_msgs__rosidl_typesupport_fastrtps_cpp.so
-- Set runtime path of "/home/benboardley/src/ROV/X16-Surface/ros/install/shared_msgs/lib/libshared_msgs__rosidl_typesupport_fastrtps_cpp.so" to ""
-- Up-to-date: /home/benboardley/src/ROV/X16-Surface/ros/install/shared_msgs/include/shared_msgs/shared_msgs
-- Up-to-date: /home/benboardley/src/ROV/X16-Surface/ros/install/shared_msgs/include/shared_msgs/shared_msgs/msg
-- Up-to-date: /home/benboardley/src/ROV/X16-Surface/ros/install/shared_msgs/include/shared_msgs/shared_msgs/msg/detail
-- Installing: /home/benboardley/src/ROV/X16-Surface/ros/install/shared_msgs/include/shared_msgs/shared_msgs/msg/detail/temp_msg__type_support.c
-- Installing: /home/benboardley/src/ROV/X16-Surface/ros/install/shared_msgs/include/shared_msgs/shared_msgs/msg/detail/final_thrust_msg__rosidl_typesupport_introspection_c.h
-- Installing: /home/benboardley/src/ROV/X16-Surface/ros/install/shared_msgs/include/shared_msgs/shared_msgs/msg/detail/rov_velocity_command__rosidl_typesupport_introspection_c.h
-- Installing: /home/benboardley/src/ROV/X16-Surface/ros/install/shared_msgs/include/shared_msgs/shared_msgs/msg/detail/com_msg__type_support.c
-- Installing: /home/benboardley/src/ROV/X16-Surface/ros/install/shared_msgs/include/shared_msgs/shared_msgs/msg/detail/thrust_status_msg__type_support.c
-- Installing: /home/benboardley/src/ROV/X16-Surface/ros/install/shared_msgs/include/shared_msgs/shared_msgs/msg/detail/com_msg__rosidl_typesupport_introspection_c.h
-- Installing: /home/benboardley/src/ROV/X16-Surface/ros/install/shared_msgs/include/shared_msgs/shared_msgs/msg/detail/tools_command_msg__rosidl_typesupport_introspection_c.h
-- Installing: /home/benboardley/src/ROV/X16-Surface/ros/install/shared_msgs/include/shared_msgs/shared_msgs/msg/detail/final_thrust_msg__type_support.c
-- Installing: /home/benboardley/src/ROV/X16-Surface/ros/install/shared_msgs/include/shared_msgs/shared_msgs/msg/detail/imu_msg__type_support.c
-- Installing: /home/benboardley/src/ROV/X16-Surface/ros/install/shared_msgs/include/shared_msgs/shared_msgs/msg/detail/rov_velocity_command__type_support.c
-- Installing: /home/benboardley/src/ROV/X16-Surface/ros/install/shared_msgs/include/shared_msgs/shared_msgs/msg/detail/can_msg__type_support.c
-- Installing: /home/benboardley/src/ROV/X16-Surface/ros/install/shared_msgs/include/shared_msgs/shared_msgs/msg/detail/thrust_status_msg__rosidl_typesupport_introspection_c.h
-- Installing: /home/benboardley/src/ROV/X16-Surface/ros/install/shared_msgs/include/shared_msgs/shared_msgs/msg/detail/thrust_command_msg__type_support.c
-- Installing: /home/benboardley/src/ROV/X16-Surface/ros/install/shared_msgs/include/shared_msgs/shared_msgs/msg/detail/imu_msg__rosidl_typesupport_introspection_c.h
-- Installing: /home/benboardley/src/ROV/X16-Surface/ros/install/shared_msgs/include/shared_msgs/shared_msgs/msg/detail/can_msg__rosidl_typesupport_introspection_c.h
-- Installing: /home/benboardley/src/ROV/X16-Surface/ros/install/shared_msgs/include/shared_msgs/shared_msgs/msg/detail/temp_msg__rosidl_typesupport_introspection_c.h
-- Installing: /home/benboardley/src/ROV/X16-Surface/ros/install/shared_msgs/include/shared_msgs/shared_msgs/msg/detail/thrust_command_msg__rosidl_typesupport_introspection_c.h
-- Installing: /home/benboardley/src/ROV/X16-Surface/ros/install/shared_msgs/include/shared_msgs/shared_msgs/msg/detail/tools_command_msg__type_support.c
-- Installing: /home/benboardley/src/ROV/X16-Surface/ros/install/shared_msgs/include/shared_msgs/shared_msgs/msg/rosidl_typesupport_introspection_c__visibility_control.h
-- Installing: /home/benboardley/src/ROV/X16-Surface/ros/install/shared_msgs/lib/libshared_msgs__rosidl_typesupport_introspection_c.so
-- Set runtime path of "/home/benboardley/src/ROV/X16-Surface/ros/install/shared_msgs/lib/libshared_msgs__rosidl_typesupport_introspection_c.so" to ""
-- Installing: /home/benboardley/src/ROV/X16-Surface/ros/install/shared_msgs/lib/libshared_msgs__rosidl_typesupport_c.so
-- Set runtime path of "/home/benboardley/src/ROV/X16-Surface/ros/install/shared_msgs/lib/libshared_msgs__rosidl_typesupport_c.so" to ""
-- Up-to-date: /home/benboardley/src/ROV/X16-Surface/ros/install/shared_msgs/include/shared_msgs/shared_msgs
-- Up-to-date: /home/benboardley/src/ROV/X16-Surface/ros/install/shared_msgs/include/shared_msgs/shared_msgs/msg
-- Up-to-date: /home/benboardley/src/ROV/X16-Surface/ros/install/shared_msgs/include/shared_msgs/shared_msgs/msg/detail
-- Installing: /home/benboardley/src/ROV/X16-Surface/ros/install/shared_msgs/include/shared_msgs/shared_msgs/msg/detail/com_msg__rosidl_typesupport_introspection_cpp.hpp
-- Installing: /home/benboardley/src/ROV/X16-Surface/ros/install/shared_msgs/include/shared_msgs/shared_msgs/msg/detail/thrust_command_msg__type_support.cpp
-- Installing: /home/benboardley/src/ROV/X16-Surface/ros/install/shared_msgs/include/shared_msgs/shared_msgs/msg/detail/tools_command_msg__type_support.cpp
-- Installing: /home/benboardley/src/ROV/X16-Surface/ros/install/shared_msgs/include/shared_msgs/shared_msgs/msg/detail/imu_msg__type_support.cpp
-- Installing: /home/benboardley/src/ROV/X16-Surface/ros/install/shared_msgs/include/shared_msgs/shared_msgs/msg/detail/thrust_status_msg__rosidl_typesupport_introspection_cpp.hpp
-- Installing: /home/benboardley/src/ROV/X16-Surface/ros/install/shared_msgs/include/shared_msgs/shared_msgs/msg/detail/imu_msg__rosidl_typesupport_introspection_cpp.hpp
-- Installing: /home/benboardley/src/ROV/X16-Surface/ros/install/shared_msgs/include/shared_msgs/shared_msgs/msg/detail/temp_msg__type_support.cpp
-- Installing: /home/benboardley/src/ROV/X16-Surface/ros/install/shared_msgs/include/shared_msgs/shared_msgs/msg/detail/com_msg__type_support.cpp
-- Installing: /home/benboardley/src/ROV/X16-Surface/ros/install/shared_msgs/include/shared_msgs/shared_msgs/msg/detail/temp_msg__rosidl_typesupport_introspection_cpp.hpp
-- Installing: /home/benboardley/src/ROV/X16-Surface/ros/install/shared_msgs/include/shared_msgs/shared_msgs/msg/detail/thrust_status_msg__type_support.cpp
-- Installing: /home/benboardley/src/ROV/X16-Surface/ros/install/shared_msgs/include/shared_msgs/shared_msgs/msg/detail/rov_velocity_command__type_support.cpp
-- Installing: /home/benboardley/src/ROV/X16-Surface/ros/install/shared_msgs/include/shared_msgs/shared_msgs/msg/detail/tools_command_msg__rosidl_typesupport_introspection_cpp.hpp
-- Installing: /home/benboardley/src/ROV/X16-Surface/ros/install/shared_msgs/include/shared_msgs/shared_msgs/msg/detail/can_msg__rosidl_typesupport_introspection_cpp.hpp
-- Installing: /home/benboardley/src/ROV/X16-Surface/ros/install/shared_msgs/include/shared_msgs/shared_msgs/msg/detail/can_msg__type_support.cpp
-- Installing: /home/benboardley/src/ROV/X16-Surface/ros/install/shared_msgs/include/shared_msgs/shared_msgs/msg/detail/final_thrust_msg__type_support.cpp
-- Installing: /home/benboardley/src/ROV/X16-Surface/ros/install/shared_msgs/include/shared_msgs/shared_msgs/msg/detail/thrust_command_msg__rosidl_typesupport_introspection_cpp.hpp
-- Installing: /home/benboardley/src/ROV/X16-Surface/ros/install/shared_msgs/include/shared_msgs/shared_msgs/msg/detail/rov_velocity_command__rosidl_typesupport_introspection_cpp.hpp
-- Installing: /home/benboardley/src/ROV/X16-Surface/ros/install/shared_msgs/include/shared_msgs/shared_msgs/msg/detail/final_thrust_msg__rosidl_typesupport_introspection_cpp.hpp
-- Installing: /home/benboardley/src/ROV/X16-Surface/ros/install/shared_msgs/lib/libshared_msgs__rosidl_typesupport_introspection_cpp.so
-- Set runtime path of "/home/benboardley/src/ROV/X16-Surface/ros/install/shared_msgs/lib/libshared_msgs__rosidl_typesupport_introspection_cpp.so" to ""
-- Installing: /home/benboardley/src/ROV/X16-Surface/ros/install/shared_msgs/lib/libshared_msgs__rosidl_typesupport_cpp.so
-- Set runtime path of "/home/benboardley/src/ROV/X16-Surface/ros/install/shared_msgs/lib/libshared_msgs__rosidl_typesupport_cpp.so" to ""
-- Installing: /home/benboardley/src/ROV/X16-Surface/ros/install/shared_msgs/share/shared_msgs/environment/pythonpath.sh
-- Installing: /home/benboardley/src/ROV/X16-Surface/ros/install/shared_msgs/share/shared_msgs/environment/pythonpath.dsv
-- Installing: /home/benboardley/src/ROV/X16-Surface/ros/install/shared_msgs/local/lib/python3.10/dist-packages/shared_msgs-0.0.0-py3.10.egg-info
-- Installing: /home/benboardley/src/ROV/X16-Surface/ros/install/shared_msgs/local/lib/python3.10/dist-packages/shared_msgs-0.0.0-py3.10.egg-info/dependency_links.txt
-- Installing: /home/benboardley/src/ROV/X16-Surface/ros/install/shared_msgs/local/lib/python3.10/dist-packages/shared_msgs-0.0.0-py3.10.egg-info/PKG-INFO
-- Installing: /home/benboardley/src/ROV/X16-Surface/ros/install/shared_msgs/local/lib/python3.10/dist-packages/shared_msgs-0.0.0-py3.10.egg-info/top_level.txt
-- Installing: /home/benboardley/src/ROV/X16-Surface/ros/install/shared_msgs/local/lib/python3.10/dist-packages/shared_msgs-0.0.0-py3.10.egg-info/SOURCES.txt
-- Installing: /home/benboardley/src/ROV/X16-Surface/ros/install/shared_msgs/local/lib/python3.10/dist-packages/shared_msgs
-- Installing: /home/benboardley/src/ROV/X16-Surface/ros/install/shared_msgs/local/lib/python3.10/dist-packages/shared_msgs/shared_msgs_s__rosidl_typesupport_c.cpython-310-x86_64-linux-gnu.so
-- Installing: /home/benboardley/src/ROV/X16-Surface/ros/install/shared_msgs/local/lib/python3.10/dist-packages/shared_msgs/libshared_msgs__rosidl_generator_py.so
-- Installing: /home/benboardley/src/ROV/X16-Surface/ros/install/shared_msgs/local/lib/python3.10/dist-packages/shared_msgs/shared_msgs_s__rosidl_typesupport_fastrtps_c.cpython-310-x86_64-linux-gnu.so
-- Installing: /home/benboardley/src/ROV/X16-Surface/ros/install/shared_msgs/local/lib/python3.10/dist-packages/shared_msgs/_shared_msgs_s.ep.rosidl_typesupport_c.c
-- Installing: /home/benboardley/src/ROV/X16-Surface/ros/install/shared_msgs/local/lib/python3.10/dist-packages/shared_msgs/_shared_msgs_s.ep.rosidl_typesupport_fastrtps_c.c
-- Installing: /home/benboardley/src/ROV/X16-Surface/ros/install/shared_msgs/local/lib/python3.10/dist-packages/shared_msgs/shared_msgs_s__rosidl_typesupport_introspection_c.cpython-310-x86_64-linux-gnu.so
-- Installing: /home/benboardley/src/ROV/X16-Surface/ros/install/shared_msgs/local/lib/python3.10/dist-packages/shared_msgs/__init__.py
-- Installing: /home/benboardley/src/ROV/X16-Surface/ros/install/shared_msgs/local/lib/python3.10/dist-packages/shared_msgs/msg
-- Installing: /home/benboardley/src/ROV/X16-Surface/ros/install/shared_msgs/local/lib/python3.10/dist-packages/shared_msgs/msg/_rov_velocity_command_s.c
-- Installing: /home/benboardley/src/ROV/X16-Surface/ros/install/shared_msgs/local/lib/python3.10/dist-packages/shared_msgs/msg/_com_msg.py
-- Installing: /home/benboardley/src/ROV/X16-Surface/ros/install/shared_msgs/local/lib/python3.10/dist-packages/shared_msgs/msg/_can_msg.py
-- Installing: /home/benboardley/src/ROV/X16-Surface/ros/install/shared_msgs/local/lib/python3.10/dist-packages/shared_msgs/msg/_temp_msg_s.c
-- Installing: /home/benboardley/src/ROV/X16-Surface/ros/install/shared_msgs/local/lib/python3.10/dist-packages/shared_msgs/msg/_thrust_status_msg.py
-- Installing: /home/benboardley/src/ROV/X16-Surface/ros/install/shared_msgs/local/lib/python3.10/dist-packages/shared_msgs/msg/_tools_command_msg.py
-- Installing: /home/benboardley/src/ROV/X16-Surface/ros/install/shared_msgs/local/lib/python3.10/dist-packages/shared_msgs/msg/_temp_msg.py
-- Installing: /home/benboardley/src/ROV/X16-Surface/ros/install/shared_msgs/local/lib/python3.10/dist-packages/shared_msgs/msg/_com_msg_s.c
-- Installing: /home/benboardley/src/ROV/X16-Surface/ros/install/shared_msgs/local/lib/python3.10/dist-packages/shared_msgs/msg/_tools_command_msg_s.c
-- Installing: /home/benboardley/src/ROV/X16-Surface/ros/install/shared_msgs/local/lib/python3.10/dist-packages/shared_msgs/msg/_thrust_command_msg.py
-- Installing: /home/benboardley/src/ROV/X16-Surface/ros/install/shared_msgs/local/lib/python3.10/dist-packages/shared_msgs/msg/__init__.py
-- Installing: /home/benboardley/src/ROV/X16-Surface/ros/install/shared_msgs/local/lib/python3.10/dist-packages/shared_msgs/msg/_rov_velocity_command.py
-- Installing: /home/benboardley/src/ROV/X16-Surface/ros/install/shared_msgs/local/lib/python3.10/dist-packages/shared_msgs/msg/_imu_msg_s.c
-- Installing: /home/benboardley/src/ROV/X16-Surface/ros/install/shared_msgs/local/lib/python3.10/dist-packages/shared_msgs/msg/_imu_msg.py
-- Installing: /home/benboardley/src/ROV/X16-Surface/ros/install/shared_msgs/local/lib/python3.10/dist-packages/shared_msgs/msg/_thrust_command_msg_s.c
-- Installing: /home/benboardley/src/ROV/X16-Surface/ros/install/shared_msgs/local/lib/python3.10/dist-packages/shared_msgs/msg/_final_thrust_msg_s.c
-- Installing: /home/benboardley/src/ROV/X16-Surface/ros/install/shared_msgs/local/lib/python3.10/dist-packages/shared_msgs/msg/_can_msg_s.c
-- Installing: /home/benboardley/src/ROV/X16-Surface/ros/install/shared_msgs/local/lib/python3.10/dist-packages/shared_msgs/msg/_thrust_status_msg_s.c
-- Installing: /home/benboardley/src/ROV/X16-Surface/ros/install/shared_msgs/local/lib/python3.10/dist-packages/shared_msgs/msg/_final_thrust_msg.py
-- Installing: /home/benboardley/src/ROV/X16-Surface/ros/install/shared_msgs/local/lib/python3.10/dist-packages/shared_msgs/_shared_msgs_s.ep.rosidl_typesupport_introspection_c.c
Listing '/home/benboardley/src/ROV/X16-Surface/ros/install/shared_msgs/local/lib/python3.10/dist-packages/shared_msgs'...
Compiling '/home/benboardley/src/ROV/X16-Surface/ros/install/shared_msgs/local/lib/python3.10/dist-packages/shared_msgs/__init__.py'...
Listing '/home/benboardley/src/ROV/X16-Surface/ros/install/shared_msgs/local/lib/python3.10/dist-packages/shared_msgs/msg'...
Compiling '/home/benboardley/src/ROV/X16-Surface/ros/install/shared_msgs/local/lib/python3.10/dist-packages/shared_msgs/msg/__init__.py'...
Compiling '/home/benboardley/src/ROV/X16-Surface/ros/install/shared_msgs/local/lib/python3.10/dist-packages/shared_msgs/msg/_can_msg.py'...
Compiling '/home/benboardley/src/ROV/X16-Surface/ros/install/shared_msgs/local/lib/python3.10/dist-packages/shared_msgs/msg/_com_msg.py'...
Compiling '/home/benboardley/src/ROV/X16-Surface/ros/install/shared_msgs/local/lib/python3.10/dist-packages/shared_msgs/msg/_final_thrust_msg.py'...
Compiling '/home/benboardley/src/ROV/X16-Surface/ros/install/shared_msgs/local/lib/python3.10/dist-packages/shared_msgs/msg/_imu_msg.py'...
Compiling '/home/benboardley/src/ROV/X16-Surface/ros/install/shared_msgs/local/lib/python3.10/dist-packages/shared_msgs/msg/_rov_velocity_command.py'...
Compiling '/home/benboardley/src/ROV/X16-Surface/ros/install/shared_msgs/local/lib/python3.10/dist-packages/shared_msgs/msg/_temp_msg.py'...
Compiling '/home/benboardley/src/ROV/X16-Surface/ros/install/shared_msgs/local/lib/python3.10/dist-packages/shared_msgs/msg/_thrust_command_msg.py'...
Compiling '/home/benboardley/src/ROV/X16-Surface/ros/install/shared_msgs/local/lib/python3.10/dist-packages/shared_msgs/msg/_thrust_status_msg.py'...
Compiling '/home/benboardley/src/ROV/X16-Surface/ros/install/shared_msgs/local/lib/python3.10/dist-packages/shared_msgs/msg/_tools_command_msg.py'...
-- Installing: /home/benboardley/src/ROV/X16-Surface/ros/install/shared_msgs/local/lib/python3.10/dist-packages/shared_msgs/shared_msgs_s__rosidl_typesupport_fastrtps_c.cpython-310-x86_64-linux-gnu.so
-- Set runtime path of "/home/benboardley/src/ROV/X16-Surface/ros/install/shared_msgs/local/lib/python3.10/dist-packages/shared_msgs/shared_msgs_s__rosidl_typesupport_fastrtps_c.cpython-310-x86_64-linux-gnu.so" to ""
-- Installing: /home/benboardley/src/ROV/X16-Surface/ros/install/shared_msgs/local/lib/python3.10/dist-packages/shared_msgs/shared_msgs_s__rosidl_typesupport_introspection_c.cpython-310-x86_64-linux-gnu.so
-- Set runtime path of "/home/benboardley/src/ROV/X16-Surface/ros/install/shared_msgs/local/lib/python3.10/dist-packages/shared_msgs/shared_msgs_s__rosidl_typesupport_introspection_c.cpython-310-x86_64-linux-gnu.so" to ""
-- Installing: /home/benboardley/src/ROV/X16-Surface/ros/install/shared_msgs/local/lib/python3.10/dist-packages/shared_msgs/shared_msgs_s__rosidl_typesupport_c.cpython-310-x86_64-linux-gnu.so
-- Set runtime path of "/home/benboardley/src/ROV/X16-Surface/ros/install/shared_msgs/local/lib/python3.10/dist-packages/shared_msgs/shared_msgs_s__rosidl_typesupport_c.cpython-310-x86_64-linux-gnu.so" to ""
-- Installing: /home/benboardley/src/ROV/X16-Surface/ros/install/shared_msgs/lib/libshared_msgs__rosidl_generator_py.so
-- Set runtime path of "/home/benboardley/src/ROV/X16-Surface/ros/install/shared_msgs/lib/libshared_msgs__rosidl_generator_py.so" to ""
-- Installing: /home/benboardley/src/ROV/X16-Surface/ros/install/shared_msgs/share/shared_msgs/msg/CanMsg.idl
-- Installing: /home/benboardley/src/ROV/X16-Surface/ros/install/shared_msgs/share/shared_msgs/msg/ComMsg.idl
-- Installing: /home/benboardley/src/ROV/X16-Surface/ros/install/shared_msgs/share/shared_msgs/msg/FinalThrustMsg.idl
-- Installing: /home/benboardley/src/ROV/X16-Surface/ros/install/shared_msgs/share/shared_msgs/msg/ImuMsg.idl
-- Installing: /home/benboardley/src/ROV/X16-Surface/ros/install/shared_msgs/share/shared_msgs/msg/RovVelocityCommand.idl
-- Installing: /home/benboardley/src/ROV/X16-Surface/ros/install/shared_msgs/share/shared_msgs/msg/TempMsg.idl
-- Installing: /home/benboardley/src/ROV/X16-Surface/ros/install/shared_msgs/share/shared_msgs/msg/ThrustCommandMsg.idl
-- Installing: /home/benboardley/src/ROV/X16-Surface/ros/install/shared_msgs/share/shared_msgs/msg/ThrustStatusMsg.idl
-- Installing: /home/benboardley/src/ROV/X16-Surface/ros/install/shared_msgs/share/shared_msgs/msg/ToolsCommandMsg.idl
-- Installing: /home/benboardley/src/ROV/X16-Surface/ros/install/shared_msgs/share/shared_msgs/msg/CanMsg.msg
-- Installing: /home/benboardley/src/ROV/X16-Surface/ros/install/shared_msgs/share/shared_msgs/msg/ComMsg.msg
-- Installing: /home/benboardley/src/ROV/X16-Surface/ros/install/shared_msgs/share/shared_msgs/msg/FinalThrustMsg.msg
-- Installing: /home/benboardley/src/ROV/X16-Surface/ros/install/shared_msgs/share/shared_msgs/msg/ImuMsg.msg
-- Installing: /home/benboardley/src/ROV/X16-Surface/ros/install/shared_msgs/share/shared_msgs/msg/RovVelocityCommand.msg
-- Installing: /home/benboardley/src/ROV/X16-Surface/ros/install/shared_msgs/share/shared_msgs/msg/TempMsg.msg
-- Installing: /home/benboardley/src/ROV/X16-Surface/ros/install/shared_msgs/share/shared_msgs/msg/ThrustCommandMsg.msg
-- Installing: /home/benboardley/src/ROV/X16-Surface/ros/install/shared_msgs/share/shared_msgs/msg/ThrustStatusMsg.msg
-- Installing: /home/benboardley/src/ROV/X16-Surface/ros/install/shared_msgs/share/shared_msgs/msg/ToolsCommandMsg.msg
-- Installing: /home/benboardley/src/ROV/X16-Surface/ros/install/shared_msgs/share/ament_index/resource_index/package_run_dependencies/shared_msgs
-- Installing: /home/benboardley/src/ROV/X16-Surface/ros/install/shared_msgs/share/ament_index/resource_index/parent_prefix_path/shared_msgs
-- Installing: /home/benboardley/src/ROV/X16-Surface/ros/install/shared_msgs/share/shared_msgs/environment/ament_prefix_path.sh
-- Installing: /home/benboardley/src/ROV/X16-Surface/ros/install/shared_msgs/share/shared_msgs/environment/ament_prefix_path.dsv
-- Installing: /home/benboardley/src/ROV/X16-Surface/ros/install/shared_msgs/share/shared_msgs/environment/path.sh
-- Installing: /home/benboardley/src/ROV/X16-Surface/ros/install/shared_msgs/share/shared_msgs/environment/path.dsv
-- Installing: /home/benboardley/src/ROV/X16-Surface/ros/install/shared_msgs/share/shared_msgs/local_setup.bash
-- Installing: /home/benboardley/src/ROV/X16-Surface/ros/install/shared_msgs/share/shared_msgs/local_setup.sh
-- Installing: /home/benboardley/src/ROV/X16-Surface/ros/install/shared_msgs/share/shared_msgs/local_setup.zsh
-- Installing: /home/benboardley/src/ROV/X16-Surface/ros/install/shared_msgs/share/shared_msgs/local_setup.dsv
-- Installing: /home/benboardley/src/ROV/X16-Surface/ros/install/shared_msgs/share/shared_msgs/package.dsv
-- Installing: /home/benboardley/src/ROV/X16-Surface/ros/install/shared_msgs/share/ament_index/resource_index/packages/shared_msgs
-- Installing: /home/benboardley/src/ROV/X16-Surface/ros/install/shared_msgs/share/shared_msgs/cmake/export_shared_msgs__rosidl_generator_cExport.cmake
-- Installing: /home/benboardley/src/ROV/X16-Surface/ros/install/shared_msgs/share/shared_msgs/cmake/export_shared_msgs__rosidl_generator_cExport-noconfig.cmake
-- Installing: /home/benboardley/src/ROV/X16-Surface/ros/install/shared_msgs/share/shared_msgs/cmake/export_shared_msgs__rosidl_typesupport_fastrtps_cExport.cmake
-- Installing: /home/benboardley/src/ROV/X16-Surface/ros/install/shared_msgs/share/shared_msgs/cmake/export_shared_msgs__rosidl_typesupport_fastrtps_cExport-noconfig.cmake
-- Installing: /home/benboardley/src/ROV/X16-Surface/ros/install/shared_msgs/share/shared_msgs/cmake/export_shared_msgs__rosidl_generator_cppExport.cmake
-- Installing: /home/benboardley/src/ROV/X16-Surface/ros/install/shared_msgs/share/shared_msgs/cmake/export_shared_msgs__rosidl_typesupport_fastrtps_cppExport.cmake
-- Installing: /home/benboardley/src/ROV/X16-Surface/ros/install/shared_msgs/share/shared_msgs/cmake/export_shared_msgs__rosidl_typesupport_fastrtps_cppExport-noconfig.cmake
-- Installing: /home/benboardley/src/ROV/X16-Surface/ros/install/shared_msgs/share/shared_msgs/cmake/shared_msgs__rosidl_typesupport_introspection_cExport.cmake
-- Installing: /home/benboardley/src/ROV/X16-Surface/ros/install/shared_msgs/share/shared_msgs/cmake/shared_msgs__rosidl_typesupport_introspection_cExport-noconfig.cmake
-- Installing: /home/benboardley/src/ROV/X16-Surface/ros/install/shared_msgs/share/shared_msgs/cmake/shared_msgs__rosidl_typesupport_cExport.cmake
-- Installing: /home/benboardley/src/ROV/X16-Surface/ros/install/shared_msgs/share/shared_msgs/cmake/shared_msgs__rosidl_typesupport_cExport-noconfig.cmake
-- Installing: /home/benboardley/src/ROV/X16-Surface/ros/install/shared_msgs/share/shared_msgs/cmake/shared_msgs__rosidl_typesupport_introspection_cppExport.cmake
-- Installing: /home/benboardley/src/ROV/X16-Surface/ros/install/shared_msgs/share/shared_msgs/cmake/shared_msgs__rosidl_typesupport_introspection_cppExport-noconfig.cmake
-- Installing: /home/benboardley/src/ROV/X16-Surface/ros/install/shared_msgs/share/shared_msgs/cmake/shared_msgs__rosidl_typesupport_cppExport.cmake
-- Installing: /home/benboardley/src/ROV/X16-Surface/ros/install/shared_msgs/share/shared_msgs/cmake/shared_msgs__rosidl_typesupport_cppExport-noconfig.cmake
-- Installing: /home/benboardley/src/ROV/X16-Surface/ros/install/shared_msgs/share/shared_msgs/cmake/export_shared_msgs__rosidl_generator_pyExport.cmake
-- Installing: /home/benboardley/src/ROV/X16-Surface/ros/install/shared_msgs/share/shared_msgs/cmake/export_shared_msgs__rosidl_generator_pyExport-noconfig.cmake
-- Installing: /home/benboardley/src/ROV/X16-Surface/ros/install/shared_msgs/share/shared_msgs/cmake/rosidl_cmake-extras.cmake
-- Installing: /home/benboardley/src/ROV/X16-Surface/ros/install/shared_msgs/share/shared_msgs/cmake/ament_cmake_export_dependencies-extras.cmake
-- Installing: /home/benboardley/src/ROV/X16-Surface/ros/install/shared_msgs/share/shared_msgs/cmake/ament_cmake_export_include_directories-extras.cmake
-- Installing: /home/benboardley/src/ROV/X16-Surface/ros/install/shared_msgs/share/shared_msgs/cmake/ament_cmake_export_libraries-extras.cmake
-- Installing: /home/benboardley/src/ROV/X16-Surface/ros/install/shared_msgs/share/shared_msgs/cmake/ament_cmake_export_targets-extras.cmake
-- Installing: /home/benboardley/src/ROV/X16-Surface/ros/install/shared_msgs/share/shared_msgs/cmake/rosidl_cmake_export_typesupport_targets-extras.cmake
-- Installing: /home/benboardley/src/ROV/X16-Surface/ros/install/shared_msgs/share/shared_msgs/cmake/rosidl_cmake_export_typesupport_libraries-extras.cmake
-- Installing: /home/benboardley/src/ROV/X16-Surface/ros/install/shared_msgs/share/shared_msgs/cmake/shared_msgsConfig.cmake
-- Installing: /home/benboardley/src/ROV/X16-Surface/ros/install/shared_msgs/share/shared_msgs/cmake/shared_msgsConfig-version.cmake
-- Installing: /home/benboardley/src/ROV/X16-Surface/ros/install/shared_msgs/share/shared_msgs/package.xml
