[0.060s] Invoking command in '/home/benboardley/src/ROV/X16-Surface/ros/build/shared_msgs': CMAKE_PREFIX_PATH=/opt/ros/humble WSLENV=ELECTRON_RUN_AS_NODE/w: /home/benboardley/.local/bin/cmake /home/benboardley/src/ROV/X16-Surface/ros/shared_msgs -DCMAKE_INSTALL_PREFIX=/home/benboardley/src/ROV/X16-Surface/ros/install/shared_msgs
[0.565s] -- The C compiler identification is GNU 11.4.0
[2.244s] -- The CXX compiler identification is GNU 11.4.0
[3.808s] -- Detecting C compiler ABI info
[4.242s] -- Detecting C compiler ABI info - done
[4.257s] -- Check for working C compiler: /usr/bin/cc - skipped
[4.258s] -- Detecting C compile features
[4.258s] -- Detecting C compile features - done
[4.555s] -- Detecting CXX compiler ABI info
[5.085s] -- Detecting CXX compiler ABI info - done
[5.105s] -- Check for working CXX compiler: /usr/bin/c++ - skipped
[5.105s] -- Detecting CXX compile features
[5.106s] -- Detecting CXX compile features - done
[5.109s] -- Found ament_cmake: 1.3.5 (/opt/ros/humble/share/ament_cmake/cmake)
[10.241s] -- Found Python3: /usr/bin/python3.10 (found version "3.10.12") found components: Interpreter 
[10.366s] -- Found builtin_interfaces: 1.2.1 (/opt/ros/humble/share/builtin_interfaces/cmake)
[10.766s] -- Found rosidl_generator_c: 3.1.5 (/opt/ros/humble/share/rosidl_generator_c/cmake)
[10.777s] -- Found rosidl_adapter: 3.1.5 (/opt/ros/humble/share/rosidl_adapter/cmake)
[10.799s] -- Found rosidl_generator_cpp: 3.1.5 (/opt/ros/humble/share/rosidl_generator_cpp/cmake)
[10.836s] -- Using all available rosidl_typesupport_c: rosidl_typesupport_fastrtps_c;rosidl_typesupport_introspection_c
[10.880s] -- Using all available rosidl_typesupport_cpp: rosidl_typesupport_fastrtps_cpp;rosidl_typesupport_introspection_cpp
[10.932s] -- Found rosidl_default_generators: 1.2.0 (/opt/ros/humble/share/rosidl_default_generators/cmake)
[10.951s] -- Found sensor_msgs: 4.2.3 (/opt/ros/humble/share/sensor_msgs/cmake)
[11.996s] -- Found ament_cmake_ros: 0.10.0 (/opt/ros/humble/share/ament_cmake_ros/cmake)
[12.972s] -- Using all available rosidl_typesupport_c: rosidl_typesupport_fastrtps_c;rosidl_typesupport_introspection_c
[13.299s] -- Using all available rosidl_typesupport_cpp: rosidl_typesupport_fastrtps_cpp;rosidl_typesupport_introspection_cpp
[13.301s] [33mCMake Warning (dev) at /opt/ros/humble/share/rosidl_generator_py/cmake/rosidl_generator_py_generate_interfaces.cmake:20 (find_package):
[13.301s]   Policy CMP0148 is not set: The FindPythonInterp and FindPythonLibs modules
[13.301s]   are removed.  Run "cmake --help-policy CMP0148" for policy details.  Use
[13.301s]   the cmake_policy command to set the policy and suppress this warning.
[13.301s] 
[13.301s] Call Stack (most recent call first):
[13.301s]   /opt/ros/humble/share/ament_cmake_core/cmake/core/ament_execute_extensions.cmake:48 (include)
[13.301s]   /opt/ros/humble/share/rosidl_cmake/cmake/rosidl_generate_interfaces.cmake:286 (ament_execute_extensions)
[13.301s]   CMakeLists.txt:32 (rosidl_generate_interfaces)
[13.302s] This warning is for project developers.  Use -Wno-dev to suppress it.
[13.302s] [0m
[13.719s] -- Found PythonInterp: /usr/bin/python3 (found suitable version "3.10.12", minimum required is "3.6") 
[13.720s] -- Found python_cmake_module: 0.10.0 (/opt/ros/humble/share/python_cmake_module/cmake)
[13.721s] [33mCMake Warning (dev) at /opt/ros/humble/share/python_cmake_module/cmake/Modules/FindPythonExtra.cmake:52 (find_package):
[13.721s]   Policy CMP0148 is not set: The FindPythonInterp and FindPythonLibs modules
[13.721s]   are removed.  Run "cmake --help-policy CMP0148" for policy details.  Use
[13.721s]   the cmake_policy command to set the policy and suppress this warning.
[13.721s] 
[13.721s] Call Stack (most recent call first):
[13.721s]   /opt/ros/humble/share/rosidl_generator_py/cmake/rosidl_generator_py_generate_interfaces.cmake:23 (find_package)
[13.721s]   /opt/ros/humble/share/ament_cmake_core/cmake/core/ament_execute_extensions.cmake:48 (include)
[13.721s]   /opt/ros/humble/share/rosidl_cmake/cmake/rosidl_generate_interfaces.cmake:286 (ament_execute_extensions)
[13.721s]   CMakeLists.txt:32 (rosidl_generate_interfaces)
[13.721s] This warning is for project developers.  Use -Wno-dev to suppress it.
[13.721s] [0m
[13.739s] [33mCMake Warning (dev) at /opt/ros/humble/share/python_cmake_module/cmake/Modules/FindPythonExtra.cmake:140 (find_package):
[13.739s]   Policy CMP0148 is not set: The FindPythonInterp and FindPythonLibs modules
[13.739s]   are removed.  Run "cmake --help-policy CMP0148" for policy details.  Use
[13.739s]   the cmake_policy command to set the policy and suppress this warning.
[13.739s] 
[13.739s] Call Stack (most recent call first):
[13.739s]   /opt/ros/humble/share/rosidl_generator_py/cmake/rosidl_generator_py_generate_interfaces.cmake:23 (find_package)
[13.739s]   /opt/ros/humble/share/ament_cmake_core/cmake/core/ament_execute_extensions.cmake:48 (include)
[13.739s]   /opt/ros/humble/share/rosidl_cmake/cmake/rosidl_generate_interfaces.cmake:286 (ament_execute_extensions)
[13.739s]   CMakeLists.txt:32 (rosidl_generate_interfaces)
[13.739s] This warning is for project developers.  Use -Wno-dev to suppress it.
[13.739s] [0m
[15.063s] -- Found PythonLibs: /usr/lib/x86_64-linux-gnu/libpython3.10.so (found suitable version "3.10.12", minimum required is "3.5") 
[15.063s] -- Using PYTHON_EXECUTABLE: /usr/bin/python3
[15.063s] -- Using PYTHON_INCLUDE_DIRS: /usr/include/python3.10
[15.063s] -- Using PYTHON_LIBRARIES: /usr/lib/x86_64-linux-gnu/libpython3.10.so
[15.087s] -- Found PythonExtra: .so  
[15.337s] -- Found ament_lint_auto: 0.12.7 (/opt/ros/humble/share/ament_lint_auto/cmake)
[15.352s] -- Added test 'lint_cmake' to check CMake code style
[15.353s] -- Added test 'xmllint' to check XML markup files
[15.355s] -- Configuring done (15.2s)
[15.427s] -- Generating done (0.1s)
[15.431s] -- Build files have been written to: /home/benboardley/src/ROV/X16-Surface/ros/build/shared_msgs
[15.451s] Invoked command in '/home/benboardley/src/ROV/X16-Surface/ros/build/shared_msgs' returned '0': CMAKE_PREFIX_PATH=/opt/ros/humble WSLENV=ELECTRON_RUN_AS_NODE/w: /home/benboardley/.local/bin/cmake /home/benboardley/src/ROV/X16-Surface/ros/shared_msgs -DCMAKE_INSTALL_PREFIX=/home/benboardley/src/ROV/X16-Surface/ros/install/shared_msgs
[15.453s] Invoking command in '/home/benboardley/src/ROV/X16-Surface/ros/build/shared_msgs': CMAKE_PREFIX_PATH=/opt/ros/humble WSLENV=ELECTRON_RUN_AS_NODE/w: /home/benboardley/.local/bin/cmake --build /home/benboardley/src/ROV/X16-Surface/ros/build/shared_msgs -- -j8 -l8
[15.498s] [  1%] [34m[1mGenerating C code for ROS interfaces[0m
[15.502s] [  2%] [34m[1mGenerating C++ code for ROS interfaces[0m
[15.505s] [  2%] Built target ament_cmake_python_copy_shared_msgs
[15.789s] running egg_info
[15.791s] creating shared_msgs.egg-info
[15.811s] writing shared_msgs.egg-info/PKG-INFO
[15.811s] writing dependency_links to shared_msgs.egg-info/dependency_links.txt
[15.811s] writing top-level names to shared_msgs.egg-info/top_level.txt
[15.811s] writing manifest file 'shared_msgs.egg-info/SOURCES.txt'
[15.866s] reading manifest file 'shared_msgs.egg-info/SOURCES.txt'
[15.867s] writing manifest file 'shared_msgs.egg-info/SOURCES.txt'
[15.899s] [  2%] Built target ament_cmake_python_build_shared_msgs_egg
[16.331s] [  2%] Built target shared_msgs__cpp
[16.336s] [  3%] [34m[1mGenerating C++ type support dispatch for ROS interfaces[0m
[16.337s] [  4%] [34m[1mGenerating C++ introspection for ROS interfaces[0m
[16.337s] [  5%] [34m[1mGenerating C++ type support for eProsima Fast-RTPS[0m
[16.457s] [  6%] [32mBuilding C object CMakeFiles/shared_msgs__rosidl_generator_c.dir/rosidl_generator_c/shared_msgs/msg/detail/can_msg__functions.c.o[0m
[16.458s] [  7%] [32mBuilding C object CMakeFiles/shared_msgs__rosidl_generator_c.dir/rosidl_generator_c/shared_msgs/msg/detail/com_msg__functions.c.o[0m
[16.462s] [  8%] [32mBuilding C object CMakeFiles/shared_msgs__rosidl_generator_c.dir/rosidl_generator_c/shared_msgs/msg/detail/final_thrust_msg__functions.c.o[0m
[16.467s] [  9%] [32mBuilding C object CMakeFiles/shared_msgs__rosidl_generator_c.dir/rosidl_generator_c/shared_msgs/msg/detail/imu_msg__functions.c.o[0m
[16.468s] [ 10%] [32mBuilding C object CMakeFiles/shared_msgs__rosidl_generator_c.dir/rosidl_generator_c/shared_msgs/msg/detail/rov_velocity_command__functions.c.o[0m
[16.583s] [ 11%] [32mBuilding C object CMakeFiles/shared_msgs__rosidl_generator_c.dir/rosidl_generator_c/shared_msgs/msg/detail/temp_msg__functions.c.o[0m
[16.583s] [ 12%] [32mBuilding C object CMakeFiles/shared_msgs__rosidl_generator_c.dir/rosidl_generator_c/shared_msgs/msg/detail/thrust_command_msg__functions.c.o[0m
[16.591s] [ 13%] [32mBuilding C object CMakeFiles/shared_msgs__rosidl_generator_c.dir/rosidl_generator_c/shared_msgs/msg/detail/tools_command_msg__functions.c.o[0m
[16.595s] [ 14%] [32mBuilding C object CMakeFiles/shared_msgs__rosidl_generator_c.dir/rosidl_generator_c/shared_msgs/msg/detail/thrust_status_msg__functions.c.o[0m
[16.658s] [ 15%] [32m[1mLinking C shared library libshared_msgs__rosidl_generator_c.so[0m
[16.942s] [ 15%] Built target shared_msgs__rosidl_generator_c
[16.949s] [ 16%] [34m[1mGenerating C type support for eProsima Fast-RTPS[0m
[16.955s] [ 17%] [34m[1mGenerating C type support dispatch for ROS interfaces[0m
[16.957s] [ 18%] [34m[1mGenerating C introspection for ROS interfaces[0m
[16.976s] [ 20%] [32mBuilding CXX object CMakeFiles/shared_msgs__rosidl_typesupport_cpp.dir/rosidl_typesupport_cpp/shared_msgs/msg/com_msg__type_support.cpp.o[0m
[16.976s] [ 21%] [32mBuilding CXX object CMakeFiles/shared_msgs__rosidl_typesupport_cpp.dir/rosidl_typesupport_cpp/shared_msgs/msg/final_thrust_msg__type_support.cpp.o[0m
[16.978s] [ 22%] [32mBuilding CXX object CMakeFiles/shared_msgs__rosidl_typesupport_cpp.dir/rosidl_typesupport_cpp/shared_msgs/msg/can_msg__type_support.cpp.o[0m
[17.335s] [ 23%] [32mBuilding CXX object CMakeFiles/shared_msgs__rosidl_typesupport_introspection_cpp.dir/rosidl_typesupport_introspection_cpp/shared_msgs/msg/detail/can_msg__type_support.cpp.o[0m
[17.390s] [ 24%] [32mBuilding CXX object CMakeFiles/shared_msgs__rosidl_typesupport_fastrtps_cpp.dir/rosidl_typesupport_fastrtps_cpp/shared_msgs/msg/detail/dds_fastrtps/can_msg__type_support.cpp.o[0m
[17.730s] [ 25%] [32mBuilding CXX object CMakeFiles/shared_msgs__rosidl_typesupport_fastrtps_cpp.dir/rosidl_typesupport_fastrtps_cpp/shared_msgs/msg/detail/dds_fastrtps/com_msg__type_support.cpp.o[0m
[17.730s] [ 26%] [32mBuilding CXX object CMakeFiles/shared_msgs__rosidl_typesupport_cpp.dir/rosidl_typesupport_cpp/shared_msgs/msg/imu_msg__type_support.cpp.o[0m
[17.733s] [ 27%] [32mBuilding CXX object CMakeFiles/shared_msgs__rosidl_typesupport_cpp.dir/rosidl_typesupport_cpp/shared_msgs/msg/rov_velocity_command__type_support.cpp.o[0m
[17.869s] [ 28%] [32mBuilding CXX object CMakeFiles/shared_msgs__rosidl_typesupport_c.dir/rosidl_typesupport_c/shared_msgs/msg/can_msg__type_support.cpp.o[0m
[17.908s] [ 29%] [32mBuilding CXX object CMakeFiles/shared_msgs__rosidl_typesupport_c.dir/rosidl_typesupport_c/shared_msgs/msg/com_msg__type_support.cpp.o[0m
[17.952s] [ 30%] [32mBuilding CXX object CMakeFiles/shared_msgs__rosidl_typesupport_c.dir/rosidl_typesupport_c/shared_msgs/msg/final_thrust_msg__type_support.cpp.o[0m
[17.988s] [ 31%] [32mBuilding CXX object CMakeFiles/shared_msgs__rosidl_typesupport_c.dir/rosidl_typesupport_c/shared_msgs/msg/imu_msg__type_support.cpp.o[0m
[18.025s] [ 32%] [32mBuilding CXX object CMakeFiles/shared_msgs__rosidl_typesupport_c.dir/rosidl_typesupport_c/shared_msgs/msg/rov_velocity_command__type_support.cpp.o[0m
[18.061s] [ 33%] [32mBuilding CXX object CMakeFiles/shared_msgs__rosidl_typesupport_c.dir/rosidl_typesupport_c/shared_msgs/msg/temp_msg__type_support.cpp.o[0m
[18.106s] [ 34%] [32mBuilding CXX object CMakeFiles/shared_msgs__rosidl_typesupport_c.dir/rosidl_typesupport_c/shared_msgs/msg/thrust_command_msg__type_support.cpp.o[0m
[18.115s] [ 35%] [32mBuilding CXX object CMakeFiles/shared_msgs__rosidl_typesupport_introspection_cpp.dir/rosidl_typesupport_introspection_cpp/shared_msgs/msg/detail/com_msg__type_support.cpp.o[0m
[18.143s] [ 36%] [32mBuilding CXX object CMakeFiles/shared_msgs__rosidl_typesupport_c.dir/rosidl_typesupport_c/shared_msgs/msg/thrust_status_msg__type_support.cpp.o[0m
[18.179s] [ 37%] [32mBuilding CXX object CMakeFiles/shared_msgs__rosidl_typesupport_c.dir/rosidl_typesupport_c/shared_msgs/msg/tools_command_msg__type_support.cpp.o[0m
[18.184s] [ 38%] [32mBuilding CXX object CMakeFiles/shared_msgs__rosidl_typesupport_fastrtps_cpp.dir/rosidl_typesupport_fastrtps_cpp/shared_msgs/msg/detail/dds_fastrtps/final_thrust_msg__type_support.cpp.o[0m
[18.189s] [ 40%] [32mBuilding C object CMakeFiles/shared_msgs__rosidl_typesupport_introspection_c.dir/rosidl_typesupport_introspection_c/shared_msgs/msg/detail/can_msg__type_support.c.o[0m
[18.197s] [ 41%] [32mBuilding CXX object CMakeFiles/shared_msgs__rosidl_typesupport_fastrtps_c.dir/rosidl_typesupport_fastrtps_c/shared_msgs/msg/detail/can_msg__type_support_c.cpp.o[0m
[18.210s] [ 42%] [32mBuilding C object CMakeFiles/shared_msgs__rosidl_typesupport_introspection_c.dir/rosidl_typesupport_introspection_c/shared_msgs/msg/detail/com_msg__type_support.c.o[0m
[18.215s] [ 43%] [32m[1mLinking CXX shared library libshared_msgs__rosidl_typesupport_c.so[0m
[18.230s] [ 44%] [32mBuilding C object CMakeFiles/shared_msgs__rosidl_typesupport_introspection_c.dir/rosidl_typesupport_introspection_c/shared_msgs/msg/detail/final_thrust_msg__type_support.c.o[0m
[18.236s] [ 45%] [32mBuilding CXX object CMakeFiles/shared_msgs__rosidl_typesupport_cpp.dir/rosidl_typesupport_cpp/shared_msgs/msg/temp_msg__type_support.cpp.o[0m
[18.254s] [ 46%] [32mBuilding C object CMakeFiles/shared_msgs__rosidl_typesupport_introspection_c.dir/rosidl_typesupport_introspection_c/shared_msgs/msg/detail/imu_msg__type_support.c.o[0m
[18.274s] [ 47%] [32mBuilding C object CMakeFiles/shared_msgs__rosidl_typesupport_introspection_c.dir/rosidl_typesupport_introspection_c/shared_msgs/msg/detail/rov_velocity_command__type_support.c.o[0m
[18.307s] [ 48%] [32mBuilding C object CMakeFiles/shared_msgs__rosidl_typesupport_introspection_c.dir/rosidl_typesupport_introspection_c/shared_msgs/msg/detail/temp_msg__type_support.c.o[0m
[18.323s] [ 49%] [32mBuilding C object CMakeFiles/shared_msgs__rosidl_typesupport_introspection_c.dir/rosidl_typesupport_introspection_c/shared_msgs/msg/detail/thrust_command_msg__type_support.c.o[0m
[18.355s] [ 50%] [32mBuilding C object CMakeFiles/shared_msgs__rosidl_typesupport_introspection_c.dir/rosidl_typesupport_introspection_c/shared_msgs/msg/detail/thrust_status_msg__type_support.c.o[0m
[18.369s] [ 51%] [32mBuilding C object CMakeFiles/shared_msgs__rosidl_typesupport_introspection_c.dir/rosidl_typesupport_introspection_c/shared_msgs/msg/detail/tools_command_msg__type_support.c.o[0m
[18.405s] [ 52%] [32mBuilding CXX object CMakeFiles/shared_msgs__rosidl_typesupport_fastrtps_cpp.dir/rosidl_typesupport_fastrtps_cpp/shared_msgs/msg/detail/dds_fastrtps/imu_msg__type_support.cpp.o[0m
[18.420s] [ 53%] [32m[1mLinking C shared library libshared_msgs__rosidl_typesupport_introspection_c.so[0m
[18.452s] [ 53%] Built target shared_msgs__rosidl_typesupport_c
[18.457s] [ 54%] [32mBuilding CXX object CMakeFiles/shared_msgs__rosidl_typesupport_cpp.dir/rosidl_typesupport_cpp/shared_msgs/msg/thrust_command_msg__type_support.cpp.o[0m
[18.473s] [ 55%] [32mBuilding CXX object CMakeFiles/shared_msgs__rosidl_typesupport_fastrtps_cpp.dir/rosidl_typesupport_fastrtps_cpp/shared_msgs/msg/detail/dds_fastrtps/rov_velocity_command__type_support.cpp.o[0m
[18.652s] [ 55%] Built target shared_msgs__rosidl_typesupport_introspection_c
[18.656s] [ 56%] [32mBuilding CXX object CMakeFiles/shared_msgs__rosidl_typesupport_fastrtps_cpp.dir/rosidl_typesupport_fastrtps_cpp/shared_msgs/msg/detail/dds_fastrtps/temp_msg__type_support.cpp.o[0m
[18.790s] [ 57%] [32mBuilding CXX object CMakeFiles/shared_msgs__rosidl_typesupport_cpp.dir/rosidl_typesupport_cpp/shared_msgs/msg/thrust_status_msg__type_support.cpp.o[0m
[18.829s] [ 58%] [32mBuilding CXX object CMakeFiles/shared_msgs__rosidl_typesupport_introspection_cpp.dir/rosidl_typesupport_introspection_cpp/shared_msgs/msg/detail/final_thrust_msg__type_support.cpp.o[0m
[18.841s] [ 60%] [32mBuilding CXX object CMakeFiles/shared_msgs__rosidl_typesupport_fastrtps_c.dir/rosidl_typesupport_fastrtps_c/shared_msgs/msg/detail/com_msg__type_support_c.cpp.o[0m
[18.884s] [ 61%] [32mBuilding CXX object CMakeFiles/shared_msgs__rosidl_typesupport_fastrtps_cpp.dir/rosidl_typesupport_fastrtps_cpp/shared_msgs/msg/detail/dds_fastrtps/thrust_command_msg__type_support.cpp.o[0m
[19.061s] [ 62%] [32mBuilding CXX object CMakeFiles/shared_msgs__rosidl_typesupport_cpp.dir/rosidl_typesupport_cpp/shared_msgs/msg/tools_command_msg__type_support.cpp.o[0m
[19.204s] [ 63%] [32mBuilding CXX object CMakeFiles/shared_msgs__rosidl_typesupport_fastrtps_cpp.dir/rosidl_typesupport_fastrtps_cpp/shared_msgs/msg/detail/dds_fastrtps/thrust_status_msg__type_support.cpp.o[0m
[19.299s] [ 64%] [32mBuilding CXX object CMakeFiles/shared_msgs__rosidl_typesupport_fastrtps_cpp.dir/rosidl_typesupport_fastrtps_cpp/shared_msgs/msg/detail/dds_fastrtps/tools_command_msg__type_support.cpp.o[0m
[19.353s] [ 65%] [32mBuilding CXX object CMakeFiles/shared_msgs__rosidl_typesupport_fastrtps_c.dir/rosidl_typesupport_fastrtps_c/shared_msgs/msg/detail/final_thrust_msg__type_support_c.cpp.o[0m
[19.411s] [ 66%] [32mBuilding CXX object CMakeFiles/shared_msgs__rosidl_typesupport_fastrtps_c.dir/rosidl_typesupport_fastrtps_c/shared_msgs/msg/detail/imu_msg__type_support_c.cpp.o[0m
[19.524s] [ 67%] [32mBuilding CXX object CMakeFiles/shared_msgs__rosidl_typesupport_introspection_cpp.dir/rosidl_typesupport_introspection_cpp/shared_msgs/msg/detail/imu_msg__type_support.cpp.o[0m
[19.550s] [ 68%] [32mBuilding CXX object CMakeFiles/shared_msgs__rosidl_typesupport_fastrtps_c.dir/rosidl_typesupport_fastrtps_c/shared_msgs/msg/detail/rov_velocity_command__type_support_c.cpp.o[0m
[19.556s] [ 69%] [32m[1mLinking CXX shared library libshared_msgs__rosidl_typesupport_cpp.so[0m
[19.600s] [ 70%] [32mBuilding CXX object CMakeFiles/shared_msgs__rosidl_typesupport_fastrtps_c.dir/rosidl_typesupport_fastrtps_c/shared_msgs/msg/detail/temp_msg__type_support_c.cpp.o[0m
[19.840s] [ 70%] Built target shared_msgs__rosidl_typesupport_cpp
[19.844s] [ 71%] [32mBuilding CXX object CMakeFiles/shared_msgs__rosidl_typesupport_fastrtps_c.dir/rosidl_typesupport_fastrtps_c/shared_msgs/msg/detail/thrust_command_msg__type_support_c.cpp.o[0m
[19.941s] [ 72%] [32mBuilding CXX object CMakeFiles/shared_msgs__rosidl_typesupport_fastrtps_c.dir/rosidl_typesupport_fastrtps_c/shared_msgs/msg/detail/thrust_status_msg__type_support_c.cpp.o[0m
[19.959s] [ 73%] [32mBuilding CXX object CMakeFiles/shared_msgs__rosidl_typesupport_fastrtps_c.dir/rosidl_typesupport_fastrtps_c/shared_msgs/msg/detail/tools_command_msg__type_support_c.cpp.o[0m
[20.018s] [ 74%] [32m[1mLinking CXX shared library libshared_msgs__rosidl_typesupport_fastrtps_cpp.so[0m
[20.021s] [ 75%] [32mBuilding CXX object CMakeFiles/shared_msgs__rosidl_typesupport_introspection_cpp.dir/rosidl_typesupport_introspection_cpp/shared_msgs/msg/detail/rov_velocity_command__type_support.cpp.o[0m
[20.189s] [ 76%] [32mBuilding CXX object CMakeFiles/shared_msgs__rosidl_typesupport_introspection_cpp.dir/rosidl_typesupport_introspection_cpp/shared_msgs/msg/detail/temp_msg__type_support.cpp.o[0m
[20.192s] [ 77%] [32mBuilding CXX object CMakeFiles/shared_msgs__rosidl_typesupport_introspection_cpp.dir/rosidl_typesupport_introspection_cpp/shared_msgs/msg/detail/thrust_command_msg__type_support.cpp.o[0m
[20.240s] [ 78%] [32mBuilding CXX object CMakeFiles/shared_msgs__rosidl_typesupport_introspection_cpp.dir/rosidl_typesupport_introspection_cpp/shared_msgs/msg/detail/thrust_status_msg__type_support.cpp.o[0m
[20.347s] [ 78%] Built target shared_msgs__rosidl_typesupport_fastrtps_cpp
[20.351s] [ 80%] [32mBuilding CXX object CMakeFiles/shared_msgs__rosidl_typesupport_introspection_cpp.dir/rosidl_typesupport_introspection_cpp/shared_msgs/msg/detail/tools_command_msg__type_support.cpp.o[0m
[20.579s] [ 81%] [32m[1mLinking CXX shared library libshared_msgs__rosidl_typesupport_fastrtps_c.so[0m
[20.852s] [ 81%] Built target shared_msgs__rosidl_typesupport_fastrtps_c
[20.881s] [ 82%] [32m[1mLinking CXX shared library libshared_msgs__rosidl_typesupport_introspection_cpp.so[0m
[21.258s] [ 82%] Built target shared_msgs__rosidl_typesupport_introspection_cpp
[21.265s] [ 82%] Built target shared_msgs
[21.273s] [ 83%] [34m[1mGenerating Python code for ROS interfaces[0m
[22.209s] [ 83%] Built target shared_msgs__py
[22.221s] [ 85%] [32mBuilding C object CMakeFiles/shared_msgs__rosidl_generator_py.dir/rosidl_generator_py/shared_msgs/msg/_can_msg_s.c.o[0m
[22.222s] [ 86%] [32mBuilding C object CMakeFiles/shared_msgs__rosidl_generator_py.dir/rosidl_generator_py/shared_msgs/msg/_final_thrust_msg_s.c.o[0m
[22.222s] [ 87%] [32mBuilding C object CMakeFiles/shared_msgs__rosidl_generator_py.dir/rosidl_generator_py/shared_msgs/msg/_thrust_command_msg_s.c.o[0m
[22.222s] [ 89%] [32mBuilding C object CMakeFiles/shared_msgs__rosidl_generator_py.dir/rosidl_generator_py/shared_msgs/msg/_temp_msg_s.c.o[0m
[22.222s] [ 91%] [32mBuilding C object CMakeFiles/shared_msgs__rosidl_generator_py.dir/rosidl_generator_py/shared_msgs/msg/_imu_msg_s.c.o[0m
[22.222s] [ 91%] [32mBuilding C object CMakeFiles/shared_msgs__rosidl_generator_py.dir/rosidl_generator_py/shared_msgs/msg/_rov_velocity_command_s.c.o[0m
[22.223s] [ 91%] [32mBuilding C object CMakeFiles/shared_msgs__rosidl_generator_py.dir/rosidl_generator_py/shared_msgs/msg/_thrust_status_msg_s.c.o[0m
[22.223s] [ 91%] [32mBuilding C object CMakeFiles/shared_msgs__rosidl_generator_py.dir/rosidl_generator_py/shared_msgs/msg/_com_msg_s.c.o[0m
[22.468s] [ 92%] [32mBuilding C object CMakeFiles/shared_msgs__rosidl_generator_py.dir/rosidl_generator_py/shared_msgs/msg/_tools_command_msg_s.c.o[0m
[22.577s] [ 93%] [32m[1mLinking C shared library rosidl_generator_py/shared_msgs/libshared_msgs__rosidl_generator_py.so[0m
[22.949s] [ 93%] Built target shared_msgs__rosidl_generator_py
[22.958s] [ 94%] [32mBuilding C object CMakeFiles/shared_msgs__rosidl_typesupport_c__pyext.dir/rosidl_generator_py/shared_msgs/_shared_msgs_s.ep.rosidl_typesupport_c.c.o[0m
[22.958s] [ 95%] [32mBuilding C object CMakeFiles/shared_msgs__rosidl_typesupport_fastrtps_c__pyext.dir/rosidl_generator_py/shared_msgs/_shared_msgs_s.ep.rosidl_typesupport_fastrtps_c.c.o[0m
[22.959s] [ 96%] [32mBuilding C object CMakeFiles/shared_msgs__rosidl_typesupport_introspection_c__pyext.dir/rosidl_generator_py/shared_msgs/_shared_msgs_s.ep.rosidl_typesupport_introspection_c.c.o[0m
[23.073s] [ 97%] [32m[1mLinking C shared library rosidl_generator_py/shared_msgs/shared_msgs_s__rosidl_typesupport_introspection_c.cpython-310-x86_64-linux-gnu.so[0m
[23.076s] [ 98%] [32m[1mLinking C shared library rosidl_generator_py/shared_msgs/shared_msgs_s__rosidl_typesupport_c.cpython-310-x86_64-linux-gnu.so[0m
[23.083s] [100%] [32m[1mLinking C shared library rosidl_generator_py/shared_msgs/shared_msgs_s__rosidl_typesupport_fastrtps_c.cpython-310-x86_64-linux-gnu.so[0m
[23.261s] [100%] Built target shared_msgs__rosidl_typesupport_c__pyext
[23.261s] [100%] Built target shared_msgs__rosidl_typesupport_introspection_c__pyext
[23.371s] [100%] Built target shared_msgs__rosidl_typesupport_fastrtps_c__pyext
[23.386s] Invoked command in '/home/benboardley/src/ROV/X16-Surface/ros/build/shared_msgs' returned '0': CMAKE_PREFIX_PATH=/opt/ros/humble WSLENV=ELECTRON_RUN_AS_NODE/w: /home/benboardley/.local/bin/cmake --build /home/benboardley/src/ROV/X16-Surface/ros/build/shared_msgs -- -j8 -l8
[23.575s] Invoking command in '/home/benboardley/src/ROV/X16-Surface/ros/build/shared_msgs': CMAKE_PREFIX_PATH=/opt/ros/humble WSLENV=ELECTRON_RUN_AS_NODE/w: /home/benboardley/.local/bin/cmake --install /home/benboardley/src/ROV/X16-Surface/ros/build/shared_msgs
[23.601s] -- Install configuration: ""
[23.601s] -- Installing: /home/benboardley/src/ROV/X16-Surface/ros/install/shared_msgs/share/ament_index/resource_index/rosidl_interfaces/shared_msgs
[23.602s] -- Installing: /home/benboardley/src/ROV/X16-Surface/ros/install/shared_msgs/include/shared_msgs/shared_msgs
[23.602s] -- Installing: /home/benboardley/src/ROV/X16-Surface/ros/install/shared_msgs/include/shared_msgs/shared_msgs/msg
[23.602s] -- Installing: /home/benboardley/src/ROV/X16-Surface/ros/install/shared_msgs/include/shared_msgs/shared_msgs/msg/final_thrust_msg.h
[23.603s] -- Installing: /home/benboardley/src/ROV/X16-Surface/ros/install/shared_msgs/include/shared_msgs/shared_msgs/msg/can_msg.h
[23.603s] -- Installing: /home/benboardley/src/ROV/X16-Surface/ros/install/shared_msgs/include/shared_msgs/shared_msgs/msg/rov_velocity_command.h
[23.603s] -- Installing: /home/benboardley/src/ROV/X16-Surface/ros/install/shared_msgs/include/shared_msgs/shared_msgs/msg/imu_msg.h
[23.603s] -- Installing: /home/benboardley/src/ROV/X16-Surface/ros/install/shared_msgs/include/shared_msgs/shared_msgs/msg/tools_command_msg.h
[23.603s] -- Installing: /home/benboardley/src/ROV/X16-Surface/ros/install/shared_msgs/include/shared_msgs/shared_msgs/msg/detail
[23.603s] -- Installing: /home/benboardley/src/ROV/X16-Surface/ros/install/shared_msgs/include/shared_msgs/shared_msgs/msg/detail/tools_command_msg__functions.h
[23.604s] -- Installing: /home/benboardley/src/ROV/X16-Surface/ros/install/shared_msgs/include/shared_msgs/shared_msgs/msg/detail/thrust_command_msg__functions.h
[23.604s] -- Installing: /home/benboardley/src/ROV/X16-Surface/ros/install/shared_msgs/include/shared_msgs/shared_msgs/msg/detail/imu_msg__functions.c
[23.604s] -- Installing: /home/benboardley/src/ROV/X16-Surface/ros/install/shared_msgs/include/shared_msgs/shared_msgs/msg/detail/thrust_status_msg__type_support.h
[23.604s] -- Installing: /home/benboardley/src/ROV/X16-Surface/ros/install/shared_msgs/include/shared_msgs/shared_msgs/msg/detail/rov_velocity_command__struct.h
[23.604s] -- Installing: /home/benboardley/src/ROV/X16-Surface/ros/install/shared_msgs/include/shared_msgs/shared_msgs/msg/detail/com_msg__struct.h
[23.605s] -- Installing: /home/benboardley/src/ROV/X16-Surface/ros/install/shared_msgs/include/shared_msgs/shared_msgs/msg/detail/com_msg__functions.c
[23.605s] -- Installing: /home/benboardley/src/ROV/X16-Surface/ros/install/shared_msgs/include/shared_msgs/shared_msgs/msg/detail/thrust_status_msg__struct.h
[23.605s] -- Installing: /home/benboardley/src/ROV/X16-Surface/ros/install/shared_msgs/include/shared_msgs/shared_msgs/msg/detail/tools_command_msg__struct.h
[23.605s] -- Installing: /home/benboardley/src/ROV/X16-Surface/ros/install/shared_msgs/include/shared_msgs/shared_msgs/msg/detail/final_thrust_msg__struct.h
[23.605s] -- Installing: /home/benboardley/src/ROV/X16-Surface/ros/install/shared_msgs/include/shared_msgs/shared_msgs/msg/detail/rov_velocity_command__functions.h
[23.605s] -- Installing: /home/benboardley/src/ROV/X16-Surface/ros/install/shared_msgs/include/shared_msgs/shared_msgs/msg/detail/final_thrust_msg__type_support.h
[23.606s] -- Installing: /home/benboardley/src/ROV/X16-Surface/ros/install/shared_msgs/include/shared_msgs/shared_msgs/msg/detail/thrust_command_msg__type_support.h
[23.606s] -- Installing: /home/benboardley/src/ROV/X16-Surface/ros/install/shared_msgs/include/shared_msgs/shared_msgs/msg/detail/final_thrust_msg__functions.h
[23.606s] -- Installing: /home/benboardley/src/ROV/X16-Surface/ros/install/shared_msgs/include/shared_msgs/shared_msgs/msg/detail/temp_msg__functions.c
[23.606s] -- Installing: /home/benboardley/src/ROV/X16-Surface/ros/install/shared_msgs/include/shared_msgs/shared_msgs/msg/detail/rov_velocity_command__type_support.h
[23.606s] -- Installing: /home/benboardley/src/ROV/X16-Surface/ros/install/shared_msgs/include/shared_msgs/shared_msgs/msg/detail/can_msg__functions.c
[23.606s] -- Installing: /home/benboardley/src/ROV/X16-Surface/ros/install/shared_msgs/include/shared_msgs/shared_msgs/msg/detail/temp_msg__type_support.h
[23.606s] -- Installing: /home/benboardley/src/ROV/X16-Surface/ros/install/shared_msgs/include/shared_msgs/shared_msgs/msg/detail/can_msg__functions.h
[23.606s] -- Installing: /home/benboardley/src/ROV/X16-Surface/ros/install/shared_msgs/include/shared_msgs/shared_msgs/msg/detail/temp_msg__struct.h
[23.606s] -- Installing: /home/benboardley/src/ROV/X16-Surface/ros/install/shared_msgs/include/shared_msgs/shared_msgs/msg/detail/tools_command_msg__functions.c
[23.606s] -- Installing: /home/benboardley/src/ROV/X16-Surface/ros/install/shared_msgs/include/shared_msgs/shared_msgs/msg/detail/tools_command_msg__type_support.h
[23.607s] -- Installing: /home/benboardley/src/ROV/X16-Surface/ros/install/shared_msgs/include/shared_msgs/shared_msgs/msg/detail/thrust_command_msg__functions.c
[23.607s] -- Installing: /home/benboardley/src/ROV/X16-Surface/ros/install/shared_msgs/include/shared_msgs/shared_msgs/msg/detail/imu_msg__functions.h
[23.607s] -- Installing: /home/benboardley/src/ROV/X16-Surface/ros/install/shared_msgs/include/shared_msgs/shared_msgs/msg/detail/final_thrust_msg__functions.c
[23.607s] -- Installing: /home/benboardley/src/ROV/X16-Surface/ros/install/shared_msgs/include/shared_msgs/shared_msgs/msg/detail/rov_velocity_command__functions.c
[23.607s] -- Installing: /home/benboardley/src/ROV/X16-Surface/ros/install/shared_msgs/include/shared_msgs/shared_msgs/msg/detail/can_msg__type_support.h
[23.607s] -- Installing: /home/benboardley/src/ROV/X16-Surface/ros/install/shared_msgs/include/shared_msgs/shared_msgs/msg/detail/thrust_status_msg__functions.h
[23.607s] -- Installing: /home/benboardley/src/ROV/X16-Surface/ros/install/shared_msgs/include/shared_msgs/shared_msgs/msg/detail/can_msg__struct.h
[23.607s] -- Installing: /home/benboardley/src/ROV/X16-Surface/ros/install/shared_msgs/include/shared_msgs/shared_msgs/msg/detail/imu_msg__struct.h
[23.607s] -- Installing: /home/benboardley/src/ROV/X16-Surface/ros/install/shared_msgs/include/shared_msgs/shared_msgs/msg/detail/imu_msg__type_support.h
[23.607s] -- Installing: /home/benboardley/src/ROV/X16-Surface/ros/install/shared_msgs/include/shared_msgs/shared_msgs/msg/detail/com_msg__type_support.h
[23.608s] -- Installing: /home/benboardley/src/ROV/X16-Surface/ros/install/shared_msgs/include/shared_msgs/shared_msgs/msg/detail/thrust_status_msg__functions.c
[23.609s] -- Installing: /home/benboardley/src/ROV/X16-Surface/ros/install/shared_msgs/include/shared_msgs/shared_msgs/msg/detail/temp_msg__functions.h
[23.609s] -- Installing: /home/benboardley/src/ROV/X16-Surface/ros/install/shared_msgs/include/shared_msgs/shared_msgs/msg/detail/com_msg__functions.h
[23.609s] -- Installing: /home/benboardley/src/ROV/X16-Surface/ros/install/shared_msgs/include/shared_msgs/shared_msgs/msg/detail/thrust_command_msg__struct.h
[23.609s] -- Installing: /home/benboardley/src/ROV/X16-Surface/ros/install/shared_msgs/include/shared_msgs/shared_msgs/msg/thrust_command_msg.h
[23.609s] -- Installing: /home/benboardley/src/ROV/X16-Surface/ros/install/shared_msgs/include/shared_msgs/shared_msgs/msg/thrust_status_msg.h
[23.610s] -- Installing: /home/benboardley/src/ROV/X16-Surface/ros/install/shared_msgs/include/shared_msgs/shared_msgs/msg/com_msg.h
[23.610s] -- Installing: /home/benboardley/src/ROV/X16-Surface/ros/install/shared_msgs/include/shared_msgs/shared_msgs/msg/temp_msg.h
[23.610s] -- Installing: /home/benboardley/src/ROV/X16-Surface/ros/install/shared_msgs/include/shared_msgs/shared_msgs/msg/rosidl_generator_c__visibility_control.h
[23.610s] -- Installing: /home/benboardley/src/ROV/X16-Surface/ros/install/shared_msgs/share/shared_msgs/environment/library_path.sh
[23.610s] -- Installing: /home/benboardley/src/ROV/X16-Surface/ros/install/shared_msgs/share/shared_msgs/environment/library_path.dsv
[23.610s] -- Installing: /home/benboardley/src/ROV/X16-Surface/ros/install/shared_msgs/lib/libshared_msgs__rosidl_generator_c.so
[23.611s] -- Set runtime path of "/home/benboardley/src/ROV/X16-Surface/ros/install/shared_msgs/lib/libshared_msgs__rosidl_generator_c.so" to ""
[23.611s] -- Up-to-date: /home/benboardley/src/ROV/X16-Surface/ros/install/shared_msgs/include/shared_msgs/shared_msgs
[23.611s] -- Up-to-date: /home/benboardley/src/ROV/X16-Surface/ros/install/shared_msgs/include/shared_msgs/shared_msgs/msg
[23.611s] -- Installing: /home/benboardley/src/ROV/X16-Surface/ros/install/shared_msgs/include/shared_msgs/shared_msgs/msg/rosidl_typesupport_fastrtps_c__visibility_control.h
[23.611s] -- Up-to-date: /home/benboardley/src/ROV/X16-Surface/ros/install/shared_msgs/include/shared_msgs/shared_msgs/msg/detail
[23.611s] -- Installing: /home/benboardley/src/ROV/X16-Surface/ros/install/shared_msgs/include/shared_msgs/shared_msgs/msg/detail/final_thrust_msg__rosidl_typesupport_fastrtps_c.h
[23.613s] -- Installing: /home/benboardley/src/ROV/X16-Surface/ros/install/shared_msgs/include/shared_msgs/shared_msgs/msg/detail/imu_msg__rosidl_typesupport_fastrtps_c.h
[23.613s] -- Installing: /home/benboardley/src/ROV/X16-Surface/ros/install/shared_msgs/include/shared_msgs/shared_msgs/msg/detail/com_msg__rosidl_typesupport_fastrtps_c.h
[23.613s] -- Installing: /home/benboardley/src/ROV/X16-Surface/ros/install/shared_msgs/include/shared_msgs/shared_msgs/msg/detail/rov_velocity_command__rosidl_typesupport_fastrtps_c.h
[23.613s] -- Installing: /home/benboardley/src/ROV/X16-Surface/ros/install/shared_msgs/include/shared_msgs/shared_msgs/msg/detail/thrust_command_msg__rosidl_typesupport_fastrtps_c.h
[23.613s] -- Installing: /home/benboardley/src/ROV/X16-Surface/ros/install/shared_msgs/include/shared_msgs/shared_msgs/msg/detail/tools_command_msg__rosidl_typesupport_fastrtps_c.h
[23.614s] -- Installing: /home/benboardley/src/ROV/X16-Surface/ros/install/shared_msgs/include/shared_msgs/shared_msgs/msg/detail/can_msg__rosidl_typesupport_fastrtps_c.h
[23.614s] -- Installing: /home/benboardley/src/ROV/X16-Surface/ros/install/shared_msgs/include/shared_msgs/shared_msgs/msg/detail/thrust_status_msg__rosidl_typesupport_fastrtps_c.h
[23.614s] -- Installing: /home/benboardley/src/ROV/X16-Surface/ros/install/shared_msgs/include/shared_msgs/shared_msgs/msg/detail/temp_msg__rosidl_typesupport_fastrtps_c.h
[23.614s] -- Installing: /home/benboardley/src/ROV/X16-Surface/ros/install/shared_msgs/lib/libshared_msgs__rosidl_typesupport_fastrtps_c.so
[23.614s] -- Set runtime path of "/home/benboardley/src/ROV/X16-Surface/ros/install/shared_msgs/lib/libshared_msgs__rosidl_typesupport_fastrtps_c.so" to ""
[23.614s] -- Up-to-date: /home/benboardley/src/ROV/X16-Surface/ros/install/shared_msgs/include/shared_msgs/shared_msgs
[23.614s] -- Up-to-date: /home/benboardley/src/ROV/X16-Surface/ros/install/shared_msgs/include/shared_msgs/shared_msgs/msg
[23.614s] -- Installing: /home/benboardley/src/ROV/X16-Surface/ros/install/shared_msgs/include/shared_msgs/shared_msgs/msg/thrust_status_msg.hpp
[23.615s] -- Installing: /home/benboardley/src/ROV/X16-Surface/ros/install/shared_msgs/include/shared_msgs/shared_msgs/msg/final_thrust_msg.hpp
[23.615s] -- Installing: /home/benboardley/src/ROV/X16-Surface/ros/install/shared_msgs/include/shared_msgs/shared_msgs/msg/temp_msg.hpp
[23.615s] -- Installing: /home/benboardley/src/ROV/X16-Surface/ros/install/shared_msgs/include/shared_msgs/shared_msgs/msg/thrust_command_msg.hpp
[23.615s] -- Installing: /home/benboardley/src/ROV/X16-Surface/ros/install/shared_msgs/include/shared_msgs/shared_msgs/msg/can_msg.hpp
[23.615s] -- Installing: /home/benboardley/src/ROV/X16-Surface/ros/install/shared_msgs/include/shared_msgs/shared_msgs/msg/rov_velocity_command.hpp
[23.615s] -- Up-to-date: /home/benboardley/src/ROV/X16-Surface/ros/install/shared_msgs/include/shared_msgs/shared_msgs/msg/detail
[23.615s] -- Installing: /home/benboardley/src/ROV/X16-Surface/ros/install/shared_msgs/include/shared_msgs/shared_msgs/msg/detail/final_thrust_msg__traits.hpp
[23.615s] -- Installing: /home/benboardley/src/ROV/X16-Surface/ros/install/shared_msgs/include/shared_msgs/shared_msgs/msg/detail/thrust_status_msg__traits.hpp
[23.616s] -- Installing: /home/benboardley/src/ROV/X16-Surface/ros/install/shared_msgs/include/shared_msgs/shared_msgs/msg/detail/final_thrust_msg__struct.hpp
[23.616s] -- Installing: /home/benboardley/src/ROV/X16-Surface/ros/install/shared_msgs/include/shared_msgs/shared_msgs/msg/detail/can_msg__builder.hpp
[23.616s] -- Installing: /home/benboardley/src/ROV/X16-Surface/ros/install/shared_msgs/include/shared_msgs/shared_msgs/msg/detail/tools_command_msg__traits.hpp
[23.616s] -- Installing: /home/benboardley/src/ROV/X16-Surface/ros/install/shared_msgs/include/shared_msgs/shared_msgs/msg/detail/com_msg__builder.hpp
[23.616s] -- Installing: /home/benboardley/src/ROV/X16-Surface/ros/install/shared_msgs/include/shared_msgs/shared_msgs/msg/detail/rov_velocity_command__struct.hpp
[23.617s] -- Installing: /home/benboardley/src/ROV/X16-Surface/ros/install/shared_msgs/include/shared_msgs/shared_msgs/msg/detail/thrust_command_msg__traits.hpp
[23.617s] -- Installing: /home/benboardley/src/ROV/X16-Surface/ros/install/shared_msgs/include/shared_msgs/shared_msgs/msg/detail/com_msg__struct.hpp
[23.617s] -- Installing: /home/benboardley/src/ROV/X16-Surface/ros/install/shared_msgs/include/shared_msgs/shared_msgs/msg/detail/can_msg__traits.hpp
[23.617s] -- Installing: /home/benboardley/src/ROV/X16-Surface/ros/install/shared_msgs/include/shared_msgs/shared_msgs/msg/detail/rov_velocity_command__traits.hpp
[23.617s] -- Installing: /home/benboardley/src/ROV/X16-Surface/ros/install/shared_msgs/include/shared_msgs/shared_msgs/msg/detail/tools_command_msg__builder.hpp
[23.617s] -- Installing: /home/benboardley/src/ROV/X16-Surface/ros/install/shared_msgs/include/shared_msgs/shared_msgs/msg/detail/final_thrust_msg__builder.hpp
[23.617s] -- Installing: /home/benboardley/src/ROV/X16-Surface/ros/install/shared_msgs/include/shared_msgs/shared_msgs/msg/detail/thrust_status_msg__struct.hpp
[23.617s] -- Installing: /home/benboardley/src/ROV/X16-Surface/ros/install/shared_msgs/include/shared_msgs/shared_msgs/msg/detail/thrust_command_msg__struct.hpp
[23.618s] -- Installing: /home/benboardley/src/ROV/X16-Surface/ros/install/shared_msgs/include/shared_msgs/shared_msgs/msg/detail/temp_msg__builder.hpp
[23.618s] -- Installing: /home/benboardley/src/ROV/X16-Surface/ros/install/shared_msgs/include/shared_msgs/shared_msgs/msg/detail/imu_msg__struct.hpp
[23.618s] -- Installing: /home/benboardley/src/ROV/X16-Surface/ros/install/shared_msgs/include/shared_msgs/shared_msgs/msg/detail/temp_msg__traits.hpp
[23.618s] -- Installing: /home/benboardley/src/ROV/X16-Surface/ros/install/shared_msgs/include/shared_msgs/shared_msgs/msg/detail/temp_msg__struct.hpp
[23.618s] -- Installing: /home/benboardley/src/ROV/X16-Surface/ros/install/shared_msgs/include/shared_msgs/shared_msgs/msg/detail/thrust_command_msg__builder.hpp
[23.619s] -- Installing: /home/benboardley/src/ROV/X16-Surface/ros/install/shared_msgs/include/shared_msgs/shared_msgs/msg/detail/rov_velocity_command__builder.hpp
[23.619s] -- Installing: /home/benboardley/src/ROV/X16-Surface/ros/install/shared_msgs/include/shared_msgs/shared_msgs/msg/detail/can_msg__struct.hpp
[23.619s] -- Installing: /home/benboardley/src/ROV/X16-Surface/ros/install/shared_msgs/include/shared_msgs/shared_msgs/msg/detail/com_msg__traits.hpp
[23.619s] -- Installing: /home/benboardley/src/ROV/X16-Surface/ros/install/shared_msgs/include/shared_msgs/shared_msgs/msg/detail/tools_command_msg__struct.hpp
[23.619s] -- Installing: /home/benboardley/src/ROV/X16-Surface/ros/install/shared_msgs/include/shared_msgs/shared_msgs/msg/detail/imu_msg__builder.hpp
[23.619s] -- Installing: /home/benboardley/src/ROV/X16-Surface/ros/install/shared_msgs/include/shared_msgs/shared_msgs/msg/detail/imu_msg__traits.hpp
[23.619s] -- Installing: /home/benboardley/src/ROV/X16-Surface/ros/install/shared_msgs/include/shared_msgs/shared_msgs/msg/detail/thrust_status_msg__builder.hpp
[23.620s] -- Installing: /home/benboardley/src/ROV/X16-Surface/ros/install/shared_msgs/include/shared_msgs/shared_msgs/msg/imu_msg.hpp
[23.620s] -- Installing: /home/benboardley/src/ROV/X16-Surface/ros/install/shared_msgs/include/shared_msgs/shared_msgs/msg/com_msg.hpp
[23.620s] -- Installing: /home/benboardley/src/ROV/X16-Surface/ros/install/shared_msgs/include/shared_msgs/shared_msgs/msg/tools_command_msg.hpp
[23.620s] -- Up-to-date: /home/benboardley/src/ROV/X16-Surface/ros/install/shared_msgs/include/shared_msgs/shared_msgs
[23.620s] -- Up-to-date: /home/benboardley/src/ROV/X16-Surface/ros/install/shared_msgs/include/shared_msgs/shared_msgs/msg
[23.620s] -- Installing: /home/benboardley/src/ROV/X16-Surface/ros/install/shared_msgs/include/shared_msgs/shared_msgs/msg/rosidl_typesupport_fastrtps_cpp__visibility_control.h
[23.620s] -- Up-to-date: /home/benboardley/src/ROV/X16-Surface/ros/install/shared_msgs/include/shared_msgs/shared_msgs/msg/detail
[23.620s] -- Installing: /home/benboardley/src/ROV/X16-Surface/ros/install/shared_msgs/include/shared_msgs/shared_msgs/msg/detail/can_msg__rosidl_typesupport_fastrtps_cpp.hpp
[23.621s] -- Installing: /home/benboardley/src/ROV/X16-Surface/ros/install/shared_msgs/include/shared_msgs/shared_msgs/msg/detail/thrust_command_msg__rosidl_typesupport_fastrtps_cpp.hpp
[23.621s] -- Installing: /home/benboardley/src/ROV/X16-Surface/ros/install/shared_msgs/include/shared_msgs/shared_msgs/msg/detail/dds_fastrtps
[23.621s] -- Installing: /home/benboardley/src/ROV/X16-Surface/ros/install/shared_msgs/include/shared_msgs/shared_msgs/msg/detail/final_thrust_msg__rosidl_typesupport_fastrtps_cpp.hpp
[23.621s] -- Installing: /home/benboardley/src/ROV/X16-Surface/ros/install/shared_msgs/include/shared_msgs/shared_msgs/msg/detail/thrust_status_msg__rosidl_typesupport_fastrtps_cpp.hpp
[23.621s] -- Installing: /home/benboardley/src/ROV/X16-Surface/ros/install/shared_msgs/include/shared_msgs/shared_msgs/msg/detail/temp_msg__rosidl_typesupport_fastrtps_cpp.hpp
[23.621s] -- Installing: /home/benboardley/src/ROV/X16-Surface/ros/install/shared_msgs/include/shared_msgs/shared_msgs/msg/detail/tools_command_msg__rosidl_typesupport_fastrtps_cpp.hpp
[23.621s] -- Installing: /home/benboardley/src/ROV/X16-Surface/ros/install/shared_msgs/include/shared_msgs/shared_msgs/msg/detail/rov_velocity_command__rosidl_typesupport_fastrtps_cpp.hpp
[23.621s] -- Installing: /home/benboardley/src/ROV/X16-Surface/ros/install/shared_msgs/include/shared_msgs/shared_msgs/msg/detail/imu_msg__rosidl_typesupport_fastrtps_cpp.hpp
[23.621s] -- Installing: /home/benboardley/src/ROV/X16-Surface/ros/install/shared_msgs/include/shared_msgs/shared_msgs/msg/detail/com_msg__rosidl_typesupport_fastrtps_cpp.hpp
[23.622s] -- Installing: /home/benboardley/src/ROV/X16-Surface/ros/install/shared_msgs/lib/libshared_msgs__rosidl_typesupport_fastrtps_cpp.so
[23.622s] -- Set runtime path of "/home/benboardley/src/ROV/X16-Surface/ros/install/shared_msgs/lib/libshared_msgs__rosidl_typesupport_fastrtps_cpp.so" to ""
[23.622s] -- Up-to-date: /home/benboardley/src/ROV/X16-Surface/ros/install/shared_msgs/include/shared_msgs/shared_msgs
[23.622s] -- Up-to-date: /home/benboardley/src/ROV/X16-Surface/ros/install/shared_msgs/include/shared_msgs/shared_msgs/msg
[23.622s] -- Up-to-date: /home/benboardley/src/ROV/X16-Surface/ros/install/shared_msgs/include/shared_msgs/shared_msgs/msg/detail
[23.622s] -- Installing: /home/benboardley/src/ROV/X16-Surface/ros/install/shared_msgs/include/shared_msgs/shared_msgs/msg/detail/temp_msg__type_support.c
[23.622s] -- Installing: /home/benboardley/src/ROV/X16-Surface/ros/install/shared_msgs/include/shared_msgs/shared_msgs/msg/detail/final_thrust_msg__rosidl_typesupport_introspection_c.h
[23.623s] -- Installing: /home/benboardley/src/ROV/X16-Surface/ros/install/shared_msgs/include/shared_msgs/shared_msgs/msg/detail/rov_velocity_command__rosidl_typesupport_introspection_c.h
[23.623s] -- Installing: /home/benboardley/src/ROV/X16-Surface/ros/install/shared_msgs/include/shared_msgs/shared_msgs/msg/detail/com_msg__type_support.c
[23.623s] -- Installing: /home/benboardley/src/ROV/X16-Surface/ros/install/shared_msgs/include/shared_msgs/shared_msgs/msg/detail/thrust_status_msg__type_support.c
[23.623s] -- Installing: /home/benboardley/src/ROV/X16-Surface/ros/install/shared_msgs/include/shared_msgs/shared_msgs/msg/detail/com_msg__rosidl_typesupport_introspection_c.h
[23.623s] -- Installing: /home/benboardley/src/ROV/X16-Surface/ros/install/shared_msgs/include/shared_msgs/shared_msgs/msg/detail/tools_command_msg__rosidl_typesupport_introspection_c.h
[23.623s] -- Installing: /home/benboardley/src/ROV/X16-Surface/ros/install/shared_msgs/include/shared_msgs/shared_msgs/msg/detail/final_thrust_msg__type_support.c
[23.623s] -- Installing: /home/benboardley/src/ROV/X16-Surface/ros/install/shared_msgs/include/shared_msgs/shared_msgs/msg/detail/imu_msg__type_support.c
[23.623s] -- Installing: /home/benboardley/src/ROV/X16-Surface/ros/install/shared_msgs/include/shared_msgs/shared_msgs/msg/detail/rov_velocity_command__type_support.c
[23.624s] -- Installing: /home/benboardley/src/ROV/X16-Surface/ros/install/shared_msgs/include/shared_msgs/shared_msgs/msg/detail/can_msg__type_support.c
[23.624s] -- Installing: /home/benboardley/src/ROV/X16-Surface/ros/install/shared_msgs/include/shared_msgs/shared_msgs/msg/detail/thrust_status_msg__rosidl_typesupport_introspection_c.h
[23.624s] -- Installing: /home/benboardley/src/ROV/X16-Surface/ros/install/shared_msgs/include/shared_msgs/shared_msgs/msg/detail/thrust_command_msg__type_support.c
[23.624s] -- Installing: /home/benboardley/src/ROV/X16-Surface/ros/install/shared_msgs/include/shared_msgs/shared_msgs/msg/detail/imu_msg__rosidl_typesupport_introspection_c.h
[23.624s] -- Installing: /home/benboardley/src/ROV/X16-Surface/ros/install/shared_msgs/include/shared_msgs/shared_msgs/msg/detail/can_msg__rosidl_typesupport_introspection_c.h
[23.624s] -- Installing: /home/benboardley/src/ROV/X16-Surface/ros/install/shared_msgs/include/shared_msgs/shared_msgs/msg/detail/temp_msg__rosidl_typesupport_introspection_c.h
[23.624s] -- Installing: /home/benboardley/src/ROV/X16-Surface/ros/install/shared_msgs/include/shared_msgs/shared_msgs/msg/detail/thrust_command_msg__rosidl_typesupport_introspection_c.h
[23.625s] -- Installing: /home/benboardley/src/ROV/X16-Surface/ros/install/shared_msgs/include/shared_msgs/shared_msgs/msg/detail/tools_command_msg__type_support.c
[23.625s] -- Installing: /home/benboardley/src/ROV/X16-Surface/ros/install/shared_msgs/include/shared_msgs/shared_msgs/msg/rosidl_typesupport_introspection_c__visibility_control.h
[23.625s] -- Installing: /home/benboardley/src/ROV/X16-Surface/ros/install/shared_msgs/lib/libshared_msgs__rosidl_typesupport_introspection_c.so
[23.625s] -- Set runtime path of "/home/benboardley/src/ROV/X16-Surface/ros/install/shared_msgs/lib/libshared_msgs__rosidl_typesupport_introspection_c.so" to ""
[23.625s] -- Installing: /home/benboardley/src/ROV/X16-Surface/ros/install/shared_msgs/lib/libshared_msgs__rosidl_typesupport_c.so
[23.625s] -- Set runtime path of "/home/benboardley/src/ROV/X16-Surface/ros/install/shared_msgs/lib/libshared_msgs__rosidl_typesupport_c.so" to ""
[23.625s] -- Up-to-date: /home/benboardley/src/ROV/X16-Surface/ros/install/shared_msgs/include/shared_msgs/shared_msgs
[23.626s] -- Up-to-date: /home/benboardley/src/ROV/X16-Surface/ros/install/shared_msgs/include/shared_msgs/shared_msgs/msg
[23.626s] -- Up-to-date: /home/benboardley/src/ROV/X16-Surface/ros/install/shared_msgs/include/shared_msgs/shared_msgs/msg/detail
[23.626s] -- Installing: /home/benboardley/src/ROV/X16-Surface/ros/install/shared_msgs/include/shared_msgs/shared_msgs/msg/detail/com_msg__rosidl_typesupport_introspection_cpp.hpp
[23.626s] -- Installing: /home/benboardley/src/ROV/X16-Surface/ros/install/shared_msgs/include/shared_msgs/shared_msgs/msg/detail/thrust_command_msg__type_support.cpp
[23.626s] -- Installing: /home/benboardley/src/ROV/X16-Surface/ros/install/shared_msgs/include/shared_msgs/shared_msgs/msg/detail/tools_command_msg__type_support.cpp
[23.626s] -- Installing: /home/benboardley/src/ROV/X16-Surface/ros/install/shared_msgs/include/shared_msgs/shared_msgs/msg/detail/imu_msg__type_support.cpp
[23.627s] -- Installing: /home/benboardley/src/ROV/X16-Surface/ros/install/shared_msgs/include/shared_msgs/shared_msgs/msg/detail/thrust_status_msg__rosidl_typesupport_introspection_cpp.hpp
[23.627s] -- Installing: /home/benboardley/src/ROV/X16-Surface/ros/install/shared_msgs/include/shared_msgs/shared_msgs/msg/detail/imu_msg__rosidl_typesupport_introspection_cpp.hpp
[23.627s] -- Installing: /home/benboardley/src/ROV/X16-Surface/ros/install/shared_msgs/include/shared_msgs/shared_msgs/msg/detail/temp_msg__type_support.cpp
[23.627s] -- Installing: /home/benboardley/src/ROV/X16-Surface/ros/install/shared_msgs/include/shared_msgs/shared_msgs/msg/detail/com_msg__type_support.cpp
[23.627s] -- Installing: /home/benboardley/src/ROV/X16-Surface/ros/install/shared_msgs/include/shared_msgs/shared_msgs/msg/detail/temp_msg__rosidl_typesupport_introspection_cpp.hpp
[23.627s] -- Installing: /home/benboardley/src/ROV/X16-Surface/ros/install/shared_msgs/include/shared_msgs/shared_msgs/msg/detail/thrust_status_msg__type_support.cpp
[23.627s] -- Installing: /home/benboardley/src/ROV/X16-Surface/ros/install/shared_msgs/include/shared_msgs/shared_msgs/msg/detail/rov_velocity_command__type_support.cpp
[23.628s] -- Installing: /home/benboardley/src/ROV/X16-Surface/ros/install/shared_msgs/include/shared_msgs/shared_msgs/msg/detail/tools_command_msg__rosidl_typesupport_introspection_cpp.hpp
[23.628s] -- Installing: /home/benboardley/src/ROV/X16-Surface/ros/install/shared_msgs/include/shared_msgs/shared_msgs/msg/detail/can_msg__rosidl_typesupport_introspection_cpp.hpp
[23.628s] -- Installing: /home/benboardley/src/ROV/X16-Surface/ros/install/shared_msgs/include/shared_msgs/shared_msgs/msg/detail/can_msg__type_support.cpp
[23.628s] -- Installing: /home/benboardley/src/ROV/X16-Surface/ros/install/shared_msgs/include/shared_msgs/shared_msgs/msg/detail/final_thrust_msg__type_support.cpp
[23.628s] -- Installing: /home/benboardley/src/ROV/X16-Surface/ros/install/shared_msgs/include/shared_msgs/shared_msgs/msg/detail/thrust_command_msg__rosidl_typesupport_introspection_cpp.hpp
[23.628s] -- Installing: /home/benboardley/src/ROV/X16-Surface/ros/install/shared_msgs/include/shared_msgs/shared_msgs/msg/detail/rov_velocity_command__rosidl_typesupport_introspection_cpp.hpp
[23.628s] -- Installing: /home/benboardley/src/ROV/X16-Surface/ros/install/shared_msgs/include/shared_msgs/shared_msgs/msg/detail/final_thrust_msg__rosidl_typesupport_introspection_cpp.hpp
[23.629s] -- Installing: /home/benboardley/src/ROV/X16-Surface/ros/install/shared_msgs/lib/libshared_msgs__rosidl_typesupport_introspection_cpp.so
[23.629s] -- Set runtime path of "/home/benboardley/src/ROV/X16-Surface/ros/install/shared_msgs/lib/libshared_msgs__rosidl_typesupport_introspection_cpp.so" to ""
[23.629s] -- Installing: /home/benboardley/src/ROV/X16-Surface/ros/install/shared_msgs/lib/libshared_msgs__rosidl_typesupport_cpp.so
[23.629s] -- Set runtime path of "/home/benboardley/src/ROV/X16-Surface/ros/install/shared_msgs/lib/libshared_msgs__rosidl_typesupport_cpp.so" to ""
[23.629s] -- Installing: /home/benboardley/src/ROV/X16-Surface/ros/install/shared_msgs/share/shared_msgs/environment/pythonpath.sh
[23.629s] -- Installing: /home/benboardley/src/ROV/X16-Surface/ros/install/shared_msgs/share/shared_msgs/environment/pythonpath.dsv
[23.630s] -- Installing: /home/benboardley/src/ROV/X16-Surface/ros/install/shared_msgs/local/lib/python3.10/dist-packages/shared_msgs-0.0.0-py3.10.egg-info
[23.630s] -- Installing: /home/benboardley/src/ROV/X16-Surface/ros/install/shared_msgs/local/lib/python3.10/dist-packages/shared_msgs-0.0.0-py3.10.egg-info/dependency_links.txt
[23.630s] -- Installing: /home/benboardley/src/ROV/X16-Surface/ros/install/shared_msgs/local/lib/python3.10/dist-packages/shared_msgs-0.0.0-py3.10.egg-info/PKG-INFO
[23.630s] -- Installing: /home/benboardley/src/ROV/X16-Surface/ros/install/shared_msgs/local/lib/python3.10/dist-packages/shared_msgs-0.0.0-py3.10.egg-info/top_level.txt
[23.630s] -- Installing: /home/benboardley/src/ROV/X16-Surface/ros/install/shared_msgs/local/lib/python3.10/dist-packages/shared_msgs-0.0.0-py3.10.egg-info/SOURCES.txt
[23.630s] -- Installing: /home/benboardley/src/ROV/X16-Surface/ros/install/shared_msgs/local/lib/python3.10/dist-packages/shared_msgs
[23.630s] -- Installing: /home/benboardley/src/ROV/X16-Surface/ros/install/shared_msgs/local/lib/python3.10/dist-packages/shared_msgs/shared_msgs_s__rosidl_typesupport_c.cpython-310-x86_64-linux-gnu.so
[23.630s] -- Installing: /home/benboardley/src/ROV/X16-Surface/ros/install/shared_msgs/local/lib/python3.10/dist-packages/shared_msgs/libshared_msgs__rosidl_generator_py.so
[23.631s] -- Installing: /home/benboardley/src/ROV/X16-Surface/ros/install/shared_msgs/local/lib/python3.10/dist-packages/shared_msgs/shared_msgs_s__rosidl_typesupport_fastrtps_c.cpython-310-x86_64-linux-gnu.so
[23.631s] -- Installing: /home/benboardley/src/ROV/X16-Surface/ros/install/shared_msgs/local/lib/python3.10/dist-packages/shared_msgs/_shared_msgs_s.ep.rosidl_typesupport_c.c
[23.631s] -- Installing: /home/benboardley/src/ROV/X16-Surface/ros/install/shared_msgs/local/lib/python3.10/dist-packages/shared_msgs/_shared_msgs_s.ep.rosidl_typesupport_fastrtps_c.c
[23.631s] -- Installing: /home/benboardley/src/ROV/X16-Surface/ros/install/shared_msgs/local/lib/python3.10/dist-packages/shared_msgs/shared_msgs_s__rosidl_typesupport_introspection_c.cpython-310-x86_64-linux-gnu.so
[23.631s] -- Installing: /home/benboardley/src/ROV/X16-Surface/ros/install/shared_msgs/local/lib/python3.10/dist-packages/shared_msgs/__init__.py
[23.631s] -- Installing: /home/benboardley/src/ROV/X16-Surface/ros/install/shared_msgs/local/lib/python3.10/dist-packages/shared_msgs/msg
[23.631s] -- Installing: /home/benboardley/src/ROV/X16-Surface/ros/install/shared_msgs/local/lib/python3.10/dist-packages/shared_msgs/msg/_rov_velocity_command_s.c
[23.632s] -- Installing: /home/benboardley/src/ROV/X16-Surface/ros/install/shared_msgs/local/lib/python3.10/dist-packages/shared_msgs/msg/_com_msg.py
[23.632s] -- Installing: /home/benboardley/src/ROV/X16-Surface/ros/install/shared_msgs/local/lib/python3.10/dist-packages/shared_msgs/msg/_can_msg.py
[23.632s] -- Installing: /home/benboardley/src/ROV/X16-Surface/ros/install/shared_msgs/local/lib/python3.10/dist-packages/shared_msgs/msg/_temp_msg_s.c
[23.632s] -- Installing: /home/benboardley/src/ROV/X16-Surface/ros/install/shared_msgs/local/lib/python3.10/dist-packages/shared_msgs/msg/_thrust_status_msg.py
[23.632s] -- Installing: /home/benboardley/src/ROV/X16-Surface/ros/install/shared_msgs/local/lib/python3.10/dist-packages/shared_msgs/msg/_tools_command_msg.py
[23.632s] -- Installing: /home/benboardley/src/ROV/X16-Surface/ros/install/shared_msgs/local/lib/python3.10/dist-packages/shared_msgs/msg/_temp_msg.py
[23.632s] -- Installing: /home/benboardley/src/ROV/X16-Surface/ros/install/shared_msgs/local/lib/python3.10/dist-packages/shared_msgs/msg/_com_msg_s.c
[23.633s] -- Installing: /home/benboardley/src/ROV/X16-Surface/ros/install/shared_msgs/local/lib/python3.10/dist-packages/shared_msgs/msg/_tools_command_msg_s.c
[23.633s] -- Installing: /home/benboardley/src/ROV/X16-Surface/ros/install/shared_msgs/local/lib/python3.10/dist-packages/shared_msgs/msg/_thrust_command_msg.py
[23.633s] -- Installing: /home/benboardley/src/ROV/X16-Surface/ros/install/shared_msgs/local/lib/python3.10/dist-packages/shared_msgs/msg/__init__.py
[23.633s] -- Installing: /home/benboardley/src/ROV/X16-Surface/ros/install/shared_msgs/local/lib/python3.10/dist-packages/shared_msgs/msg/_rov_velocity_command.py
[23.633s] -- Installing: /home/benboardley/src/ROV/X16-Surface/ros/install/shared_msgs/local/lib/python3.10/dist-packages/shared_msgs/msg/_imu_msg_s.c
[23.633s] -- Installing: /home/benboardley/src/ROV/X16-Surface/ros/install/shared_msgs/local/lib/python3.10/dist-packages/shared_msgs/msg/_imu_msg.py
[23.633s] -- Installing: /home/benboardley/src/ROV/X16-Surface/ros/install/shared_msgs/local/lib/python3.10/dist-packages/shared_msgs/msg/_thrust_command_msg_s.c
[23.633s] -- Installing: /home/benboardley/src/ROV/X16-Surface/ros/install/shared_msgs/local/lib/python3.10/dist-packages/shared_msgs/msg/_final_thrust_msg_s.c
[23.634s] -- Installing: /home/benboardley/src/ROV/X16-Surface/ros/install/shared_msgs/local/lib/python3.10/dist-packages/shared_msgs/msg/_can_msg_s.c
[23.634s] -- Installing: /home/benboardley/src/ROV/X16-Surface/ros/install/shared_msgs/local/lib/python3.10/dist-packages/shared_msgs/msg/_thrust_status_msg_s.c
[23.634s] -- Installing: /home/benboardley/src/ROV/X16-Surface/ros/install/shared_msgs/local/lib/python3.10/dist-packages/shared_msgs/msg/_final_thrust_msg.py
[23.634s] -- Installing: /home/benboardley/src/ROV/X16-Surface/ros/install/shared_msgs/local/lib/python3.10/dist-packages/shared_msgs/_shared_msgs_s.ep.rosidl_typesupport_introspection_c.c
[23.675s] Listing '/home/benboardley/src/ROV/X16-Surface/ros/install/shared_msgs/local/lib/python3.10/dist-packages/shared_msgs'...
[23.676s] Compiling '/home/benboardley/src/ROV/X16-Surface/ros/install/shared_msgs/local/lib/python3.10/dist-packages/shared_msgs/__init__.py'...
[23.676s] Listing '/home/benboardley/src/ROV/X16-Surface/ros/install/shared_msgs/local/lib/python3.10/dist-packages/shared_msgs/msg'...
[23.676s] Compiling '/home/benboardley/src/ROV/X16-Surface/ros/install/shared_msgs/local/lib/python3.10/dist-packages/shared_msgs/msg/__init__.py'...
[23.676s] Compiling '/home/benboardley/src/ROV/X16-Surface/ros/install/shared_msgs/local/lib/python3.10/dist-packages/shared_msgs/msg/_can_msg.py'...
[23.676s] Compiling '/home/benboardley/src/ROV/X16-Surface/ros/install/shared_msgs/local/lib/python3.10/dist-packages/shared_msgs/msg/_com_msg.py'...
[23.676s] Compiling '/home/benboardley/src/ROV/X16-Surface/ros/install/shared_msgs/local/lib/python3.10/dist-packages/shared_msgs/msg/_final_thrust_msg.py'...
[23.676s] Compiling '/home/benboardley/src/ROV/X16-Surface/ros/install/shared_msgs/local/lib/python3.10/dist-packages/shared_msgs/msg/_imu_msg.py'...
[23.676s] Compiling '/home/benboardley/src/ROV/X16-Surface/ros/install/shared_msgs/local/lib/python3.10/dist-packages/shared_msgs/msg/_rov_velocity_command.py'...
[23.676s] Compiling '/home/benboardley/src/ROV/X16-Surface/ros/install/shared_msgs/local/lib/python3.10/dist-packages/shared_msgs/msg/_temp_msg.py'...
[23.676s] Compiling '/home/benboardley/src/ROV/X16-Surface/ros/install/shared_msgs/local/lib/python3.10/dist-packages/shared_msgs/msg/_thrust_command_msg.py'...
[23.676s] Compiling '/home/benboardley/src/ROV/X16-Surface/ros/install/shared_msgs/local/lib/python3.10/dist-packages/shared_msgs/msg/_thrust_status_msg.py'...
[23.676s] Compiling '/home/benboardley/src/ROV/X16-Surface/ros/install/shared_msgs/local/lib/python3.10/dist-packages/shared_msgs/msg/_tools_command_msg.py'...
[23.681s] -- Installing: /home/benboardley/src/ROV/X16-Surface/ros/install/shared_msgs/local/lib/python3.10/dist-packages/shared_msgs/shared_msgs_s__rosidl_typesupport_fastrtps_c.cpython-310-x86_64-linux-gnu.so
[23.682s] -- Set runtime path of "/home/benboardley/src/ROV/X16-Surface/ros/install/shared_msgs/local/lib/python3.10/dist-packages/shared_msgs/shared_msgs_s__rosidl_typesupport_fastrtps_c.cpython-310-x86_64-linux-gnu.so" to ""
[23.682s] -- Installing: /home/benboardley/src/ROV/X16-Surface/ros/install/shared_msgs/local/lib/python3.10/dist-packages/shared_msgs/shared_msgs_s__rosidl_typesupport_introspection_c.cpython-310-x86_64-linux-gnu.so
[23.683s] -- Set runtime path of "/home/benboardley/src/ROV/X16-Surface/ros/install/shared_msgs/local/lib/python3.10/dist-packages/shared_msgs/shared_msgs_s__rosidl_typesupport_introspection_c.cpython-310-x86_64-linux-gnu.so" to ""
[23.683s] -- Installing: /home/benboardley/src/ROV/X16-Surface/ros/install/shared_msgs/local/lib/python3.10/dist-packages/shared_msgs/shared_msgs_s__rosidl_typesupport_c.cpython-310-x86_64-linux-gnu.so
[23.684s] -- Set runtime path of "/home/benboardley/src/ROV/X16-Surface/ros/install/shared_msgs/local/lib/python3.10/dist-packages/shared_msgs/shared_msgs_s__rosidl_typesupport_c.cpython-310-x86_64-linux-gnu.so" to ""
[23.684s] -- Installing: /home/benboardley/src/ROV/X16-Surface/ros/install/shared_msgs/lib/libshared_msgs__rosidl_generator_py.so
[23.684s] -- Set runtime path of "/home/benboardley/src/ROV/X16-Surface/ros/install/shared_msgs/lib/libshared_msgs__rosidl_generator_py.so" to ""
[23.684s] -- Installing: /home/benboardley/src/ROV/X16-Surface/ros/install/shared_msgs/share/shared_msgs/msg/CanMsg.idl
[23.685s] -- Installing: /home/benboardley/src/ROV/X16-Surface/ros/install/shared_msgs/share/shared_msgs/msg/ComMsg.idl
[23.685s] -- Installing: /home/benboardley/src/ROV/X16-Surface/ros/install/shared_msgs/share/shared_msgs/msg/FinalThrustMsg.idl
[23.685s] -- Installing: /home/benboardley/src/ROV/X16-Surface/ros/install/shared_msgs/share/shared_msgs/msg/ImuMsg.idl
[23.686s] -- Installing: /home/benboardley/src/ROV/X16-Surface/ros/install/shared_msgs/share/shared_msgs/msg/RovVelocityCommand.idl
[23.686s] -- Installing: /home/benboardley/src/ROV/X16-Surface/ros/install/shared_msgs/share/shared_msgs/msg/TempMsg.idl
[23.686s] -- Installing: /home/benboardley/src/ROV/X16-Surface/ros/install/shared_msgs/share/shared_msgs/msg/ThrustCommandMsg.idl
[23.687s] -- Installing: /home/benboardley/src/ROV/X16-Surface/ros/install/shared_msgs/share/shared_msgs/msg/ThrustStatusMsg.idl
[23.687s] -- Installing: /home/benboardley/src/ROV/X16-Surface/ros/install/shared_msgs/share/shared_msgs/msg/ToolsCommandMsg.idl
[23.687s] -- Installing: /home/benboardley/src/ROV/X16-Surface/ros/install/shared_msgs/share/shared_msgs/msg/CanMsg.msg
[23.687s] -- Installing: /home/benboardley/src/ROV/X16-Surface/ros/install/shared_msgs/share/shared_msgs/msg/ComMsg.msg
[23.688s] -- Installing: /home/benboardley/src/ROV/X16-Surface/ros/install/shared_msgs/share/shared_msgs/msg/FinalThrustMsg.msg
[23.688s] -- Installing: /home/benboardley/src/ROV/X16-Surface/ros/install/shared_msgs/share/shared_msgs/msg/ImuMsg.msg
[23.688s] -- Installing: /home/benboardley/src/ROV/X16-Surface/ros/install/shared_msgs/share/shared_msgs/msg/RovVelocityCommand.msg
[23.689s] -- Installing: /home/benboardley/src/ROV/X16-Surface/ros/install/shared_msgs/share/shared_msgs/msg/TempMsg.msg
[23.689s] -- Installing: /home/benboardley/src/ROV/X16-Surface/ros/install/shared_msgs/share/shared_msgs/msg/ThrustCommandMsg.msg
[23.689s] -- Installing: /home/benboardley/src/ROV/X16-Surface/ros/install/shared_msgs/share/shared_msgs/msg/ThrustStatusMsg.msg
[23.689s] -- Installing: /home/benboardley/src/ROV/X16-Surface/ros/install/shared_msgs/share/shared_msgs/msg/ToolsCommandMsg.msg
[23.689s] -- Installing: /home/benboardley/src/ROV/X16-Surface/ros/install/shared_msgs/share/ament_index/resource_index/package_run_dependencies/shared_msgs
[23.690s] -- Installing: /home/benboardley/src/ROV/X16-Surface/ros/install/shared_msgs/share/ament_index/resource_index/parent_prefix_path/shared_msgs
[23.690s] -- Installing: /home/benboardley/src/ROV/X16-Surface/ros/install/shared_msgs/share/shared_msgs/environment/ament_prefix_path.sh
[23.690s] -- Installing: /home/benboardley/src/ROV/X16-Surface/ros/install/shared_msgs/share/shared_msgs/environment/ament_prefix_path.dsv
[23.691s] -- Installing: /home/benboardley/src/ROV/X16-Surface/ros/install/shared_msgs/share/shared_msgs/environment/path.sh
[23.691s] -- Installing: /home/benboardley/src/ROV/X16-Surface/ros/install/shared_msgs/share/shared_msgs/environment/path.dsv
[23.691s] -- Installing: /home/benboardley/src/ROV/X16-Surface/ros/install/shared_msgs/share/shared_msgs/local_setup.bash
[23.692s] -- Installing: /home/benboardley/src/ROV/X16-Surface/ros/install/shared_msgs/share/shared_msgs/local_setup.sh
[23.692s] -- Installing: /home/benboardley/src/ROV/X16-Surface/ros/install/shared_msgs/share/shared_msgs/local_setup.zsh
[23.692s] -- Installing: /home/benboardley/src/ROV/X16-Surface/ros/install/shared_msgs/share/shared_msgs/local_setup.dsv
[23.692s] -- Installing: /home/benboardley/src/ROV/X16-Surface/ros/install/shared_msgs/share/shared_msgs/package.dsv
[23.693s] -- Installing: /home/benboardley/src/ROV/X16-Surface/ros/install/shared_msgs/share/ament_index/resource_index/packages/shared_msgs
[23.693s] -- Installing: /home/benboardley/src/ROV/X16-Surface/ros/install/shared_msgs/share/shared_msgs/cmake/export_shared_msgs__rosidl_generator_cExport.cmake
[23.693s] -- Installing: /home/benboardley/src/ROV/X16-Surface/ros/install/shared_msgs/share/shared_msgs/cmake/export_shared_msgs__rosidl_generator_cExport-noconfig.cmake
[23.693s] -- Installing: /home/benboardley/src/ROV/X16-Surface/ros/install/shared_msgs/share/shared_msgs/cmake/export_shared_msgs__rosidl_typesupport_fastrtps_cExport.cmake
[23.694s] -- Installing: /home/benboardley/src/ROV/X16-Surface/ros/install/shared_msgs/share/shared_msgs/cmake/export_shared_msgs__rosidl_typesupport_fastrtps_cExport-noconfig.cmake
[23.694s] -- Installing: /home/benboardley/src/ROV/X16-Surface/ros/install/shared_msgs/share/shared_msgs/cmake/export_shared_msgs__rosidl_generator_cppExport.cmake
[23.694s] -- Installing: /home/benboardley/src/ROV/X16-Surface/ros/install/shared_msgs/share/shared_msgs/cmake/export_shared_msgs__rosidl_typesupport_fastrtps_cppExport.cmake
[23.694s] -- Installing: /home/benboardley/src/ROV/X16-Surface/ros/install/shared_msgs/share/shared_msgs/cmake/export_shared_msgs__rosidl_typesupport_fastrtps_cppExport-noconfig.cmake
[23.694s] -- Installing: /home/benboardley/src/ROV/X16-Surface/ros/install/shared_msgs/share/shared_msgs/cmake/shared_msgs__rosidl_typesupport_introspection_cExport.cmake
[23.695s] -- Installing: /home/benboardley/src/ROV/X16-Surface/ros/install/shared_msgs/share/shared_msgs/cmake/shared_msgs__rosidl_typesupport_introspection_cExport-noconfig.cmake
[23.695s] -- Installing: /home/benboardley/src/ROV/X16-Surface/ros/install/shared_msgs/share/shared_msgs/cmake/shared_msgs__rosidl_typesupport_cExport.cmake
[23.695s] -- Installing: /home/benboardley/src/ROV/X16-Surface/ros/install/shared_msgs/share/shared_msgs/cmake/shared_msgs__rosidl_typesupport_cExport-noconfig.cmake
[23.695s] -- Installing: /home/benboardley/src/ROV/X16-Surface/ros/install/shared_msgs/share/shared_msgs/cmake/shared_msgs__rosidl_typesupport_introspection_cppExport.cmake
[23.696s] -- Installing: /home/benboardley/src/ROV/X16-Surface/ros/install/shared_msgs/share/shared_msgs/cmake/shared_msgs__rosidl_typesupport_introspection_cppExport-noconfig.cmake
[23.696s] -- Installing: /home/benboardley/src/ROV/X16-Surface/ros/install/shared_msgs/share/shared_msgs/cmake/shared_msgs__rosidl_typesupport_cppExport.cmake
[23.696s] -- Installing: /home/benboardley/src/ROV/X16-Surface/ros/install/shared_msgs/share/shared_msgs/cmake/shared_msgs__rosidl_typesupport_cppExport-noconfig.cmake
[23.697s] -- Installing: /home/benboardley/src/ROV/X16-Surface/ros/install/shared_msgs/share/shared_msgs/cmake/export_shared_msgs__rosidl_generator_pyExport.cmake
[23.697s] -- Installing: /home/benboardley/src/ROV/X16-Surface/ros/install/shared_msgs/share/shared_msgs/cmake/export_shared_msgs__rosidl_generator_pyExport-noconfig.cmake
[23.697s] -- Installing: /home/benboardley/src/ROV/X16-Surface/ros/install/shared_msgs/share/shared_msgs/cmake/rosidl_cmake-extras.cmake
[23.698s] -- Installing: /home/benboardley/src/ROV/X16-Surface/ros/install/shared_msgs/share/shared_msgs/cmake/ament_cmake_export_dependencies-extras.cmake
[23.698s] -- Installing: /home/benboardley/src/ROV/X16-Surface/ros/install/shared_msgs/share/shared_msgs/cmake/ament_cmake_export_include_directories-extras.cmake
[23.698s] -- Installing: /home/benboardley/src/ROV/X16-Surface/ros/install/shared_msgs/share/shared_msgs/cmake/ament_cmake_export_libraries-extras.cmake
[23.699s] -- Installing: /home/benboardley/src/ROV/X16-Surface/ros/install/shared_msgs/share/shared_msgs/cmake/ament_cmake_export_targets-extras.cmake
[23.699s] -- Installing: /home/benboardley/src/ROV/X16-Surface/ros/install/shared_msgs/share/shared_msgs/cmake/rosidl_cmake_export_typesupport_targets-extras.cmake
[23.699s] -- Installing: /home/benboardley/src/ROV/X16-Surface/ros/install/shared_msgs/share/shared_msgs/cmake/rosidl_cmake_export_typesupport_libraries-extras.cmake
[23.700s] -- Installing: /home/benboardley/src/ROV/X16-Surface/ros/install/shared_msgs/share/shared_msgs/cmake/shared_msgsConfig.cmake
[23.700s] -- Installing: /home/benboardley/src/ROV/X16-Surface/ros/install/shared_msgs/share/shared_msgs/cmake/shared_msgsConfig-version.cmake
[23.700s] -- Installing: /home/benboardley/src/ROV/X16-Surface/ros/install/shared_msgs/share/shared_msgs/package.xml
[23.714s] Invoked command in '/home/benboardley/src/ROV/X16-Surface/ros/build/shared_msgs' returned '0': CMAKE_PREFIX_PATH=/opt/ros/humble WSLENV=ELECTRON_RUN_AS_NODE/w: /home/benboardley/.local/bin/cmake --install /home/benboardley/src/ROV/X16-Surface/ros/build/shared_msgs
