-- The C compiler identification is GNU 11.4.0
-- The CXX compiler identification is GNU 11.4.0
-- Detecting C compiler ABI info
-- Detecting C compiler ABI info - done
-- Check for working C compiler: /usr/bin/cc - skipped
-- Detecting C compile features
-- Detecting C compile features - done
-- Detecting CXX compiler ABI info
-- Detecting CXX compiler ABI info - done
-- Check for working CXX compiler: /usr/bin/c++ - skipped
-- Detecting CXX compile features
-- Detecting CXX compile features - done
-- Found ament_cmake: 1.3.5 (/opt/ros/humble/share/ament_cmake/cmake)
-- Found Python3: /usr/bin/python3.10 (found version "3.10.12") found components: Interpreter 
-- Found rclpy: 3.3.9 (/opt/ros/humble/share/rclpy/cmake)
-- Found ament_lint_auto: 0.12.7 (/opt/ros/humble/share/ament_lint_auto/cmake)
-- Added test 'flake8' to check Python code syntax and style conventions
-- Added test 'lint_cmake' to check CMake code style
-- Added test 'pep257' to check Python code against some of the docstring style conventions in PEP 257
-- Added test 'xmllint' to check XML markup files
-- Configuring done (9.6s)
-- Generating done (0.0s)
-- Build files have been written to: /home/benboardley/src/ROV/X16-Surface/ros/build/thrusters
Built target ament_cmake_python_copy_thrusters
running egg_info
creating thrusters.egg-info
writing thrusters.egg-info/PKG-INFO
writing dependency_links to thrusters.egg-info/dependency_links.txt
writing top-level names to thrusters.egg-info/top_level.txt
writing manifest file 'thrusters.egg-info/SOURCES.txt'
reading manifest file 'thrusters.egg-info/SOURCES.txt'
writing manifest file 'thrusters.egg-info/SOURCES.txt'
Built target ament_cmake_python_build_thrusters_egg
-- Install configuration: ""
-- Installing: /home/benboardley/src/ROV/X16-Surface/ros/install/thrusters/share/thrusters/environment/pythonpath.sh
-- Installing: /home/benboardley/src/ROV/X16-Surface/ros/install/thrusters/share/thrusters/environment/pythonpath.dsv
-- Installing: /home/benboardley/src/ROV/X16-Surface/ros/install/thrusters/local/lib/python3.10/dist-packages/thrusters-0.0.0-py3.10.egg-info
-- Installing: /home/benboardley/src/ROV/X16-Surface/ros/install/thrusters/local/lib/python3.10/dist-packages/thrusters-0.0.0-py3.10.egg-info/dependency_links.txt
-- Installing: /home/benboardley/src/ROV/X16-Surface/ros/install/thrusters/local/lib/python3.10/dist-packages/thrusters-0.0.0-py3.10.egg-info/PKG-INFO
-- Installing: /home/benboardley/src/ROV/X16-Surface/ros/install/thrusters/local/lib/python3.10/dist-packages/thrusters-0.0.0-py3.10.egg-info/top_level.txt
-- Installing: /home/benboardley/src/ROV/X16-Surface/ros/install/thrusters/local/lib/python3.10/dist-packages/thrusters-0.0.0-py3.10.egg-info/SOURCES.txt
-- Installing: /home/benboardley/src/ROV/X16-Surface/ros/install/thrusters/local/lib/python3.10/dist-packages/thrusters
-- Installing: /home/benboardley/src/ROV/X16-Surface/ros/install/thrusters/local/lib/python3.10/dist-packages/thrusters/__init__.py
Listing '/home/benboardley/src/ROV/X16-Surface/ros/install/thrusters/local/lib/python3.10/dist-packages/thrusters'...
Compiling '/home/benboardley/src/ROV/X16-Surface/ros/install/thrusters/local/lib/python3.10/dist-packages/thrusters/__init__.py'...
-- Installing: /home/benboardley/src/ROV/X16-Surface/ros/install/thrusters/lib/thrusters/status.py
-- Installing: /home/benboardley/src/ROV/X16-Surface/ros/install/thrusters/share/ament_index/resource_index/package_run_dependencies/thrusters
-- Installing: /home/benboardley/src/ROV/X16-Surface/ros/install/thrusters/share/ament_index/resource_index/parent_prefix_path/thrusters
-- Installing: /home/benboardley/src/ROV/X16-Surface/ros/install/thrusters/share/thrusters/environment/ament_prefix_path.sh
-- Installing: /home/benboardley/src/ROV/X16-Surface/ros/install/thrusters/share/thrusters/environment/ament_prefix_path.dsv
-- Installing: /home/benboardley/src/ROV/X16-Surface/ros/install/thrusters/share/thrusters/environment/path.sh
-- Installing: /home/benboardley/src/ROV/X16-Surface/ros/install/thrusters/share/thrusters/environment/path.dsv
-- Installing: /home/benboardley/src/ROV/X16-Surface/ros/install/thrusters/share/thrusters/local_setup.bash
-- Installing: /home/benboardley/src/ROV/X16-Surface/ros/install/thrusters/share/thrusters/local_setup.sh
-- Installing: /home/benboardley/src/ROV/X16-Surface/ros/install/thrusters/share/thrusters/local_setup.zsh
-- Installing: /home/benboardley/src/ROV/X16-Surface/ros/install/thrusters/share/thrusters/local_setup.dsv
-- Installing: /home/benboardley/src/ROV/X16-Surface/ros/install/thrusters/share/thrusters/package.dsv
-- Installing: /home/benboardley/src/ROV/X16-Surface/ros/install/thrusters/share/ament_index/resource_index/packages/thrusters
-- Installing: /home/benboardley/src/ROV/X16-Surface/ros/install/thrusters/share/thrusters/cmake/thrustersConfig.cmake
-- Installing: /home/benboardley/src/ROV/X16-Surface/ros/install/thrusters/share/thrusters/cmake/thrustersConfig-version.cmake
-- Installing: /home/benboardley/src/ROV/X16-Surface/ros/install/thrusters/share/thrusters/package.xml
