[0.046s] Invoking command in '/home/benboardley/src/ROV/X16-Surface/ros/build/thrusters': CMAKE_PREFIX_PATH=/opt/ros/humble WSLENV=ELECTRON_RUN_AS_NODE/w: /home/benboardley/.local/bin/cmake /home/benboardley/src/ROV/X16-Surface/ros/thrusters -DCMAKE_INSTALL_PREFIX=/home/benboardley/src/ROV/X16-Surface/ros/install/thrusters
[0.545s] -- The C compiler identification is GNU 11.4.0
[2.109s] -- The CXX compiler identification is GNU 11.4.0
[3.437s] -- Detecting C compiler ABI info
[4.004s] -- Detecting C compiler ABI info - done
[4.021s] -- Check for working C compiler: /usr/bin/cc - skipped
[4.022s] -- Detecting C compile features
[4.023s] -- Detecting C compile features - done
[4.203s] -- Detecting CXX compiler ABI info
[4.680s] -- Detecting CXX compiler ABI info - done
[4.698s] -- Check for working CXX compiler: /usr/bin/c++ - skipped
[4.699s] -- Detecting CXX compile features
[4.700s] -- Detecting CXX compile features - done
[4.707s] -- Found ament_cmake: 1.3.5 (/opt/ros/humble/share/ament_cmake/cmake)
[9.369s] -- Found Python3: /usr/bin/python3.10 (found version "3.10.12") found components: Interpreter 
[9.484s] -- Found rclpy: 3.3.9 (/opt/ros/humble/share/rclpy/cmake)
[9.612s] -- Found ament_lint_auto: 0.12.7 (/opt/ros/humble/share/ament_lint_auto/cmake)
[9.723s] -- Added test 'flake8' to check Python code syntax and style conventions
[9.725s] -- Added test 'lint_cmake' to check CMake code style
[9.726s] -- Added test 'pep257' to check Python code against some of the docstring style conventions in PEP 257
[9.728s] -- Added test 'xmllint' to check XML markup files
[9.730s] -- Configuring done (9.6s)
[9.742s] -- Generating done (0.0s)
[9.744s] -- Build files have been written to: /home/benboardley/src/ROV/X16-Surface/ros/build/thrusters
[9.756s] Invoked command in '/home/benboardley/src/ROV/X16-Surface/ros/build/thrusters' returned '0': CMAKE_PREFIX_PATH=/opt/ros/humble WSLENV=ELECTRON_RUN_AS_NODE/w: /home/benboardley/.local/bin/cmake /home/benboardley/src/ROV/X16-Surface/ros/thrusters -DCMAKE_INSTALL_PREFIX=/home/benboardley/src/ROV/X16-Surface/ros/install/thrusters
[9.759s] Invoking command in '/home/benboardley/src/ROV/X16-Surface/ros/build/thrusters': CMAKE_PREFIX_PATH=/opt/ros/humble WSLENV=ELECTRON_RUN_AS_NODE/w: /home/benboardley/.local/bin/cmake --build /home/benboardley/src/ROV/X16-Surface/ros/build/thrusters -- -j8 -l8
[9.814s] Built target ament_cmake_python_copy_thrusters
[10.153s] running egg_info
[10.153s] creating thrusters.egg-info
[10.171s] writing thrusters.egg-info/PKG-INFO
[10.171s] writing dependency_links to thrusters.egg-info/dependency_links.txt
[10.172s] writing top-level names to thrusters.egg-info/top_level.txt
[10.172s] writing manifest file 'thrusters.egg-info/SOURCES.txt'
[10.252s] reading manifest file 'thrusters.egg-info/SOURCES.txt'
[10.253s] writing manifest file 'thrusters.egg-info/SOURCES.txt'
[10.294s] Built target ament_cmake_python_build_thrusters_egg
[10.308s] Invoked command in '/home/benboardley/src/ROV/X16-Surface/ros/build/thrusters' returned '0': CMAKE_PREFIX_PATH=/opt/ros/humble WSLENV=ELECTRON_RUN_AS_NODE/w: /home/benboardley/.local/bin/cmake --build /home/benboardley/src/ROV/X16-Surface/ros/build/thrusters -- -j8 -l8
[10.367s] Invoking command in '/home/benboardley/src/ROV/X16-Surface/ros/build/thrusters': CMAKE_PREFIX_PATH=/opt/ros/humble WSLENV=ELECTRON_RUN_AS_NODE/w: /home/benboardley/.local/bin/cmake --install /home/benboardley/src/ROV/X16-Surface/ros/build/thrusters
[10.399s] -- Install configuration: ""
[10.400s] -- Installing: /home/benboardley/src/ROV/X16-Surface/ros/install/thrusters/share/thrusters/environment/pythonpath.sh
[10.400s] -- Installing: /home/benboardley/src/ROV/X16-Surface/ros/install/thrusters/share/thrusters/environment/pythonpath.dsv
[10.400s] -- Installing: /home/benboardley/src/ROV/X16-Surface/ros/install/thrusters/local/lib/python3.10/dist-packages/thrusters-0.0.0-py3.10.egg-info
[10.401s] -- Installing: /home/benboardley/src/ROV/X16-Surface/ros/install/thrusters/local/lib/python3.10/dist-packages/thrusters-0.0.0-py3.10.egg-info/dependency_links.txt
[10.401s] -- Installing: /home/benboardley/src/ROV/X16-Surface/ros/install/thrusters/local/lib/python3.10/dist-packages/thrusters-0.0.0-py3.10.egg-info/PKG-INFO
[10.402s] -- Installing: /home/benboardley/src/ROV/X16-Surface/ros/install/thrusters/local/lib/python3.10/dist-packages/thrusters-0.0.0-py3.10.egg-info/top_level.txt
[10.402s] -- Installing: /home/benboardley/src/ROV/X16-Surface/ros/install/thrusters/local/lib/python3.10/dist-packages/thrusters-0.0.0-py3.10.egg-info/SOURCES.txt
[10.402s] -- Installing: /home/benboardley/src/ROV/X16-Surface/ros/install/thrusters/local/lib/python3.10/dist-packages/thrusters
[10.402s] -- Installing: /home/benboardley/src/ROV/X16-Surface/ros/install/thrusters/local/lib/python3.10/dist-packages/thrusters/__init__.py
[10.443s] Listing '/home/benboardley/src/ROV/X16-Surface/ros/install/thrusters/local/lib/python3.10/dist-packages/thrusters'...
[10.443s] Compiling '/home/benboardley/src/ROV/X16-Surface/ros/install/thrusters/local/lib/python3.10/dist-packages/thrusters/__init__.py'...
[10.450s] -- Installing: /home/benboardley/src/ROV/X16-Surface/ros/install/thrusters/lib/thrusters/status.py
[10.450s] -- Installing: /home/benboardley/src/ROV/X16-Surface/ros/install/thrusters/share/ament_index/resource_index/package_run_dependencies/thrusters
[10.451s] -- Installing: /home/benboardley/src/ROV/X16-Surface/ros/install/thrusters/share/ament_index/resource_index/parent_prefix_path/thrusters
[10.451s] -- Installing: /home/benboardley/src/ROV/X16-Surface/ros/install/thrusters/share/thrusters/environment/ament_prefix_path.sh
[10.452s] -- Installing: /home/benboardley/src/ROV/X16-Surface/ros/install/thrusters/share/thrusters/environment/ament_prefix_path.dsv
[10.452s] -- Installing: /home/benboardley/src/ROV/X16-Surface/ros/install/thrusters/share/thrusters/environment/path.sh
[10.452s] -- Installing: /home/benboardley/src/ROV/X16-Surface/ros/install/thrusters/share/thrusters/environment/path.dsv
[10.452s] -- Installing: /home/benboardley/src/ROV/X16-Surface/ros/install/thrusters/share/thrusters/local_setup.bash
[10.453s] -- Installing: /home/benboardley/src/ROV/X16-Surface/ros/install/thrusters/share/thrusters/local_setup.sh
[10.453s] -- Installing: /home/benboardley/src/ROV/X16-Surface/ros/install/thrusters/share/thrusters/local_setup.zsh
[10.453s] -- Installing: /home/benboardley/src/ROV/X16-Surface/ros/install/thrusters/share/thrusters/local_setup.dsv
[10.454s] -- Installing: /home/benboardley/src/ROV/X16-Surface/ros/install/thrusters/share/thrusters/package.dsv
[10.454s] -- Installing: /home/benboardley/src/ROV/X16-Surface/ros/install/thrusters/share/ament_index/resource_index/packages/thrusters
[10.454s] -- Installing: /home/benboardley/src/ROV/X16-Surface/ros/install/thrusters/share/thrusters/cmake/thrustersConfig.cmake
[10.454s] -- Installing: /home/benboardley/src/ROV/X16-Surface/ros/install/thrusters/share/thrusters/cmake/thrustersConfig-version.cmake
[10.454s] -- Installing: /home/benboardley/src/ROV/X16-Surface/ros/install/thrusters/share/thrusters/package.xml
[10.467s] Invoked command in '/home/benboardley/src/ROV/X16-Surface/ros/build/thrusters' returned '0': CMAKE_PREFIX_PATH=/opt/ros/humble WSLENV=ELECTRON_RUN_AS_NODE/w: /home/benboardley/.local/bin/cmake --install /home/benboardley/src/ROV/X16-Surface/ros/build/thrusters
