[0.057s] Invoking command in '/home/benboardley/src/ROV/X16-Surface/ros/build/com_pub': CMAKE_PREFIX_PATH=/opt/ros/humble WSLENV=ELECTRON_RUN_AS_NODE/w: /home/benboardley/.local/bin/cmake /home/benboardley/src/ROV/X16-Surface/ros/com_pub -DCMAKE_INSTALL_PREFIX=/home/benboardley/src/ROV/X16-Surface/ros/install/com_pub
[0.593s] -- The C compiler identification is GNU 11.4.0
[2.032s] -- The CXX compiler identification is GNU 11.4.0
[3.827s] -- Detecting C compiler ABI info
[4.348s] -- Detecting C compiler ABI info - done
[4.364s] -- Check for working C compiler: /usr/bin/cc - skipped
[4.364s] -- Detecting C compile features
[4.365s] -- Detecting C compile features - done
[4.678s] -- Detecting CXX compiler ABI info
[5.169s] -- Detecting CXX compiler ABI info - done
[5.186s] -- Check for working CXX compiler: /usr/bin/c++ - skipped
[5.186s] -- Detecting CXX compile features
[5.188s] -- Detecting CXX compile features - done
[5.190s] -- Found ament_cmake: 1.3.5 (/opt/ros/humble/share/ament_cmake/cmake)
[11.201s] -- Found Python3: /usr/bin/python3.10 (found version "3.10.12") found components: Interpreter 
[11.309s] -- Found rclpy: 3.3.9 (/opt/ros/humble/share/rclpy/cmake)
[11.309s] -- Found builtin_interfaces: 1.2.1 (/opt/ros/humble/share/builtin_interfaces/cmake)
[11.717s] -- Found rosidl_generator_c: 3.1.5 (/opt/ros/humble/share/rosidl_generator_c/cmake)
[11.722s] -- Found rosidl_adapter: 3.1.5 (/opt/ros/humble/share/rosidl_adapter/cmake)
[11.731s] -- Found rosidl_generator_cpp: 3.1.5 (/opt/ros/humble/share/rosidl_generator_cpp/cmake)
[11.747s] -- Using all available rosidl_typesupport_c: rosidl_typesupport_fastrtps_c;rosidl_typesupport_introspection_c
[11.769s] -- Using all available rosidl_typesupport_cpp: rosidl_typesupport_fastrtps_cpp;rosidl_typesupport_introspection_cpp
[11.800s] -- Found rosidl_default_generators: 1.2.0 (/opt/ros/humble/share/rosidl_default_generators/cmake)
[11.930s] -- Found ament_lint_auto: 0.12.7 (/opt/ros/humble/share/ament_lint_auto/cmake)
[12.025s] -- Added test 'flake8' to check Python code syntax and style conventions
[12.026s] -- Added test 'lint_cmake' to check CMake code style
[12.027s] -- Added test 'pep257' to check Python code against some of the docstring style conventions in PEP 257
[12.028s] -- Added test 'xmllint' to check XML markup files
[12.030s] -- Configuring done (11.9s)
[12.038s] -- Generating done (0.0s)
[12.040s] -- Build files have been written to: /home/benboardley/src/ROV/X16-Surface/ros/build/com_pub
[12.054s] Invoked command in '/home/benboardley/src/ROV/X16-Surface/ros/build/com_pub' returned '0': CMAKE_PREFIX_PATH=/opt/ros/humble WSLENV=ELECTRON_RUN_AS_NODE/w: /home/benboardley/.local/bin/cmake /home/benboardley/src/ROV/X16-Surface/ros/com_pub -DCMAKE_INSTALL_PREFIX=/home/benboardley/src/ROV/X16-Surface/ros/install/com_pub
[12.056s] Invoking command in '/home/benboardley/src/ROV/X16-Surface/ros/build/com_pub': CMAKE_PREFIX_PATH=/opt/ros/humble WSLENV=ELECTRON_RUN_AS_NODE/w: /home/benboardley/.local/bin/cmake --build /home/benboardley/src/ROV/X16-Surface/ros/build/com_pub -- -j8 -l8
[12.101s] Built target ament_cmake_python_copy_com_pub
[12.344s] running egg_info
[12.346s] creating com_pub.egg-info
[12.368s] writing com_pub.egg-info/PKG-INFO
[12.369s] writing dependency_links to com_pub.egg-info/dependency_links.txt
[12.369s] writing top-level names to com_pub.egg-info/top_level.txt
[12.370s] writing manifest file 'com_pub.egg-info/SOURCES.txt'
[12.436s] reading manifest file 'com_pub.egg-info/SOURCES.txt'
[12.437s] writing manifest file 'com_pub.egg-info/SOURCES.txt'
[12.455s] Built target ament_cmake_python_build_com_pub_egg
[12.465s] Invoked command in '/home/benboardley/src/ROV/X16-Surface/ros/build/com_pub' returned '0': CMAKE_PREFIX_PATH=/opt/ros/humble WSLENV=ELECTRON_RUN_AS_NODE/w: /home/benboardley/.local/bin/cmake --build /home/benboardley/src/ROV/X16-Surface/ros/build/com_pub -- -j8 -l8
[12.520s] Invoking command in '/home/benboardley/src/ROV/X16-Surface/ros/build/com_pub': CMAKE_PREFIX_PATH=/opt/ros/humble WSLENV=ELECTRON_RUN_AS_NODE/w: /home/benboardley/.local/bin/cmake --install /home/benboardley/src/ROV/X16-Surface/ros/build/com_pub
[12.555s] -- Install configuration: ""
[12.555s] -- Installing: /home/benboardley/src/ROV/X16-Surface/ros/install/com_pub/share/com_pub/environment/pythonpath.sh
[12.556s] -- Installing: /home/benboardley/src/ROV/X16-Surface/ros/install/com_pub/share/com_pub/environment/pythonpath.dsv
[12.556s] -- Installing: /home/benboardley/src/ROV/X16-Surface/ros/install/com_pub/local/lib/python3.10/dist-packages/com_pub-0.0.0-py3.10.egg-info
[12.556s] -- Installing: /home/benboardley/src/ROV/X16-Surface/ros/install/com_pub/local/lib/python3.10/dist-packages/com_pub-0.0.0-py3.10.egg-info/dependency_links.txt
[12.556s] -- Installing: /home/benboardley/src/ROV/X16-Surface/ros/install/com_pub/local/lib/python3.10/dist-packages/com_pub-0.0.0-py3.10.egg-info/PKG-INFO
[12.557s] -- Installing: /home/benboardley/src/ROV/X16-Surface/ros/install/com_pub/local/lib/python3.10/dist-packages/com_pub-0.0.0-py3.10.egg-info/top_level.txt
[12.557s] -- Installing: /home/benboardley/src/ROV/X16-Surface/ros/install/com_pub/local/lib/python3.10/dist-packages/com_pub-0.0.0-py3.10.egg-info/SOURCES.txt
[12.557s] -- Installing: /home/benboardley/src/ROV/X16-Surface/ros/install/com_pub/local/lib/python3.10/dist-packages/com_pub
[12.557s] -- Installing: /home/benboardley/src/ROV/X16-Surface/ros/install/com_pub/local/lib/python3.10/dist-packages/com_pub/__init__.py
[12.594s] Listing '/home/benboardley/src/ROV/X16-Surface/ros/install/com_pub/local/lib/python3.10/dist-packages/com_pub'...
[12.595s] Compiling '/home/benboardley/src/ROV/X16-Surface/ros/install/com_pub/local/lib/python3.10/dist-packages/com_pub/__init__.py'...
[12.600s] -- Installing: /home/benboardley/src/ROV/X16-Surface/ros/install/com_pub/lib/com_pub/sender.py
[12.600s] -- Installing: /home/benboardley/src/ROV/X16-Surface/ros/install/com_pub/share/ament_index/resource_index/package_run_dependencies/com_pub
[12.600s] -- Installing: /home/benboardley/src/ROV/X16-Surface/ros/install/com_pub/share/ament_index/resource_index/parent_prefix_path/com_pub
[12.601s] -- Installing: /home/benboardley/src/ROV/X16-Surface/ros/install/com_pub/share/com_pub/environment/ament_prefix_path.sh
[12.601s] -- Installing: /home/benboardley/src/ROV/X16-Surface/ros/install/com_pub/share/com_pub/environment/ament_prefix_path.dsv
[12.601s] -- Installing: /home/benboardley/src/ROV/X16-Surface/ros/install/com_pub/share/com_pub/environment/path.sh
[12.601s] -- Installing: /home/benboardley/src/ROV/X16-Surface/ros/install/com_pub/share/com_pub/environment/path.dsv
[12.602s] -- Installing: /home/benboardley/src/ROV/X16-Surface/ros/install/com_pub/share/com_pub/local_setup.bash
[12.602s] -- Installing: /home/benboardley/src/ROV/X16-Surface/ros/install/com_pub/share/com_pub/local_setup.sh
[12.602s] -- Installing: /home/benboardley/src/ROV/X16-Surface/ros/install/com_pub/share/com_pub/local_setup.zsh
[12.602s] -- Installing: /home/benboardley/src/ROV/X16-Surface/ros/install/com_pub/share/com_pub/local_setup.dsv
[12.602s] -- Installing: /home/benboardley/src/ROV/X16-Surface/ros/install/com_pub/share/com_pub/package.dsv
[12.603s] -- Installing: /home/benboardley/src/ROV/X16-Surface/ros/install/com_pub/share/ament_index/resource_index/packages/com_pub
[12.603s] -- Installing: /home/benboardley/src/ROV/X16-Surface/ros/install/com_pub/share/com_pub/cmake/com_pubConfig.cmake
[12.603s] -- Installing: /home/benboardley/src/ROV/X16-Surface/ros/install/com_pub/share/com_pub/cmake/com_pubConfig-version.cmake
[12.603s] -- Installing: /home/benboardley/src/ROV/X16-Surface/ros/install/com_pub/share/com_pub/package.xml
[12.609s] Invoked command in '/home/benboardley/src/ROV/X16-Surface/ros/build/com_pub' returned '0': CMAKE_PREFIX_PATH=/opt/ros/humble WSLENV=ELECTRON_RUN_AS_NODE/w: /home/benboardley/.local/bin/cmake --install /home/benboardley/src/ROV/X16-Surface/ros/build/com_pub
