[0.191s] Invoking command in '/home/bboardle/src/X16-Surface/build/surface_imu': CMAKE_PREFIX_PATH=${CMAKE_PREFIX_PATH}:/opt/ros/humble /usr/bin/cmake /home/bboardle/src/X16-Surface/ros/surface_imu -DCMAKE_INSTALL_PREFIX=/home/bboardle/src/X16-Surface/install/surface_imu
[0.341s] -- The C compiler identification is GNU 11.4.0
[0.716s] -- The CXX compiler identification is GNU 11.4.0
[0.935s] -- Detecting C compiler ABI info
[1.056s] -- Detecting C compiler ABI info - done
[1.064s] -- Check for working C compiler: /usr/bin/cc - skipped
[1.065s] -- Detecting C compile features
[1.065s] -- Detecting C compile features - done
[1.068s] -- Detecting CXX compiler ABI info
[1.242s] -- Detecting CXX compiler ABI info - done
[1.250s] -- Check for working CXX compiler: /usr/bin/c++ - skipped
[1.250s] -- Detecting CXX compile features
[1.251s] -- Detecting CXX compile features - done
[1.254s] -- Found ament_cmake: 1.3.6 (/opt/ros/humble/share/ament_cmake/cmake)
[1.456s] -- Found Python3: /usr/bin/python3.10 (found version "3.10.12") found components: Interpreter 
[1.545s] -- Found rclpy: 3.3.11 (/opt/ros/humble/share/rclpy/cmake)
[1.648s] -- Found ament_lint_auto: 0.12.9 (/opt/ros/humble/share/ament_lint_auto/cmake)
[1.737s] -- Added test 'flake8' to check Python code syntax and style conventions
[1.738s] -- Added test 'lint_cmake' to check CMake code style
[1.739s] -- Added test 'pep257' to check Python code against some of the docstring style conventions in PEP 257
[1.740s] -- Added test 'xmllint' to check XML markup files
[1.742s] -- Configuring done
[1.746s] -- Generating done
[1.746s] -- Build files have been written to: /home/bboardle/src/X16-Surface/build/surface_imu
[1.751s] Invoked command in '/home/bboardle/src/X16-Surface/build/surface_imu' returned '0': CMAKE_PREFIX_PATH=${CMAKE_PREFIX_PATH}:/opt/ros/humble /usr/bin/cmake /home/bboardle/src/X16-Surface/ros/surface_imu -DCMAKE_INSTALL_PREFIX=/home/bboardle/src/X16-Surface/install/surface_imu
[1.753s] Invoking command in '/home/bboardle/src/X16-Surface/build/surface_imu': CMAKE_PREFIX_PATH=${CMAKE_PREFIX_PATH}:/opt/ros/humble /usr/bin/cmake --build /home/bboardle/src/X16-Surface/build/surface_imu -- -j16 -l16
[1.799s] Built target ament_cmake_python_copy_surface_imu
[2.033s] running egg_info
[2.034s] creating surface_imu.egg-info
[2.035s] writing surface_imu.egg-info/PKG-INFO
[2.035s] writing dependency_links to surface_imu.egg-info/dependency_links.txt
[2.035s] writing top-level names to surface_imu.egg-info/top_level.txt
[2.036s] writing manifest file 'surface_imu.egg-info/SOURCES.txt'
[2.038s] reading manifest file 'surface_imu.egg-info/SOURCES.txt'
[2.039s] writing manifest file 'surface_imu.egg-info/SOURCES.txt'
[2.077s] Built target ament_cmake_python_build_surface_imu_egg
[2.085s] Invoked command in '/home/bboardle/src/X16-Surface/build/surface_imu' returned '0': CMAKE_PREFIX_PATH=${CMAKE_PREFIX_PATH}:/opt/ros/humble /usr/bin/cmake --build /home/bboardle/src/X16-Surface/build/surface_imu -- -j16 -l16
[2.105s] Invoking command in '/home/bboardle/src/X16-Surface/build/surface_imu': CMAKE_PREFIX_PATH=${CMAKE_PREFIX_PATH}:/opt/ros/humble /usr/bin/cmake --install /home/bboardle/src/X16-Surface/build/surface_imu
[2.110s] -- Install configuration: ""
[2.111s] -- Installing: /home/bboardle/src/X16-Surface/install/surface_imu/share/surface_imu/environment/pythonpath.sh
[2.111s] -- Installing: /home/bboardle/src/X16-Surface/install/surface_imu/share/surface_imu/environment/pythonpath.dsv
[2.111s] -- Installing: /home/bboardle/src/X16-Surface/install/surface_imu/local/lib/python3.10/dist-packages/surface_imu-0.0.0-py3.10.egg-info
[2.111s] -- Installing: /home/bboardle/src/X16-Surface/install/surface_imu/local/lib/python3.10/dist-packages/surface_imu-0.0.0-py3.10.egg-info/top_level.txt
[2.112s] -- Installing: /home/bboardle/src/X16-Surface/install/surface_imu/local/lib/python3.10/dist-packages/surface_imu-0.0.0-py3.10.egg-info/dependency_links.txt
[2.112s] -- Installing: /home/bboardle/src/X16-Surface/install/surface_imu/local/lib/python3.10/dist-packages/surface_imu-0.0.0-py3.10.egg-info/SOURCES.txt
[2.112s] -- Installing: /home/bboardle/src/X16-Surface/install/surface_imu/local/lib/python3.10/dist-packages/surface_imu-0.0.0-py3.10.egg-info/PKG-INFO
[2.112s] -- Installing: /home/bboardle/src/X16-Surface/install/surface_imu/local/lib/python3.10/dist-packages/surface_imu
[2.112s] -- Installing: /home/bboardle/src/X16-Surface/install/surface_imu/local/lib/python3.10/dist-packages/surface_imu/__init__.py
[2.146s] Listing '/home/bboardle/src/X16-Surface/install/surface_imu/local/lib/python3.10/dist-packages/surface_imu'...
[2.146s] Compiling '/home/bboardle/src/X16-Surface/install/surface_imu/local/lib/python3.10/dist-packages/surface_imu/__init__.py'...
[2.155s] -- Installing: /home/bboardle/src/X16-Surface/install/surface_imu/lib/surface_imu/surface_imu.py
[2.155s] -- Installing: /home/bboardle/src/X16-Surface/install/surface_imu/share/ament_index/resource_index/package_run_dependencies/surface_imu
[2.155s] -- Installing: /home/bboardle/src/X16-Surface/install/surface_imu/share/ament_index/resource_index/parent_prefix_path/surface_imu
[2.155s] -- Installing: /home/bboardle/src/X16-Surface/install/surface_imu/share/surface_imu/environment/ament_prefix_path.sh
[2.155s] -- Installing: /home/bboardle/src/X16-Surface/install/surface_imu/share/surface_imu/environment/ament_prefix_path.dsv
[2.155s] -- Installing: /home/bboardle/src/X16-Surface/install/surface_imu/share/surface_imu/environment/path.sh
[2.155s] -- Installing: /home/bboardle/src/X16-Surface/install/surface_imu/share/surface_imu/environment/path.dsv
[2.155s] -- Installing: /home/bboardle/src/X16-Surface/install/surface_imu/share/surface_imu/local_setup.bash
[2.156s] -- Installing: /home/bboardle/src/X16-Surface/install/surface_imu/share/surface_imu/local_setup.sh
[2.156s] -- Installing: /home/bboardle/src/X16-Surface/install/surface_imu/share/surface_imu/local_setup.zsh
[2.156s] -- Installing: /home/bboardle/src/X16-Surface/install/surface_imu/share/surface_imu/local_setup.dsv
[2.156s] -- Installing: /home/bboardle/src/X16-Surface/install/surface_imu/share/surface_imu/package.dsv
[2.156s] -- Installing: /home/bboardle/src/X16-Surface/install/surface_imu/share/ament_index/resource_index/packages/surface_imu
[2.156s] -- Installing: /home/bboardle/src/X16-Surface/install/surface_imu/share/surface_imu/cmake/surface_imuConfig.cmake
[2.156s] -- Installing: /home/bboardle/src/X16-Surface/install/surface_imu/share/surface_imu/cmake/surface_imuConfig-version.cmake
[2.156s] -- Installing: /home/bboardle/src/X16-Surface/install/surface_imu/share/surface_imu/package.xml
[2.247s] Invoked command in '/home/bboardle/src/X16-Surface/build/surface_imu' returned '0': CMAKE_PREFIX_PATH=${CMAKE_PREFIX_PATH}:/opt/ros/humble /usr/bin/cmake --install /home/bboardle/src/X16-Surface/build/surface_imu
